This is TeX, Version 3.14159 (Web2C 7.3.1) (format=latex 2002.8.29)  24 JUL 2004 20:19
**man
(man.tex
LaTeX2e <2000/06/01>
Babel <v3.7h> and hyphenation patterns for american, french, german, ngerman, i
talian, nohyphenation, loaded.
(/usr/share/texmf/tex/latex/base/latex209.def
File: latex209.def 1998/05/13 v0.52 Standard LaTeX file


          Entering LaTeX 2.09 COMPATIBILITY MODE
 *************************************************************
    !!WARNING!!    !!WARNING!!    !!WARNING!!    !!WARNING!!   
 
 This mode attempts to provide an emulation of the LaTeX 2.09
 author environment so that OLD documents can be successfully
 processed. It should NOT be used for NEW documents!
 
 New documents should use Standard LaTeX conventions and start
 with the \documentclass command.
 
 Compatibility mode is UNLIKELY TO WORK with LaTeX 2.09 style
 files that change any internal macros, especially not with
 those that change the FONT SELECTION or OUTPUT ROUTINES.
 
 Therefore such style files MUST BE UPDATED to use
          Current Standard LaTeX: LaTeX2e.
 If you suspect that you may be using such a style file, which
 is probably very, very old by now, then you should attempt to
 get it updated by sending a copy of this error message to the
 author of that file.
 *************************************************************

\footheight=\dimen102
\@maxsep=\dimen103
\@dblmaxsep=\dimen104
\@cla=\count79
\@clb=\count80
\mscount=\count81
(/usr/share/texmf/tex/latex/base/tracefnt.sty
Package: tracefnt 1997/05/29 v3.0j Standard LaTeX package (font tracing)
\tracingfonts=\count82
LaTeX Info: Redefining \selectfont on input line 96.
)
\symbold=\mathgroup4
\symsans=\mathgroup5
\symtypewriter=\mathgroup6
\symitalic=\mathgroup7
\symsmallcaps=\mathgroup8
\symslanted=\mathgroup9
LaTeX Font Info:    Redeclaring math alphabet \mathbf on input line 288.
LaTeX Font Info:    Redeclaring math alphabet \mathsf on input line 289.
LaTeX Font Info:    Redeclaring math alphabet \mathtt on input line 290.
LaTeX Font Info:    Redeclaring math alphabet \mathit on input line 296.
LaTeX Info: Redefining \em on input line 306.

(/usr/share/texmf/tex/latex/base/latexsym.sty
Package: latexsym 1998/08/17 v2.2e Standard LaTeX package (lasy symbols)
\symlasy=\mathgroup10
LaTeX Font Info:    Overwriting symbol font `lasy' in version `bold'
(Font)                  U/lasy/m/n --> U/lasy/b/n on input line 42.
)
LaTeX Font Info:    Redeclaring math delimiter \lgroup on input line 370.
LaTeX Font Info:    Redeclaring math delimiter \rgroup on input line 372.
LaTeX Font Info:    Redeclaring math delimiter \bracevert on input line 374.

(/usr/share/texmf/tex/latex/config/latex209.cfg)
(/usr/share/texmf/tex/latex/tools/rawfonts.sty
Package: rawfonts 1994/05/08 Low-level LaTeX 2.09 font compatibility

(/usr/share/texmf/tex/latex/tools/somedefs.sty
Package: somedefs 1994/06/01 Toolkit for optional definitions
)
LaTeX Font Info:    Try loading font information for U+lasy on input line 44.

(/usr/share/texmf/tex/latex/base/ulasy.fd
File: ulasy.fd 1998/08/17 v2.2eLaTeX symbol font definitions
)))
(/usr/share/texmf/tex/latex/base/article.cls
Document Class: article 2000/05/19 v1.4b Standard LaTeX document class
(/usr/share/texmf/tex/latex/base/fleqn.clo
File: fleqn.clo 1998/08/17 v1.1c Standard LaTeX option (flush left equations)
\mathindent=\dimen105
)
(/usr/share/texmf/tex/latex/base/size12.clo
File: size12.clo 2000/05/19 v1.4b Standard LaTeX file (size option)
)
\c@part=\count83
\c@section=\count84
\c@subsection=\count85
\c@subsubsection=\count86
\c@paragraph=\count87
\c@subparagraph=\count88
\c@figure=\count89
\c@table=\count90
\abovecaptionskip=\skip41
\belowcaptionskip=\skip42
Compatibility mode: definition of \rm ignored.
Compatibility mode: definition of \sf ignored.
Compatibility mode: definition of \tt ignored.
Compatibility mode: definition of \bf ignored.
Compatibility mode: definition of \it ignored.
Compatibility mode: definition of \sl ignored.
Compatibility mode: definition of \sc ignored.
LaTeX Info: Redefining \cal on input line 501.
LaTeX Info: Redefining \mit on input line 502.
\bibindent=\dimen106
)

! LaTeX Error: File `espcrc1.sty' not found.

Type X to quit or <RETURN> to proceed,
or enter new name. (Default extension: sty)

Enter file name: 
! Emergency stop.
<read *> 
         
l.3 ^^M
       
End of file on the terminal!

 
Here is how much of TeX's memory you used:
 476 strings out of 20887
 4961 string characters out of 196241
 47524 words of memory out of 350001
 3442 multiletter control sequences out of 10000+15000
 18987 words of font info for 72 fonts, out of 400000 for 1000
 14 hyphenation exceptions out of 10000
 25i,0n,25p,281b,119s stack positions out of 3000i,100n,1500p,50000b,4000s
No pages of output.
