\BOOKMARK [0][-]{chapter.1}{Electronic Systems}{}
\BOOKMARK [1][-]{section.1.1}{The Harmonic Oscillator}{chapter.1}
\BOOKMARK [2][-]{subsection.1.1.1}{One Dimension}{section.1.1}
\BOOKMARK [2][-]{subsection.1.1.2}{Harmonic oscillator in d dimensions}{section.1.1}
\BOOKMARK [1][-]{section.1.2}{Quantum Dots}{chapter.1}
\BOOKMARK [2][-]{subsection.1.2.1}{Two dimensions}{section.1.2}
\BOOKMARK [2][-]{subsection.1.2.2}{Three dimensions}{section.1.2}
\BOOKMARK [2][-]{subsection.1.2.3}{Two-particle system}{section.1.2}
\BOOKMARK [1][-]{section.1.3}{Atomic systems}{chapter.1}
\BOOKMARK [2][-]{subsection.1.3.1}{Hydrogen like wave functions}{section.1.3}
\BOOKMARK [1][-]{section.1.4}{Identical particle symmetry}{chapter.1}
\BOOKMARK [2][-]{subsection.1.4.1}{Systems of non-interacting fermions}{section.1.4}
\BOOKMARK [2][-]{subsection.1.4.2}{Systems of interacting fermions}{section.1.4}
\BOOKMARK [0][-]{chapter.2}{Numerical Methods}{}
\BOOKMARK [1][-]{section.2.1}{Monte Carlo}{chapter.2}
\BOOKMARK [2][-]{subsection.2.1.1}{The variatonal principle}{section.2.1}
\BOOKMARK [2][-]{subsection.2.1.2}{The Metropolis algorithm}{section.2.1}
\BOOKMARK [2][-]{subsection.2.1.3}{Trial wave function}{section.2.1}
\BOOKMARK [2][-]{subsection.2.1.4}{Optimization techniques}{section.2.1}
\BOOKMARK [0][-]{appendix.A}{}{}
\BOOKMARK [1][-]{section.A.1}{Statistical analysis}{appendix.A}
\BOOKMARK [0][-]{appendix.B}{Object oriented programming}{}
