This is pdfTeX, Version 3.14159265-2.6-1.40.16 (TeX Live 2015) (preloaded format=pdflatex 2015.5.24)  30 NOV 2015 12:02
entering extended mode
 restricted \write18 enabled.
 %&-line parsing enabled.
**christian.tex
(./christian.tex
LaTeX2e <2015/01/01>
Babel <3.9l> and hyphenation patterns for 79 languages loaded.
(/usr/local/texlive/2015/texmf-dist/tex/latex/revtex/revtex4-1.cls
Document Class: revtex4-1 2010/07/25/20:33:00 4.1r (http://publish.aps.org/revt
ex4/ for documentation)
 Copyright (c) 2009 The American Physical Society.
 mailto:revtex@aps.org
 Licensed under the LPPL:
http://www.ctan.org/tex-archive/macros/latex/base/lppl.txt
 Arthur Ogawa <arthur_ogawa at sbcglobal dot net>
 Based on work by David Carlisle <david at dcarlisle.demon.co.uk>.
ltxutil[2010/07/25/20:33:00 4.1r utilities package (portions licensed from W. E
. Baxter web at superscript.com)]
LaTeX Info: Redefining \@centercr on input line 308.
Class revtex4-1 Info: Repairing broken LaTeX eqnarray on input line 358.
\eqncolsep=\skip41
Class revtex4-1 Info: Repairing hyperref-unfriendly LaTeX definition of \mpfoot
note on input line 433.
Class revtex4-1 Info: Repairing broken LateX \@sect on input line 755.
\intertabularlinepenalty=\count79
\@tbpen=\count80
\@arstrutbox@hline=\box26
Class revtex4-1 Info: Repairing broken LaTeX \@xbitor on input line 1786.
Class revtex4-1 Info: Making \typeout \long on input line 2046.
ltxfront[2010/07/25/20:33:00 4.1r frontmatter package (AO,DPC)]
\c@affil=\count81
\c@collab=\count82
\absbox=\box27
ltxgrid[2010/07/25/20:33:00 4.1r page grid package (portions licensed from W. E
. Baxter web at superscript.com)]
\c@linecount=\count83
\output@latex=\toks14
\box@size@1=\box28
\box@size@2=\box29
\@protection@box=\box30
\@topmark@saved=\toks15
\footins@saved=\box31
\footins@recovered=\box32
\column@recovered=\box33
\pagesofar=\box34
\footsofar=\box35
\pagegrid@col=\count84
Class revtex4-1 Info: Overriding \@vspace, \@vspacer, \@no@pgbk, \@newline, and
 \\  on input line 5578.
\c@part=\count85
\c@section=\count86
\c@subsection=\count87
\c@subsubsection=\count88
\c@paragraph=\count89
\c@subparagraph=\count90
\abovecaptionskip=\skip42
\belowcaptionskip=\skip43
\c@figure=\count91
\fbox@1=\box36
\c@table=\count92
\fbox@2=\box37
\c@video=\count93
\fbox@4=\box38
\@bibdataout=\write3
\widetext@top=\box39
\widetext@bot=\box40
Class revtex4-1 Info: Selecting society aps on input line 7542.
(/usr/local/texlive/2015/texmf-dist/tex/latex/revtex/aps4-1.rtx
File: aps4-1 2010/07/25/20:33:00 4.1r (http://publish.aps.org/revtex4/ for docu
mentation)
Class revtex4-1 Info: RevTeX society APS selected on input line 31.
)
Class revtex4-1 Info: Selecting journal prc on input line 7544.
Class revtex4-1 Info: APS journal PRC selected on input line 7545.


Class revtex4-1 Warning: No type size specified, using default 10.

(/usr/local/texlive/2015/texmf-dist/tex/latex/revtex/aps10pt4-1.rtx
File: aps10pt4-1 2010/07/25/20:33:00 4.1r (http://publish.aps.org/revtex4/ for 
documentation)
Class revtex4-1 Info: RevTeX pointsize 10pt selected on input line 30.
)
(/usr/local/texlive/2015/texmf-dist/tex/latex/textcase/textcase.sty
Package: textcase 2004/10/07 v0.07 Text only upper/lower case changing (DPC)
)
(/usr/local/texlive/2015/texmf-dist/tex/latex/amsfonts/amssymb.sty
Package: amssymb 2013/01/14 v3.01 AMS font symbols

(/usr/local/texlive/2015/texmf-dist/tex/latex/amsfonts/amsfonts.sty
Package: amsfonts 2013/01/14 v3.01 Basic AMSFonts support
\@emptytoks=\toks16
\symAMSa=\mathgroup4
\symAMSb=\mathgroup5
LaTeX Font Info:    Overwriting math alphabet `\mathfrak' in version `bold'
(Font)                  U/euf/m/n --> U/euf/b/n on input line 106.
))
(/usr/local/texlive/2015/texmf-dist/tex/latex/amsmath/amsmath.sty
Package: amsmath 2013/01/14 v2.14 AMS math features
\@mathmargin=\skip44

For additional information on amsmath, use the `?' option.
(/usr/local/texlive/2015/texmf-dist/tex/latex/amsmath/amstext.sty
Package: amstext 2000/06/29 v2.01

(/usr/local/texlive/2015/texmf-dist/tex/latex/amsmath/amsgen.sty
File: amsgen.sty 1999/11/30 v2.0
\@emptytoks=\toks17
\ex@=\dimen102
)
LaTeX Info: Redefining \text on input line 39.
)
(/usr/local/texlive/2015/texmf-dist/tex/latex/amsmath/amsbsy.sty
Package: amsbsy 1999/11/29 v1.2d
\pmbraise@=\dimen103
)
(/usr/local/texlive/2015/texmf-dist/tex/latex/amsmath/amsopn.sty
Package: amsopn 1999/12/14 v2.01 operator names
)
\inf@bad=\count94
LaTeX Info: Redefining \frac on input line 210.
\uproot@=\count95
\leftroot@=\count96
LaTeX Info: Redefining \overline on input line 306.
\classnum@=\count97
\DOTSCASE@=\count98
LaTeX Info: Redefining \ldots on input line 378.
LaTeX Info: Redefining \dots on input line 381.
LaTeX Info: Redefining \cdots on input line 466.
\Mathstrutbox@=\box41
\strutbox@=\box42
\big@size=\dimen104
LaTeX Font Info:    Redeclaring font encoding OML on input line 566.
LaTeX Font Info:    Redeclaring font encoding OMS on input line 567.
\macc@depth=\count99
\c@MaxMatrixCols=\count100
\dotsspace@=\muskip10
\c@parentequation=\count101
\dspbrk@lvl=\count102
\tag@help=\toks18
\row@=\count103
\column@=\count104
\maxfields@=\count105
\andhelp@=\toks19
\eqnshift@=\dimen105
\alignsep@=\dimen106
\tagshift@=\dimen107
\tagwidth@=\dimen108
\totwidth@=\dimen109
\lineht@=\dimen110
\@envbody=\toks20
\multlinegap=\skip45
\multlinetaggap=\skip46
\mathdisplay@stack=\toks21
LaTeX Info: Redefining \[ on input line 2665.
LaTeX Info: Redefining \] on input line 2666.
)
(/usr/local/texlive/2015/texmf-dist/tex/latex/url/url.sty
\Urlmuskip=\muskip11
Package: url 2013/09/16  ver 3.4  Verb mode for urls, etc.
)
(/usr/local/texlive/2015/texmf-dist/tex/latex/natbib/natbib.sty
Package: natbib 2010/09/13 8.31b (PWD, AO)
\bibhang=\skip47
\bibsep=\skip48
LaTeX Info: Redefining \cite on input line 694.
\c@NAT@ctr=\count106
)
Class revtex4-1 Info: Repairing natbib's \BibitemShut on input line 7549.

(/usr/local/texlive/2015/texmf-dist/tex/latex/revtex/revsymb4-1.sty
Package: revsymb4-1 2010/07/25/20:33:00 4.1r (http://publish.aps.org/revtex4/ f
or documentation)
LaTeX Info: Redefining \frak on input line 95.
LaTeX Info: Redefining \Bbb on input line 111.
LaTeX Info: Redefining \REV@mathfrak on input line 119.
))
Class revtex4-1 Info: Patching LaTeX tabular. on input line 8.
Class revtex4-1 Info: Robustifying \LaTeX's \boldmath command on input line 8.
Class revtex4-1 Info: cite was not loaded (OK!) on input line 8.
Class revtex4-1 Info: mcite was not loaded (OK!) on input line 8.
Class revtex4-1 Info: multicol was not loaded (OK!) on input line 8.

No file christian.aux.
\openout1 = `christian.aux'.

LaTeX Font Info:    Checking defaults for OML/cmm/m/it on input line 8.
LaTeX Font Info:    ... okay on input line 8.
LaTeX Font Info:    Checking defaults for T1/cmr/m/n on input line 8.
LaTeX Font Info:    ... okay on input line 8.
LaTeX Font Info:    Checking defaults for OT1/cmr/m/n on input line 8.
LaTeX Font Info:    ... okay on input line 8.
LaTeX Font Info:    Checking defaults for OMS/cmsy/m/n on input line 8.
LaTeX Font Info:    ... okay on input line 8.
LaTeX Font Info:    Checking defaults for OMX/cmex/m/n on input line 8.
LaTeX Font Info:    ... okay on input line 8.
LaTeX Font Info:    Checking defaults for U/cmr/m/n on input line 8.
LaTeX Font Info:    ... okay on input line 8.
\openout3 = `christianNotes.bib'.


Underfull \hbox (badness 2343) in paragraph at lines 21--40
\OT1/cmr/m/n/10 of var-i-ous first prin-ci-ple meth-ods, ex-cept per-haps
 []


Underfull \hbox (badness 2689) in paragraph at lines 21--40
\OT1/cmr/m/n/10 the dif-fu-sion Monte Carlo cal-cu-la-tions of "Ceper-
 []


Overfull \hbox (72.5286pt too wide) in paragraph at lines 21--40
\OT1/cmr/m/n/10 ley":"http://journals.aps.org/prl/abstract/10.1103/PhysRevLett.
45.566"
 []


Overfull \hbox (173.4177pt too wide) in paragraph at lines 21--40
\OT1/cmr/m/n/10 and "Ceper-ley and Tanatar":"http://journals.aps.org/prb/abstra
ct/10.1103/PhysRevB.39.5005"
 []


Underfull \hbox (badness 1939) in paragraph at lines 21--40
\OT1/cmr/m/n/10 marks for the two- and three-dimensional elec-tron
 []

LaTeX Font Info:    Try loading font information for U+msa on input line 79.
(/usr/local/texlive/2015/texmf-dist/tex/latex/amsfonts/umsa.fd
File: umsa.fd 2013/01/14 v3.01 AMS symbols A
)
LaTeX Font Info:    Try loading font information for U+msb on input line 79.

(/usr/local/texlive/2015/texmf-dist/tex/latex/amsfonts/umsb.fd
File: umsb.fd 2013/01/14 v3.01 AMS symbols B
)
Underfull \hbox (badness 3240) in paragraph at lines 106--111
\OT1/cmr/m/n/10 where the op-er-a-tor $[]$ de-notes the single-particle
 []


Underfull \hbox (badness 3407) in paragraph at lines 106--111
\OT1/cmr/m/n/10 symmetrized Coulomb in-ter-ac-tion ma-trix el-e-ments.
 []


LaTeX Warning: Reference `eq:normalorder' on page 1 undefined on input line 121
.

[1{/usr/local/texlive/2015/texmf-var/fonts/map/pdftex/updmap/pdftex.map}]
Overfull \hbox (26.72437pt too wide) in paragraph at lines 154--154
[] 
 []


Package natbib Warning: Citation `gros1992' on page 2 undefined on input line 1
68.


Package natbib Warning: Citation `gros1996' on page 2 undefined on input line 1
68.


Package natbib Warning: Citation `lin2001' on page 2 undefined on input line 16
8.


Package natbib Warning: Citation `hagen2014' on page 2 undefined on input line 
169.


Package natbib Warning: Citation `baardsen2014' on page 2 undefined on input li
ne 169.

LaTeX Font Info:    Try loading font information for OMS+cmr on input line 183.

(/usr/local/texlive/2015/texmf-dist/tex/latex/base/omscmr.fd
File: omscmr.fd 2014/09/29 v2.5h Standard LaTeX font definitions
)
LaTeX Font Info:    Font shape `OMS/cmr/m/n' in size <10> not available
(Font)              Font shape `OMS/cmsy/m/n' tried instead on input line 183.


Package natbib Warning: Citation `gros1992' on page 2 undefined on input line 1
86.


Package natbib Warning: Citation `gros1996' on page 2 undefined on input line 1
86.


Package natbib Warning: Citation `lin2001' on page 2 undefined on input line 18
6.


LaTeX Warning: Reference `LastBibItem' on page 2 undefined on input line 198.


Underfull \hbox (badness 2261) in paragraph at lines 249--255
 []\OT1/cmr/m/n/9 K. Hebeler, J. M. Lat-timer, C. J. Pethick, and
 []


Underfull \hbox (badness 10000) in paragraph at lines 257--261
 \OT1/cmtt/m/n/9 http : / / link . aps . org / doi / 10 . 1103 / PhysRevLett . 
85 .
 []

[2]
Underfull \hbox (badness 1688) in paragraph at lines 281--295
 \OT1/cmr/m/n/9 S. Gan-dolfi, K. Hebeler, C. J. Horowitz, J. Lee,
 []


Underfull \hbox (badness 2393) in paragraph at lines 281--295
 \OT1/cmr/m/n/9 015803 (2012), URL $\OT1/cmtt/m/n/9 http : / / link . aps . org
 / doi / 10 .
 []


Underfull \hbox (badness 1629) in paragraph at lines 297--302
 []\OT1/cmr/m/n/9 A. W. Steiner and S. Gan-dolfi, Phys. Rev. Lett.
 []


Underfull \hbox (badness 1406) in paragraph at lines 313--327
 \OT1/cmr/m/n/9 iol, D. S. Arm-strong, W. Arm-strong, T. Averett,
 []


Underfull \hbox (badness 10000) in paragraph at lines 313--327
 \OT1/cmtt/m/n/9 http : / / link . aps . org / doi / 10 . 1103 / PhysRevLett . 
108 .
 []


Underfull \hbox (badness 6380) in paragraph at lines 438--446
 []\OT1/cmr/m/n/9 S. Gan-dolfi, A. Y. Il-lar-i-onov, K. E. Schmidt,
 []


Underfull \hbox (badness 2828) in paragraph at lines 438--446
 \OT1/cmr/m/n/9 F. Ped-eriva, and S. Fan-toni, Phys. Rev. C \OT1/cmr/bx/n/9 79\
OT1/cmr/m/n/9 ,
 []


Underfull \hbox (badness 2393) in paragraph at lines 438--446
 \OT1/cmr/m/n/9 054005 (2009), URL $\OT1/cmtt/m/n/9 http : / / link . aps . org
 / doi / 10 .
 []


Underfull \hbox (badness 4242) in paragraph at lines 448--453
 []\OT1/cmr/m/n/9 A. Gez-erlis and J. Carl-son, Phys. Rev. C \OT1/cmr/bx/n/9 81
\OT1/cmr/m/n/9 ,
 []


Underfull \hbox (badness 2393) in paragraph at lines 448--453
 \OT1/cmr/m/n/9 025803 (2010), URL $\OT1/cmtt/m/n/9 http : / / link . aps . org
 / doi / 10 .
 []


Underfull \hbox (badness 2538) in paragraph at lines 466--476
 []\OT1/cmr/m/n/9 A. Gez-erlis, I. Tews, E. Epel-baum, S. Gan-dolfi,
 []


Underfull \hbox (badness 2970) in paragraph at lines 478--483
 []\OT1/cmr/m/n/9 W. Dick-hoff and C. Bar-bi-eri, Progress in Par-ti-
 []


Underfull \hbox (badness 2922) in paragraph at lines 478--483
 \OT1/cmr/m/n/9 cle and Nu-clear Physics \OT1/cmr/bx/n/9 52\OT1/cmr/m/n/9 , 377
  (2004), URL
 []


Underfull \hbox (badness 10000) in paragraph at lines 478--483
 \OT1/cmtt/m/n/9 http : / / www . sciencedirect . com / science / article /
 []


Underfull \hbox (badness 10000) in paragraph at lines 486--492
 \OT1/cmr/m/n/9 URL $\OT1/cmtt/m/n/9 http : / / link . aps . org / doi / 10 . 1
103 / PhysRevC .
 []


Underfull \hbox (badness 5050) in paragraph at lines 494--499
 []\OT1/cmr/m/n/9 A. Rios and V. Som^^Ra, Phys. Rev. Lett. \OT1/cmr/bx/n/9 108\
OT1/cmr/m/n/9 ,
 []


Underfull \hbox (badness 2393) in paragraph at lines 494--499
 \OT1/cmr/m/n/9 012501 (2012), URL $\OT1/cmtt/m/n/9 http : / / link . aps . org
 / doi / 10 .
 []

No file christian.bbl.

Package natbib Warning: There were undefined citations.

[3] (./christian.aux

Package natbib Warning: Citation(s) may have changed.
(natbib)                Rerun to get citations correct.

)

LaTeX Warning: There were undefined references.


LaTeX Warning: Label(s) may have changed. Rerun to get cross-references right .


 ) 
Here is how much of TeX's memory you used:
 3308 strings out of 493089
 41920 string characters out of 6134842
 148354 words of memory out of 5000000
 6798 multiletter control sequences out of 15000+600000
 12389 words of font info for 48 fonts, out of 8000000 for 9000
 1141 hyphenation exceptions out of 8191
 34i,11n,28p,375b,448s stack positions out of 5000i,500n,10000p,200000b,80000s
</usr/local/texlive/2015/texmf-dist/fonts/type1/public/amsfonts/cm/cmbx10.pfb
></usr/local/texlive/2015/texmf-dist/fonts/type1/public/amsfonts/cm/cmbx7.pfb><
/usr/local/texlive/2015/texmf-dist/fonts/type1/public/amsfonts/cm/cmbx9.pfb></u
sr/local/texlive/2015/texmf-dist/fonts/type1/public/amsfonts/cm/cmex10.pfb></us
r/local/texlive/2015/texmf-dist/fonts/type1/public/amsfonts/cm/cmmi10.pfb></usr
/local/texlive/2015/texmf-dist/fonts/type1/public/amsfonts/cm/cmmi5.pfb></usr/l
ocal/texlive/2015/texmf-dist/fonts/type1/public/amsfonts/cm/cmmi7.pfb></usr/loc
al/texlive/2015/texmf-dist/fonts/type1/public/amsfonts/cm/cmmi8.pfb></usr/local
/texlive/2015/texmf-dist/fonts/type1/public/amsfonts/cm/cmr10.pfb></usr/local/t
exlive/2015/texmf-dist/fonts/type1/public/amsfonts/cm/cmr6.pfb></usr/local/texl
ive/2015/texmf-dist/fonts/type1/public/amsfonts/cm/cmr7.pfb></usr/local/texlive
/2015/texmf-dist/fonts/type1/public/amsfonts/cm/cmr8.pfb></usr/local/texlive/20
15/texmf-dist/fonts/type1/public/amsfonts/cm/cmr9.pfb></usr/local/texlive/2015/
texmf-dist/fonts/type1/public/amsfonts/cm/cmsy10.pfb></usr/local/texlive/2015/t
exmf-dist/fonts/type1/public/amsfonts/cm/cmsy7.pfb></usr/local/texlive/2015/tex
mf-dist/fonts/type1/public/amsfonts/cm/cmsy8.pfb></usr/local/texlive/2015/texmf
-dist/fonts/type1/public/amsfonts/cm/cmti10.pfb></usr/local/texlive/2015/texmf-
dist/fonts/type1/public/amsfonts/cm/cmti9.pfb></usr/local/texlive/2015/texmf-di
st/fonts/type1/public/amsfonts/cm/cmtt9.pfb></usr/local/texlive/2015/texmf-dist
/fonts/type1/public/amsfonts/symbols/msbm10.pfb>
Output written on christian.pdf (3 pages, 228656 bytes).
PDF statistics:
 94 PDF objects out of 1000 (max. 8388607)
 68 compressed objects within 1 object stream
 0 named destinations out of 1000 (max. 500000)
 1 words of extra memory for PDF output out of 10000 (max. 10000000)

