\BOOKMARK [0][-]{chapter.1}{Shoutouts}{}% 1
\BOOKMARK [0][-]{chapter.2}{Dedications}{}% 2
\BOOKMARK [0][-]{chapter.3}{Introduction}{}% 3
\BOOKMARK [1][-]{section.3.1}{System chapter}{chapter.3}% 4
\BOOKMARK [1][-]{section.3.2}{HF chapter}{chapter.3}% 5
\BOOKMARK [1][-]{section.3.3}{GTO chapter}{chapter.3}% 6
\BOOKMARK [1][-]{section.3.4}{CCSD chapter}{chapter.3}% 7
\BOOKMARK [1][-]{section.3.5}{CCSDT chapter}{chapter.3}% 8
\BOOKMARK [1][-]{section.3.6}{comments on external libraries}{chapter.3}% 9
\BOOKMARK [1][-]{section.3.7}{implementation}{chapter.3}% 10
\BOOKMARK [1][-]{section.3.8}{benchmarks}{chapter.3}% 11
\BOOKMARK [1][-]{section.3.9}{results og conclusion}{chapter.3}% 12
\BOOKMARK [0][-]{chapter.4}{System}{}% 13
\BOOKMARK [0][-]{chapter.5}{Hartree Fock}{}% 14
\BOOKMARK [1][-]{section.5.1}{Introduction}{chapter.5}% 15
\BOOKMARK [1][-]{section.5.2}{Slater Determinant}{chapter.5}% 16
\BOOKMARK [1][-]{section.5.3}{The Energy Expression}{chapter.5}% 17
\BOOKMARK [1][-]{section.5.4}{The Hartree Fock Equations}{chapter.5}% 18
\BOOKMARK [1][-]{section.5.5}{Restricted Hartree Fock}{chapter.5}% 19
\BOOKMARK [1][-]{section.5.6}{Unrestricted Hartree Fock}{chapter.5}% 20
\BOOKMARK [0][-]{chapter.6}{Gaussian Type Orbitals}{}% 21
\BOOKMARK [1][-]{section.6.1}{Contracted GTOs}{chapter.6}% 22
\BOOKMARK [1][-]{section.6.2}{Variational Principle}{chapter.6}% 23
\BOOKMARK [1][-]{section.6.3}{EMSL}{chapter.6}% 24
\BOOKMARK [1][-]{section.6.4}{Product of Gaussians }{chapter.6}% 25
\BOOKMARK [1][-]{section.6.5}{Normalization }{chapter.6}% 26
\BOOKMARK [2][-]{subsection.6.5.1}{l = 0}{section.6.5}% 27
\BOOKMARK [2][-]{subsection.6.5.2}{l = 1}{section.6.5}% 28
\BOOKMARK [2][-]{subsection.6.5.3}{l = 2}{section.6.5}% 29
\BOOKMARK [2][-]{subsection.6.5.4}{l = 3}{section.6.5}% 30
\BOOKMARK [2][-]{subsection.6.5.5}{Final normalization comments}{section.6.5}% 31
\BOOKMARK [1][-]{section.6.6}{Calculating Integrals for Hartree Fock}{chapter.6}% 32
\BOOKMARK [2][-]{subsection.6.6.1}{Overlap}{section.6.6}% 33
\BOOKMARK [2][-]{subsection.6.6.2}{Kinetic Energy}{section.6.6}% 34
\BOOKMARK [2][-]{subsection.6.6.3}{Nuclei-Electron interaction }{section.6.6}% 35
\BOOKMARK [2][-]{subsection.6.6.4}{Electron-Electron interaction}{section.6.6}% 36
\BOOKMARK [2][-]{subsection.6.6.5}{Calculating Rtuv}{section.6.6}% 37
\BOOKMARK [1][-]{section.6.7}{Choosing Basis Set}{chapter.6}% 38
\BOOKMARK [2][-]{subsection.6.7.1}{STO-nG}{section.6.7}% 39
\BOOKMARK [2][-]{subsection.6.7.2}{Double Zeta Basis Sets}{section.6.7}% 40
\BOOKMARK [2][-]{subsection.6.7.3}{Tripple Zeta Basis Sets}{section.6.7}% 41
\BOOKMARK [2][-]{subsection.6.7.4}{Polarized Basis Set}{section.6.7}% 42
\BOOKMARK [2][-]{subsection.6.7.5}{Diffuse Basis Set}{section.6.7}% 43
\BOOKMARK [2][-]{subsection.6.7.6}{Reasons for Larger Basis Set}{section.6.7}% 44
\BOOKMARK [1][-]{section.6.8}{Four Index Integral, from AO to MO}{chapter.6}% 45
\BOOKMARK [0][-]{chapter.7}{Coupled Cluster Singles and Doubles}{}% 46
\BOOKMARK [1][-]{section.7.1}{Creation and Annihilation operators}{chapter.7}% 47
\BOOKMARK [1][-]{section.7.2}{CCSD Wavefunction}{chapter.7}% 48
\BOOKMARK [1][-]{section.7.3}{Derivation of Equations}{chapter.7}% 49
\BOOKMARK [2][-]{subsection.7.3.1}{Baker-Campbell-Hausdorff formula}{section.7.3}% 50
\BOOKMARK [2][-]{subsection.7.3.2}{Normal Order and Contractions}{section.7.3}% 51
\BOOKMARK [2][-]{subsection.7.3.3}{Wick's Theorem}{section.7.3}% 52
\BOOKMARK [2][-]{subsection.7.3.4}{Fermi Vacuum and Particle Holes}{section.7.3}% 53
\BOOKMARK [2][-]{subsection.7.3.5}{Normal Ordered H}{section.7.3}% 54
\BOOKMARK [2][-]{subsection.7.3.6}{CCSD Hamiltonian}{section.7.3}% 55
\BOOKMARK [2][-]{subsection.7.3.7}{CCSD Energy}{section.7.3}% 56
\BOOKMARK [2][-]{subsection.7.3.8}{tia amplitudes}{section.7.3}% 57
\BOOKMARK [2][-]{subsection.7.3.9}{tijab amplitudes}{section.7.3}% 58
\BOOKMARK [1][-]{section.7.4}{Introducing denominators}{chapter.7}% 59
\BOOKMARK [2][-]{subsection.7.4.1}{tia}{section.7.4}% 60
\BOOKMARK [2][-]{subsection.7.4.2}{tijab}{section.7.4}% 61
\BOOKMARK [2][-]{subsection.7.4.3}{Initial guess}{section.7.4}% 62
\BOOKMARK [1][-]{section.7.5}{Variational Principle}{chapter.7}% 63
\BOOKMARK [0][-]{chapter.8}{CCSD Factorization}{}% 64
\BOOKMARK [1][-]{section.8.1}{Constructing an algorithm}{chapter.8}% 65
\BOOKMARK [2][-]{subsection.8.1.1}{Inserting denominators}{section.8.1}% 66
\BOOKMARK [2][-]{subsection.8.1.2}{[W1]}{section.8.1}% 67
\BOOKMARK [2][-]{subsection.8.1.3}{[W2]}{section.8.1}% 68
\BOOKMARK [2][-]{subsection.8.1.4}{[W3]}{section.8.1}% 69
\BOOKMARK [2][-]{subsection.8.1.5}{[F1]}{section.8.1}% 70
\BOOKMARK [2][-]{subsection.8.1.6}{[F2]}{section.8.1}% 71
\BOOKMARK [2][-]{subsection.8.1.7}{[F3]}{section.8.1}% 72
\BOOKMARK [2][-]{subsection.8.1.8}{[W4]}{section.8.1}% 73
\BOOKMARK [2][-]{subsection.8.1.9}{Inserting intermediates}{section.8.1}% 74
\BOOKMARK [2][-]{subsection.8.1.10}{Inserting into tia}{section.8.1}% 75
\BOOKMARK [1][-]{section.8.2}{SSLRS}{chapter.8}% 76
\BOOKMARK [2][-]{subsection.8.2.1}{Description of algorithm}{section.8.2}% 77
\BOOKMARK [2][-]{subsection.8.2.2}{Scaling}{section.8.2}% 78
\BOOKMARK [1][-]{section.8.3}{TCE}{chapter.8}% 79
\BOOKMARK [0][-]{chapter.9}{Comments on External libraries}{}% 80
\BOOKMARK [1][-]{section.9.1}{Armadillo}{chapter.9}% 81
\BOOKMARK [2][-]{subsection.9.1.1}{Armadillo Types}{section.9.1}% 82
\BOOKMARK [2][-]{subsection.9.1.2}{Matrix Operations}{section.9.1}% 83
\BOOKMARK [2][-]{subsection.9.1.3}{Element access}{section.9.1}% 84
\BOOKMARK [1][-]{section.9.2}{External Math Libraries}{chapter.9}% 85
\BOOKMARK [1][-]{section.9.3}{MPI}{chapter.9}% 86
\BOOKMARK [1][-]{section.9.4}{OpenMP}{chapter.9}% 87
\BOOKMARK [0][-]{chapter.10}{Implementation}{}% 88
\BOOKMARK [1][-]{section.10.1}{Input File}{chapter.10}% 89
\BOOKMARK [1][-]{section.10.2}{General Code Overview}{chapter.10}% 90
\BOOKMARK [1][-]{section.10.3}{Hartree Fock}{chapter.10}% 91
\BOOKMARK [1][-]{section.10.4}{Atomic Orbital to Molecular Orbital}{chapter.10}% 92
\BOOKMARK [1][-]{section.10.5}{CCSD Serial Implementation}{chapter.10}% 93
\BOOKMARK [2][-]{subsection.10.5.1}{Structure}{section.10.5}% 94
\BOOKMARK [2][-]{subsection.10.5.2}{Removing redundant zeroes}{section.10.5}% 95
\BOOKMARK [2][-]{subsection.10.5.3}{Pre Iterative Calculations}{section.10.5}% 96
\BOOKMARK [2][-]{subsection.10.5.4}{F1, F2 and F3}{section.10.5}% 97
\BOOKMARK [2][-]{subsection.10.5.5}{W1, W2 and W3}{section.10.5}% 98
\BOOKMARK [2][-]{subsection.10.5.6}{W4}{section.10.5}% 99
\BOOKMARK [2][-]{subsection.10.5.7}{New T1 amplitudes}{section.10.5}% 100
\BOOKMARK [2][-]{subsection.10.5.8}{New T2 amplitudes}{section.10.5}% 101
\BOOKMARK [2][-]{subsection.10.5.9}{Calculate ijab and Energy}{section.10.5}% 102
\BOOKMARK [2][-]{subsection.10.5.10}{Dodging Unnecessary Calculations}{section.10.5}% 103
\BOOKMARK [2][-]{subsection.10.5.11}{Effective storage of MOs}{section.10.5}% 104
\BOOKMARK [1][-]{section.10.6}{CCSD Parallel Implementation}{chapter.10}% 105
\BOOKMARK [2][-]{subsection.10.6.1}{Memory Distribution}{section.10.6}% 106
\BOOKMARK [2][-]{subsection.10.6.2}{Pre Iterative Procedures}{section.10.6}% 107
\BOOKMARK [2][-]{subsection.10.6.3}{Minimizing Latency}{section.10.6}% 108
\BOOKMARK [2][-]{subsection.10.6.4}{Optimizing Work Distribution}{section.10.6}% 109
\BOOKMARK [2][-]{subsection.10.6.5}{Minimizing Communication}{section.10.6}% 110
\BOOKMARK [0][-]{chapter.11}{CCSDT implementation guide }{}% 111
\BOOKMARK [1][-]{section.11.1}{System for Benchmarks}{chapter.11}% 112
\BOOKMARK [1][-]{section.11.2}{Theory}{chapter.11}% 113
\BOOKMARK [1][-]{section.11.3}{CCSDT-1a}{chapter.11}% 114
\BOOKMARK [1][-]{section.11.4}{CCSDT-1b}{chapter.11}% 115
\BOOKMARK [1][-]{section.11.5}{CCSDT-2}{chapter.11}% 116
\BOOKMARK [1][-]{section.11.6}{CCSDT-3}{chapter.11}% 117
\BOOKMARK [1][-]{section.11.7}{CCSDT-4}{chapter.11}% 118
\BOOKMARK [1][-]{section.11.8}{Full CCSDT}{chapter.11}% 119
\BOOKMARK [1][-]{section.11.9}{Excluded Terms}{chapter.11}% 120
\BOOKMARK [0][-]{chapter.12}{Benchmarks}{}% 121
\BOOKMARK [1][-]{section.12.1}{Small systems}{chapter.12}% 122
\BOOKMARK [1][-]{section.12.2}{Hydrogen molecule}{chapter.12}% 123
\BOOKMARK [1][-]{section.12.3}{First row Diatomic molecules}{chapter.12}% 124
\BOOKMARK [1][-]{section.12.4}{C20 Ground State}{chapter.12}% 125
\BOOKMARK [1][-]{section.12.5}{Energy as function of number of AOs}{chapter.12}% 126
\BOOKMARK [1][-]{section.12.6}{Some potential energy plots}{chapter.12}% 127
\BOOKMARK [1][-]{section.12.7}{Dissosiation Energies}{chapter.12}% 128
\BOOKMARK [1][-]{section.12.8}{Hartree Fock Performance Testing}{chapter.12}% 129
\BOOKMARK [2][-]{subsection.12.8.1}{RHF performance}{section.12.8}% 130
\BOOKMARK [2][-]{subsection.12.8.2}{UHF performance}{section.12.8}% 131
\BOOKMARK [1][-]{section.12.9}{AOtoMO Performance Testing}{chapter.12}% 132
\BOOKMARK [1][-]{section.12.10}{CCSD Performance}{chapter.12}% 133
\BOOKMARK [1][-]{section.12.11}{Quality of results as a function of number of iterations in CCSD}{chapter.12}% 134
\BOOKMARK [1][-]{section.12.12}{LiH, a CCSDT-n Test Case}{chapter.12}% 135
\BOOKMARK [0][-]{chapter.13}{Results}{}% 136
\BOOKMARK [1][-]{section.13.1}{Single Atoms For Future Reference}{chapter.13}% 137
\BOOKMARK [0][-]{chapter.14}{Conclusion}{}% 138
\BOOKMARK [0][-]{chapter.15}{Appendix A}{}% 139
\BOOKMARK [0][-]{chapter.16}{Appendix B}{}% 140
