\BOOKMARK [1][-]{section.1}{Instructions on using this notebook}{}% 1
\BOOKMARK [2][-]{subsection.1.1}{Coupled Cluster Diagrammatic Algebra}{section.1}% 2
\BOOKMARK [3][-]{subsubsection*.3}{1. Defining operators - Operator\(\)}{subsection.1.1}% 3
\BOOKMARK [3][-]{subsubsection*.4}{2. Connecting operators - O\(\)}{subsection.1.1}% 4
\BOOKMARK [3][-]{subsubsection*.5}{3. Display and interpret results}{subsection.1.1}% 5
\BOOKMARK [3][-]{subsubsection*.6}{3.1 Excitation level and number of diagrams}{subsection.1.1}% 6
\BOOKMARK [3][-]{subsubsection*.7}{3.2 Mathematical representation}{subsection.1.1}% 7
\BOOKMARK [3][-]{subsubsection*.8}{3.3 Diagrammatic representation}{subsection.1.1}% 8
\BOOKMARK [3][-]{subsubsection*.9}{3.4 Computational representation}{subsection.1.1}% 9
\BOOKMARK [3][-]{subsubsection*.10}{3.5 Summary of representations.}{subsection.1.1}% 10
\BOOKMARK [3][-]{subsubsection*.11}{4. Higher level functions.}{subsection.1.1}% 11
\BOOKMARK [3][-]{subsubsection*.12}{4.1 Complementary functions - expand\137ansatz\(\)}{subsection.1.1}% 12
\BOOKMARK [3][-]{subsubsection*.13}{4.2 Complementary functions - normal\137ordered\137hamiltonian\(\)}{subsection.1.1}% 13
\BOOKMARK [3][-]{subsubsection*.14}{4.3 Complementary functions - cluster\137operator\(\)}{subsection.1.1}% 14
\BOOKMARK [3][-]{subsubsection*.15}{5. Functions for deriving the CC equations.}{subsection.1.1}% 15
\BOOKMARK [3][-]{subsubsection*.16}{5.1 The combine\137all\(\) function}{subsection.1.1}% 16
\BOOKMARK [3][-]{subsubsection*.17}{5.2 The combine\137to\137excitation\(\) function}{subsection.1.1}% 17
\BOOKMARK [3][-]{subsubsection*.18}{6. Deriving the CCD equations}{subsection.1.1}% 18
\BOOKMARK [3][-]{subsubsection*.19}{7. Deriving the CCSD equations}{subsection.1.1}% 19
\BOOKMARK [3][-]{subsubsection*.20}{8. Deriving the CCSDT equations}{subsection.1.1}% 20
