This is pdfTeXk, Version 3.141592-1.40.3 (Web2C 7.5.6) (format=pdflatex 2009.11.1)  3 JAN 2010 15:41
entering extended mode
 %&-line parsing enabled.
**backup.tex
(./backup.tex
LaTeX2e <2005/12/01>
Babel <v3.8h> and hyphenation patterns for english, usenglishmax, dumylang, noh
yphenation, loaded.
(/usr/share/texmf-texlive/tex/latex/base/book.cls
Document Class: book 2005/09/16 v1.4f Standard LaTeX document class
(/usr/share/texmf-texlive/tex/latex/base/bk11.clo
File: bk11.clo 2005/09/16 v1.4f Standard LaTeX file (size option)
)
\c@part=\count79
\c@chapter=\count80
\c@section=\count81
\c@subsection=\count82
\c@subsubsection=\count83
\c@paragraph=\count84
\c@subparagraph=\count85
\c@figure=\count86
\c@table=\count87
\abovecaptionskip=\skip41
\belowcaptionskip=\skip42
\bibindent=\dimen102
)
(/usr/share/texmf-texlive/tex/latex/base/inputenc.sty
Package: inputenc 2006/05/05 v1.1b Input encoding file
\inpenc@prehook=\toks14
\inpenc@posthook=\toks15

(/usr/share/texmf-texlive/tex/latex/base/latin1.def
File: latin1.def 2006/05/05 v1.1b Input encoding file
))
(/usr/share/texmf-texlive/tex/latex/graphics/graphicx.sty
Package: graphicx 1999/02/16 v1.0f Enhanced LaTeX Graphics (DPC,SPQR)

(/usr/share/texmf-texlive/tex/latex/graphics/keyval.sty
Package: keyval 1999/03/16 v1.13 key=value parser (DPC)
\KV@toks@=\toks16
)
(/usr/share/texmf-texlive/tex/latex/graphics/graphics.sty
Package: graphics 2006/02/20 v1.0o Standard LaTeX Graphics (DPC,SPQR)

(/usr/share/texmf-texlive/tex/latex/graphics/trig.sty
Package: trig 1999/03/16 v1.09 sin cos tan (DPC)
)
(/etc/texmf/tex/latex/config/graphics.cfg
File: graphics.cfg 2007/01/18 v1.5 graphics configuration of teTeX/TeXLive
)
Package graphics Info: Driver file: dvips.def on input line 90.

(/usr/share/texmf-texlive/tex/latex/graphics/dvips.def
File: dvips.def 1999/02/16 v3.0i Driver-dependant file (DPC,SPQR)
))
\Gin@req@height=\dimen103
\Gin@req@width=\dimen104
)
(/usr/share/texmf-texlive/tex/latex/graphics/epsfig.sty
Package: epsfig 1999/02/16 v1.7a (e)psfig emulation (SPQR)
\epsfxsize=\dimen105
\epsfysize=\dimen106
)
(/usr/share/texmf-texlive/tex/latex/amsfonts/amssymb.sty
Package: amssymb 2002/01/22 v2.2d

(/usr/share/texmf-texlive/tex/latex/amsfonts/amsfonts.sty
Package: amsfonts 2001/10/25 v2.2f
\@emptytoks=\toks17
\symAMSa=\mathgroup4
\symAMSb=\mathgroup5
LaTeX Font Info:    Overwriting math alphabet `\mathfrak' in version `bold'
(Font)                  U/euf/m/n --> U/euf/b/n on input line 132.
))
(/usr/share/texmf-texlive/tex/latex/amsmath/amsmath.sty
Package: amsmath 2000/07/18 v2.13 AMS math features
\@mathmargin=\skip43

For additional information on amsmath, use the `?' option.
(/usr/share/texmf-texlive/tex/latex/amsmath/amstext.sty
Package: amstext 2000/06/29 v2.01

(/usr/share/texmf-texlive/tex/latex/amsmath/amsgen.sty
File: amsgen.sty 1999/11/30 v2.0
\@emptytoks=\toks18
\ex@=\dimen107
))
(/usr/share/texmf-texlive/tex/latex/amsmath/amsbsy.sty
Package: amsbsy 1999/11/29 v1.2d
\pmbraise@=\dimen108
)
(/usr/share/texmf-texlive/tex/latex/amsmath/amsopn.sty
Package: amsopn 1999/12/14 v2.01 operator names
)
\inf@bad=\count88
LaTeX Info: Redefining \frac on input line 211.
\uproot@=\count89
\leftroot@=\count90
LaTeX Info: Redefining \overline on input line 307.
\classnum@=\count91
\DOTSCASE@=\count92
LaTeX Info: Redefining \ldots on input line 379.
LaTeX Info: Redefining \dots on input line 382.
LaTeX Info: Redefining \cdots on input line 467.
\Mathstrutbox@=\box26
\strutbox@=\box27
\big@size=\dimen109
LaTeX Font Info:    Redeclaring font encoding OML on input line 567.
LaTeX Font Info:    Redeclaring font encoding OMS on input line 568.
\macc@depth=\count93
\c@MaxMatrixCols=\count94
\dotsspace@=\muskip10
\c@parentequation=\count95
\dspbrk@lvl=\count96
\tag@help=\toks19
\row@=\count97
\column@=\count98
\maxfields@=\count99
\andhelp@=\toks20
\eqnshift@=\dimen110
\alignsep@=\dimen111
\tagshift@=\dimen112
\tagwidth@=\dimen113
\totwidth@=\dimen114
\lineht@=\dimen115
\@envbody=\toks21
\multlinegap=\skip44
\multlinetaggap=\skip45
\mathdisplay@stack=\toks22
LaTeX Info: Redefining \[ on input line 2666.
LaTeX Info: Redefining \] on input line 2667.
)
(/usr/share/texmf-texlive/tex/latex/ntgclass/a4.sty
Package: a4 2004/04/15 v1.2g A4 based page layout
)
(/usr/share/texmf-texlive/tex/generic/babel/babel.sty
Package: babel 2005/11/23 v3.8h The Babel package

(/usr/share/texmf-texlive/tex/generic/babel/english.ldf
Language: english 2005/03/30 v3.3o English support from the babel system

(/usr/share/texmf-texlive/tex/generic/babel/babel.def
File: babel.def 2005/11/23 v3.8h Babel common definitions
\babel@savecnt=\count100
\U@D=\dimen116
)
\l@british = a dialect from \language\l@english 
\l@UKenglish = a dialect from \language\l@english 
\l@canadian = a dialect from \language\l@american 
\l@australian = a dialect from \language\l@british 
\l@newzealand = a dialect from \language\l@british 
))
(/usr/share/texmf-texlive/tex/latex/base/textcomp.sty
Package: textcomp 2005/09/27 v1.99g Standard LaTeX package
Package textcomp Info: Sub-encoding information:
(textcomp)               5 = only ISO-Adobe without \textcurrency
(textcomp)               4 = 5 + \texteuro
(textcomp)               3 = 4 + \textohm
(textcomp)               2 = 3 + \textestimated + \textcurrency
(textcomp)               1 = TS1 - \textcircled - \t
(textcomp)               0 = TS1 (full)
(textcomp)             Font families with sub-encoding setting implement
(textcomp)             only a restricted character set as indicated.
(textcomp)             Family '?' is the default used for unknown fonts.
(textcomp)             See the documentation for details.
Package textcomp Info: Setting ? sub-encoding to TS1/1 on input line 71.

(/usr/share/texmf-texlive/tex/latex/base/ts1enc.def
File: ts1enc.def 2001/06/05 v3.0e (jk/car/fm) Standard LaTeX file
)
LaTeX Info: Redefining \oldstylenums on input line 266.
Package textcomp Info: Setting cmr sub-encoding to TS1/0 on input line 281.
Package textcomp Info: Setting cmss sub-encoding to TS1/0 on input line 282.
Package textcomp Info: Setting cmtt sub-encoding to TS1/0 on input line 283.
Package textcomp Info: Setting cmvtt sub-encoding to TS1/0 on input line 284.
Package textcomp Info: Setting cmbr sub-encoding to TS1/0 on input line 285.
Package textcomp Info: Setting cmtl sub-encoding to TS1/0 on input line 286.
Package textcomp Info: Setting ccr sub-encoding to TS1/0 on input line 287.
Package textcomp Info: Setting ptm sub-encoding to TS1/4 on input line 288.
Package textcomp Info: Setting pcr sub-encoding to TS1/4 on input line 289.
Package textcomp Info: Setting phv sub-encoding to TS1/4 on input line 290.
Package textcomp Info: Setting ppl sub-encoding to TS1/3 on input line 291.
Package textcomp Info: Setting pag sub-encoding to TS1/4 on input line 292.
Package textcomp Info: Setting pbk sub-encoding to TS1/4 on input line 293.
Package textcomp Info: Setting pnc sub-encoding to TS1/4 on input line 294.
Package textcomp Info: Setting pzc sub-encoding to TS1/4 on input line 295.
Package textcomp Info: Setting bch sub-encoding to TS1/4 on input line 296.
Package textcomp Info: Setting put sub-encoding to TS1/5 on input line 297.
Package textcomp Info: Setting uag sub-encoding to TS1/5 on input line 298.
Package textcomp Info: Setting ugq sub-encoding to TS1/5 on input line 299.
Package textcomp Info: Setting ul8 sub-encoding to TS1/4 on input line 300.
Package textcomp Info: Setting ul9 sub-encoding to TS1/4 on input line 301.
Package textcomp Info: Setting augie sub-encoding to TS1/5 on input line 302.
Package textcomp Info: Setting dayrom sub-encoding to TS1/3 on input line 303.
Package textcomp Info: Setting dayroms sub-encoding to TS1/3 on input line 304.

Package textcomp Info: Setting pxr sub-encoding to TS1/0 on input line 305.
Package textcomp Info: Setting pxss sub-encoding to TS1/0 on input line 306.
Package textcomp Info: Setting pxtt sub-encoding to TS1/0 on input line 307.
Package textcomp Info: Setting txr sub-encoding to TS1/0 on input line 308.
Package textcomp Info: Setting txss sub-encoding to TS1/0 on input line 309.
Package textcomp Info: Setting txtt sub-encoding to TS1/0 on input line 310.
Package textcomp Info: Setting futs sub-encoding to TS1/4 on input line 311.
Package textcomp Info: Setting futx sub-encoding to TS1/4 on input line 312.
Package textcomp Info: Setting futj sub-encoding to TS1/4 on input line 313.
Package textcomp Info: Setting hlh sub-encoding to TS1/3 on input line 314.
Package textcomp Info: Setting hls sub-encoding to TS1/3 on input line 315.
Package textcomp Info: Setting hlst sub-encoding to TS1/3 on input line 316.
Package textcomp Info: Setting hlct sub-encoding to TS1/5 on input line 317.
Package textcomp Info: Setting hlx sub-encoding to TS1/5 on input line 318.
Package textcomp Info: Setting hlce sub-encoding to TS1/5 on input line 319.
Package textcomp Info: Setting hlcn sub-encoding to TS1/5 on input line 320.
Package textcomp Info: Setting hlcw sub-encoding to TS1/5 on input line 321.
Package textcomp Info: Setting hlcf sub-encoding to TS1/5 on input line 322.
Package textcomp Info: Setting pplx sub-encoding to TS1/3 on input line 323.
Package textcomp Info: Setting pplj sub-encoding to TS1/3 on input line 324.
Package textcomp Info: Setting ptmx sub-encoding to TS1/4 on input line 325.
Package textcomp Info: Setting ptmj sub-encoding to TS1/4 on input line 326.
)
(/usr/share/texmf-texlive/tex/latex/graphics/color.sty
Package: color 2005/11/14 v1.0j Standard LaTeX Color (DPC)

(/etc/texmf/tex/latex/config/color.cfg
File: color.cfg 2007/01/18 v1.5 color configuration of teTeX/TeXLive
)
Package color Info: Driver file: pdftex.def on input line 130.

(/usr/share/texmf-texlive/tex/latex/pdftex-def/pdftex.def
File: pdftex.def 2007/01/08 v0.04d Graphics/color for pdfTeX
\Gread@gobject=\count101
))
(/usr/share/texmf-texlive/tex/latex/setspace/setspace.sty
Package: setspace 2000/12/01 6.7 Contributed and Supported LaTeX2e package

Package: `setspace' 6.7 <2000/12/01>
) (/usr/share/texmf-texlive/tex/latex/base/fontenc.sty
Package: fontenc 2005/09/27 v1.99g Standard LaTeX package

(/usr/share/texmf-texlive/tex/latex/base/t1enc.def
File: t1enc.def 2005/09/27 v1.99g Standard LaTeX file
LaTeX Font Info:    Redeclaring font encoding T1 on input line 43.
))
(/usr/share/texmf-texlive/tex/latex/tools/verbatim.sty
Package: verbatim 2003/08/22 v1.5q LaTeX2e package for verbatim enhancements
\every@verbatim=\toks23
\verbatim@line=\toks24
\verbatim@in@stream=\read1
)
(/usr/share/texmf-texlive/tex/latex/booktabs/booktabs.sty
Package: booktabs 2005/04/14 v1.61803 publication quality tables
\heavyrulewidth=\dimen117
\lightrulewidth=\dimen118
\cmidrulewidth=\dimen119
\belowrulesep=\dimen120
\belowbottomsep=\dimen121
\aboverulesep=\dimen122
\abovetopsep=\dimen123
\cmidrulesep=\dimen124
\cmidrulekern=\dimen125
\defaultaddspace=\dimen126
\@cmidla=\count102
\@cmidlb=\count103
\@aboverulesep=\dimen127
\@belowrulesep=\dimen128
\@thisruleclass=\count104
\@lastruleclass=\count105
\@thisrulewidth=\dimen129
)
(/usr/share/texmf-texlive/tex/latex/geometry/geometry.sty
Package: geometry 2002/07/08 v3.2 Page Geometry
\Gm@cnth=\count106
\Gm@cntv=\count107
\c@Gm@tempcnt=\count108
\Gm@bindingoffset=\dimen130
\Gm@wd@mp=\dimen131
\Gm@odd@mp=\dimen132
\Gm@even@mp=\dimen133
\Gm@dimlist=\toks25
)
(/usr/share/texmf-texlive/tex/latex/pdfpages/pdfpages.sty
Package: pdfpages 2006/08/12 v0.4a Insert pages of external PDF documents (AM)

(/usr/share/texmf-texlive/tex/latex/base/ifthen.sty
Package: ifthen 2001/05/26 v1.1c Standard LaTeX ifthen package (DPC)
)
(/usr/share/texmf-texlive/tex/latex/tools/calc.sty
Package: calc 2005/08/06 v4.2 Infix arithmetic (KKT,FJ)
\calc@Acount=\count109
\calc@Bcount=\count110
\calc@Adimen=\dimen134
\calc@Bdimen=\dimen135
\calc@Askip=\skip46
\calc@Bskip=\skip47
LaTeX Info: Redefining \setlength on input line 75.
LaTeX Info: Redefining \addtolength on input line 76.
\calc@Ccount=\count111
\calc@Cskip=\skip48
)
(/usr/share/texmf-texlive/tex/latex/eso-pic/eso-pic.sty
Package: eso-pic 2006/07/14 v1.1d eso-pic (RN)

(/usr/share/texmf-texlive/tex/latex/everyshi/everyshi.sty
Package: everyshi 2001/05/15 v3.00 EveryShipout Package (MS)
))
(/usr/share/texmf-texlive/tex/latex/pdfpages/pppdftex.def
File: pppdftex.def 2006/08/12 v0.4a Pdfpages driver for pdfTeX (AM)
)
\AM@pagebox=\box28
\AM@toc@title=\toks26
\c@AM@survey=\count112
)
(/usr/share/texmf-texlive/tex/latex/listings/listings.sty
\lst@mode=\count113
\lst@gtempboxa=\box29
\lst@token=\toks27
\lst@length=\count114
\lst@currlwidth=\dimen136
\lst@column=\count115
\lst@pos=\count116
\lst@lostspace=\dimen137
\lst@width=\dimen138
\lst@newlines=\count117
\lst@lineno=\count118
\c@lstlisting=\count119
\lst@maxwidth=\dimen139

(/usr/share/texmf-texlive/tex/latex/listings/lstpatch.sty
File: lstpatch.sty 2004/10/17 1.3b (Carsten Heinz)
)
(/usr/share/texmf-texlive/tex/latex/listings/lstmisc.sty
File: lstmisc.sty 2004/09/07 1.3 (Carsten Heinz)
\c@lstnumber=\count120
\lst@skipnumbers=\count121
\lst@framebox=\box30
)
(/usr/share/texmf-texlive/tex/latex/listings/listings.cfg
File: listings.cfg 2004/09/05 1.3 listings configuration
))
Package: listings 2004/10/17 1.3b (Carsten Heinz)

(/home/mhjensen/texmf/tex/latex/bera/bera.sty
Package: bera 2004/01/31 (WaS)

(/usr/share/texmf-texlive/tex/latex/base/fontenc.sty
Package: fontenc 2005/09/27 v1.99g Standard LaTeX package

(/usr/share/texmf-texlive/tex/latex/base/t1enc.def
File: t1enc.def 2005/09/27 v1.99g Standard LaTeX file
LaTeX Font Info:    Redeclaring font encoding T1 on input line 43.
))
(/home/mhjensen/texmf/tex/latex/bera/beraserif.sty
Package: beraserif 2004/01/30 (WaS)
LaTeX Font Info:    Try loading font information for T1+fve on input line 30.
LaTeX Font Info:    No file T1fve.fd. on input line 30.


LaTeX Font Warning: Font shape `T1/fve/m/n' undefined
(Font)              using `T1/cmr/m/n' instead on input line 30.

) (/home/mhjensen/texmf/tex/latex/bera/berasans.sty
Package: berasans 2004/01/30 (WaS)
)
(/home/mhjensen/texmf/tex/latex/bera/beramono.sty
Package: beramono 2004/01/31 (WaS)
))
(/usr/share/texmf-texlive/tex/latex/listings/lstlang1.sty
File: lstlang1.sty 2004/09/05 1.3 listings language file
)
(/usr/share/texmf-texlive/tex/latex/listings/lstlang1.sty
File: lstlang1.sty 2004/09/05 1.3 listings language file
)
(/usr/share/texmf-texlive/tex/latex/listings/lstmisc.sty
File: lstmisc.sty 2004/09/07 1.3 (Carsten Heinz)
)
(/usr/share/texmf-texlive/tex/latex/listings/lstlang1.sty
File: lstlang1.sty 2004/09/05 1.3 listings language file
)
Package color Info: Redefining color gray on input line 95.
Package color Info: Redefining color green on input line 96.

(/usr/share/texmf-texlive/tex/latex/ltxmisc/shadow.sty
Package: shadow 2003/02/19 v1.3 shadow boxes (M.O.)
\txtwdth=\dimen140
\sht=\dimen141
\shw=\dimen142
\shbox=\box31
\sboxsep=\dimen143
\sboxrule=\dimen144
\sdim=\dimen145
)
(/usr/share/texmf-texlive/tex/latex/base/bezier.sty)
(/usr/share/texmf-texlive/tex/latex/pstricks/pstricks.sty
Package: pstricks 2006/08/10 v0.32 LaTeX wrapper for `PSTricks' (RN,HV)

(/usr/share/texmf-texlive/tex/generic/pstricks/pstricks.tex
`PSTricks' v1.15  <2006/12/22> (tvz)
\pst@dima=\dimen146
\pst@dimb=\dimen147
\pst@dimc=\dimen148
\pst@dimd=\dimen149
\pst@dimg=\dimen150
\pst@dimh=\dimen151
\pst@hbox=\box32
\pst@boxg=\box33
\pst@cnta=\count122
\pst@cntb=\count123
\pst@cntc=\count124
\pst@cntd=\count125
\pst@cntg=\count126
\pst@cnth=\count127
\pst@toks=\toks28
(/usr/share/texmf-texlive/tex/generic/pstricks/pstricks.con)
\psunit=\dimen152
\psxunit=\dimen153
\psyunit=\dimen154
\pslinewidth=\dimen155
\pst@customdefs=\toks29
\pslinearc=\dimen156
\everypsbox=\toks30
\psframesep=\dimen157
\pslabelsep=\dimen158
\psk@shift=\dimen159
\pst@shift=\dimen160
\theoverlaybox=\box34
)
File: pstricks.tex 2006/12/22 v1.15 `PSTricks' (tvz)

(/home/mhjensen/texmf/tex/latex/xcolor/xcolor.sty
Package: xcolor 2004/07/04 v2.00 LaTeX color extensions (UK)

(/etc/texmf/tex/latex/config/color.cfg
File: color.cfg 2007/01/18 v1.5 color configuration of teTeX/TeXLive
)
Package xcolor Info: Package option `override' ignored on input line 128.
Package xcolor Info: Driver file: pdftex.def on input line 136.
LaTeX Info: Redefining \color on input line 494.
Package xcolor Info: Color model `cmy' added on input line 972.
Package xcolor Info: Color model `HTML' added on input line 1000.
Package xcolor Info: Color model `HSB' added on input line 1006.
Package xcolor Info: Color model `Gray' added on input line 1012.
))
(/usr/share/texmf-texlive/tex/latex/float/float.sty
Package: float 2001/11/08 v1.3d Float enhancements (AL)
\c@float@type=\count128
\float@exts=\toks31
\float@box=\box35
\@float@everytoks=\toks32
\@floatcapt=\box36
)
\@float@every@program=\toks33
\c@program=\count129

(/usr/share/texmf-texlive/tex/latex/algorithms/algorithmic.sty
Package: algorithmic 2006/06/02

Document Style `algorithmic' - environment
\c@ALC@line=\count130
\c@ALC@rem=\count131
\c@ALC@depth=\count132
\ALC@tlm=\skip49
\algorithmicindent=\skip50
) (/usr/share/texmf-texlive/tex/latex/algorithm2e/algorithm2e.sty
Package: algorithm2e 2005/10/04 v3.9 algorithms environments
\c@AlgoLine=\count133

(/usr/share/texmf-texlive/tex/latex/tools/xspace.sty
Package: xspace 2006/05/08 v1.12 Space after command names (DPC,MH)
)
********************************************************
Package `algorithm2e' Release 3.9 -- october 04 2005 --
- algorithm2e-announce@lirmm.fr mailing list for announcement about releases
- algorithm2e-discussion@lirmm.fr mailing list for discussion about package
subscribe by emailing sympa@lirmm.fr with 'subscribe <list> <firstname name>'
- Author: Christophe Fiorio (fiorio@lirmm.fr)
********************************************************
\skiptotal=\skip51
\skiprule=\skip52
\skiphlne=\skip53
\skiptext=\skip54
\skiplength=\skip55
\algomargin=\skip56
\skipalgocfslide=\skip57
\algowidth=\dimen161
\inoutsize=\dimen162
\inoutline=\dimen163
\algocf@inoutbox=\box37
\algocf@inputbox=\box38
\AlCapSkip=\skip58
\AlCapHSkip=\skip59
\algocf@capbox=\box39
\c@algocfline=\count134
\c@algocf=\count135
\algocf@algoframe=\box40
\algocf@algobox=\box41
) (/usr/share/texmf-texlive/tex/latex/cite/cite.sty
LaTeX Info: Redefining \cite on input line 149.
LaTeX Info: Redefining \nocite on input line 214.
Package: cite 2003/11/04  v 4.01
)
(/home/mhjensen/texmf/tex/latex/epic/epic.sty
Enhancements to Picture Environment. Version 1.2 - Released June 1, 1986
\@@multicnt=\count136
\d@lta=\count137
\@delta=\dimen164
\@@delta=\dimen165
\@gridcnt=\count138
\@joinkind=\count139
\@dotgap=\dimen166
\@ddotgap=\dimen167
\@x@diff=\count140
\@y@diff=\count141
\x@diff=\dimen168
\y@diff=\dimen169
\@dotbox=\box42
\num@segments=\count142
\num@segmentsi=\count143
\@datafile=\read2
) (/home/mhjensen/texmf/tex/latex/epic/eepic.sty
Extension to Epic and LaTeX. Version 1.1e - Released Dec 21, 1999
\@gphlinewidth=\count144
\@eepictcnt=\count145
\@tempdimc=\dimen170
\maxovaldiam=\dimen171
\@filltype=\box43
) (/usr/share/texmf-texlive/tex/latex/ltxmisc/url.sty
\Urlmuskip=\muskip11
Package: url 2005/06/27  ver 3.2  Verb mode for urls, etc.
)
(/usr/share/texmf-texlive/tex/latex/hyperref/hyperref.sty
Package: hyperref 2007/02/07 v6.75r Hypertext links for LaTeX
\@linkdim=\dimen172
\Hy@linkcounter=\count146
\Hy@pagecounter=\count147

(/usr/share/texmf-texlive/tex/latex/hyperref/pd1enc.def
File: pd1enc.def 2007/02/07 v6.75r Hyperref: PDFDocEncoding definition (HO)
)
(/etc/texmf/tex/latex/config/hyperref.cfg
File: hyperref.cfg 2002/06/06 v1.2 hyperref configuration of TeXLive
)
(/usr/share/texmf-texlive/tex/latex/oberdiek/kvoptions.sty
Package: kvoptions 2006/08/22 v2.4 Connects package keyval with LaTeX options (
HO)
)
Package hyperref Info: Hyper figures OFF on input line 2288.
Package hyperref Info: Link nesting OFF on input line 2293.
Package hyperref Info: Hyper index ON on input line 2296.
Package hyperref Info: Plain pages OFF on input line 2303.
Package hyperref Info: Backreferencing OFF on input line 2308.

Implicit mode ON; LaTeX internals redefined
Package hyperref Info: Bookmarks ON on input line 2444.
LaTeX Info: Redefining \url on input line 2599.
\Fld@menulength=\count148
\Field@Width=\dimen173
\Fld@charsize=\dimen174
\Choice@toks=\toks34
\Field@toks=\toks35
Package hyperref Info: Hyper figures OFF on input line 3102.
Package hyperref Info: Link nesting OFF on input line 3107.
Package hyperref Info: Hyper index ON on input line 3110.
Package hyperref Info: backreferencing OFF on input line 3117.
Package hyperref Info: Link coloring OFF on input line 3122.
\Hy@abspage=\count149
\c@Item=\count150
\c@Hfootnote=\count151
)
*hyperref using driver hpdftex*
(/usr/share/texmf-texlive/tex/latex/hyperref/hpdftex.def
File: hpdftex.def 2007/02/07 v6.75r Hyperref driver for pdfTeX
\Fld@listcount=\count152
)
Package hyperref Info: Option `colorlinks' set `true' on input line 217.

(/usr/share/texmf-texlive/tex/latex/fancyhdr/fancyhdr.sty
\fancy@headwidth=\skip60
\f@ncyO@elh=\skip61
\f@ncyO@erh=\skip62
\f@ncyO@olh=\skip63
\f@ncyO@orh=\skip64
\f@ncyO@elf=\skip65
\f@ncyO@erf=\skip66
\f@ncyO@olf=\skip67
\f@ncyO@orf=\skip68
)

LaTeX Warning: Unused global option(s):
    [a4wide].

(./backup.aux)
\openout1 = `backup.aux'.

LaTeX Font Info:    Checking defaults for OML/cmm/m/it on input line 302.
LaTeX Font Info:    ... okay on input line 302.
LaTeX Font Info:    Checking defaults for T1/cmr/m/n on input line 302.
LaTeX Font Info:    ... okay on input line 302.
LaTeX Font Info:    Checking defaults for OT1/cmr/m/n on input line 302.
LaTeX Font Info:    ... okay on input line 302.
LaTeX Font Info:    Checking defaults for OMS/cmsy/m/n on input line 302.
LaTeX Font Info:    ... okay on input line 302.
LaTeX Font Info:    Checking defaults for OMX/cmex/m/n on input line 302.
LaTeX Font Info:    ... okay on input line 302.
LaTeX Font Info:    Checking defaults for U/cmr/m/n on input line 302.
LaTeX Font Info:    ... okay on input line 302.
LaTeX Font Info:    Checking defaults for TS1/cmr/m/n on input line 302.
LaTeX Font Info:    Try loading font information for TS1+cmr on input line 302.

 (/usr/share/texmf-texlive/tex/latex/base/ts1cmr.fd
File: ts1cmr.fd 1999/05/25 v2.5h Standard LaTeX font definitions
)
LaTeX Font Info:    ... okay on input line 302.
LaTeX Font Info:    Checking defaults for PD1/pdf/m/n on input line 302.
LaTeX Font Info:    ... okay on input line 302.
-------------------- Geometry parameters
paper: class default
landscape: --
twocolumn: --
twoside: true
asymmetric: --
h-parts: 93.95122pt, 448.07379pt, 72.26999pt
v-parts: 72.26999pt, 650.43001pt, 72.26999pt
hmarginratio: --
vmarginratio: --
lines: --
heightrounded: --
bindingoffset: 0.0pt
truedimen: --
includehead: --
includefoot: true
includemp: --
driver: pdftex
-------------------- Page layout dimensions and switches
\paperwidth  614.295pt
\paperheight 794.96999pt
\textwidth  448.07379pt
\textheight 622.96706pt
\oddsidemargin  21.68123pt
\evensidemargin 0.0pt
\topmargin  -33.4738pt
\headheight 13.6pt
\headsep    19.8738pt
\footskip   27.46295pt
\marginparwidth 72.26999pt
\marginparsep   7.0pt
\columnsep  10.0pt
\skip\footins  10.0pt plus 4.0pt minus 2.0pt
\hoffset 0.0pt
\voffset 0.0pt
\mag 1000
\@twosidetrue \@mparswitchtrue 
(1in=72.27pt, 1cm=28.45pt)
-----------------------

ABD: EveryShipout initializing macros
Package hyperref Info: Link coloring ON on input line 302.

(/usr/share/texmf-texlive/tex/latex/hyperref/nameref.sty
Package: nameref 2006/12/27 v2.28 Cross-referencing by name of section

(/usr/share/texmf-texlive/tex/latex/oberdiek/refcount.sty
Package: refcount 2006/02/20 v3.0 Data extraction from references (HO)
)
\c@section@level=\count153
)
LaTeX Info: Redefining \ref on input line 302.
LaTeX Info: Redefining \pageref on input line 302.
 (./backup.out)
(./backup.out)
\@outlinefile=\write3
\openout3 = `backup.out'.



LaTeX Font Warning: Font shape `T1/fve/b/n' undefined
(Font)              using `T1/fve/m/n' instead on input line 313.


LaTeX Font Warning: Font shape `T1/fve/b/sl' undefined
(Font)              using `T1/fve/b/n' instead on input line 324.


LaTeX Font Warning: Font shape `T1/fve/m/sl' undefined
(Font)              using `T1/fve/m/n' instead on input line 325.

<uiologo.pdf, id=167, 433.62pt x 432.61626pt>
File: uiologo.pdf Graphic file (type pdf)
 <use uiologo.pdf> [1
Non-PDF special ignored!
Non-PDF special ignored!

{/var/lib/texmf/fonts/map/pdftex/updmap/pdftex.map} <./uiologo.pdf>]

LaTeX Font Warning: Font shape `T1/fve/b/it' undefined
(Font)              using `T1/fve/b/n' instead on input line 354.

[2

] (./backup.toc
LaTeX Font Info:    Try loading font information for U+msa on input line 4.
 (/usr/share/texmf-texlive/tex/latex/amsfonts/umsa.fd
File: umsa.fd 2002/01/19 v2.2g AMS font definitions
)
LaTeX Font Info:    Try loading font information for U+msb on input line 4.

(/usr/share/texmf-texlive/tex/latex/amsfonts/umsb.fd
File: umsb.fd 2002/01/19 v2.2g AMS font definitions
) [1

])
\tf@toc=\write4
\openout4 = `backup.toc'.

 [2]
Chapter 1.
pdfTeX warning (ext4): destination with the same identifier (name{page.1}) has 
been already used, duplicate ignored
<to be read again> 
                   \relax 
l.377 \chapter
              {Sweat activity} [1


]pdfTeX warning (ext4): destination with the same identifier (name{page.2}) has
 been already used, duplicate ignored
<to be read again> 
                   \relax 
l.377 \chapter
              {Sweat activity} [2

]
Chapter 2.

LaTeX Font Warning: Font shape `T1/fve/m/it' undefined
(Font)              using `T1/fve/m/n' instead on input line 378.

<Figurer/setup.pdf, id=242, 1947.275pt x 1987.425pt>
File: Figurer/setup.pdf Graphic file (type pdf)
 <use Figurer/setup.pdf>
[3] [4 <./Figurer/setup.pdf>]
Chapter 3.
[5

]
Underfull \hbox (badness 10000) in paragraph at lines 467--474

 []


Package amsmath Warning: Foreign command \atopwithdelims;
(amsmath)                \frac or \genfrac should be used instead
(amsmath)                 on input line 476.


Underfull \vbox (badness 10000) has occurred while \output is active []

 [6]
Underfull \hbox (badness 10000) in paragraph at lines 501--512

 []

[7]
Underfull \hbox (badness 10000) in paragraph at lines 527--538

 []


Underfull \hbox (badness 10000) in paragraph at lines 559--567

 []


Underfull \vbox (badness 10000) has occurred while \output is active []

 [8]
<Figurer/SDF.pdf, id=312, 513.92pt x 610.28pt>
File: Figurer/SDF.pdf Graphic file (type pdf)
 <use Figurer/SDF.pdf>
Underfull \hbox (badness 10000) in paragraph at lines 580--598

 []


Underfull \hbox (badness 10000) in paragraph at lines 599--628

 []


Underfull \hbox (badness 10000) in paragraph at lines 599--628

 []


Underfull \hbox (badness 10000) in paragraph at lines 599--628

 []

[9] [10 <./Figurer/SDF.pdf>]
Underfull \hbox (badness 10000) in paragraph at lines 639--646

 []


Underfull \hbox (badness 10000) in paragraph at lines 639--646

 []

<Figurer/LMP.pdf, id=334, 475.7775pt x 484.81125pt>
File: Figurer/LMP.pdf Graphic file (type pdf)
 <use Figurer/LMP.pdf>
[11] [12 <./Figurer/LMP.pdf>]
Chapter 4.

Underfull \hbox (badness 10000) in paragraph at lines 657--672

 []


Underfull \hbox (badness 10000) in paragraph at lines 657--672

 []


Underfull \vbox (badness 3240) has occurred while \output is active []

 [13

]
<Figurer/Haar.pdf, id=361, 891.08911pt x 526.84831pt>
File: Figurer/Haar.pdf Graphic file (type pdf)
 <use Figurer/Haar.pdf>
<Figurer/MexicanHat.pdf, id=362, 891.33pt x 524.92113pt>
File: Figurer/MexicanHat.pdf Graphic file (type pdf)

<use Figurer/MexicanHat.pdf>
Underfull \vbox (badness 1412) has occurred while \output is active []

 [14]
[15 <./Figurer/Haar.pdf> <./Figurer/MexicanHat.pdf>]
Underfull \hbox (badness 10000) in paragraph at lines 746--758

 []


Underfull \vbox (badness 10000) has occurred while \output is active []

 [16]
Underfull \hbox (badness 10000) in paragraph at lines 787--805

 []


Underfull \hbox (badness 10000) in paragraph at lines 787--805

 []

[17] [18]
Underfull \vbox (badness 2189) has occurred while \output is active []

 [19]
Underfull \vbox (badness 10000) has occurred while \output is active []

 [20]
Underfull \hbox (badness 10000) in paragraph at lines 1043--1052

 []

[21]
Underfull \vbox (badness 10000) has occurred while \output is active []

 [22]
Underfull \vbox (badness 10000) has occurred while \output is active []

 [23]
Underfull \hbox (badness 10000) in paragraph at lines 1129--1147

 []


Underfull \hbox (badness 10000) in paragraph at lines 1162--1164

 []

[24]
Chapter 5.

Package amsfonts Warning: Obsolete command \bold; \mathbf should be used instea
d on input line 1174.


Underfull \hbox (badness 10000) in paragraph at lines 1194--1204

 []

[25

]
Underfull \vbox (badness 10000) has occurred while \output is active []

 [26]
Underfull \hbox (badness 10000) in paragraph at lines 1269--1277

 []


Underfull \hbox (badness 10000) in paragraph at lines 1296--1307

 []


Underfull \vbox (badness 10000) has occurred while \output is active []

 [27]
Underfull \vbox (badness 10000) has occurred while \output is active []

 [28]
Underfull \vbox (badness 10000) has occurred while \output is active []

 [29]
Underfull \hbox (badness 10000) in paragraph at lines 1386--1394

 []


Underfull \hbox (badness 10000) in paragraph at lines 1419--1428

 []


Underfull \vbox (badness 10000) has occurred while \output is active []

 [30]
Underfull \vbox (badness 10000) has occurred while \output is active []

 [31]
Underfull \hbox (badness 10000) in paragraph at lines 1485--1492

 []


Underfull \hbox (badness 10000) in paragraph at lines 1495--1506

 []

[32]
Underfull \hbox (badness 10000) in paragraph at lines 1535--1546

 []


Underfull \hbox (badness 10000) in paragraph at lines 1577--1583

 []


Underfull \hbox (badness 10000) in paragraph at lines 1586--1599

 []


Underfull \vbox (badness 10000) has occurred while \output is active []

 [33]
[34] [35] [36

]
Chapter 6.

Underfull \hbox (badness 10000) in paragraph at lines 1676--1686

 []

LaTeX Font Info:    Try loading font information for T1+fvm on input line 1686.

LaTeX Font Info:    No file T1fvm.fd. on input line 1686.

LaTeX Font Warning: Font shape `T1/fvm/m/n' undefined
(Font)              using `T1/cmr/m/n' instead on input line 1686.


LaTeX Font Warning: Font shape `T1/fvm/b/n' undefined
(Font)              using `T1/fvm/m/n' instead on input line 1687.

[37] [38]

LaTeX Font Warning: Font shape `T1/fvm/m/sl' undefined
(Font)              using `T1/fvm/m/n' instead on input line 1769.


Overfull \hbox (1.73271pt too wide) in paragraph at lines 1772--1797
\T1/fve/m/it/10.95 int type : type of wavelet fil-ter. (1:Daubechies, 2:Least A
s-sy-met-ri-cal, 3:Best Lo-cal-ized, 4:Coiflet)
 []

[39] [40] [41] [42]
Underfull \vbox (badness 1132) has occurred while \output is active []

 [43]
Underfull \vbox (badness 5431) has occurred while \output is active []

 [44]
[45]
Underfull \vbox (badness 5563) has occurred while \output is active []

 [46]
[47] [48] [49] [50]
Overfull \hbox (1.73271pt too wide) in paragraph at lines 2334--2359
\T1/fve/m/it/10.95 int type : type of wavelet fil-ter. (1:Daubechies, 2:Least A
s-sy-met-ri-cal, 3:Best Lo-cal-ized, 4:Coiflet)
 []


Underfull \vbox (badness 1072) has occurred while \output is active []

 [51]
[52] [53] [54] [55] [56] [57] [58]
Underfull \vbox (badness 3029) has occurred while \output is active []

 [59]
[60] [61] [62] [63]
Underfull \vbox (badness 4416) has occurred while \output is active []

 [64]
[65] [66] [67]
Underfull \vbox (badness 6526) has occurred while \output is active []

 [68]
[69] [70]
Overfull \hbox (2.93787pt too wide) in paragraph at lines 3167--3225
\T1/fve/m/it/10.95 int type : Type of wavelet-fil-ter. (1:Daubechies, 2:Least A
s-sy-met-ri-cal, 3:Best Lo-cal-ized, 4:Coiflet)
 []

[71] [72]
Underfull \vbox (badness 10000) has occurred while \output is active []

 [73]
Overfull \hbox (0.82224pt too wide) in paragraph at lines 3290--3328
\T1/fve/m/it/10.95 int type : Type of wavlet fil-ter. (1:Daubechies, 2:Least As
-sy-met-ri-cal, 3:Best Lo-cal-ized, 4:Coiflet)
 []

[74]
Underfull \vbox (badness 4416) has occurred while \output is active []

 [75]
Underfull \vbox (badness 2050) has occurred while \output is active []

 [76]
[77] [78]
Underfull \vbox (badness 10000) has occurred while \output is active []

 [79]
[80] [81] [82] [83] (./backup.aux)

LaTeX Font Warning: Some font shapes were not available, defaults substituted.

 ) 
Here is how much of TeX's memory you used:
 12103 strings out of 95086
 158474 string characters out of 1183255
 307284 words of memory out of 1500000
 13685 multiletter control sequences out of 10000+50000
 18950 words of font info for 55 fonts, out of 1200000 for 2000
 28 hyphenation exceptions out of 8191
 33i,12n,58p,1812b,2085s stack positions out of 5000i,500n,6000p,200000b,5000s
 </home/mhjensen/.texmf-var/fonts/pk/ljfour/jknappen/ec/ecrm0900.600pk> </hom
e/mhjensen/.texmf-var/fonts/pk/ljfour/jknappen/ec/ecrm0600.600pk> </home/mhjens
en/.texmf-var/fonts/pk/ljfour/jknappen/ec/ecrm0800.600pk> </home/mhjensen/.texm
f-var/fonts/pk/ljfour/jknappen/ec/ecrm2074.600pk> </home/mhjensen/.texmf-var/fo
nts/pk/ljfour/jknappen/ec/ecrm2488.600pk> </home/mhjensen/.texmf-var/fonts/pk/l
jfour/jknappen/ec/ecrm1095.600pk> </home/mhjensen/.texmf-var/fonts/pk/ljfour/jk
nappen/ec/ecrm1200.600pk> </home/mhjensen/.texmf-var/fonts/pk/ljfour/jknappen/e
c/ecrm1440.600pk> </home/mhjensen/.texmf-var/fonts/pk/ljfour/jknappen/ec/ecrm17
28.600pk></usr/share/texmf-texlive/fonts/type1/bluesky/cm/cmbx10.pfb></usr/shar
e/texmf-texlive/fonts/type1/bluesky/cm/cmbx8.pfb></usr/share/texmf-texlive/font
s/type1/bluesky/cm/cmex10.pfb></usr/share/texmf-texlive/fonts/type1/bluesky/cm/
cmmi10.pfb></usr/share/texmf-texlive/fonts/type1/bluesky/cm/cmmi6.pfb></usr/sha
re/texmf-texlive/fonts/type1/bluesky/cm/cmmi8.pfb></usr/share/texmf-texlive/fon
ts/type1/bluesky/cm/cmmi9.pfb></usr/share/texmf-texlive/fonts/type1/bluesky/cm/
cmr10.pfb></usr/share/texmf-texlive/fonts/type1/bluesky/cm/cmr6.pfb></usr/share
/texmf-texlive/fonts/type1/bluesky/cm/cmr8.pfb></usr/share/texmf-texlive/fonts/
type1/bluesky/cm/cmr9.pfb></usr/share/texmf-texlive/fonts/type1/bluesky/cm/cmsy
10.pfb></usr/share/texmf-texlive/fonts/type1/bluesky/cm/cmsy6.pfb></usr/share/t
exmf-texlive/fonts/type1/bluesky/cm/cmsy8.pfb></usr/share/texmf-texlive/fonts/t
ype1/bluesky/cm/cmsy9.pfb></usr/share/texmf-texlive/fonts/type1/bluesky/ams/msb
m10.pfb></usr/share/texmf-texlive/fonts/type1/bluesky/ams/msbm7.pfb>
Output written on backup.pdf (87 pages, 3393572 bytes).
PDF statistics:
 2648 PDF objects out of 2984 (max. 8388607)
 1370 named destinations out of 1440 (max. 131072)
 367 words of extra memory for PDF output out of 10000 (max. 10000000)

