\BOOKMARK [0][-]{chapter.1}{Introduction}{}
\BOOKMARK [0][-]{chapter.2}{Sweat activity}{}
\BOOKMARK [1][-]{section.2.1}{Measuring sweat activity}{chapter.2}
\BOOKMARK [1][-]{section.2.2}{Our stress measurements}{chapter.2}
\BOOKMARK [0][-]{chapter.3}{Stocastic processes and synthetic time series}{}
\BOOKMARK [1][-]{section.3.1}{Stationary stochastic processes}{chapter.3}
\BOOKMARK [1][-]{section.3.2}{Non-stationary processes}{chapter.3}
\BOOKMARK [1][-]{section.3.3}{Long memory processes}{chapter.3}
\BOOKMARK [1][-]{section.3.4}{Synthetic time series}{chapter.3}
\BOOKMARK [2][-]{subsection.3.4.1}{Stationary models}{section.3.4}
\BOOKMARK [2][-]{subsection.3.4.2}{Non-stationary models}{section.3.4}
\BOOKMARK [0][-]{chapter.4}{The wavelet transform}{}
\BOOKMARK [1][-]{section.4.1}{The Fourier transform}{chapter.4}
\BOOKMARK [1][-]{section.4.2}{The continuous wavelet transform}{chapter.4}
\BOOKMARK [2][-]{subsection.4.2.1}{Wavelets}{section.4.2}
\BOOKMARK [2][-]{subsection.4.2.2}{CWT}{section.4.2}
\BOOKMARK [1][-]{section.4.3}{Discretization of the wavelet transform}{chapter.4}
\BOOKMARK [2][-]{subsection.4.3.1}{Discrete wavelets}{section.4.3}
\BOOKMARK [2][-]{subsection.4.3.2}{Multiresolution approximation}{section.4.3}
\BOOKMARK [2][-]{subsection.4.3.3}{The scaling function}{section.4.3}
\BOOKMARK [2][-]{subsection.4.3.4}{The wavelet function}{section.4.3}
\BOOKMARK [2][-]{subsection.4.3.5}{Construction of compactly supported wavelets}{section.4.3}
\BOOKMARK [2][-]{subsection.4.3.6}{Phase properties of orthonormal wavelets}{section.4.3}
\BOOKMARK [1][-]{section.4.4}{The pyramid algorithm}{chapter.4}
\BOOKMARK [2][-]{subsection.4.4.1}{DWT}{section.4.4}
\BOOKMARK [2][-]{subsection.4.4.2}{MODWT}{section.4.4}
\BOOKMARK [0][-]{chapter.5}{Applications of the wavelet transform on time series}{}
\BOOKMARK [1][-]{section.5.1}{Wavelet decomposition of variance}{chapter.5}
\BOOKMARK [1][-]{section.5.2}{Regularizing the SDF by the wavelet variance}{chapter.5}
\BOOKMARK [1][-]{section.5.3}{Wavelet variance estimation}{chapter.5}
\BOOKMARK [2][-]{subsection.5.3.1}{MODWT based estimators}{section.5.3}
\BOOKMARK [2][-]{subsection.5.3.2}{DWT based estimators}{section.5.3}
\BOOKMARK [1][-]{section.5.4}{Least squares estimation of the Hurst exponent}{chapter.5}
\BOOKMARK [2][-]{subsection.5.4.1}{Estimation through the wavelet variance}{section.5.4}
\BOOKMARK [2][-]{subsection.5.4.2}{Instantaneous estimation}{section.5.4}
\BOOKMARK [0][-]{chapter.6}{The program}{}
\BOOKMARK [1][-]{section.6.1}{Overview}{chapter.6}
\BOOKMARK [1][-]{section.6.2}{Compiled code}{chapter.6}
\BOOKMARK [1][-]{section.6.3}{The Python module}{chapter.6}
\BOOKMARK [1][-]{section.6.4}{The GUI}{chapter.6}
