\BOOKMARK [1][-]{section.1}{Introduction}{}
\BOOKMARK [1][-]{section.2}{Sweat activity}{}
\BOOKMARK [2][-]{subsection.2.1}{Measuring sweat activity}{section.2}
\BOOKMARK [2][-]{subsection.2.2}{Our stress measurements}{section.2}
\BOOKMARK [1][-]{section.3}{Stocastic processes and synthetic time series}{}
\BOOKMARK [2][-]{subsection.3.1}{Stationary stochastic processes}{section.3}
\BOOKMARK [2][-]{subsection.3.2}{Non-stationary processes}{section.3}
\BOOKMARK [2][-]{subsection.3.3}{Long memory processes}{section.3}
\BOOKMARK [2][-]{subsection.3.4}{Synthetic time series}{section.3}
\BOOKMARK [3][-]{subsubsection.3.4.1}{Stationary models}{subsection.3.4}
\BOOKMARK [3][-]{subsubsection.3.4.2}{Non-stationary models}{subsection.3.4}
\BOOKMARK [1][-]{section.4}{The wavelet transform}{}
\BOOKMARK [2][-]{subsection.4.1}{The Fourier transform}{section.4}
\BOOKMARK [2][-]{subsection.4.2}{The continuous wavelet transform}{section.4}
\BOOKMARK [3][-]{subsubsection.4.2.1}{Wavelets}{subsection.4.2}
\BOOKMARK [3][-]{subsubsection.4.2.2}{CWT}{subsection.4.2}
\BOOKMARK [2][-]{subsection.4.3}{Discretization of the wavelet transform}{section.4}
\BOOKMARK [3][-]{subsubsection.4.3.1}{Discrete wavelets}{subsection.4.3}
\BOOKMARK [3][-]{subsubsection.4.3.2}{Multiresolution approximation}{subsection.4.3}
\BOOKMARK [3][-]{subsubsection.4.3.3}{The scaling function}{subsection.4.3}
\BOOKMARK [3][-]{subsubsection.4.3.4}{The wavelet function}{subsection.4.3}
\BOOKMARK [3][-]{subsubsection.4.3.5}{Construction of compactly supported wavelets}{subsection.4.3}
\BOOKMARK [3][-]{subsubsection.4.3.6}{Phase properties of orthonormal wavelets}{subsection.4.3}
\BOOKMARK [2][-]{subsection.4.4}{The pyramid algorithm}{section.4}
\BOOKMARK [3][-]{subsubsection.4.4.1}{DWT}{subsection.4.4}
\BOOKMARK [3][-]{subsubsection.4.4.2}{MODWT}{subsection.4.4}
\BOOKMARK [1][-]{section.5}{Applications of the wavelet transform on time series}{}
\BOOKMARK [2][-]{subsection.5.1}{Wavelet decomposition of variance}{section.5}
\BOOKMARK [2][-]{subsection.5.2}{Regularizing the spectral density function by the wavelet variance}{section.5}
\BOOKMARK [2][-]{subsection.5.3}{Wavelet variance estimation}{section.5}
\BOOKMARK [3][-]{subsubsection.5.3.1}{MODWT based estimators}{subsection.5.3}
\BOOKMARK [3][-]{subsubsection.5.3.2}{DWT based estimators}{subsection.5.3}
\BOOKMARK [2][-]{subsection.5.4}{Least squares estimation of the Hurst exponent}{section.5}
\BOOKMARK [3][-]{subsubsection.5.4.1}{Estimation through the wavelet variance}{subsection.5.4}
\BOOKMARK [3][-]{subsubsection.5.4.2}{Instantaneous estimation}{subsection.5.4}
\BOOKMARK [1][-]{section.6}{The program}{}
\BOOKMARK [2][-]{subsection.6.1}{Overview}{section.6}
\BOOKMARK [2][-]{subsection.6.2}{Compiled code}{section.6}
\BOOKMARK [2][-]{subsection.6.3}{The Python module}{section.6}
\BOOKMARK [2][-]{subsection.6.4}{The GUI}{section.6}
