\BOOKMARK [0][-]{dummy.1}{\376\377\000A\000b\000s\000t\000r\000a\000c\000t}{}% 1
\BOOKMARK [0][-]{dummy.2}{\376\377\000A\000c\000k\000n\000o\000w\000l\000e\000d\000g\000e\000m\000e\000n\000t\000s}{}% 2
\BOOKMARK [0][-]{dummy.3}{\376\377\000C\000o\000n\000t\000e\000n\000t\000s}{}% 3
\BOOKMARK [0][-]{dummy.5}{\376\377\000L\000i\000s\000t\000\040\000o\000f\000\040\000F\000i\000g\000u\000r\000e\000s}{}% 4
\BOOKMARK [0][-]{dummy.7}{\376\377\000L\000i\000s\000t\000\040\000o\000f\000\040\000T\000a\000b\000l\000e\000s}{}% 5
\BOOKMARK [0][-]{chapter.9}{\376\377\0001\000\040\000I\000n\000t\000r\000o\000d\000u\000c\000t\000i\000o\000n}{}% 6
\BOOKMARK [0][-]{chapter.10}{\376\377\0002\000\040\000M\000a\000n\000y\000\040\000B\000o\000d\000y\000\040\000Q\000u\000a\000n\000t\000u\000m\000\040\000T\000h\000e\000o\000r\000y}{}% 7
\BOOKMARK [1][-]{section*.11}{\376\377\000A\000\040\000b\000r\000i\000e\000f\000\040\000r\000e\000v\000i\000e\000w}{chapter.10}% 8
\BOOKMARK [1][-]{section.12}{\376\377\0002\000.\0001\000\040\000M\000a\000n\000y\000-\000b\000o\000d\000y\000\040\000T\000h\000e\000o\000r\000y}{chapter.10}% 9
\BOOKMARK [1][-]{section.15}{\376\377\0002\000.\0002\000\040\000T\000h\000e\000\040\000P\000o\000s\000t\000u\000l\000a\000t\000e\000s\000\040\000o\000f\000\040\000Q\000u\000a\000n\000t\000u\000m\000\040\000M\000e\000c\000h\000a\000n\000i\000c\000s}{chapter.10}% 10
\BOOKMARK [2][-]{section*.16}{\376\377\000\050\0001\000\051\000\040\000T\000h\000e\000\040\000W\000a\000v\000e\000\040\000F\000u\000n\000c\000t\000i\000o\000n}{section.15}% 11
\BOOKMARK [3][-]{section*.17}{\376\377\000\050\0002\000\051\000\040\000O\000b\000s\000e\000r\000v\000a\000b\000l\000e\000s}{section*.16}% 12
\BOOKMARK [4][-]{section*.18}{\376\377\000\050\0003\000\051\000\040\000M\000e\000a\000s\000u\000r\000e\000m\000e\000n\000t}{section*.17}% 13
\BOOKMARK [4][-]{section*.19}{\376\377\000\050\0004\000\051\000\040\000A\000v\000e\000r\000a\000g\000e\000\040\000m\000e\000a\000s\000u\000r\000e\000m\000e\000n\000t}{section*.17}% 14
\BOOKMARK [4][-]{section*.20}{\376\377\000\050\0005\000\051\000\040\000T\000i\000m\000e\000\040\000e\000v\000o\000l\000u\000t\000i\000o\000n}{section*.17}% 15
\BOOKMARK [4][-]{section*.23}{\376\377\000\050\0006\000\051\000\040\000T\000h\000e\000\040\000P\000a\000u\000l\000i\000\040\000E\000x\000c\000l\000u\000s\000i\000o\000n\000\040\000P\000r\000i\000n\000c\000i\000p\000l\000e}{section*.17}% 16
\BOOKMARK [1][-]{section.25}{\376\377\0002\000.\0003\000\040\000T\000h\000e\000\040\000M\000a\000n\000y\000\040\000B\000o\000d\000y\000\040\000W\000a\000v\000e\000\040\000F\000u\000n\000c\000t\000i\000o\000n}{chapter.10}% 17
\BOOKMARK [1][-]{section.30}{\376\377\0002\000.\0004\000\040\000A\000n\000t\000i\000s\000y\000m\000m\000e\000t\000r\000y}{chapter.10}% 18
\BOOKMARK [1][-]{section.37}{\376\377\0002\000.\0005\000\040\000T\000h\000e\000\040\000H\000a\000m\000i\000l\000t\000o\000n\000i\000a\000n}{chapter.10}% 19
\BOOKMARK [1][-]{section.40}{\376\377\0002\000.\0006\000\040\000O\000p\000e\000r\000a\000t\000o\000r\000s\000\040\000a\000n\000d\000\040\000m\000a\000t\000r\000i\000x\000\040\000e\000l\000e\000m\000e\000n\000t\000s}{chapter.10}% 20
\BOOKMARK [2][-]{subsection.48}{\376\377\0002\000.\0006\000.\0001\000\040\000T\000h\000e\000\040\000o\000n\000e\000\040\000b\000o\000d\000y\000\040\000p\000r\000o\000b\000l\000e\000m}{section.40}% 21
\BOOKMARK [2][-]{subsection.55}{\376\377\0002\000.\0006\000.\0002\000\040\000T\000h\000e\000\040\000t\000w\000o\000\040\000b\000o\000d\000y\000\040\000p\000r\000o\000b\000l\000e\000m}{section.40}% 22
\BOOKMARK [1][-]{section.61}{\376\377\0002\000.\0007\000\040\000T\000h\000e\000\040\000A\000i\000m\000\040\000o\000f\000\040\000M\000a\000n\000y\000\040\000B\000o\000d\000y\000\040\000Q\000u\000a\000n\000t\000u\000m\000\040\000T\000h\000e\000o\000r\000y}{chapter.10}% 23
\BOOKMARK [0][-]{chapter.64}{\376\377\0003\000\040\000S\000e\000c\000o\000n\000d\000\040\000Q\000u\000a\000n\000t\000i\000z\000a\000t\000i\000o\000n}{}% 24
\BOOKMARK [1][-]{section*.65}{\376\377\000A\000\040\000b\000r\000i\000e\000f\000\040\000r\000e\000v\000i\000e\000w}{chapter.64}% 25
\BOOKMARK [1][-]{section.66}{\376\377\0003\000.\0001\000\040\000S\000e\000c\000o\000n\000d\000\040\000Q\000u\000a\000n\000t\000i\000z\000a\000t\000i\000o\000n}{chapter.64}% 26
\BOOKMARK [1][-]{section.69}{\376\377\0003\000.\0002\000\040\000C\000r\000e\000a\000t\000i\000o\000n\000\040\000a\000n\000d\000\040\000a\000n\000n\000i\000h\000i\000l\000a\000t\000i\000o\000n\000\040\000o\000p\000e\000r\000a\000t\000o\000r\000s}{chapter.64}% 27
\BOOKMARK [1][-]{section.75}{\376\377\0003\000.\0003\000\040\000S\000t\000r\000i\000n\000g\000s\000\040\000o\000f\000\040\000o\000p\000e\000r\000a\000t\000o\000r\000s}{chapter.64}% 28
\BOOKMARK [1][-]{section.82}{\376\377\0003\000.\0004\000\040\000A\000n\000t\000i\000c\000o\000m\000m\000u\000t\000a\000t\000i\000o\000n\000\040\000r\000e\000l\000a\000t\000i\000o\000n\000s}{chapter.64}% 29
\BOOKMARK [1][-]{section.88}{\376\377\0003\000.\0005\000\040\000I\000n\000n\000e\000r\000\040\000p\000r\000o\000d\000u\000c\000t\000s\000\040\000a\000n\000d\000\040\000o\000p\000e\000r\000a\000t\000o\000r\000s}{chapter.64}% 30
\BOOKMARK [2][-]{section*.94}{\376\377\000T\000h\000e\000\040\000O\000n\000e\000-\000b\000o\000d\000y\000\040\000O\000p\000e\000r\000a\000t\000o\000r}{section.88}% 31
\BOOKMARK [3][-]{section*.102}{\376\377\000T\000h\000e\000\040\000T\000w\000o\000-\000b\000o\000d\000y\000\040\000O\000p\000e\000r\000a\000t\000o\000r}{section*.94}% 32
\BOOKMARK [4][-]{section*.108}{\376\377\000T\000h\000e\000\040\000H\000a\000m\000i\000l\000t\000o\000n\000i\000a\000n}{section*.102}% 33
\BOOKMARK [1][-]{section.110}{\376\377\0003\000.\0006\000\040\000N\000o\000r\000m\000a\000l\000\040\000o\000r\000d\000e\000r\000i\000n\000g}{chapter.64}% 34
\BOOKMARK [1][-]{section.112}{\376\377\0003\000.\0007\000\040\000C\000o\000n\000t\000r\000a\000c\000t\000i\000o\000n\000s}{chapter.64}% 35
\BOOKMARK [1][-]{section.116}{\376\377\0003\000.\0008\000\040\000W\000i\000c\000k\000'\000s\000\040\000t\000h\000e\000o\000r\000e\000m}{chapter.64}% 36
\BOOKMARK [1][-]{section.118}{\376\377\0003\000.\0009\000\040\000P\000a\000r\000t\000i\000c\000l\000e\000s\000\040\000a\000n\000d\000\040\000h\000o\000l\000e\000s}{chapter.64}% 37
\BOOKMARK [1][-]{section.122}{\376\377\0003\000.\0001\0000\000\040\000T\000h\000e\000\040\000n\000o\000r\000m\000a\000l\000-\000o\000r\000d\000e\000r\000e\000d\000\040\000H\000a\000m\000i\000l\000t\000i\000o\000n\000i\000a\000n\000\040\000a\000n\000d\000\040\000W\000i\000c\000k\000'\000s\000\040\000g\000e\000n\000e\000r\000a\000l\000i\000z\000e\000d\000\040\000t\000h\000e\000o\000r\000e\000m}{chapter.64}% 38
\BOOKMARK [2][-]{subsection.125}{\376\377\0003\000.\0001\0000\000.\0001\000\040\000N\000o\000r\000m\000a\000l\000-\000o\000r\000d\000e\000r\000e\000d\000\040\000o\000n\000e\000-\000b\000o\000d\000y\000\040\000o\000p\000e\000r\000a\000t\000o\000r}{section.122}% 39
\BOOKMARK [2][-]{subsection.129}{\376\377\0003\000.\0001\0000\000.\0002\000\040\000T\000w\000o\000-\000b\000o\000d\000y\000\040\000o\000p\000e\000r\000a\000t\000o\000r}{section.122}% 40
\BOOKMARK [2][-]{subsection.133}{\376\377\0003\000.\0001\0000\000.\0003\000\040\000T\000h\000e\000\040\000n\000o\000r\000m\000a\000l\000-\000o\000r\000d\000e\000r\000e\000d\000\040\000H\000a\000m\000i\000l\000t\000o\000n\000i\000a\000n}{section.122}% 41
\BOOKMARK [1][-]{section.138}{\376\377\0003\000.\0001\0001\000\040\000T\000h\000e\000\040\000c\000o\000r\000r\000e\000l\000a\000t\000i\000o\000n\000\040\000e\000n\000e\000r\000g\000y}{chapter.64}% 42
\BOOKMARK [0][-]{chapter.142}{\376\377\0004\000\040\000D\000i\000a\000g\000r\000a\000m\000m\000a\000t\000i\000c\000\040\000n\000o\000t\000a\000t\000i\000o\000n}{}% 43
\BOOKMARK [1][-]{section.143}{\376\377\0004\000.\0001\000\040\000D\000i\000a\000g\000r\000a\000m\000m\000a\000t\000i\000c\000\040\000n\000o\000t\000a\000t\000i\000o\000n\000\040\000-\000\040\000b\000a\000c\000k\000g\000r\000o\000u\000n\000d}{chapter.142}% 44
\BOOKMARK [1][-]{section.144}{\376\377\0004\000.\0002\000\040\000T\000h\000e\000\040\000S\000l\000a\000t\000e\000r\000\040\000D\000e\000t\000e\000r\000m\000i\000n\000a\000n\000t}{chapter.142}% 45
\BOOKMARK [1][-]{section.147}{\376\377\0004\000.\0003\000\040\000O\000p\000e\000r\000a\000t\000o\000r\000s}{chapter.142}% 46
\BOOKMARK [1][-]{section.151}{\376\377\0004\000.\0004\000\040\000C\000o\000n\000t\000r\000a\000c\000t\000i\000o\000n\000s}{chapter.142}% 47
\BOOKMARK [1][-]{section.154}{\376\377\0004\000.\0005\000\040\000I\000n\000t\000e\000r\000p\000r\000e\000t\000i\000n\000g\000\040\000d\000i\000a\000g\000r\000a\000m\000s}{chapter.142}% 48
\BOOKMARK [0][-]{chapter.155}{\376\377\0005\000\040\000M\000e\000t\000h\000o\000d\000o\000l\000o\000g\000y}{}% 49
\BOOKMARK [1][-]{section.156}{\376\377\0005\000.\0001\000\040\000M\000a\000n\000y\000-\000b\000o\000d\000y\000\040\000M\000e\000t\000h\000o\000d\000s}{chapter.155}% 50
\BOOKMARK [1][-]{section.159}{\376\377\0005\000.\0002\000\040\000T\000h\000e\000\040\000H\000a\000r\000t\000r\000e\000e\000-\000F\000o\000c\000k\000\040\000M\000e\000t\000h\000o\000d}{chapter.155}% 51
\BOOKMARK [2][-]{subsection.160}{\376\377\0005\000.\0002\000.\0001\000\040\000T\000h\000e\000\040\000v\000a\000r\000i\000a\000t\000i\000o\000n\000a\000l\000\040\000p\000r\000i\000n\000c\000i\000p\000l\000e}{section.159}% 52
\BOOKMARK [2][-]{subsection.162}{\376\377\0005\000.\0002\000.\0002\000\040\000E\000x\000p\000a\000n\000d\000i\000n\000g\000\040\000t\000h\000e\000\040\000s\000i\000n\000g\000l\000e\000-\000p\000a\000r\000t\000i\000c\000l\000e\000\040\000s\000t\000a\000t\000e\000s}{section.159}% 53
\BOOKMARK [2][-]{subsection.169}{\376\377\0005\000.\0002\000.\0003\000\040\000E\000n\000s\000u\000r\000i\000n\000g\000\040\000o\000r\000t\000h\000o\000n\000o\000r\000m\000a\000l\000i\000t\000y}{section.159}% 54
\BOOKMARK [2][-]{subsection.173}{\376\377\0005\000.\0002\000.\0004\000\040\000T\000h\000e\000\040\000H\000a\000r\000t\000r\000e\000e\000-\000F\000o\000c\000k\000\040\000E\000q\000u\000a\000t\000i\000o\000n\000s}{section.159}% 55
\BOOKMARK [2][-]{subsection.178}{\376\377\0005\000.\0002\000.\0005\000\040\000K\000o\000o\000p\000m\000a\000n\000'\000s\000\040\000t\000h\000e\000o\000r\000e\000m}{section.159}% 56
\BOOKMARK [2][-]{subsection.180}{\376\377\0005\000.\0002\000.\0006\000\040\000R\000e\000s\000t\000r\000i\000c\000t\000e\000d\000\040\000a\000n\000d\000\040\000u\000n\000r\000e\000s\000t\000r\000i\000c\000t\000e\000d\000\040\000H\000a\000r\000t\000r\000e\000e\000-\000F\000o\000c\000k}{section.159}% 57
\BOOKMARK [1][-]{section.183}{\376\377\0005\000.\0003\000\040\000P\000o\000s\000t\000\040\000H\000a\000r\000t\000r\000e\000e\000-\000F\000o\000c\000k\000\040\000M\000e\000t\000h\000o\000d\000s}{chapter.155}% 58
\BOOKMARK [2][-]{subsection.185}{\376\377\0005\000.\0003\000.\0001\000\040\000C\000o\000n\000f\000i\000g\000u\000r\000a\000t\000i\000o\000n\000\040\000I\000n\000t\000e\000r\000a\000c\000t\000i\000o\000n\000\040\000t\000h\000e\000o\000r\000y}{section.183}% 59
\BOOKMARK [2][-]{subsection.190}{\376\377\0005\000.\0003\000.\0002\000\040\000F\000u\000l\000l\000\040\000C\000o\000n\000f\000i\000g\000u\000r\000a\000t\000i\000o\000n\000\040\000I\000n\000t\000e\000r\000a\000c\000t\000i\000o\000n\000\040\000t\000h\000e\000o\000r\000y}{section.183}% 60
\BOOKMARK [2][-]{subsection.191}{\376\377\0005\000.\0003\000.\0003\000\040\000C\000o\000n\000f\000i\000g\000u\000r\000a\000t\000i\000o\000n\000\040\000I\000n\000t\000e\000r\000a\000c\000t\000i\000o\000n\000\040\000Q\000u\000a\000n\000t\000u\000m\000\040\000M\000o\000n\000t\000e\000\040\000C\000a\000r\000l\000o}{section.183}% 61
\BOOKMARK [2][-]{subsection.192}{\376\377\0005\000.\0003\000.\0004\000\040\000M\000a\000n\000y\000-\000b\000o\000d\000y\000\040\000P\000e\000r\000t\000u\000r\000b\000a\000t\000i\000o\000n\000\040\000T\000h\000e\000o\000r\000y}{section.183}% 62
\BOOKMARK [2][-]{subsection.206}{\376\377\0005\000.\0003\000.\0005\000\040\000T\000h\000e\000\040\000l\000i\000n\000k\000e\000d\000\040\000d\000i\000a\000g\000r\000a\000m\000\040\000t\000h\000e\000o\000r\000e\000m}{section.183}% 63
\BOOKMARK [1][-]{section.207}{\376\377\0005\000.\0004\000\040\000O\000t\000h\000e\000r\000\040\000m\000a\000n\000y\000-\000b\000o\000d\000y\000\040\000m\000e\000t\000h\000o\000d\000s}{chapter.155}% 64
\BOOKMARK [0][-]{chapter.208}{\376\377\0006\000\040\000T\000h\000e\000\040\000C\000o\000u\000p\000l\000e\000d\000\040\000C\000l\000u\000s\000t\000e\000r\000\040\000M\000e\000t\000h\000o\000d}{}% 65
\BOOKMARK [1][-]{section.209}{\376\377\0006\000.\0001\000\040\000H\000i\000s\000t\000o\000r\000i\000c\000a\000l\000\040\000A\000c\000c\000o\000u\000n\000t}{chapter.208}% 66
\BOOKMARK [1][-]{section.210}{\376\377\0006\000.\0002\000\040\000T\000h\000e\000\040\000e\000x\000p\000o\000n\000e\000n\000t\000i\000a\000l\000\040\000a\000n\000s\000a\000t\000z}{chapter.208}% 67
\BOOKMARK [1][-]{section.217}{\376\377\0006\000.\0003\000\040\000S\000i\000z\000e\000\040\000c\000o\000n\000s\000i\000s\000t\000e\000n\000c\000y}{chapter.208}% 68
\BOOKMARK [1][-]{section.221}{\376\377\0006\000.\0004\000\040\000E\000x\000t\000e\000n\000s\000i\000v\000i\000t\000y}{chapter.208}% 69
\BOOKMARK [1][-]{section.226}{\376\377\0006\000.\0005\000\040\000D\000e\000r\000i\000v\000i\000n\000g\000\040\000t\000h\000e\000\040\000c\000o\000u\000p\000l\000e\000d\000\040\000c\000l\000u\000s\000t\000e\000r\000\040\000e\000q\000u\000a\000t\000i\000o\000n\000s}{chapter.208}% 70
\BOOKMARK [1][-]{section.227}{\376\377\0006\000.\0006\000\040\000U\000n\000w\000r\000a\000p\000p\000i\000n\000g\000\040\000t\000h\000e\000\040\000e\000x\000p\000o\000n\000e\000n\000t\000i\000a\000l\000\040\000a\000n\000s\000a\000t\000z}{chapter.208}% 71
\BOOKMARK [2][-]{subsection.228}{\376\377\0006\000.\0006\000.\0001\000\040\000T\000h\000e\000\040\000C\000C\000\040\000e\000f\000f\000e\000c\000t\000i\000v\000e\000\040\000H\000a\000m\000i\000l\000t\000o\000n\000i\000a\000n}{section.227}% 72
\BOOKMARK [2][-]{subsection.235}{\376\377\0006\000.\0006\000.\0002\000\040\000N\000o\000n\000-\000v\000a\000r\000i\000a\000t\000i\000o\000n\000a\000l\000\040\000c\000o\000u\000p\000l\000e\000d\000\040\000c\000l\000u\000s\000t\000e\000r\000\040\000t\000h\000e\000o\000r\000y}{section.227}% 73
\BOOKMARK [2][-]{subsection.237}{\376\377\0006\000.\0006\000.\0003\000\040\000T\000h\000e\000\040\000H\000a\000u\000s\000d\000o\000r\000f\000f\000\040\000E\000x\000p\000a\000n\000s\000i\000o\000n}{section.227}% 74
\BOOKMARK [2][-]{subsection.242}{\376\377\0006\000.\0006\000.\0004\000\040\000R\000e\000w\000r\000i\000t\000i\000n\000g\000\040\000t\000h\000e\000\040\000H\000a\000u\000s\000d\000o\000r\000f\000f\000\040\000e\000x\000p\000a\000n\000s\000i\000o\000n}{section.227}% 75
\BOOKMARK [2][-]{subsection.244}{\376\377\0006\000.\0006\000.\0005\000\040\000T\000h\000e\000\040\000C\000C\000\040\000e\000q\000u\000a\000t\000i\000o\000n\000s}{section.227}% 76
\BOOKMARK [2][-]{subsection.249}{\376\377\0006\000.\0006\000.\0006\000\040\000T\000r\000u\000n\000c\000a\000t\000i\000n\000g\000\040\000t\000h\000e\000\040\000a\000n\000s\000a\000t\000z}{section.227}% 77
\BOOKMARK [1][-]{section.251}{\376\377\0006\000.\0007\000\040\000D\000i\000a\000g\000r\000a\000m\000m\000a\000t\000i\000c\000\040\000r\000u\000l\000e\000s}{chapter.208}% 78
\BOOKMARK [2][-]{subsection.252}{\376\377\0006\000.\0007\000.\0001\000\040\000T\000h\000e\000\040\000c\000l\000u\000s\000t\000e\000r\000\040\000o\000p\000e\000r\000a\000t\000o\000r\000s}{section.251}% 79
\BOOKMARK [2][-]{subsection.254}{\376\377\0006\000.\0007\000.\0002\000\040\000C\000o\000n\000t\000r\000a\000c\000t\000i\000o\000n\000s\000\040\000o\000f\000\040\000o\000p\000e\000r\000a\000t\000o\000r\000s}{section.251}% 80
\BOOKMARK [2][-]{subsection.265}{\376\377\0006\000.\0007\000.\0003\000\040\000E\000x\000c\000i\000t\000a\000t\000i\000o\000n\000\040\000l\000e\000v\000e\000l}{section.251}% 81
\BOOKMARK [2][-]{subsection.266}{\376\377\0006\000.\0007\000.\0004\000\040\000I\000n\000t\000e\000r\000p\000r\000e\000t\000a\000t\000i\000o\000n\000\040\000r\000u\000l\000e\000s\000\040\000f\000o\000r\000\040\000d\000i\000a\000g\000r\000a\000m\000s}{section.251}% 82
\BOOKMARK [2][-]{subsection.267}{\376\377\0006\000.\0007\000.\0005\000\040\000L\000a\000b\000e\000l\000\040\000a\000l\000l\000\040\000l\000i\000n\000e\000s}{section.251}% 83
\BOOKMARK [2][-]{subsection.268}{\376\377\0006\000.\0007\000.\0006\000\040\000I\000d\000e\000n\000t\000i\000f\000y\000\040\000t\000h\000e\000\040\000o\000n\000e\000-\000b\000o\000d\000y\000\040\000o\000p\000e\000r\000a\000t\000o\000r}{section.251}% 84
\BOOKMARK [2][-]{subsection.269}{\376\377\0006\000.\0007\000.\0007\000\040\000I\000d\000e\000n\000t\000i\000f\000y\000\040\000t\000h\000e\000\040\000t\000w\000o\000-\000b\000o\000d\000y\000\040\000o\000p\000e\000r\000a\000t\000o\000r}{section.251}% 85
\BOOKMARK [2][-]{subsection.271}{\376\377\0006\000.\0007\000.\0008\000\040\000I\000d\000e\000n\000t\000i\000f\000y\000\040\000t\000h\000e\000\040\000a\000m\000p\000l\000i\000t\000u\000d\000e\000s}{section.251}% 86
\BOOKMARK [2][-]{subsection.272}{\376\377\0006\000.\0007\000.\0009\000\040\000S\000u\000m\000m\000a\000t\000i\000o\000n\000\040\000i\000n\000d\000i\000c\000e\000s}{section.251}% 87
\BOOKMARK [2][-]{subsection.273}{\376\377\0006\000.\0007\000.\0001\0000\000\040\000I\000d\000e\000n\000t\000i\000f\000y\000\040\000e\000q\000u\000i\000v\000a\000l\000e\000n\000t\000\040\000i\000n\000t\000e\000r\000n\000a\000l\000\040\000l\000i\000n\000e\000s}{section.251}% 88
\BOOKMARK [2][-]{subsection.274}{\376\377\0006\000.\0007\000.\0001\0001\000\040\000I\000d\000e\000n\000t\000i\000f\000y\000\040\000e\000q\000u\000i\000v\000a\000l\000e\000n\000t\000\040\000T\000-\000v\000e\000r\000t\000i\000c\000e\000s}{section.251}% 89
\BOOKMARK [2][-]{subsection.275}{\376\377\0006\000.\0007\000.\0001\0002\000\040\000T\000h\000e\000\040\000p\000h\000a\000s\000e\000\040\000f\000a\000c\000t\000o\000r}{section.251}% 90
\BOOKMARK [2][-]{subsection.277}{\376\377\0006\000.\0007\000.\0001\0003\000\040\000E\000x\000t\000e\000r\000n\000a\000l\000\040\000p\000e\000r\000m\000u\000t\000a\000t\000i\000o\000n\000s}{section.251}% 91
\BOOKMARK [2][-]{subsection.278}{\376\377\0006\000.\0007\000.\0001\0004\000\040\000C\000a\000n\000c\000e\000l\000\040\000f\000a\000c\000t\000o\000r\000s\000\040\000c\000a\000u\000s\000e\000d\000\040\000b\000y\000\040\000e\000x\000t\000e\000r\000n\000a\000l\000\040\000p\000e\000r\000m\000u\000t\000a\000t\000i\000o\000n\000s}{section.251}% 92
\BOOKMARK [2][-]{subsection.279}{\376\377\0006\000.\0007\000.\0001\0005\000\040\000T\000h\000e\000\040\000c\000o\000r\000r\000e\000l\000a\000t\000i\000o\000n\000\040\000e\000n\000e\000r\000g\000y}{section.251}% 93
\BOOKMARK [1][-]{section.283}{\376\377\0006\000.\0008\000\040\000D\000i\000a\000g\000r\000a\000m\000s\000\040\000a\000s\000\040\000c\000o\000d\000e}{chapter.208}% 94
\BOOKMARK [2][-]{subsection.285}{\376\377\0006\000.\0008\000.\0001\000\040\000I\000m\000p\000l\000e\000m\000e\000n\000t\000a\000t\000i\000o\000n}{section.283}% 95
\BOOKMARK [2][-]{subsection.286}{\376\377\0006\000.\0008\000.\0002\000\040\000C\000C\000A\000l\000g\000e\000b\000r\000a}{section.283}% 96
\BOOKMARK [2][-]{subsection.287}{\376\377\0006\000.\0008\000.\0003\000\040\000D\000e\000r\000i\000v\000i\000n\000g\000\040\000a\000m\000p\000l\000i\000t\000u\000d\000e\000\040\000e\000q\000u\000a\000t\000i\000o\000n\000s\000\040\000u\000s\000i\000n\000g\000\040\000C\000C\000A\000l\000g\000e\000b\000r\000a}{section.283}% 97
\BOOKMARK [2][-]{subsection.288}{\376\377\0006\000.\0008\000.\0004\000\040\000D\000e\000r\000i\000v\000i\000n\000g\000\040\000t\000h\000e\000\040\000e\000n\000e\000r\000g\000y\000\040\000u\000s\000i\000n\000g\000\040\000C\000C\000a\000l\000g\000e\000b\000r\000a}{section.283}% 98
\BOOKMARK [2][-]{subsection.289}{\376\377\0006\000.\0008\000.\0005\000\040\000V\000a\000l\000i\000d\000a\000t\000i\000o\000n\000\040\000o\000f\000\040\000C\000C\000A\000l\000g\000e\000b\000r\000a}{section.283}% 99
\BOOKMARK [1][-]{section.290}{\376\377\0006\000.\0009\000\040\000T\000h\000e\000\040\000C\000C\000D\000\040\000e\000q\000u\000a\000t\000i\000o\000n\000s}{chapter.208}% 100
\BOOKMARK [1][-]{section.304}{\376\377\0006\000.\0001\0000\000\040\000T\000h\000e\000\040\000C\000C\000S\000D\000\040\000e\000q\000u\000a\000t\000i\000o\000n\000s}{chapter.208}% 101
\BOOKMARK [1][-]{section.310}{\376\377\0006\000.\0001\0001\000\040\000T\000h\000e\000\040\000C\000C\000S\000D\000T\000\040\000e\000q\000u\000a\000t\000i\000o\000n\000s}{chapter.208}% 102
\BOOKMARK [2][-]{subsection.314}{\376\377\0006\000.\0001\0001\000.\0001\000\040\000C\000o\000m\000p\000u\000t\000a\000t\000i\000o\000n\000a\000l\000\040\000c\000o\000s\000t}{section.310}% 103
\BOOKMARK [1][-]{section.320}{\376\377\0006\000.\0001\0002\000\040\000T\000h\000e\000\040\000C\000C\000D\000T\000\040\000e\000q\000u\000a\000t\000i\000o\000n\000s}{chapter.208}% 104
\BOOKMARK [1][-]{section.323}{\376\377\0006\000.\0001\0003\000\040\000C\000C\000D\000T\000-\0001}{chapter.208}% 105
\BOOKMARK [1][-]{section.325}{\376\377\0006\000.\0001\0004\000\040\000I\000n\000t\000e\000r\000m\000e\000d\000i\000a\000t\000e\000s}{chapter.208}% 106
\BOOKMARK [2][-]{subsection.326}{\376\377\0006\000.\0001\0004\000.\0001\000\040\000C\000C\000D\000\040\000i\000n\000t\000e\000r\000m\000e\000d\000i\000a\000t\000e\000s}{section.325}% 107
\BOOKMARK [2][-]{subsection.333}{\376\377\0006\000.\0001\0004\000.\0002\000\040\000I\000n\000t\000e\000r\000m\000e\000d\000i\000a\000t\000e\000s\000\040\000f\000o\000r\000\040\000C\000C\000S\000D}{section.325}% 108
\BOOKMARK [0][-]{chapter.334}{\376\377\0007\000\040\000T\000h\000e\000\040\000H\000o\000m\000o\000g\000e\000n\000o\000u\000s\000\040\000E\000l\000e\000c\000t\000r\000o\000n\000\040\000G\000a\000s}{}% 109
\BOOKMARK [1][-]{section.335}{\376\377\0007\000.\0001\000\040\000T\000h\000e\000\040\000H\000o\000m\000o\000g\000e\000n\000o\000u\000s\000\040\000E\000l\000e\000c\000t\000r\000o\000n\000\040\000G\000a\000s}{chapter.334}% 110
\BOOKMARK [1][-]{section.336}{\376\377\0007\000.\0002\000\040\000T\000h\000e\000\040\000H\000a\000m\000i\000l\000t\000o\000n\000i\000a\000n}{chapter.334}% 111
\BOOKMARK [1][-]{section.341}{\376\377\0007\000.\0003\000\040\000E\000w\000a\000l\000d\000'\000s\000\040\000s\000u\000m\000m\000a\000t\000i\000o\000n\000\040\000t\000e\000c\000h\000n\000i\000q\000u\000e}{chapter.334}% 112
\BOOKMARK [1][-]{section.348}{\376\377\0007\000.\0004\000\040\000T\000h\000e\000\040\000E\000w\000a\000l\000d\000\040\000i\000n\000t\000e\000r\000a\000c\000t\000i\000o\000n}{chapter.334}% 113
\BOOKMARK [1][-]{section.352}{\376\377\0007\000.\0005\000\040\000T\000h\000e\000\040\000a\000n\000t\000i\000s\000y\000m\000m\000e\000t\000r\000i\000c\000\040\000m\000a\000t\000r\000i\000x\000\040\000e\000l\000e\000m\000e\000n\000t\000s}{chapter.334}% 114
\BOOKMARK [1][-]{section.354}{\376\377\0007\000.\0006\000\040\000T\000h\000e\000\040\000H\000a\000r\000t\000r\000e\000e\000-\000F\000o\000c\000k\000\040\000e\000n\000e\000r\000g\000y}{chapter.334}% 115
\BOOKMARK [1][-]{section.356}{\376\377\0007\000.\0007\000\040\000T\000h\000e\000\040\000F\000o\000c\000k\000\040\000M\000a\000t\000r\000i\000x}{chapter.334}% 116
\BOOKMARK [1][-]{section.358}{\376\377\0007\000.\0008\000\040\000T\000h\000e\000\040\000W\000i\000g\000n\000e\000r\000\040\000S\000e\000i\000t\000z\000\040\000r\000a\000d\000i\000u\000s}{chapter.334}% 117
\BOOKMARK [1][-]{section.362}{\376\377\0007\000.\0009\000\040\000T\000h\000e\000\040\000p\000l\000a\000n\000e\000\040\000w\000a\000v\000e\000\040\000b\000a\000s\000i\000s}{chapter.334}% 118
\BOOKMARK [1][-]{section.368}{\376\377\0007\000.\0001\0000\000\040\000R\000e\000c\000e\000n\000t\000\040\000p\000r\000o\000g\000r\000e\000s\000s\000\040\000o\000n\000\040\000t\000h\000e\000\040\000E\000l\000e\000c\000t\000r\000o\000n\000\040\000g\000a\000s}{chapter.334}% 119
\BOOKMARK [0][-]{chapter.369}{\376\377\0008\000\040\000I\000m\000p\000l\000e\000m\000e\000n\000t\000a\000t\000i\000o\000n}{}% 120
\BOOKMARK [1][-]{section.370}{\376\377\0008\000.\0001\000\040\000O\000v\000e\000r\000v\000i\000e\000w}{chapter.369}% 121
\BOOKMARK [2][-]{subsection.371}{\376\377\0008\000.\0001\000.\0001\000\040\000T\000h\000e\000\040\000p\000r\000o\000b\000l\000e\000m}{section.370}% 122
\BOOKMARK [1][-]{section.373}{\376\377\0008\000.\0002\000\040\000C\000o\000n\000t\000r\000a\000c\000t\000i\000o\000n\000s\000\040\000a\000s\000\040\000m\000a\000t\000r\000i\000x\000\040\000m\000u\000l\000t\000i\000p\000l\000i\000c\000a\000t\000i\000o\000n\000s}{chapter.369}% 123
\BOOKMARK [2][-]{subsection.376}{\376\377\0008\000.\0002\000.\0001\000\040\000M\000a\000p\000p\000i\000n\000g\000\040\000d\000i\000a\000g\000r\000a\000m\000s\000\040\000o\000n\000t\000o\000\040\000m\000a\000t\000r\000i\000c\000e\000s}{section.373}% 124
\BOOKMARK [2][-]{subsection.381}{\376\377\0008\000.\0002\000.\0002\000\040\000S\000u\000b\000d\000i\000v\000i\000d\000i\000n\000g\000\040\000t\000h\000e\000\040\000i\000n\000t\000e\000r\000a\000c\000t\000i\000o\000n\000\040\000m\000a\000t\000r\000i\000x}{section.373}% 125
\BOOKMARK [2][-]{subsection.384}{\376\377\0008\000.\0002\000.\0003\000\040\000A\000l\000i\000g\000n\000i\000n\000g\000\040\000m\000a\000t\000r\000i\000c\000e\000s}{section.373}% 126
\BOOKMARK [2][-]{subsection.405}{\376\377\0008\000.\0002\000.\0004\000\040\000U\000s\000e\000\040\000o\000f\000\040\000n\000o\000n\000\040\000s\000t\000a\000n\000d\000a\000r\000d\000\040\000t\000e\000r\000m\000i\000n\000o\000l\000o\000g\000y}{section.373}% 127
\BOOKMARK [1][-]{section.406}{\376\377\0008\000.\0003\000\040\000T\000h\000e\000\040\000s\000p\000a\000r\000s\000e\000\040\000m\000a\000t\000r\000i\000x\000\040\000a\000p\000p\000r\000o\000a\000c\000h}{chapter.369}% 128
\BOOKMARK [1][-]{section.408}{\376\377\0008\000.\0004\000\040\000S\000p\000a\000r\000s\000e\000\040\000m\000a\000t\000r\000i\000x\000\040\000s\000t\000o\000r\000a\000g\000e}{chapter.369}% 129
\BOOKMARK [1][-]{section.411}{\376\377\0008\000.\0005\000\040\000S\000p\000a\000r\000s\000e\000\040\000t\000e\000n\000s\000o\000r\000\040\000s\000t\000o\000r\000a\000g\000e}{chapter.369}% 130
\BOOKMARK [1][-]{section.412}{\376\377\0008\000.\0006\000\040\000S\000p\000a\000r\000s\000e\000\040\000m\000a\000t\000r\000i\000x\000\040\000a\000l\000i\000g\000n\000m\000e\000n\000t}{chapter.369}% 131
\BOOKMARK [1][-]{section.416}{\376\377\0008\000.\0007\000\040\000T\000h\000e\000\040\000s\000p\000a\000r\000s\000e\000\040\000m\000a\000t\000r\000i\000x\000\040\000i\000m\000p\000l\000e\000m\000e\000n\000t\000a\000t\000i\000o\000n}{chapter.369}% 132
\BOOKMARK [2][-]{subsection.417}{\376\377\0008\000.\0007\000.\0001\000\040\000A\000m\000p\000l\000i\000t\000u\000d\000e\000\040\000s\000t\000o\000r\000a\000g\000e}{section.416}% 133
\BOOKMARK [1][-]{section.421}{\376\377\0008\000.\0008\000\040\000T\000h\000e\000\040\000s\000p\000a\000r\000s\000e\000\040\000s\000o\000l\000v\000e\000r}{chapter.369}% 134
\BOOKMARK [1][-]{section.430}{\376\377\0008\000.\0009\000\040\000A\000\040\000c\000r\000o\000s\000s\000o\000v\000e\000r\000\040\000s\000c\000h\000e\000m\000e}{chapter.369}% 135
\BOOKMARK [1][-]{section.434}{\376\377\0008\000.\0001\0000\000\040\000T\000h\000e\000\040\000b\000l\000o\000c\000k\000\040\000i\000m\000p\000l\000e\000m\000e\000n\000t\000a\000t\000i\000o\000n}{chapter.369}% 136
\BOOKMARK [1][-]{section.435}{\376\377\0008\000.\0001\0001\000\040\000C\000h\000a\000n\000n\000e\000l\000s\000\040\000i\000n\000\040\000t\000h\000e\000\040\000d\000i\000a\000g\000r\000a\000m\000s}{chapter.369}% 137
\BOOKMARK [1][-]{section.443}{\376\377\0008\000.\0001\0002\000\040\000M\000a\000p\000p\000i\000n\000g\000\040\000c\000h\000a\000n\000n\000e\000l\000s\000\040\000i\000n\000\040\000t\000h\000e\000\040\000d\000i\000a\000g\000r\000a\000m\000s}{chapter.369}% 138
\BOOKMARK [1][-]{section.447}{\376\377\0008\000.\0001\0003\000\040\000C\000h\000a\000n\000n\000e\000l\000s\000\040\000a\000n\000d\000\040\000a\000l\000i\000g\000n\000m\000e\000n\000t\000\040\000o\000f\000\040\000t\000e\000n\000s\000o\000r\000s}{chapter.369}% 139
\BOOKMARK [1][-]{section.451}{\376\377\0008\000.\0001\0004\000\040\000I\000m\000p\000l\000e\000m\000e\000n\000t\000i\000n\000g\000\040\000t\000h\000e\000\040\000c\000h\000a\000n\000n\000e\000l\000s}{chapter.369}% 140
\BOOKMARK [1][-]{section.458}{\376\377\0008\000.\0001\0005\000\040\000P\000e\000r\000m\000u\000t\000a\000t\000i\000o\000n\000s}{chapter.369}% 141
\BOOKMARK [1][-]{section.464}{\376\377\0008\000.\0001\0006\000\040\000E\000l\000e\000m\000e\000n\000t\000\040\000s\000t\000o\000r\000a\000g\000e}{chapter.369}% 142
\BOOKMARK [1][-]{section.470}{\376\377\0008\000.\0001\0007\000\040\000A\000\040\000s\000p\000a\000r\000s\000e\000\040\000c\000r\000o\000s\000s\000o\000w\000e\000r\000\040\000s\000c\000h\000e\000m\000e}{chapter.369}% 143
\BOOKMARK [0][-]{chapter.471}{\376\377\0009\000\040\000R\000e\000s\000u\000l\000t\000s}{}% 144
\BOOKMARK [1][-]{section.472}{\376\377\0009\000.\0001\000\040\000V\000a\000l\000i\000d\000a\000t\000i\000o\000n\000\040\000o\000f\000\040\000t\000h\000e\000\040\000C\000C\000D}{chapter.471}% 145
\BOOKMARK [2][-]{subsection.476}{\376\377\0009\000.\0001\000.\0001\000\040\000T\000h\000e\000\040\000r\000e\000f\000e\000r\000e\000n\000c\000e\000\040\000e\000n\000e\000r\000g\000y}{section.472}% 146
\BOOKMARK [1][-]{section.478}{\376\377\0009\000.\0002\000\040\000V\000a\000l\000i\000d\000a\000t\000i\000o\000n\000\040\000o\000f\000\040\000t\000h\000e\000\040\000C\000C\000D\000T\000-\0001}{chapter.471}% 147
\BOOKMARK [1][-]{section.484}{\376\377\0009\000.\0003\000\040\000N\000o\000\040\000v\000a\000l\000i\000d\000a\000t\000i\000o\000n\000s\000\040\000b\000e\000y\000o\000n\000d\000\040\000t\000h\000e\000\040\000C\000C\000D\000T\000-\0001}{chapter.471}% 148
\BOOKMARK [1][-]{section.485}{\376\377\0009\000.\0004\000\040\000A\000\040\000c\000o\000m\000p\000a\000r\000i\000s\000o\000n\000\040\000o\000f\000\040\000m\000e\000t\000h\000o\000d\000s}{chapter.471}% 149
\BOOKMARK [1][-]{section.490}{\376\377\0009\000.\0005\000\040\000C\000o\000m\000p\000a\000r\000i\000s\000o\000n\000s\000\040\000b\000e\000y\000o\000n\000d\000\040\000t\000h\000e\000\040\000C\000C\000D\000T\000-\0001}{chapter.471}% 150
\BOOKMARK [1][-]{section.496}{\376\377\0009\000.\0006\000\040\000T\000h\000e\000r\000m\000o\000d\000y\000n\000a\000m\000i\000c\000a\000l\000\040\000l\000i\000m\000i\000t\000\040\000e\000s\000t\000i\000m\000a\000t\000e\000s}{chapter.471}% 151
\BOOKMARK [2][-]{subsection.497}{\376\377\0009\000.\0006\000.\0001\000\040\000F\000i\000n\000i\000t\000e\000-\000s\000i\000z\000e\000\040\000e\000f\000f\000e\000c\000t\000s}{section.496}% 152
\BOOKMARK [2][-]{subsection.499}{\376\377\0009\000.\0006\000.\0002\000\040\000A\000\040\000n\000o\000t\000e\000\040\000o\000n\000\040\000o\000b\000t\000a\000i\000n\000i\000n\000g\000\040\000t\000h\000e\000\040\000d\000a\000t\000a}{section.496}% 153
\BOOKMARK [2][-]{subsection.500}{\376\377\0009\000.\0006\000.\0003\000\040\000R\000e\000s\000u\000l\000t\000s\000\040\000f\000r\000o\000m\000\040\000t\000h\000e\000\040\000l\000a\000r\000g\000e\000\040\000b\000a\000s\000i\000s\000\040\000e\000x\000t\000r\000a\000p\000o\000l\000a\000t\000i\000o\000n}{section.496}% 154
\BOOKMARK [1][-]{section.507}{\376\377\0009\000.\0007\000\040\000C\000o\000n\000t\000r\000i\000b\000u\000t\000i\000o\000n\000s\000\040\000f\000r\000o\000m\000\040\000d\000i\000a\000g\000r\000a\000m\000s}{chapter.471}% 155
\BOOKMARK [1][-]{section.530}{\376\377\0009\000.\0008\000\040\000B\000e\000n\000c\000h\000m\000a\000r\000k\000i\000n\000g}{chapter.471}% 156
\BOOKMARK [0][-]{chapter.539}{\376\377\0001\0000\000\040\000C\000o\000n\000c\000l\000u\000s\000i\000o\000n\000s\000\040\000a\000n\000d\000\040\000f\000u\000t\000u\000r\000e\000\040\000p\000r\000o\000s\000p\000e\000c\000t\000s}{}% 157
\BOOKMARK [1][-]{section.540}{\376\377\0001\0000\000.\0001\000\040\000C\000o\000n\000c\000l\000u\000s\000i\000o\000n\000s}{chapter.539}% 158
\BOOKMARK [1][-]{section.541}{\376\377\0001\0000\000.\0002\000\040\000F\000u\000t\000u\000r\000e\000\040\000p\000r\000o\000s\000p\000e\000c\000t\000s\000\040\000a\000n\000d\000\040\000r\000e\000c\000o\000m\000m\000e\000n\000d\000a\000t\000i\000o\000n\000s}{chapter.539}% 159
\BOOKMARK [0][-]{appendix.543}{\376\377\000A\000\040\000D\000i\000a\000g\000r\000a\000m\000\040\000n\000a\000m\000e\000s}{}% 160
\BOOKMARK [0][-]{dummy.547}{\376\377\000B\000i\000b\000l\000i\000o\000g\000r\000a\000p\000h\000y}{}% 161
