This is TeX, Version 3.14159 (Web2C 7.4.5) (format=latex 2006.1.19)  2 JUN 2008 08:49
**thesis.tex
(./thesis.tex
LaTeX2e <2001/06/01>
Babel <v3.7h> and hyphenation patterns for american, french, german, ngerman, n
ohyphenation, loaded.
(/usr/share/texmf/tex/latex/base/report.cls
Document Class: report 2001/04/21 v1.4e Standard LaTeX document class
(/usr/share/texmf/tex/latex/base/size11.clo
File: size11.clo 2001/04/21 v1.4e Standard LaTeX file (size option)
)
\c@part=\count79
\c@chapter=\count80
\c@section=\count81
\c@subsection=\count82
\c@subsubsection=\count83
\c@paragraph=\count84
\c@subparagraph=\count85
\c@figure=\count86
\c@table=\count87
\abovecaptionskip=\skip41
\belowcaptionskip=\skip42
\bibindent=\dimen102
)
(/usr/share/texmf/tex/latex/misc/geometry.sty
Package: geometry 2002/07/08 v3.2 Page Geometry

(/usr/share/texmf/tex/latex/graphics/keyval.sty
Package: keyval 1999/03/16 v1.13 key=value parser (DPC)
\KV@toks@=\toks14
)
\Gm@cnth=\count88
\Gm@cntv=\count89
\c@Gm@tempcnt=\count90
\Gm@bindingoffset=\dimen103
\Gm@wd@mp=\dimen104
\Gm@odd@mp=\dimen105
\Gm@even@mp=\dimen106
\Gm@dimlist=\toks15

(/usr/share/texmf/tex/latex/config/geometry.cfg
File: geometry.cfg 2001/06/05 v1.0 teTeX (uncustomised setup)
))
(/usr/share/texmf/tex/latex/base/inputenc.sty
Package: inputenc 2001/07/10 v0.99a Input encoding file 


! LaTeX Error: File `utf8.def' not found.

Type X to quit or <RETURN> to proceed,
or enter new name. (Default extension: def)

Enter file name: 

Package inputenc Warning: No characters defined
(inputenc)                by input encoding change to `utf8'
(inputenc)                 on input line 118.

) (/usr/share/texmf/tex/latex/base/fontenc.sty
Package: fontenc 2001/06/05 v1.94 Standard LaTeX package

(/usr/share/texmf/tex/latex/base/t1enc.def
File: t1enc.def 2001/06/05 v1.94 Standard LaTeX file
LaTeX Font Info:    Redeclaring font encoding T1 on input line 38.
))
(/usr/share/texmf/tex/latex/amsmath/amsmath.sty
Package: amsmath 2000/07/18 v2.13 AMS math features
\@mathmargin=\skip43

For additional information on amsmath, use the `?' option.
(/usr/share/texmf/tex/latex/amsmath/amstext.sty
Package: amstext 2000/06/29 v2.01

(/usr/share/texmf/tex/latex/amsmath/amsgen.sty
File: amsgen.sty 1999/11/30 v2.0
\@emptytoks=\toks16
\ex@=\dimen107
))
(/usr/share/texmf/tex/latex/amsmath/amsbsy.sty
Package: amsbsy 1999/11/29 v1.2d
\pmbraise@=\dimen108
)
(/usr/share/texmf/tex/latex/amsmath/amsopn.sty
Package: amsopn 1999/12/14 v2.01 operator names
)
\inf@bad=\count91
LaTeX Info: Redefining \frac on input line 211.
\uproot@=\count92
\leftroot@=\count93
LaTeX Info: Redefining \overline on input line 307.
\classnum@=\count94
\DOTSCASE@=\count95
LaTeX Info: Redefining \ldots on input line 379.
LaTeX Info: Redefining \dots on input line 382.
LaTeX Info: Redefining \cdots on input line 467.
\Mathstrutbox@=\box26
\strutbox@=\box27
\big@size=\dimen109
LaTeX Font Info:    Redeclaring font encoding OML on input line 567.
LaTeX Font Info:    Redeclaring font encoding OMS on input line 568.
\macc@depth=\count96
\c@MaxMatrixCols=\count97
\dotsspace@=\muskip10
\c@parentequation=\count98
\dspbrk@lvl=\count99
\tag@help=\toks17
\row@=\count100
\column@=\count101
\maxfields@=\count102
\andhelp@=\toks18
\eqnshift@=\dimen110
\alignsep@=\dimen111
\tagshift@=\dimen112
\tagwidth@=\dimen113
\totwidth@=\dimen114
\lineht@=\dimen115
\@envbody=\toks19
\multlinegap=\skip44
\multlinetaggap=\skip45
\mathdisplay@stack=\toks20
LaTeX Info: Redefining \[ on input line 2666.
LaTeX Info: Redefining \] on input line 2667.
)
(/usr/share/texmf/tex/latex/amsmath/amscd.sty
Package: amscd 1999/11/29 v2.0
\athelp@=\toks21
\minaw@=\dimen116
\bigaw@=\dimen117
\minCDarrowwidth=\dimen118
)
(/usr/share/texmf/tex/latex/amsfonts/amssymb.sty
Package: amssymb 2002/01/22 v2.2d

(/usr/share/texmf/tex/latex/amsfonts/amsfonts.sty
Package: amsfonts 2001/10/25 v2.2f
\symAMSa=\mathgroup4
\symAMSb=\mathgroup5
LaTeX Font Info:    Overwriting math alphabet `\mathfrak' in version `bold'
(Font)                  U/euf/m/n --> U/euf/b/n on input line 132.
))
(/usr/share/texmf/tex/latex/base/latexsym.sty
Package: latexsym 1998/08/17 v2.2e Standard LaTeX package (lasy symbols)
\symlasy=\mathgroup6
LaTeX Font Info:    Overwriting symbol font `lasy' in version `bold'
(Font)                  U/lasy/m/n --> U/lasy/b/n on input line 42.
)
(/usr/share/texmf/tex/latex/fancyhdr/fancyhdr.sty
\headwidth=\dimen119
)
(/usr/share/texmf/tex/latex/misc/setspace.sty
Package: setspace 2000/12/01 6.7 Contributed and Supported LaTeX2e package

Package: `setspace' 6.7 <2000/12/01>
) (/usr/share/texmf/tex/latex/natbib/natbib.sty
Package: natbib 2000/07/24 7.0a (PWD)
\bibhang=\skip46
\bibsep=\skip47
LaTeX Info: Redefining \cite on input line 508.
\c@NAT@ctr=\count103
)
(/usr/share/texmf/tex/latex/misc/placeins.sty
Package: placeins 2002/06/27  v 2.0
)
(/usr/share/texmf/tex/latex/caption/caption.sty
Package: caption 1995/04/05 v1.4b caption package (AS)
\captionmargin=\skip48
\as@captionbox=\box28
\as@captionwidth=\skip49
)

! LaTeX Error: File `uiosloforside.sty' not found.

Type X to quit or <RETURN> to proceed,
or enter new name. (Default extension: sty)

Enter file name: 

! LaTeX Error: Unknown option `english' for package `uiosloforside'.

See the LaTeX manual or LaTeX Companion for explanation.
Type  H <return>  for immediate help.
 ...                                              
                                                  
l.12 \usepackage
                {multirow}
? 
(/usr/share/texmf/tex/latex/multirow/multirow.sty
\bigstrutjot=\dimen120
)
(/usr/share/texmf/tex/latex/misc/subfigure.sty
Package: subfigure 2002/07/30 v2.1.4 subfigure package
\subfigtopskip=\skip50
\subfigcapskip=\skip51
\subfigcaptopadj=\dimen121
\subfigbottomskip=\skip52
\subfigcapmargin=\dimen122
\subfiglabelskip=\skip53
\c@subfigure=\count104
\c@lofdepth=\count105
\c@subtable=\count106
\c@lotdepth=\count107
\subfig@top=\skip54
\subfig@bottom=\skip55
)
(/usr/share/texmf/tex/latex/jknappen/mathrsfs.sty
Package: mathrsfs 1996/01/01 Math RSFS package v1.0 (jk)
\symrsfs=\mathgroup7
)
(/usr/share/texmf/tex/latex/graphics/epsfig.sty
Package: epsfig 1999/02/16 v1.7a (e)psfig emulation (SPQR)

(/usr/share/texmf/tex/latex/graphics/graphicx.sty
Package: graphicx 1999/02/16 v1.0f Enhanced LaTeX Graphics (DPC,SPQR)

(/usr/share/texmf/tex/latex/graphics/graphics.sty
Package: graphics 2001/07/07 v1.0n Standard LaTeX Graphics (DPC,SPQR)

(/usr/share/texmf/tex/latex/graphics/trig.sty
Package: trig 1999/03/16 v1.09 sin cos tan (DPC)
)
(/usr/share/texmf/tex/latex/config/graphics.cfg
File: graphics.cfg 2001/08/31 v1.1 graphics configuration of teTeX/TeXLive
)
Package graphics Info: Driver file: dvips.def on input line 80.

(/usr/share/texmf/tex/latex/graphics/dvips.def
File: dvips.def 1999/02/16 v3.0i Driver-dependant file (DPC,SPQR)
))
\Gin@req@height=\dimen123
\Gin@req@width=\dimen124
)
\epsfxsize=\dimen125
\epsfysize=\dimen126
)
(/usr/share/texmf/tex/generic/misc/psfig.sty)
(/usr/share/texmf/tex/latex/pstricks/pst-plot.sty
Package: pst-plot 1997/03/25 package wrapper for PSTricks pst-plot.tex

(/usr/share/texmf/tex/generic/pstricks/pst-plot.tex  v97 patch 2, 1999/12/12
(/usr/share/texmf/tex/generic/pstricks/pstricks.tex
`PSTricks' v97 patch 14  <1999/12/23> (tvz)
\pst@dima=\dimen127
\pst@dimb=\dimen128
\pst@dimc=\dimen129
\pst@dimd=\dimen130
\pst@dimg=\dimen131
\pst@dimh=\dimen132
\pst@hbox=\box29
\pst@boxg=\box30
\pst@cnta=\count108
\pst@cntb=\count109
\pst@cntc=\count110
\pst@cntd=\count111
\pst@cntg=\count112
\pst@cnth=\count113
\pst@toks=\toks22
(/usr/share/texmf/tex/generic/pstricks/pstricks.con)
\psunit=\dimen133
\psxunit=\dimen134
\psyunit=\dimen135
\pslinewidth=\dimen136
\pst@customdefs=\toks23
\pslinearc=\dimen137
\everypsbox=\toks24
\psframesep=\dimen138
\pslabelsep=\dimen139
\theoverlaybox=\box31
)
(/usr/share/texmf/tex/generic/multido/multido.tex  v1.4, 93/01/14 <tvz>
\multido@count=\count114
\multidocount=\count115
\multido@stuff=\toks25
)))
(/usr/share/texmf/tex/latex/tools/bm.sty
Package: bm 1999/07/05 v1.0g Bold Symbol Support (DPC/FMi)
\symboldoperators=\mathgroup8
\symboldletters=\mathgroup9
\symboldsymbols=\mathgroup10
\symboldlasy=\mathgroup11
LaTeX Font Info:    Redeclaring math alphabet \mathbf on input line 137.
LaTeX Info: Redefining \bm on input line 195.
)
(/usr/share/texmf/tex/latex/tools/dcolumn.sty
Package: dcolumn 2001/05/28 v1.06 decimal alignment package (DPC)

(/usr/share/texmf/tex/latex/tools/array.sty
Package: array 1998/05/13 v2.3m Tabular extension package (FMi)
\col@sep=\dimen140
\extrarowheight=\dimen141
\NC@list=\toks26
\extratabsurround=\skip56
\backup@length=\skip57
))
(/usr/share/texmf/tex/latex/graphics/lscape.sty
Package: lscape 2000/10/22 v3.01 Landscape Pages (DPC)
) (./thesis.aux)
\openout1 = `thesis.aux'.

LaTeX Font Info:    Checking defaults for OML/cmm/m/it on input line 66.
LaTeX Font Info:    ... okay on input line 66.
LaTeX Font Info:    Checking defaults for T1/cmr/m/n on input line 66.
LaTeX Font Info:    ... okay on input line 66.
LaTeX Font Info:    Checking defaults for OT1/cmr/m/n on input line 66.
LaTeX Font Info:    ... okay on input line 66.
LaTeX Font Info:    Checking defaults for OMS/cmsy/m/n on input line 66.
LaTeX Font Info:    ... okay on input line 66.
LaTeX Font Info:    Checking defaults for OMX/cmex/m/n on input line 66.
LaTeX Font Info:    ... okay on input line 66.
LaTeX Font Info:    Checking defaults for U/cmr/m/n on input line 66.
LaTeX Font Info:    ... okay on input line 66.
-------------------- Geometry parameters
paper: a4paper
landscape: --
twocolumn: --
twoside: true
asymmetric: --
h-parts: 69.99448pt, 0.7\paperwidth , 104.99176pt (default)
v-parts: 105.27519pt, 645.87756pt, 93.89409pt
hmarginratio: 2:3
vmarginratio: --
lines: --
heightrounded: --
bindingoffset: 14.22636pt
truedimen: --
includehead: --
includefoot: --
includemp: --
driver: 
-------------------- Page layout dimensions and switches
\paperwidth  597.50787pt
\paperheight 845.04684pt
\textwidth  408.29527pt
\textheight 645.87756pt
\oddsidemargin  11.95085pt
\evensidemargin 32.72177pt
\topmargin  -3.9948pt
\headheight 12.0pt
\headsep    25.0pt
\footskip   30.0pt
\marginparwidth 103.0pt
\marginparsep   10.0pt
\columnsep  10.0pt
\skip\footins  10.0pt plus 4.0pt minus 2.0pt
\hoffset 0.0pt
\voffset 0.0pt
\mag 1000
\@twosidetrue \@mparswitchtrue 
(1in=72.27pt, 1cm=28.45pt)
-----------------------

! Undefined control sequence.
l.70 \uiosloforside
                   [logo=uiologo-45mm,subtitle={Shell structures around A = ...

? 
[1

] (./thesis.toc
LaTeX Font Info:    Try loading font information for U+msa on input line 3.
 (/usr/share/texmf/tex/latex/amsfonts/umsa.fd
File: umsa.fd 2002/01/19 v2.2g AMS font definitions
)
LaTeX Font Info:    Try loading font information for U+msb on input line 3.

(/usr/share/texmf/tex/latex/amsfonts/umsb.fd
File: umsb.fd 2002/01/19 v2.2g AMS font definitions
)
LaTeX Font Info:    Try loading font information for U+lasy on input line 3.

(/usr/share/texmf/tex/latex/base/ulasy.fd
File: ulasy.fd 1998/08/17 v2.2e LaTeX symbol font definitions
)
LaTeX Font Info:    Try loading font information for U+rsfs on input line 3.

(/usr/share/texmf/tex/latex/jknappen/ursfs.fd
File: ursfs.fd 1998/03/24 rsfs font definition file (jk)
)
LaTeX Font Info:    Font shape `U/lasy/b/n' in size <8> not available
(Font)              Font shape `U/lasy/m/n' tried instead on input line 3.
LaTeX Font Info:    Font shape `U/lasy/b/n' in size <6> not available
(Font)              Font shape `U/lasy/m/n' tried instead on input line 3.
 [2

])
\tf@toc=\write3
\openout3 = `thesis.toc'.

 [3] [4

] (./chapter1.tex
Chapter 1.
[1

] [2]
File: C14_0p3-0d3.eps Graphic file (type eps)
 <C14_0p3-0d3.eps>
LaTeX Font Info:    Font shape `U/lasy/b/n' in size <7> not available
(Font)              Font shape `U/lasy/m/n' tried instead on input line 179.
LaTeX Font Info:    Font shape `U/lasy/b/n' in size <5> not available
(Font)              Font shape `U/lasy/m/n' tried instead on input line 179.
File: C15_0p3-0d3.eps Graphic file (type eps)
 <C15_0p3-0d3.eps>
File: B15_0p3-0d3.eps Graphic file (type eps)
 <B15_0p3-0d3.eps>
File: C16_0p3-0d3.eps Graphic file (type eps)

<C16_0p3-0d3.eps>) [3] [4] [5] [6] [7] [8

] (./chapter2.tex
Chapter 2.
[9

]
LaTeX Font Info:    Try loading font information for OMS+cmr on input line 105.

 (/usr/share/texmf/tex/latex/base/omscmr.fd
File: omscmr.fd 1999/05/25 v2.5h Standard LaTeX font definitions
)
LaTeX Font Info:    Font shape `OMS/cmr/m/n' in size <10.95> not available
(Font)              Font shape `OMS/cmsy/m/n' tried instead on input line 105.
 [10]
File: goldstone.eps Graphic file (type eps)
 <goldstone.eps>
File: goldstone.eps Graphic file (type eps)

<goldstone.eps>
Underfull \vbox (badness 3229) has occurred while \output is active []

 [11]
File: nn-potential.eps Graphic file (type eps)

<nn-potential.eps>
File: nn-potential.eps Graphic file (type eps)
 <nn-potential.eps> [12] [13] [14] [15] [16] [17] [18]
LaTeX Font Info:    Font shape `U/lasy/b/n' in size <9> not available
(Font)              Font shape `U/lasy/m/n' tried instead on input line 562.
File: qbox1.eps Graphic file (type eps)

<qbox1.eps> [19]
File: qbox2.eps Graphic file (type eps)
 <qbox2.eps> [20]) [21] [22

] (./chapter3.tex
Chapter 3.
[23

]
Underfull \vbox (badness 10000) has occurred while \output is active []

 [24]
[25] [26] [27]) [28] (./chapter4.tex
Chapter 4.
(./14C_own_0d3.tex
Overfull \hbox (180.6762pt too wide) in paragraph at lines 45--46
 [] 
 []

) (./16C_brown.tex
Overfull \hbox (180.6762pt too wide) in paragraph at lines 57--58
 [] 
 []

) [29


] [30] [31]

LaTeX Warning: Reference `C16_0f7_n' on page 32 undefined on input line 85.

[32] [33]
Underfull \vbox (badness 1946) has occurred while \output is active []

 [34]
(./14C.tex
Overfull \hbox (180.6762pt too wide) in paragraph at lines 43--44
 [] 
 []

) (./orb_occ_14C_brown_0d3.tex [35] [36] [37]) (./orb_occ_14C_brown_0f7.tex
[38

]) (./orb_occ_14C_tab.tex [39])

LaTeX Warning: Reference `C15_0f7-p' on page 40 undefined on input line 358.

[40


] (./15C.tex
Overfull \hbox (180.6762pt too wide) in paragraph at lines 40--41
 [] 
 []

) (./orb_occ_15C_brown_0f7.tex [41] [42] [43]) (./orb_occ_15C_tab.tex [44])

LaTeX Warning: Reference `B15_0d3-p' on page 45 undefined on input line 465.

(./15B.tex
Overfull \hbox (180.6762pt too wide) in paragraph at lines 33--34
 [] 
 []


LaTeX Warning: Float too large for page by 17.8951pt on input line 37.

[45


]) (./orb_occ_15B_brown_0d3.tex [46] [47] [48]) (./orb_occ_15B_brown_0f7.tex [4
9

]) (./orb_occ_15B_tab.tex [50])

LaTeX Warning: Reference `C16_0d3-p' on page 51 undefined on input line 532.


LaTeX Warning: Reference `C16_0f7_n' on page 51 undefined on input line 532.

[51


] (./16C.tex
Overfull \hbox (180.6762pt too wide) in paragraph at lines 35--36
 [] 
 []

) (./orb_occ_16C_brown_0d3.tex [52] [53] [54]) (./orb_occ_16C_brown_0f7.tex
[55

]) (./orb_occ_16C_tab.tex [56])
File: C14E2.eps Graphic file (type eps)
 <C14E2.eps>
File: C16E2.eps Graphic file (type eps)
 <C16E2.eps> [57


] [58]) [59]
[60

] (./chapter5.tex
Chapter 5.
[61

]) [62] (./thesis.bbl [63


]
LaTeX Font Info:    Try loading font information for T1+cmtt on input line 96.
 (/usr/share/texmf/tex/latex/base/t1cmtt.fd
File: t1cmtt.fd 1999/05/25 v2.5h Standard LaTeX font definitions
))
[64] (./thesis.aux)

LaTeX Warning: There were undefined references.

 ) 
Here is how much of TeX's memory you used:
 4164 strings out of 95847
 49098 string characters out of 1195948
 130579 words of memory out of 1000001
 6880 multiletter control sequences out of 10000+50000
 39184 words of font info for 125 fonts, out of 500000 for 1000
 14 hyphenation exceptions out of 1000
 32i,14n,43p,634b,411s stack positions out of 1500i,500n,5000p,200000b,5000s

Output written on thesis.dvi (68 pages, 260244 bytes).
