This is TeX, Version 3.14159 (Web2C 7.2) (format=latex 1999.10.13)  16 JAN 2004 12:09
**hovedfag.tex
(hovedfag.tex
LaTeX2e <1998/06/01>
Babel <v3.6h> and hyphenation patterns for english, ukenglish, norsk, german, l
oaded.
(/local/TEX/lib/inputs/latex2e/base/report.cls
Document Class: report 1998/05/05 v1.3y Standard LaTeX document class
(/local/TEX/lib/inputs/latex2e/base/size12.clo
File: size12.clo 1998/05/05 v1.3y Standard LaTeX file (size option)
)
\c@part=\count79
\c@chapter=\count80
\c@section=\count81
\c@subsection=\count82
\c@subsubsection=\count83
\c@paragraph=\count84
\c@subparagraph=\count85
\c@figure=\count86
\c@table=\count87
\abovecaptionskip=\skip41
\belowcaptionskip=\skip42
\bibindent=\dimen102
)
(/local/TEX/lib/inputs/latex2e/misc/a4wide.sty
Package: a4wide 1994/08/30

(/local/TEX/lib/inputs/latex2e/misc/a4.sty
Package: a4 1995/09/25 v1.2e A4 based page layout
))
(/local/TEX/lib/inputs/latex2e/graphics/epsfig.sty
Package: epsfig 1996/10/04 v1.7 (e)psfig emulation (SPQR)

(/local/TEX/lib/inputs/latex2e/graphics/graphicx.sty
Package: graphicx 1997/06/09 v1.0d Enhanced LaTeX Graphics (DPC,SPQR)

(/local/TEX/lib/inputs/latex2e/graphics/keyval.sty
Package: keyval 1998/06/05 v1.11 key=value parser (DPC)
\KV@toks@=\toks14
)
(/local/TEX/lib/inputs/latex2e/graphics/graphics.sty
Package: graphics 1998/05/27 v1.0h Standard LaTeX Graphics (DPC,SPQR)

(/local/TEX/lib/inputs/latex2e/graphics/trig.sty
Package: trig 1994/10/16 v1.08 sin cos tan (DPC)
)
(/local/TEX/lib/inputs/uio/graphics.cfg)
Package graphics Info: Driver file: dvips.def on input line 85.

(/local/TEX/lib/inputs/latex2e/graphics/dvips.def
File: dvips.def 1998/05/03 v3.0f Driver-dependant file (DPC,SPQR)
))
\Gin@req@height=\dimen103
\Gin@req@width=\dimen104
)
\epsfxsize=\dimen105
\epsfysize=\dimen106
)
(/local/TEX/lib/inputs/latex2e/amslatex/amsmath.sty
Package: amsmath 2000/07/18 v2.13 AMS math features
\@mathmargin=\skip43

For additional information on amsmath, use the `?' option.
(/local/TEX/lib/inputs/latex2e/amslatex/amstext.sty
Package: amstext 2000/06/29 v2.01

(/local/TEX/lib/inputs/latex2e/amslatex/amsgen.sty
File: amsgen.sty 1999/11/30 v2.0
\@emptytoks=\toks15
\ex@=\dimen107
))
(/local/TEX/lib/inputs/latex2e/amslatex/amsbsy.sty
Package: amsbsy 1999/11/29 v1.2d
\pmbraise@=\dimen108
)
(/local/TEX/lib/inputs/latex2e/amslatex/amsopn.sty
Package: amsopn 1999/12/14 v2.01 operator names
)
\inf@bad=\count88
LaTeX Info: Redefining \frac on input line 211.
\uproot@=\count89
\leftroot@=\count90
LaTeX Info: Redefining \overline on input line 307.
\classnum@=\count91
\DOTSCASE@=\count92
LaTeX Info: Redefining \ldots on input line 379.
LaTeX Info: Redefining \dots on input line 382.
LaTeX Info: Redefining \cdots on input line 467.
\Mathstrutbox@=\box26
\strutbox@=\box27
\big@size=\dimen109
LaTeX Font Info:    Redeclaring font encoding OML on input line 567.
LaTeX Font Info:    Redeclaring font encoding OMS on input line 568.
\macc@depth=\count93
\c@MaxMatrixCols=\count94
\dotsspace@=\muskip10
\c@parentequation=\count95
\dspbrk@lvl=\count96
\tag@help=\toks16
\row@=\count97
\column@=\count98
\maxfields@=\count99
\andhelp@=\toks17
\eqnshift@=\dimen110
\alignsep@=\dimen111
\tagshift@=\dimen112
\tagwidth@=\dimen113
\totwidth@=\dimen114
\lineht@=\dimen115
\@envbody=\toks18
\multlinegap=\skip44
\multlinetaggap=\skip45
\mathdisplay@stack=\toks19
LaTeX Info: Redefining \[ on input line 2666.
LaTeX Info: Redefining \] on input line 2667.
)
(/local/TEX/lib/inputs/latex2e/amsfonts/amssymb.sty
Package: amssymb 1995/02/01 v2.2a

(/local/TEX/lib/inputs/latex2e/amsfonts/amsfonts.sty
Package: amsfonts 1995/02/01 v2.2b
\symAMSa=\mathgroup4
\symAMSb=\mathgroup5
LaTeX Font Info:    Overwriting math alphabet `\mathfrak' in version `bold'
(Font)                  U/euf/m/n --> U/euf/b/n on input line 128.
))
(/local/TEX/lib/inputs/latex2e/base/latexsym.sty
Package: latexsym 1996/11/20 v2.2d Standard LaTeX package (lasy symbols)
\symlasy=\mathgroup6
LaTeX Font Info:    Overwriting symbol font `lasy' in version `bold'
(Font)                  U/lasy/m/n --> U/lasy/b/n on input line 85.
)
(/local/TEX/lib/inputs/latex209/epic/epic.sty
Enhancements to Picture Environment. Version 1.2 - Released June 1, 1986
\@@multicnt=\count100
\d@lta=\count101
\@delta=\dimen116
\@@delta=\dimen117
\@gridcnt=\count102
\@joinkind=\count103
\@dotgap=\dimen118
\@ddotgap=\dimen119
\@x@diff=\count104
\@y@diff=\count105
\x@diff=\dimen120
\y@diff=\dimen121
\@dotbox=\box28
\num@segments=\count106
\num@segmentsi=\count107
\@datafile=\read1
) (/local/TEX/lib/inputs/latex209/eepic/eepic.sty
Extension to Epic and LaTeX. Version 1.1b - Released Febrary 7, 1988
\@gphlinewidth=\count108
\@eepictcnt=\count109
\@tempdimc=\dimen122
\maxovaldiam=\dimen123
\@filltype=\box29
) (/local/TEX/lib/inputs/latex2e/misc/caption.sty
Package: caption 1995/04/05 v1.4b caption package (HS)

Package: caption v1.4b <1995/04/05> (Harald Sommerfeldt)
\captionmargin=\skip46
\as@captionbox=\box30
\as@captionwidth=\skip47
)

! LaTeX Error: File `footmisc.sty' not found.

Type X to quit or <RETURN> to proceed,
or enter new name. (Default extension: sty)

Enter file name: 

! LaTeX Error: Unknown option `marginal' for package `footmisc'.

See the LaTeX manual or LaTeX Companion for explanation.
Type  H <return>  for immediate help.
 ...                                              
                                                  
l.16 \usepackage
                {pifont}
? s
OK, entering \scrollmode...
(/local/TEX/lib/inputs/latex2e/psnfss/misc/pifont.sty
Package: pifont 1995/08/16 5.2 Pi font PSNFSS2e package
LaTeX Font Info:    Try loading font information for U+pzd on input line 60.

(/local/TEX/lib/inputs/latex2e/psnfss/misc/Upzd.fd)
LaTeX Font Info:    Try loading font information for U+psy on input line 61.

(/local/TEX/lib/inputs/latex2e/psnfss/uio/upsy.fd
File: upsy.fd 1998/07/06 font definitions for U/psy.
))
No file hovedfag.aux.
\openout1 = `hovedfag.aux'.

LaTeX Font Info:    Checking defaults for OML/cmm/m/it on input line 24.
LaTeX Font Info:    ... okay on input line 24.
LaTeX Font Info:    Checking defaults for T1/cmr/m/n on input line 24.
LaTeX Font Info:    ... okay on input line 24.
LaTeX Font Info:    Checking defaults for OT1/cmr/m/n on input line 24.
LaTeX Font Info:    ... okay on input line 24.
LaTeX Font Info:    Checking defaults for OMS/cmsy/m/n on input line 24.
LaTeX Font Info:    ... okay on input line 24.
LaTeX Font Info:    Checking defaults for OMX/cmex/m/n on input line 24.
LaTeX Font Info:    ... okay on input line 24.
LaTeX Font Info:    Checking defaults for U/cmr/m/n on input line 24.
LaTeX Font Info:    ... okay on input line 24.
[1

] [2


]
\openout2 = `Preface/preface.aux'.

 (Preface/preface.tex) [1


]
No file hovedfag.toc.
\tf@toc=\write3
\openout3 = `hovedfag.toc'.

[2



]
\openout2 = `Introduction/introduction.aux'.

 (Introduction/introduction.tex
Chapter 1.
LaTeX Font Info:    Try loading font information for U+msa on input line 24.
(/local/TEX/lib/inputs/latex2e/amsfonts/Umsa.fd
File: Umsa.fd 1995/01/05 v2.2e AMS font definitions
)
LaTeX Font Info:    Try loading font information for U+msb on input line 24.

(/local/TEX/lib/inputs/latex2e/amsfonts/Umsb.fd
File: Umsb.fd 1995/01/05 v2.2e AMS font definitions
)
LaTeX Font Info:    Try loading font information for U+lasy on input line 24.

(/local/TEX/lib/inputs/latex2e/base/ulasy.fd
File: ulasy.fd 1996/11/20 v2.2dLaTeX symbol font definitions
) [1



]

LaTeX Warning: Reference `oil_droplet' on page 2 undefined on input line 67.

File: Introduction/oil_droplet.eps Graphic file (type eps)
<Introduction/oil_droplet.eps> [2]) [3]
\openout2 = `Basic_QM/basic_qm.aux'.

 (Basic_QM/basic_qm.tex
Chapter 2.

LaTeX Warning: Citation `rohlf1994' on page 4 undefined on input line 10.


LaTeX Warning: Citation `shankar1994' on page 4 undefined on input line 10.


LaTeX Warning: Citation `hemmer1980' on page 4 undefined on input line 10.


LaTeX Warning: Reference `singleSlit' on page 4 undefined on input line 19.

File: Basic_QM/singleSlit.eps Graphic file (type eps)
<Basic_QM/singleSlit.eps>

LaTeX Warning: Reference `doubleSlit' on page 4 undefined on input line 32.

File: Basic_QM/doubleSlit.eps Graphic file (type eps)
<Basic_QM/doubleSlit.eps> [4




]
Underfull \hbox (badness 10000) in paragraph at lines 48--56

 []


Underfull \hbox (badness 10000) in paragraph at lines 48--56

 []


LaTeX Warning: Reference `photoElectricEffect' on page 5 undefined on input lin
e 59.

File: Basic_QM/photoElectricEffect.eps Graphic file (type eps)
<Basic_QM/photoElectricEffect.eps>
Underfull \hbox (badness 10000) in paragraph at lines 85--94

 []


Underfull \hbox (badness 10000) in paragraph at lines 85--94

 []

[5] [6]
Underfull \hbox (badness 10000) in paragraph at lines 145--150

 []


Underfull \hbox (badness 10000) in paragraph at lines 145--150

 []


LaTeX Warning: Reference `doubleSlit' on page 7 undefined on input line 152.

[7] [8] [9]
Underfull \hbox (badness 10000) in paragraph at lines 379--384

 []


Underfull \hbox (badness 10000) in paragraph at lines 388--395

 []


Underfull \hbox (badness 10000) in paragraph at lines 396--402

 []


Underfull \hbox (badness 10000) in paragraph at lines 406--409

 []

[10]
Underfull \hbox (badness 10000) in paragraph at lines 445--453

 []


Underfull \hbox (badness 10000) in paragraph at lines 454--456

 []


Underfull \hbox (badness 10000) in paragraph at lines 461--463

 []

) [11]
\openout2 = `Atom_Physics/atom_physics.aux'.

 (Atom_Physics/atom_physics.tex
Chapter 3.

LaTeX Warning: Citation `bransden1983' on page 12 undefined on input line 38.


LaTeX Warning: Reference `centerOfMassKineticEnergyOperator' on page 12 undefin
ed on input line 51.

[12




]

LaTeX Warning: Reference `centerOfMassKineticEnergyOperator' on page 13 undefin
ed on input line 68.


LaTeX Warning: Reference `atomicUnits' on page 13 undefined on input line 90.


LaTeX Warning: Reference `TheAtomicProblem' on page 13 undefined on input line 
112.

[13]) [14]
\openout2 = `Monte_Carlo/monte_carlo.aux'.

 (Monte_Carlo/monte_carlo.tex
Chapter 4.
) [15




]
\openout2 = `Implementation/implementation.aux'.

 (Implementation/implementation.tex
Chapter 5.

Underfull \hbox (badness 10000) in paragraph at lines 29--39

 []


Underfull \hbox (badness 10000) in paragraph at lines 40--43

 []


LaTeX Warning: Reference `program_stucture' on page 16 undefined on input line 
50.

[16




]
File: Implementation/program.eps Graphic file (type eps)
 <Implementation/program.eps>
Underfull \hbox (badness 10000) in paragraph at lines 61--67

 []


LaTeX Warning: Reference `input_stucture' on page 17 undefined on input line 82
.

File: Implementation/input.eps Graphic file (type eps)
<Implementation/input.eps> [17]

LaTeX Warning: Reference `loop_parameters_config' on page 18 undefined on input
 line 106.

File: Implementation/loop_parameters_config.eps Graphic file (type eps)
<Implementation/loop_parameters_config.eps>
Underfull \hbox (badness 10000) in paragraph at lines 117--122

 []

[18]
Underfull \hbox (badness 10000) in paragraph at lines 123--129

 []


LaTeX Warning: Reference `initial_setup' on page 19 undefined on input line 143
.

File: Implementation/initial_setup.eps Graphic file (type eps)
<Implementation/initial_setup.eps>

LaTeX Warning: Reference `metropolis' on page 19 undefined on input line 160.

[19]

LaTeX Warning: Reference `vmc' on page 20 undefined on input line 171.

(Implementation/vmc.eepicemu)

LaTeX Warning: Reference `vmc' on page 20 undefined on input line 187.


LaTeX Warning: Reference `vmc' on page 20 undefined on input line 193.


LaTeX Warning: Reference `vmc' on page 20 undefined on input line 194.


LaTeX Warning: Reference `propose_move' on page 20 undefined on input line 198.


File: Implementation/propose_move.eps Graphic file (type eps)
<Implementation/propose_move.eps> [20] [21]
File: Implementation/vector_variation.eps Graphic file (type eps)

<Implementation/vector_variation.eps>

LaTeX Warning: Reference `vector_variation' on page 22 undefined on input line 
355.

[22]

LaTeX Warning: Reference `Distance' on page 23 undefined on input line 369.

[23] (Implementation/acceptMove.tex)

LaTeX Warning: Reference `Jastrow' on page 24 undefined on input line 480.

[24] [25]

LaTeX Warning: Reference `r_ij_array' on page 26 undefined on input line 564.


LaTeX Warning: Reference `Derivatives' on page 26 undefined on input line 583.


Overfull \hbox (22.8907pt too wide) in paragraph at lines 589--607
 [][] 
 []

[26] [27]
Underfull \hbox (badness 10000) in paragraph at lines 737--740

 []


LaTeX Warning: Reference `Correlation' on page 28 undefined on input line 749.


Overfull \hbox (48.18307pt too wide) in paragraph at lines 754--778
 [][] 
 []


LaTeX Warning: Reference `Correlation' on page 28 undefined on input line 796.

[28]

LaTeX Warning: Reference `CoorExt' on page 29 undefined on input line 813.


LaTeX Warning: Reference `FuncSetMultivar' on page 29 undefined on input line 8
59.

[29]
Overfull \hbox (19.81708pt too wide) in paragraph at lines 868--884
 [][] 
 []


LaTeX Warning: Reference `Functor' on page 30 undefined on input line 904.

(Implementation/Functor_creation.tex) [30] [31]
(Implementation/Function_definition.tex)
(Implementation/Function_attachment.tex)
(Implementation/Function_calculation.tex)

LaTeX Warning: Reference `Random' on page 32 undefined on input line 977.

) [32]
\openout2 = `Results/results.aux'.

 (Results/results.tex
Chapter 6.
) [33




]
\openout2 = `Conclusion/conclusion.aux'.

 (Conclusion/conclusion.tex
Chapter 7.
) [34




]
\openout2 = `Appendix/appendix.aux'.

 (Appendix/appendix.tex
Appendix A.
) [35




]

LaTeX Warning: Citation `ram_mohan2002' on page 36 undefined on input line 92.

No file hovedfag.bbl.
[36


] (hovedfag.aux (Preface/preface.aux) (Introduction/introduction.aux)
(Basic_QM/basic_qm.aux) (Atom_Physics/atom_physics.aux)
(Monte_Carlo/monte_carlo.aux) (Implementation/implementation.aux)
(Results/results.aux) (Conclusion/conclusion.aux) (Appendix/appendix.aux))

LaTeX Warning: There were undefined references.


LaTeX Warning: Label(s) may have changed. Rerun to get cross-references right.

 ) 
Here is how much of TeX's memory you used:
 1850 strings out of 10928
 21050 string characters out of 448243
 76771 words of memory out of 263001
 4674 multiletter control sequences out of 10000+0
 17867 words of font info for 69 fonts, out of 200000 for 1000
 14 hyphenation exceptions out of 1000
 32i,18n,24p,323b,422s stack positions out of 300i,100n,500p,30000b,4000s

Output written on hovedfag.dvi (40 pages, 99468 bytes).
