\BOOKMARK [0][-]{chapter.1}{Introduction}{}
\BOOKMARK [0][-]{chapter.2}{Some historical aspects regarding quantum mechanics}{}
\BOOKMARK [0][-]{chapter.3}{Second Quantization}{}
\BOOKMARK [1][-]{section.3.1}{Creation and annihilation operators}{chapter.3}
\BOOKMARK [1][-]{section.3.2}{Wick's Theorem}{chapter.3}
\BOOKMARK [1][-]{section.3.3}{The Particle-Hole Formalism}{chapter.3}
\BOOKMARK [0][-]{chapter.4}{Perturbation Theory}{}
\BOOKMARK [1][-]{section.4.1}{Time dependent perturbation theory}{chapter.4}
\BOOKMARK [1][-]{section.4.2}{Feynman-Goldstone diagrams}{chapter.4}
\BOOKMARK [0][-]{chapter.5}{Nuclear matter}{}
\BOOKMARK [1][-]{section.5.1}{Nuclear structure}{chapter.5}
\BOOKMARK [1][-]{section.5.2}{A review of nuclear forces}{chapter.5}
\BOOKMARK [1][-]{section.5.3}{The shell model}{chapter.5}
\BOOKMARK [1][-]{section.5.4}{Energy per particle}{chapter.5}
\BOOKMARK [0][-]{chapter.6}{The nucleon-nucleon potential}{}
\BOOKMARK [1][-]{section.6.1}{Chiral Perturbation Theory}{chapter.6}
\BOOKMARK [2][-]{subsection.6.1.1}{The chiral effective Lagrangian}{section.6.1}
\BOOKMARK [1][-]{section.6.2}{Derivation of nuclear interactions}{chapter.6}
\BOOKMARK [1][-]{section.6.3}{Vlow-k}{chapter.6}
\BOOKMARK [0][-]{chapter.7}{Coupled Cluster Theory}{}
\BOOKMARK [1][-]{section.7.1}{The CCSD energy equation}{chapter.7}
\BOOKMARK [1][-]{section.7.2}{The CCSD amplitude equations}{chapter.7}
\BOOKMARK [1][-]{section.7.3}{Coupled cluster diagrams}{chapter.7}
\BOOKMARK [1][-]{section.7.4}{Computation of the equations}{chapter.7}
\BOOKMARK [1][-]{section.7.5}{Further analysis of the coupled cluster method}{chapter.7}
\BOOKMARK [0][-]{chapter.8}{The two-body matrix elements}{}
\BOOKMARK [1][-]{section.8.1}{Calculation of matrix elements}{chapter.8}
\BOOKMARK [1][-]{section.8.2}{Calculating the interactions}{chapter.8}
\BOOKMARK [1][-]{section.8.3}{Interactions again}{chapter.8}
\BOOKMARK [0][-]{chapter.9}{Calculations and results}{}
\BOOKMARK [1][-]{section.9.1}{The programs}{chapter.9}
\BOOKMARK [1][-]{section.9.2}{Results and conclusion}{chapter.9}
\BOOKMARK [2][-]{subsection.9.2.1}{Conclusion}{section.9.2}
\BOOKMARK [0][-]{appendix.A}{Diagram rules}{}
\BOOKMARK [0][-]{appendix.B}{Plane waves and spherical waves}{}
\BOOKMARK [0][-]{appendix.C}{Brueckner G-matrix}{}
\BOOKMARK [0][-]{appendix.D}{Special functions}{}
\BOOKMARK [1][-]{section.D.1}{Legendre polynomials}{appendix.D}
\BOOKMARK [1][-]{section.D.2}{Spherical Bessel functions}{appendix.D}
