This is pdfTeXk, Version 3.141592-1.40.3 (Web2C 7.5.6) (format=pdflatex 2009.6.10)  21 JUN 2009 02:03
entering extended mode
 %&-line parsing enabled.
**infinitematter
(./infinitematter.tex
LaTeX2e <2005/12/01>
Babel <v3.8h> and hyphenation patterns for english, usenglishmax, dumylang, noh
yphenation, loaded.
(/usr/share/texmf-texlive/tex/latex/base/book.cls
Document Class: book 2005/09/16 v1.4f Standard LaTeX document class
(/usr/share/texmf-texlive/tex/latex/base/bk12.clo
File: bk12.clo 2005/09/16 v1.4f Standard LaTeX file (size option)
)
\c@part=\count79
\c@chapter=\count80
\c@section=\count81
\c@subsection=\count82
\c@subsubsection=\count83
\c@paragraph=\count84
\c@subparagraph=\count85
\c@figure=\count86
\c@table=\count87
\abovecaptionskip=\skip41
\belowcaptionskip=\skip42
\bibindent=\dimen102
)
(/usr/share/texmf-texlive/tex/latex/base/inputenc.sty
Package: inputenc 2006/05/05 v1.1b Input encoding file
\inpenc@prehook=\toks14
\inpenc@posthook=\toks15

(/usr/share/texmf-texlive/tex/latex/base/utf8.def
File: utf8.def 2006/03/30 v1.1i UTF-8 support for inputenc
Now handling font encoding OML ...
... no UTF-8 mapping file for font encoding OML
Now handling font encoding T1 ...
... processing UTF-8 mapping file for font encodingT1

(/usr/share/texmf-texlive/tex/latex/base/t1enc.dfu
File: t1enc.dfu 2006/03/30 v1.1i UTF-8 support for inputenc
   defining Unicode char U+00A1 (decimal 161)
   defining Unicode char U+00A3 (decimal 163)
   defining Unicode char U+00AB (decimal 171)
   defining Unicode char U+00BB (decimal 187)
   defining Unicode char U+00BF (decimal 191)
   defining Unicode char U+00C0 (decimal 192)
   defining Unicode char U+00C1 (decimal 193)
   defining Unicode char U+00C2 (decimal 194)
   defining Unicode char U+00C3 (decimal 195)
   defining Unicode char U+00C4 (decimal 196)
   defining Unicode char U+00C5 (decimal 197)
   defining Unicode char U+00C6 (decimal 198)
   defining Unicode char U+00C7 (decimal 199)
   defining Unicode char U+00C8 (decimal 200)
   defining Unicode char U+00C9 (decimal 201)
   defining Unicode char U+00CA (decimal 202)
   defining Unicode char U+00CB (decimal 203)
   defining Unicode char U+00CC (decimal 204)
   defining Unicode char U+00CD (decimal 205)
   defining Unicode char U+00CE (decimal 206)
   defining Unicode char U+00CF (decimal 207)
   defining Unicode char U+00D0 (decimal 208)
   defining Unicode char U+00D1 (decimal 209)
   defining Unicode char U+00D2 (decimal 210)
   defining Unicode char U+00D3 (decimal 211)
   defining Unicode char U+00D4 (decimal 212)
   defining Unicode char U+00D5 (decimal 213)
   defining Unicode char U+00D6 (decimal 214)
   defining Unicode char U+00D8 (decimal 216)
   defining Unicode char U+00D9 (decimal 217)
   defining Unicode char U+00DA (decimal 218)
   defining Unicode char U+00DB (decimal 219)
   defining Unicode char U+00DC (decimal 220)
   defining Unicode char U+00DD (decimal 221)
   defining Unicode char U+00DE (decimal 222)
   defining Unicode char U+00DF (decimal 223)
   defining Unicode char U+00E0 (decimal 224)
   defining Unicode char U+00E1 (decimal 225)
   defining Unicode char U+00E2 (decimal 226)
   defining Unicode char U+00E3 (decimal 227)
   defining Unicode char U+00E4 (decimal 228)
   defining Unicode char U+00E5 (decimal 229)
   defining Unicode char U+00E6 (decimal 230)
   defining Unicode char U+00E7 (decimal 231)
   defining Unicode char U+00E8 (decimal 232)
   defining Unicode char U+00E9 (decimal 233)
   defining Unicode char U+00EA (decimal 234)
   defining Unicode char U+00EB (decimal 235)
   defining Unicode char U+00EC (decimal 236)
   defining Unicode char U+00ED (decimal 237)
   defining Unicode char U+00EE (decimal 238)
   defining Unicode char U+00EF (decimal 239)
   defining Unicode char U+00F0 (decimal 240)
   defining Unicode char U+00F1 (decimal 241)
   defining Unicode char U+00F2 (decimal 242)
   defining Unicode char U+00F3 (decimal 243)
   defining Unicode char U+00F4 (decimal 244)
   defining Unicode char U+00F5 (decimal 245)
   defining Unicode char U+00F6 (decimal 246)
   defining Unicode char U+00F8 (decimal 248)
   defining Unicode char U+00F9 (decimal 249)
   defining Unicode char U+00FA (decimal 250)
   defining Unicode char U+00FB (decimal 251)
   defining Unicode char U+00FC (decimal 252)
   defining Unicode char U+00FD (decimal 253)
   defining Unicode char U+00FE (decimal 254)
   defining Unicode char U+00FF (decimal 255)
   defining Unicode char U+0102 (decimal 258)
   defining Unicode char U+0103 (decimal 259)
   defining Unicode char U+0104 (decimal 260)
   defining Unicode char U+0105 (decimal 261)
   defining Unicode char U+0106 (decimal 262)
   defining Unicode char U+0107 (decimal 263)
   defining Unicode char U+010C (decimal 268)
   defining Unicode char U+010D (decimal 269)
   defining Unicode char U+010E (decimal 270)
   defining Unicode char U+010F (decimal 271)
   defining Unicode char U+0110 (decimal 272)
   defining Unicode char U+0111 (decimal 273)
   defining Unicode char U+0118 (decimal 280)
   defining Unicode char U+0119 (decimal 281)
   defining Unicode char U+011A (decimal 282)
   defining Unicode char U+011B (decimal 283)
   defining Unicode char U+011E (decimal 286)
   defining Unicode char U+011F (decimal 287)
   defining Unicode char U+0130 (decimal 304)
   defining Unicode char U+0131 (decimal 305)
   defining Unicode char U+0132 (decimal 306)
   defining Unicode char U+0133 (decimal 307)
   defining Unicode char U+0139 (decimal 313)
   defining Unicode char U+013A (decimal 314)
   defining Unicode char U+013D (decimal 317)
   defining Unicode char U+013E (decimal 318)
   defining Unicode char U+0141 (decimal 321)
   defining Unicode char U+0142 (decimal 322)
   defining Unicode char U+0143 (decimal 323)
   defining Unicode char U+0144 (decimal 324)
   defining Unicode char U+0147 (decimal 327)
   defining Unicode char U+0148 (decimal 328)
   defining Unicode char U+014A (decimal 330)
   defining Unicode char U+014B (decimal 331)
   defining Unicode char U+0150 (decimal 336)
   defining Unicode char U+0151 (decimal 337)
   defining Unicode char U+0152 (decimal 338)
   defining Unicode char U+0153 (decimal 339)
   defining Unicode char U+0154 (decimal 340)
   defining Unicode char U+0155 (decimal 341)
   defining Unicode char U+0158 (decimal 344)
   defining Unicode char U+0159 (decimal 345)
   defining Unicode char U+015A (decimal 346)
   defining Unicode char U+015B (decimal 347)
   defining Unicode char U+015E (decimal 350)
   defining Unicode char U+015F (decimal 351)
   defining Unicode char U+0160 (decimal 352)
   defining Unicode char U+0161 (decimal 353)
   defining Unicode char U+0162 (decimal 354)
   defining Unicode char U+0163 (decimal 355)
   defining Unicode char U+0164 (decimal 356)
   defining Unicode char U+0165 (decimal 357)
   defining Unicode char U+016E (decimal 366)
   defining Unicode char U+016F (decimal 367)
   defining Unicode char U+0170 (decimal 368)
   defining Unicode char U+0171 (decimal 369)
   defining Unicode char U+0178 (decimal 376)
   defining Unicode char U+0179 (decimal 377)
   defining Unicode char U+017A (decimal 378)
   defining Unicode char U+017B (decimal 379)
   defining Unicode char U+017C (decimal 380)
   defining Unicode char U+017D (decimal 381)
   defining Unicode char U+017E (decimal 382)
   defining Unicode char U+200C (decimal 8204)
   defining Unicode char U+2013 (decimal 8211)
   defining Unicode char U+2014 (decimal 8212)
   defining Unicode char U+2018 (decimal 8216)
   defining Unicode char U+2019 (decimal 8217)
   defining Unicode char U+201A (decimal 8218)
   defining Unicode char U+201C (decimal 8220)
   defining Unicode char U+201D (decimal 8221)
   defining Unicode char U+201E (decimal 8222)
   defining Unicode char U+2030 (decimal 8240)
   defining Unicode char U+2031 (decimal 8241)
   defining Unicode char U+2039 (decimal 8249)
   defining Unicode char U+203A (decimal 8250)
   defining Unicode char U+2423 (decimal 9251)
)
Now handling font encoding OT1 ...
... processing UTF-8 mapping file for font encodingOT1

(/usr/share/texmf-texlive/tex/latex/base/ot1enc.dfu
File: ot1enc.dfu 2006/03/30 v1.1i UTF-8 support for inputenc
   defining Unicode char U+00A1 (decimal 161)
   defining Unicode char U+00A3 (decimal 163)
   defining Unicode char U+00B8 (decimal 184)
   defining Unicode char U+00BF (decimal 191)
   defining Unicode char U+00C5 (decimal 197)
   defining Unicode char U+00C6 (decimal 198)
   defining Unicode char U+00D8 (decimal 216)
   defining Unicode char U+00DF (decimal 223)
   defining Unicode char U+00E6 (decimal 230)
   defining Unicode char U+00EC (decimal 236)
   defining Unicode char U+00ED (decimal 237)
   defining Unicode char U+00EE (decimal 238)
   defining Unicode char U+00EF (decimal 239)
   defining Unicode char U+00F8 (decimal 248)
   defining Unicode char U+0131 (decimal 305)
   defining Unicode char U+0141 (decimal 321)
   defining Unicode char U+0142 (decimal 322)
   defining Unicode char U+0152 (decimal 338)
   defining Unicode char U+0153 (decimal 339)
   defining Unicode char U+2013 (decimal 8211)
   defining Unicode char U+2014 (decimal 8212)
   defining Unicode char U+2018 (decimal 8216)
   defining Unicode char U+2019 (decimal 8217)
   defining Unicode char U+201C (decimal 8220)
   defining Unicode char U+201D (decimal 8221)
)
Now handling font encoding OMS ...
... processing UTF-8 mapping file for font encodingOMS

(/usr/share/texmf-texlive/tex/latex/base/omsenc.dfu
File: omsenc.dfu 2006/03/30 v1.1i UTF-8 support for inputenc
   defining Unicode char U+00A7 (decimal 167)
   defining Unicode char U+00B6 (decimal 182)
   defining Unicode char U+00B7 (decimal 183)
   defining Unicode char U+2020 (decimal 8224)
   defining Unicode char U+2021 (decimal 8225)
   defining Unicode char U+2022 (decimal 8226)
)
Now handling font encoding OMX ...
... no UTF-8 mapping file for font encoding OMX
Now handling font encoding U ...
... no UTF-8 mapping file for font encoding U
   defining Unicode char U+00A9 (decimal 169)
   defining Unicode char U+00AA (decimal 170)
   defining Unicode char U+00AE (decimal 174)
   defining Unicode char U+00BA (decimal 186)
   defining Unicode char U+02C6 (decimal 710)
   defining Unicode char U+02DC (decimal 732)
   defining Unicode char U+200C (decimal 8204)
   defining Unicode char U+2026 (decimal 8230)
   defining Unicode char U+2122 (decimal 8482)
   defining Unicode char U+2423 (decimal 9251)
))
(/usr/share/texmf-texlive/tex/latex/base/fontenc.sty
Package: fontenc 2005/09/27 v1.99g Standard LaTeX package
)
(/usr/share/texmf-texlive/tex/generic/babel/babel.sty
Package: babel 2005/11/23 v3.8h The Babel package

(/usr/share/texmf-texlive/tex/generic/babel/english.ldf
Language: english 2005/03/30 v3.3o English support from the babel system

(/usr/share/texmf-texlive/tex/generic/babel/babel.def
File: babel.def 2005/11/23 v3.8h Babel common definitions
\babel@savecnt=\count88
\U@D=\dimen103
)
\l@british = a dialect from \language\l@english 
\l@UKenglish = a dialect from \language\l@english 
\l@canadian = a dialect from \language\l@american 
\l@australian = a dialect from \language\l@british 
\l@newzealand = a dialect from \language\l@british 
))
(/usr/share/texmf-texlive/tex/latex/graphics/graphicx.sty
Package: graphicx 1999/02/16 v1.0f Enhanced LaTeX Graphics (DPC,SPQR)

(/usr/share/texmf-texlive/tex/latex/graphics/keyval.sty
Package: keyval 1999/03/16 v1.13 key=value parser (DPC)
\KV@toks@=\toks16
)
(/usr/share/texmf-texlive/tex/latex/graphics/graphics.sty
Package: graphics 2006/02/20 v1.0o Standard LaTeX Graphics (DPC,SPQR)

(/usr/share/texmf-texlive/tex/latex/graphics/trig.sty
Package: trig 1999/03/16 v1.09 sin cos tan (DPC)
)
(/etc/texmf/tex/latex/config/graphics.cfg
File: graphics.cfg 2007/01/18 v1.5 graphics configuration of teTeX/TeXLive
)
Package graphics Info: Driver file: pdftex.def on input line 90.

(/usr/share/texmf-texlive/tex/latex/pdftex-def/pdftex.def
File: pdftex.def 2007/01/08 v0.04d Graphics/color for pdfTeX
\Gread@gobject=\count89
))
\Gin@req@height=\dimen104
\Gin@req@width=\dimen105
)
(/usr/share/texmf-texlive/tex/latex/subfigure/subfigure.sty
Package: subfigure 2002/03/15 v2.1.5 subfigure package
\subfigtopskip=\skip43
\subfigcapskip=\skip44
\subfigcaptopadj=\dimen106
\subfigbottomskip=\skip45
\subfigcapmargin=\dimen107
\subfiglabelskip=\skip46
\c@subfigure=\count90
\c@lofdepth=\count91
\c@subtable=\count92
\c@lotdepth=\count93

****************************************
* Local config file subfigure.cfg used *
****************************************
(/usr/share/texmf-texlive/tex/latex/subfigure/subfigure.cfg)
\subfig@top=\skip47
\subfig@bottom=\skip48
)
(/usr/share/texmf-texlive/tex/latex/graphics/epsfig.sty
Package: epsfig 1999/02/16 v1.7a (e)psfig emulation (SPQR)
\epsfxsize=\dimen108
\epsfysize=\dimen109
)
(/usr/share/texmf-texlive/tex/latex/amsfonts/amssymb.sty
Package: amssymb 2002/01/22 v2.2d

(/usr/share/texmf-texlive/tex/latex/amsfonts/amsfonts.sty
Package: amsfonts 2001/10/25 v2.2f
\@emptytoks=\toks17
\symAMSa=\mathgroup4
\symAMSb=\mathgroup5
LaTeX Font Info:    Overwriting math alphabet `\mathfrak' in version `bold'
(Font)                  U/euf/m/n --> U/euf/b/n on input line 132.
))
(/usr/share/texmf-texlive/tex/latex/psfrag/psfrag.sty
Package: psfrag 1998/04/11 v3.04 PSfrag (MCG)
\pfg@pcount=\count94
\pfg@scount=\count95
\pfg@temp=\write3
)
(/usr/share/texmf-texlive/tex/latex/amsmath/amsmath.sty
Package: amsmath 2000/07/18 v2.13 AMS math features
\@mathmargin=\skip49

For additional information on amsmath, use the `?' option.
(/usr/share/texmf-texlive/tex/latex/amsmath/amstext.sty
Package: amstext 2000/06/29 v2.01

(/usr/share/texmf-texlive/tex/latex/amsmath/amsgen.sty
File: amsgen.sty 1999/11/30 v2.0
\@emptytoks=\toks18
\ex@=\dimen110
))
(/usr/share/texmf-texlive/tex/latex/amsmath/amsbsy.sty
Package: amsbsy 1999/11/29 v1.2d
\pmbraise@=\dimen111
)
(/usr/share/texmf-texlive/tex/latex/amsmath/amsopn.sty
Package: amsopn 1999/12/14 v2.01 operator names
)
\inf@bad=\count96
LaTeX Info: Redefining \frac on input line 211.
\uproot@=\count97
\leftroot@=\count98
LaTeX Info: Redefining \overline on input line 307.
\classnum@=\count99
\DOTSCASE@=\count100
LaTeX Info: Redefining \ldots on input line 379.
LaTeX Info: Redefining \dots on input line 382.
LaTeX Info: Redefining \cdots on input line 467.
\Mathstrutbox@=\box26
\strutbox@=\box27
\big@size=\dimen112
LaTeX Font Info:    Redeclaring font encoding OML on input line 567.
LaTeX Font Info:    Redeclaring font encoding OMS on input line 568.
\macc@depth=\count101
\c@MaxMatrixCols=\count102
\dotsspace@=\muskip10
\c@parentequation=\count103
\dspbrk@lvl=\count104
\tag@help=\toks19
\row@=\count105
\column@=\count106
\maxfields@=\count107
\andhelp@=\toks20
\eqnshift@=\dimen113
\alignsep@=\dimen114
\tagshift@=\dimen115
\tagwidth@=\dimen116
\totwidth@=\dimen117
\lineht@=\dimen118
\@envbody=\toks21
\multlinegap=\skip50
\multlinetaggap=\skip51
\mathdisplay@stack=\toks22
LaTeX Info: Redefining \[ on input line 2666.
LaTeX Info: Redefining \] on input line 2667.
)
(/home/johannes/latex/wick.sty
\@bgncnt=\count108
\@endcnt=\count109
\@h@ight=\count110
\TempCount=\count111
\@tempdimc=\dimen119
\@tempdimd=\dimen120
\fixh@ight=\dimen121
\h@ight=\dimen122
\w@dth=\dimen123
)
(/usr/share/texmf-texlive/tex/latex/wrapfig/wrapfig.sty
\wrapoverhang=\dimen124
\WF@size=\dimen125
\c@WF@wrappedlines=\count112
\WF@box=\box28
\WF@everypar=\toks23
Package: wrapfig 2003/01/31  v 3.6
)
(/home/johannes/latex/algorithm.sty
Package: algorithm 

Document Style `algorithm' - floating environment
(/usr/share/texmf-texlive/tex/latex/float/float.sty
Package: float 2001/11/08 v1.3d Float enhancements (AL)
\c@float@type=\count113
\float@exts=\toks24
\float@box=\box29
\@float@everytoks=\toks25
\@floatcapt=\box30
)
(/usr/share/texmf-texlive/tex/latex/base/ifthen.sty
Package: ifthen 2001/05/26 v1.1c Standard LaTeX ifthen package (DPC)
)
\@float@every@algorithm=\toks26
\c@algorithm=\count114
)
(/home/johannes/latex/algorithmic.sty
Package: algorithmic 

Document Style `algorithmic' - environment
(/usr/share/texmf-texlive/tex/latex/tools/calc.sty
Package: calc 2005/08/06 v4.2 Infix arithmetic (KKT,FJ)
\calc@Acount=\count115
\calc@Bcount=\count116
\calc@Adimen=\dimen126
\calc@Bdimen=\dimen127
\calc@Askip=\skip52
\calc@Bskip=\skip53
LaTeX Info: Redefining \setlength on input line 75.
LaTeX Info: Redefining \addtolength on input line 76.
\calc@Ccount=\count117
\calc@Cskip=\skip54
)
\c@ALC@line=\count118
\c@ALC@rem=\count119
\ALC@tlm=\skip55
)
(/usr/share/texmf-texlive/tex/latex/tools/verbatim.sty
Package: verbatim 2003/08/22 v1.5q LaTeX2e package for verbatim enhancements
\every@verbatim=\toks27
\verbatim@line=\toks28
\verbatim@in@stream=\read1
)
(/usr/share/texmf-texlive/tex/latex/base/bezier.sty)
(/usr/share/texmf-texlive/tex/latex/graphics/color.sty
Package: color 2005/11/14 v1.0j Standard LaTeX Color (DPC)

(/etc/texmf/tex/latex/config/color.cfg
File: color.cfg 2007/01/18 v1.5 color configuration of teTeX/TeXLive
)
Package color Info: Driver file: pdftex.def on input line 130.
)
(/usr/share/texmf-texlive/tex/latex/hyperref/hyperref.sty
Package: hyperref 2007/02/07 v6.75r Hypertext links for LaTeX
\@linkdim=\dimen128
\Hy@linkcounter=\count120
\Hy@pagecounter=\count121

(/usr/share/texmf-texlive/tex/latex/hyperref/pd1enc.def
File: pd1enc.def 2007/02/07 v6.75r Hyperref: PDFDocEncoding definition (HO)
Now handling font encoding PD1 ...
... no UTF-8 mapping file for font encoding PD1
)
(/etc/texmf/tex/latex/config/hyperref.cfg
File: hyperref.cfg 2002/06/06 v1.2 hyperref configuration of TeXLive
)
(/usr/share/texmf-texlive/tex/latex/oberdiek/kvoptions.sty
Package: kvoptions 2006/08/22 v2.4 Connects package keyval with LaTeX options (
HO)
)
Package hyperref Info: Option `colorlinks' set `true' on input line 2238.
Package hyperref Info: Option `bookmarks' set `true' on input line 2238.
Package hyperref Info: Hyper figures OFF on input line 2288.
Package hyperref Info: Link nesting OFF on input line 2293.
Package hyperref Info: Hyper index ON on input line 2296.
Package hyperref Info: Plain pages OFF on input line 2303.
Package hyperref Info: Backreferencing OFF on input line 2308.

Implicit mode ON; LaTeX internals redefined
Package hyperref Info: Bookmarks ON on input line 2444.
(/usr/share/texmf-texlive/tex/latex/ltxmisc/url.sty
\Urlmuskip=\muskip11
Package: url 2005/06/27  ver 3.2  Verb mode for urls, etc.
)
LaTeX Info: Redefining \url on input line 2599.
\Fld@menulength=\count122
\Field@Width=\dimen129
\Fld@charsize=\dimen130
\Choice@toks=\toks29
\Field@toks=\toks30
Package hyperref Info: Hyper figures OFF on input line 3102.
Package hyperref Info: Link nesting OFF on input line 3107.
Package hyperref Info: Hyper index ON on input line 3110.
Package hyperref Info: backreferencing OFF on input line 3117.
Package hyperref Info: Link coloring ON on input line 3120.
\Hy@abspage=\count123
\c@Item=\count124
\c@Hfootnote=\count125
)
*hyperref using driver hpdftex*
(/usr/share/texmf-texlive/tex/latex/hyperref/hpdftex.def
File: hpdftex.def 2007/02/07 v6.75r Hyperref driver for pdfTeX
\Fld@listcount=\count126
)
(/usr/share/texmf-texlive/tex/latex/fancyhdr/fancyhdr.sty
\fancy@headwidth=\skip56
\f@ncyO@elh=\skip57
\f@ncyO@erh=\skip58
\f@ncyO@olh=\skip59
\f@ncyO@orh=\skip60
\f@ncyO@elf=\skip61
\f@ncyO@erf=\skip62
\f@ncyO@olf=\skip63
\f@ncyO@orf=\skip64
)
(./infinitematter.aux (./frontpage.aux) (./acknowledgement.aux)
(./notations.aux) (./introduction.aux) (./chapter2.aux) (./chapter3.aux)
(./chapter4.aux) (./chapter5.aux) (./chapter6.aux) (./chapter7.aux)
(./chapter8.aux) (./chapter9.aux) (./appendixA.aux) (./appendixB.aux)
(./appendixC.aux) (./appendixD.aux))
\openout1 = `infinitematter.aux'.

LaTeX Font Info:    Checking defaults for OML/cmm/m/it on input line 110.
LaTeX Font Info:    ... okay on input line 110.
LaTeX Font Info:    Checking defaults for T1/cmr/m/n on input line 110.
LaTeX Font Info:    ... okay on input line 110.
LaTeX Font Info:    Checking defaults for OT1/cmr/m/n on input line 110.
LaTeX Font Info:    ... okay on input line 110.
LaTeX Font Info:    Checking defaults for OMS/cmsy/m/n on input line 110.
LaTeX Font Info:    ... okay on input line 110.
LaTeX Font Info:    Checking defaults for OMX/cmex/m/n on input line 110.
LaTeX Font Info:    ... okay on input line 110.
LaTeX Font Info:    Checking defaults for U/cmr/m/n on input line 110.
LaTeX Font Info:    ... okay on input line 110.
LaTeX Font Info:    Checking defaults for PD1/pdf/m/n on input line 110.
LaTeX Font Info:    ... okay on input line 110.
LaTeX Font Info:    Try loading font information for OT1+ptm on input line 110.


(/usr/share/texmf-texlive/tex/latex/psnfss/ot1ptm.fd
File: ot1ptm.fd 2001/06/04 font definitions for OT1/ptm.
)
Package hyperref Info: Link coloring ON on input line 110.

(/usr/share/texmf-texlive/tex/latex/hyperref/nameref.sty
Package: nameref 2006/12/27 v2.28 Cross-referencing by name of section

(/usr/share/texmf-texlive/tex/latex/oberdiek/refcount.sty
Package: refcount 2006/02/20 v3.0 Data extraction from references (HO)
)
\c@section@level=\count127
)
LaTeX Info: Redefining \ref on input line 110.
LaTeX Info: Redefining \pageref on input line 110.

(./infinitematter.out) (./infinitematter.out)
\@outlinefile=\write4
\openout4 = `infinitematter.out'.

\openout2 = `frontpage.aux'.

 (./frontpage.tex
LaTeX Font Info:    Font shape `OT1/ptm/bx/n' in size <20.74> not available
(Font)              Font shape `OT1/ptm/b/n' tried instead on input line 8.
LaTeX Font Info:    Font shape `OT1/ptm/bx/n' in size <17.28> not available
(Font)              Font shape `OT1/ptm/b/n' tried instead on input line 11.
LaTeX Font Info:    Font shape `OT1/ptm/bx/n' in size <14.4> not available
(Font)              Font shape `OT1/ptm/b/n' tried instead on input line 15.
LaTeX Font Info:    Font shape `OT1/ptm/bx/sl' in size <17.28> not available
(Font)              Font shape `OT1/ptm/b/sl' tried instead on input line 19.

<uiologo.pdf, id=163, 433.62pt x 432.61626pt>
File: uiologo.pdf Graphic file (type pdf)
 <use uiologo.pdf>) [1
Non-PDF special ignored!


{/var/lib/texmf/fonts/map/pdftex/updmap/pdftex.map} <./uiologo.pdf>] [2


]
\openout2 = `acknowledgement.aux'.

 (./acknowledgement.tex
LaTeX Font Info:    Font shape `OT1/ptm/bx/n' in size <24.88> not available
(Font)              Font shape `OT1/ptm/b/n' tried instead on input line 1.

Underfull \hbox (badness 10000) in paragraph at lines 2--15

 []


Underfull \hbox (badness 10000) in paragraph at lines 2--15

 []


Underfull \hbox (badness 10000) in paragraph at lines 2--15

 []

)
LaTeX Font Info:    Font shape `OT1/ptm/bx/n' in size <12> not available
(Font)              Font shape `OT1/ptm/b/n' tried instead on input line 119.
LaTeX Font Info:    Font shape `OT1/ptm/bx/it' in size <12> not available
(Font)              Font shape `OT1/ptm/b/it' tried instead on input line 119.
 [3


] [4


]
\openout2 = `notations.aux'.

 (./notations.tex
LaTeX Font Info:    Font shape `OT1/ptm/bx/it' in size <14.4> not available
(Font)              Font shape `OT1/ptm/b/it' tried instead on input line 3.
LaTeX Font Info:    Try loading font information for U+msa on input line 5.
 (/usr/share/texmf-texlive/tex/latex/amsfonts/umsa.fd
File: umsa.fd 2002/01/19 v2.2g AMS font definitions
)
LaTeX Font Info:    Try loading font information for U+msb on input line 5.
 (/usr/share/texmf-texlive/tex/latex/amsfonts/umsb.fd
File: umsb.fd 2002/01/19 v2.2g AMS font definitions
)

Package amsfonts Warning: Obsolete command \bold; \mathbf should be used instea
d on input line 15.

[5


])

Package Fancyhdr Warning: \headheight is too small (13.5pt): 
 Make it at least 14.49998pt.
 We now make it that large for the rest of the document.
 This may cause the page layout to be inconsistent, however.

[6] (./infinitematter.toc [7



])
\tf@toc=\write5
\openout5 = `infinitematter.toc'.



Package Fancyhdr Warning: \headheight is too small (13.5pt): 
 Make it at least 14.49998pt.
 We now make it that large for the rest of the document.
 This may cause the page layout to be inconsistent, however.

[8]
\openout2 = `introduction.aux'.

 (./introduction.tex
Chapter 1.

Underfull \hbox (badness 10000) in paragraph at lines 3--21

 []


Underfull \hbox (badness 10000) in paragraph at lines 23--81

 []


Underfull \hbox (badness 10000) in paragraph at lines 23--81

 []


Underfull \hbox (badness 10000) in paragraph at lines 23--81

 []


Underfull \hbox (badness 10000) in paragraph at lines 23--81

 []


Underfull \hbox (badness 10000) in paragraph at lines 23--81

 []

[9



])
Underfull \hbox (badness 10000) in paragraph at lines 83--130

 []


Underfull \hbox (badness 10000) in paragraph at lines 83--130

 []


Underfull \vbox (badness 10000) has occurred while \output is active []



Package Fancyhdr Warning: \headheight is too small (13.5pt): 
 Make it at least 14.49998pt.
 We now make it that large for the rest of the document.
 This may cause the page layout to be inconsistent, however.

[10]

Package Fancyhdr Warning: \headheight is too small (13.5pt): 
 Make it at least 14.49998pt.
 We now make it that large for the rest of the document.
 This may cause the page layout to be inconsistent, however.

[11] [12


]
\openout2 = `chapter2.aux'.

 (./chapter2.tex
Chapter 2.

Underfull \hbox (badness 10000) in paragraph at lines 3--91

 []


Underfull \hbox (badness 10000) in paragraph at lines 3--91

 []


Underfull \hbox (badness 10000) in paragraph at lines 3--91

 []


Underfull \hbox (badness 10000) in paragraph at lines 3--91

 []


Underfull \hbox (badness 10000) in paragraph at lines 3--91

 []

[13


]

Package Fancyhdr Warning: \headheight is too small (13.5pt): 
 Make it at least 14.49998pt.
 We now make it that large for the rest of the document.
 This may cause the page layout to be inconsistent, however.

[14]
Underfull \hbox (badness 10000) in paragraph at lines 93--101

 []


Overfull \hbox (4.8608pt too wide) in paragraph at lines 93--101
\OT1/ptm/m/n/12 The last pos-tu-late treats the state's evo-lu-tion with time. 
All states obey the Schr[]odinger
 []


Package Fancyhdr Warning: \headheight is too small (13.5pt): 
 Make it at least 14.49998pt.
 We now make it that large for the rest of the document.
 This may cause the page layout to be inconsistent, however.

[15])

Package Fancyhdr Warning: \headheight is too small (13.5pt): 
 Make it at least 14.49998pt.
 We now make it that large for the rest of the document.
 This may cause the page layout to be inconsistent, however.

[16]
\openout2 = `chapter3.aux'.

 (./chapter3.tex
Chapter 3.

Underfull \hbox (badness 10000) in paragraph at lines 4--29

 []


Underfull \hbox (badness 10000) in paragraph at lines 4--29

 []


Underfull \hbox (badness 10000) in paragraph at lines 4--29

 []


Underfull \hbox (badness 10000) in paragraph at lines 4--29

 []

[17




]
Underfull \hbox (badness 10000) in paragraph at lines 61--67

 []


Package Fancyhdr Warning: \headheight is too small (13.5pt): 
 Make it at least 14.49998pt.
 We now make it that large for the rest of the document.
 This may cause the page layout to be inconsistent, however.

[18]
Underfull \hbox (badness 10000) in paragraph at lines 116--125

 []


Package Fancyhdr Warning: \headheight is too small (13.5pt): 
 Make it at least 14.49998pt.
 We now make it that large for the rest of the document.
 This may cause the page layout to be inconsistent, however.

[19]
Underfull \hbox (badness 10000) in paragraph at lines 160--170

 []


Underfull \hbox (badness 10000) in paragraph at lines 160--170

 []


Underfull \hbox (badness 10000) in paragraph at lines 190--214

 []


Package Fancyhdr Warning: \headheight is too small (13.5pt): 
 Make it at least 14.49998pt.
 We now make it that large for the rest of the document.
 This may cause the page layout to be inconsistent, however.

[20]

Package Fancyhdr Warning: \headheight is too small (13.5pt): 
 Make it at least 14.49998pt.
 We now make it that large for the rest of the document.
 This may cause the page layout to be inconsistent, however.

[21])

Package Fancyhdr Warning: \headheight is too small (13.5pt): 
 Make it at least 14.49998pt.
 We now make it that large for the rest of the document.
 This may cause the page layout to be inconsistent, however.

[22]
\openout2 = `chapter4.aux'.

 (./chapter4.tex
Chapter 4.

Underfull \hbox (badness 10000) in paragraph at lines 4--12

 []

[23




]
Overfull \hbox (29.19879pt too wide) detected at line 58
\OMS/cmsy/m/n/12 j\OT1/cmr/m/n/12 	\OMS/cmsy/m/n/12 i \OT1/cmr/m/n/12 = [] \OML
/cmm/m/it/12 []\OMS/cmsy/m/n/12 j\OT1/cmr/m/n/12 ^^H[]\OMS/cmsy/m/n/12 i \OT1/
cmr/m/n/12 + [] [] = [] \OML/cmm/m/it/12 []\OMS/cmsy/m/n/12 j\OT1/cmr/m/n/12 ^
^H[]\OMS/cmsy/m/n/12 i \OT1/cmr/m/n/12 + []\OMS/cmsy/m/n/12 j\OT1/cmr/m/n/12 	\
OMS/cmsy/m/n/12 i \OT1/cmr/m/n/12 = \OML/cmm/m/it/12 P\OMS/cmsy/m/n/12 j\OT1/cm
r/m/n/12 	\OMS/cmsy/m/n/12 i \OT1/cmr/m/n/12 + []\OMS/cmsy/m/n/12 j\OT1/cmr/m/n
/12 	\OMS/cmsy/m/n/12 i\OML/cmm/m/it/12 :
 []


Package Fancyhdr Warning: \headheight is too small (13.5pt): 
 Make it at least 14.49998pt.
 We now make it that large for the rest of the document.
 This may cause the page layout to be inconsistent, however.

[24]
Underfull \hbox (badness 10000) in paragraph at lines 137--143

 []


Package Fancyhdr Warning: \headheight is too small (13.5pt): 
 Make it at least 14.49998pt.
 We now make it that large for the rest of the document.
 This may cause the page layout to be inconsistent, however.

[25]
Underfull \hbox (badness 10000) in paragraph at lines 147--155

 []


Underfull \hbox (badness 10000) in paragraph at lines 162--175

 []


Package Fancyhdr Warning: \headheight is too small (13.5pt): 
 Make it at least 14.49998pt.
 We now make it that large for the rest of the document.
 This may cause the page layout to be inconsistent, however.

[26]
Underfull \hbox (badness 10000) in paragraph at lines 210--214

 []


Package Fancyhdr Warning: \headheight is too small (13.5pt): 
 Make it at least 14.49998pt.
 We now make it that large for the rest of the document.
 This may cause the page layout to be inconsistent, however.

[27] <hullpartlinje.pdf, id=437, 337.26pt x 171.64125pt>
File: hullpartlinje.pdf Graphic file (type pdf)

<use hullpartlinje.pdf>
Underfull \hbox (badness 10000) in paragraph at lines 284--300

 []


Underfull \hbox (badness 10000) in paragraph at lines 284--300

 []


Package Fancyhdr Warning: \headheight is too small (13.5pt): 
 Make it at least 14.49998pt.
 We now make it that large for the rest of the document.
 This may cause the page layout to be inconsistent, however.

[28]
Underfull \hbox (badness 10000) in paragraph at lines 329--336

 []


Overfull \hbox (30.57271pt too wide) in paragraph at lines 343--343
[] 
 []


Underfull \hbox (badness 10000) in paragraph at lines 343--354

 []


Package Fancyhdr Warning: \headheight is too small (13.5pt): 
 Make it at least 14.49998pt.
 We now make it that large for the rest of the document.
 This may cause the page layout to be inconsistent, however.

[29 <./hullpartlinje.pdf>]
<forsteordendiagram.pdf, id=491, 582.175pt x 116.435pt>
File: forsteordendiagram.pdf Graphic file (type pdf)

<use forsteordendiagram.pdf> <perturbdiag.pdf, id=496, 466.74374pt x 60.225pt>
File: perturbdiag.pdf Graphic file (type pdf)

<use perturbdiag.pdf>
Underfull \hbox (badness 10000) in paragraph at lines 375--389

 []


Underfull \hbox (badness 10000) in paragraph at lines 391--403

 []


Package Fancyhdr Warning: \headheight is too small (13.5pt): 
 Make it at least 14.49998pt.
 We now make it that large for the rest of the document.
 This may cause the page layout to be inconsistent, however.

[30 <./forsteordendiagram.pdf> <./perturbdiag.pdf>])

Package Fancyhdr Warning: \headheight is too small (13.5pt): 
 Make it at least 14.49998pt.
 We now make it that large for the rest of the document.
 This may cause the page layout to be inconsistent, however.

[31] [32


]
\openout2 = `chapter5.aux'.

 (./chapter5.tex
Chapter 5.
[33


]
Underfull \hbox (badness 10000) in paragraph at lines 81--104

 []


Underfull \hbox (badness 10000) in paragraph at lines 81--104

 []


Package Fancyhdr Warning: \headheight is too small (13.5pt): 
 Make it at least 14.49998pt.
 We now make it that large for the rest of the document.
 This may cause the page layout to be inconsistent, however.

[34]
Underfull \hbox (badness 10000) in paragraph at lines 118--149

 []


Underfull \hbox (badness 10000) in paragraph at lines 118--149

 []


Package Fancyhdr Warning: \headheight is too small (13.5pt): 
 Make it at least 14.49998pt.
 We now make it that large for the rest of the document.
 This may cause the page layout to be inconsistent, however.

[35]
Underfull \hbox (badness 10000) in paragraph at lines 178--186

 []


Package Fancyhdr Warning: \headheight is too small (13.5pt): 
 Make it at least 14.49998pt.
 We now make it that large for the rest of the document.
 This may cause the page layout to be inconsistent, however.

[36]
Underfull \hbox (badness 10000) in paragraph at lines 203--217

 []


Overfull \hbox (9.04982pt too wide) in paragraph at lines 203--217
\OT1/ptm/m/n/12 sym-me-try break-ing then the dif-fer-ent nucleon-nucleon in-te
r-ac-tion chan-nels, the proton-
 []


Underfull \hbox (badness 10000) in paragraph at lines 203--217

 []


Underfull \hbox (badness 10000) in paragraph at lines 226--242

 []


Package Fancyhdr Warning: \headheight is too small (13.5pt): 
 Make it at least 14.49998pt.
 We now make it that large for the rest of the document.
 This may cause the page layout to be inconsistent, however.

[37]
Underfull \hbox (badness 10000) in paragraph at lines 247--253

 []


Package Fancyhdr Warning: \headheight is too small (13.5pt): 
 Make it at least 14.49998pt.
 We now make it that large for the rest of the document.
 This may cause the page layout to be inconsistent, however.

[38]
Underfull \hbox (badness 10000) in paragraph at lines 284--298

 []


Underfull \hbox (badness 10000) in paragraph at lines 284--298

 []


Package Fancyhdr Warning: \headheight is too small (13.5pt): 
 Make it at least 14.49998pt.
 We now make it that large for the rest of the document.
 This may cause the page layout to be inconsistent, however.

[39])

Package Fancyhdr Warning: \headheight is too small (13.5pt): 
 Make it at least 14.49998pt.
 We now make it that large for the rest of the document.
 This may cause the page layout to be inconsistent, however.

[40]
\openout2 = `chapter6.aux'.

 (./chapter6.tex
Chapter 6.
<nucleon-nucleon_pot.pdf, id=601, 314.17375pt x 343.2825pt>
File: nucleon-nucleon_pot.pdf Graphic file (type pdf)

<use nucleon-nucleon_pot.pdf>
Underfull \hbox (badness 10000) in paragraph at lines 38--72

 []


Underfull \hbox (badness 10000) in paragraph at lines 38--72

 []

[41




 <./nucleon-nucleon_pot.pdf>]

Package Fancyhdr Warning: \headheight is too small (13.5pt): 
 Make it at least 14.49998pt.
 We now make it that large for the rest of the document.
 This may cause the page layout to be inconsistent, however.

[42]

Package Fancyhdr Warning: \headheight is too small (13.5pt): 
 Make it at least 14.49998pt.
 We now make it that large for the rest of the document.
 This may cause the page layout to be inconsistent, however.

[43]

Package Fancyhdr Warning: \headheight is too small (13.5pt): 
 Make it at least 14.49998pt.
 We now make it that large for the rest of the document.
 This may cause the page layout to be inconsistent, however.

[44]

Package Fancyhdr Warning: \headheight is too small (13.5pt): 
 Make it at least 14.49998pt.
 We now make it that large for the rest of the document.
 This may cause the page layout to be inconsistent, however.

[45]
Underfull \hbox (badness 10000) in paragraph at lines 299--315

 []


Underfull \hbox (badness 10000) in paragraph at lines 318--332

 []


Underfull \hbox (badness 10000) in paragraph at lines 318--332

 []


Package Fancyhdr Warning: \headheight is too small (13.5pt): 
 Make it at least 14.49998pt.
 We now make it that large for the rest of the document.
 This may cause the page layout to be inconsistent, however.

[46]
Underfull \hbox (badness 10000) in paragraph at lines 361--366

 []

<rup1.pdf, id=650, 614.295pt x 794.97pt>
File: rup1.pdf Graphic file (type pdf)
 <use rup1.pdf>
Underfull \hbox (badness 10000) in paragraph at lines 394--398

 []


Package Fancyhdr Warning: \headheight is too small (13.5pt): 
 Make it at least 14.49998pt.
 We now make it that large for the rest of the document.
 This may cause the page layout to be inconsistent, however.

[47]

Package Fancyhdr Warning: \headheight is too small (13.5pt): 
 Make it at least 14.49998pt.
 We now make it that large for the rest of the document.
 This may cause the page layout to be inconsistent, however.

[48 <./rup1.pdf>]
Underfull \hbox (badness 10000) in paragraph at lines 435--443

 []


Overfull \hbox (4.98274pt too wide) in paragraph at lines 462--466
\OT1/ptm/m/n/12 With the above La-grangians and the Feyn-man di-a-gram rules, s
ee for ex-am-ple Refs.[[],
 []


Package Fancyhdr Warning: \headheight is too small (13.5pt): 
 Make it at least 14.49998pt.
 We now make it that large for the rest of the document.
 This may cause the page layout to be inconsistent, however.

[49]
Underfull \hbox (badness 10000) in paragraph at lines 548--556

 []


Package Fancyhdr Warning: \headheight is too small (13.5pt): 
 Make it at least 14.49998pt.
 We now make it that large for the rest of the document.
 This may cause the page layout to be inconsistent, however.

[50]
Overfull \hbox (17.54631pt too wide) in paragraph at lines 574--574
[] 
 []


Underfull \hbox (badness 10000) in paragraph at lines 586--594

 []


Package hyperref Warning: Token not allowed in a PDFDocEncoded string,
(hyperref)                removing `math shift' on input line 603.


Package hyperref Warning: Token not allowed in a PDFDocEncoded string,
(hyperref)                removing `subscript' on input line 603.


Package hyperref Warning: Token not allowed in a PDFDocEncoded string,
(hyperref)                removing `math shift' on input line 603.


Underfull \hbox (badness 10000) in paragraph at lines 605--624

 []


Underfull \hbox (badness 10000) in paragraph at lines 605--624

 []


Underfull \hbox (badness 10000) in paragraph at lines 605--624

 []


Package Fancyhdr Warning: \headheight is too small (13.5pt): 
 Make it at least 14.49998pt.
 We now make it that large for the rest of the document.
 This may cause the page layout to be inconsistent, however.

[51]

Package Fancyhdr Warning: \headheight is too small (13.5pt): 
 Make it at least 14.49998pt.
 We now make it that large for the rest of the document.
 This may cause the page layout to be inconsistent, however.

[52]
Underfull \hbox (badness 10000) in paragraph at lines 684--690

 []


Package Fancyhdr Warning: \headheight is too small (13.5pt): 
 Make it at least 14.49998pt.
 We now make it that large for the rest of the document.
 This may cause the page layout to be inconsistent, however.

[53])

Package Fancyhdr Warning: \headheight is too small (13.5pt): 
 Make it at least 14.49998pt.
 We now make it that large for the rest of the document.
 This may cause the page layout to be inconsistent, however.

[54]

Package Fancyhdr Warning: \headheight is too small (13.5pt): 
 Make it at least 14.49998pt.
 We now make it that large for the rest of the document.
 This may cause the page layout to be inconsistent, however.

[55] [56


]
\openout2 = `chapter7.aux'.

 (./chapter7.tex
Chapter 7.

Overfull \hbox (5.46094pt too wide) in paragraph at lines 18--24
\OT1/ptm/m/n/12 A con-ve-nient short-hand no-ta-tion for the Slater de-ter-mi-n
ant con-sists of a Dirac-notation
 []

[57


]
Overfull \hbox (2.23637pt too wide) detected at line 73
\OML/cmm/m/it/12 E \OT1/cmr/m/n/12 = \OMS/cmsy/m/n/12 h\OT1/cmr/m/n/12 ^^H[]\OM
S/cmsy/m/n/12 j\OML/cmm/m/it/12 H \OT1/cmr/m/n/12 + [\OML/cmm/m/it/12 H; T[]\OT
1/cmr/m/n/12 ] + [\OML/cmm/m/it/12 H; T[]\OT1/cmr/m/n/12 ] + [][[\OML/cmm/m/it/
12 H; T[]\OT1/cmr/m/n/12 ]\OML/cmm/m/it/12 ; T[]\OT1/cmr/m/n/12 ] + [][[\OML/cm
m/m/it/12 H; T[]\OT1/cmr/m/n/12 ]\OML/cmm/m/it/12 ; T[]\OT1/cmr/m/n/12 ] + [[\O
ML/cmm/m/it/12 H; T[]\OT1/cmr/m/n/12 ]\OML/cmm/m/it/12 ; T[]\OT1/cmr/m/n/12 ] +
 [] \OMS/cmsy/m/n/12 j\OT1/cmr/m/n/12 ^^H[]\OMS/cmsy/m/n/12 i\OML/cmm/m/it/12 :

 []


Underfull \hbox (badness 10000) in paragraph at lines 73--79

 []


Package Fancyhdr Warning: \headheight is too small (13.5pt): 
 Make it at least 14.49998pt.
 We now make it that large for the rest of the document.
 This may cause the page layout to be inconsistent, however.

[58]
Underfull \hbox (badness 10000) in paragraph at lines 121--133

 []


Package Fancyhdr Warning: \headheight is too small (13.5pt): 
 Make it at least 14.49998pt.
 We now make it that large for the rest of the document.
 This may cause the page layout to be inconsistent, however.

[59]
Overfull \hbox (14.19972pt too wide) in paragraph at lines 187--187
[] 
 []


Underfull \vbox (badness 5417) has occurred while \output is active []



Package Fancyhdr Warning: \headheight is too small (13.5pt): 
 Make it at least 14.49998pt.
 We now make it that large for the rest of the document.
 This may cause the page layout to be inconsistent, however.

[60]
Underfull \hbox (badness 10000) in paragraph at lines 200--208

 []


Package Fancyhdr Warning: \headheight is too small (13.5pt): 
 Make it at least 14.49998pt.
 We now make it that large for the rest of the document.
 This may cause the page layout to be inconsistent, however.

[61]

Package Fancyhdr Warning: \headheight is too small (13.5pt): 
 Make it at least 14.49998pt.
 We now make it that large for the rest of the document.
 This may cause the page layout to be inconsistent, however.

[62]
Overfull \hbox (44.99359pt too wide) in paragraph at lines 316--316
[] 
 []


Package Fancyhdr Warning: \headheight is too small (13.5pt): 
 Make it at least 14.49998pt.
 We now make it that large for the rest of the document.
 This may cause the page layout to be inconsistent, however.

[63]

Package Fancyhdr Warning: \headheight is too small (13.5pt): 
 Make it at least 14.49998pt.
 We now make it that large for the rest of the document.
 This may cause the page layout to be inconsistent, however.

[64] <holepart.pdf, id=885, 78.2925pt x 98.3675pt>
File: holepart.pdf Graphic file (type pdf)
 <use holepart.pdf>
<interaction.pdf, id=887, 241.90375pt x 11.04124pt>
File: interaction.pdf Graphic file (type pdf)
 <use interaction.pdf>
<cluster.pdf, id=889, 225.84375pt x 11.04124pt>
File: cluster.pdf Graphic file (type pdf)
 <use cluster.pdf>
<hartreefockop.pdf, id=891, 336.25626pt x 26.0975pt>
File: hartreefockop.pdf Graphic file (type pdf)
 <use hartreefockop.pdf>
<clusterdi.pdf, id=893, 302.12875pt x 186.6975pt>
File: clusterdi.pdf Graphic file (type pdf)
 <use clusterdi.pdf>

Package Fancyhdr Warning: \headheight is too small (13.5pt): 
 Make it at least 14.49998pt.
 We now make it that large for the rest of the document.
 This may cause the page layout to be inconsistent, however.

[65 <./holepart.pdf> <./interaction.pdf> <./cluster.pdf>]
<loops.pdf, id=919, 227.85126pt x 75.28125pt>
File: loops.pdf Graphic file (type pdf)
 <use loops.pdf>

Package Fancyhdr Warning: \headheight is too small (13.5pt): 
 Make it at least 14.49998pt.
 We now make it that large for the rest of the document.
 This may cause the page layout to be inconsistent, however.

[66 <./hartreefockop.pdf> <./clusterdi.pdf> <./loops.pdf>]
Underfull \hbox (badness 10000) in paragraph at lines 449--455

 []

<firstenedi.pdf, id=963, 163.61125pt x 109.40875pt>
File: firstenedi.pdf Graphic file (type pdf)
 <use firstenedi.pdf>
<secenedi.pdf, id=966, 255.95625pt x 98.3675pt>
File: secenedi.pdf Graphic file (type pdf)
 <use secenedi.pdf>
<thirdenedi.pdf, id=970, 300.12125pt x 99.37125pt>
File: thirdenedi.pdf Graphic file (type pdf)
 <use thirdenedi.pdf>
<firstampl.pdf, id=972, 131.49126pt x 89.33376pt>
File: firstampl.pdf Graphic file (type pdf)
 <use firstampl.pdf>
<t1_eqn_diag.pdf, id=974, 602.25pt x 669.50125pt>
File: t1_eqn_diag.pdf Graphic file (type pdf)
 <use t1_eqn_diag.pdf>
<t2_eqn_diag.pdf, id=977, 691.58376pt x 444.66125pt>
File: t2_eqn_diag.pdf Graphic file (type pdf)
 <use t2_eqn_diag.pdf>
<t2_eqn_diag2.pdf, id=978, 787.94376pt x 606.265pt>
File: t2_eqn_diag2.pdf Graphic file (type pdf)
 <use t2_eqn_diag2.pdf>
<energy.pdf, id=980, 571.13374pt x 109.40875pt>
File: energy.pdf Graphic file (type pdf)
 <use energy.pdf>
Underfull \hbox (badness 10000) in paragraph at lines 502--583

 []


Underfull \hbox (badness 10000) in paragraph at lines 502--583

 []


Package Fancyhdr Warning: \headheight is too small (13.5pt): 
 Make it at least 14.49998pt.
 We now make it that large for the rest of the document.
 This may cause the page layout to be inconsistent, however.

[67 <./firstenedi.pdf>]

Package Fancyhdr Warning: \headheight is too small (13.5pt): 
 Make it at least 14.49998pt.
 We now make it that large for the rest of the document.
 This may cause the page layout to be inconsistent, however.

[68 <./secenedi.pdf> <./thirdenedi.pdf>]

Package Fancyhdr Warning: \headheight is too small (13.5pt): 
 Make it at least 14.49998pt.
 We now make it that large for the rest of the document.
 This may cause the page layout to be inconsistent, however.

[69 <./firstampl.pdf> <./t1_eqn_diag.pdf> <./t2_eqn_diag.pdf>]

Package Fancyhdr Warning: \headheight is too small (13.5pt): 
 Make it at least 14.49998pt.
 We now make it that large for the rest of the document.
 This may cause the page layout to be inconsistent, however.

[70 <./t2_eqn_diag2.pdf> <./energy.pdf>]
Underfull \hbox (badness 10000) in paragraph at lines 602--605

 []


Package Fancyhdr Warning: \headheight is too small (13.5pt): 
 Make it at least 14.49998pt.
 We now make it that large for the rest of the document.
 This may cause the page layout to be inconsistent, however.

[71]
Underfull \hbox (badness 10000) in paragraph at lines 676--688

 []


Underfull \hbox (badness 10000) in paragraph at lines 676--688

 []


Underfull \hbox (badness 10000) in paragraph at lines 696--708

 []


Package Fancyhdr Warning: \headheight is too small (13.5pt): 
 Make it at least 14.49998pt.
 We now make it that large for the rest of the document.
 This may cause the page layout to be inconsistent, however.

[72]
Underfull \hbox (badness 10000) in paragraph at lines 716--727

 []


Package Fancyhdr Warning: \headheight is too small (13.5pt): 
 Make it at least 14.49998pt.
 We now make it that large for the rest of the document.
 This may cause the page layout to be inconsistent, however.

[73])

Package Fancyhdr Warning: \headheight is too small (13.5pt): 
 Make it at least 14.49998pt.
 We now make it that large for the rest of the document.
 This may cause the page layout to be inconsistent, however.

[74]
\openout2 = `chapter8.aux'.

 (./chapter8.tex
Chapter 8.

Underfull \vbox (badness 10000) has occurred while \output is active []

 [75




]
Overfull \hbox (20.29729pt too wide) detected at line 43
\OMS/cmsy/m/n/12 h\OML/cmm/m/it/12 []j[][]j[]JM\OMS/cmsy/m/n/12 j\OML/cmm/m/i
t/12 T\OMS/cmsy/m/n/12 j\OML/cmm/m/it/12 ^^L[]j[]^^L[]j[]JM\OMS/cmsy/m/n/12 i \
OT1/cmr/m/n/12 = [][][] [] \OMS/cmsy/m/n/12 h\OML/cmm/m/it/12 []j[]\OMS/cmsy/m
/n/12 j\OML/cmm/m/it/12 T[]\OMS/cmsy/m/n/12 j\OML/cmm/m/it/12 ^^L[]j[]\OMS/cmsy
/m/n/12 ih\OML/cmm/m/it/12 []j[]\OMS/cmsy/m/n/12 j\OML/cmm/m/it/12 T\OT1/cmr/m
/n/12 (2)\OMS/cmsy/m/n/12 j\OML/cmm/m/it/12 ^^L[]j[]\OMS/cmsy/m/n/12 i\OML/cmm/
m/it/12 ;
 []


Overfull \hbox (9.07338pt too wide) in paragraph at lines 70--73
\OT1/ptm/m/n/12 We need a method to trans-form the in-ter-ac-tions in rel-a-tiv
e and center-of-mass-momenta
 []


Package Fancyhdr Warning: \headheight is too small (13.5pt): 
 Make it at least 14.49998pt.
 We now make it that large for the rest of the document.
 This may cause the page layout to be inconsistent, however.

[76]

Package Fancyhdr Warning: \headheight is too small (13.5pt): 
 Make it at least 14.49998pt.
 We now make it that large for the rest of the document.
 This may cause the page layout to be inconsistent, however.

[77]

Package Fancyhdr Warning: \headheight is too small (13.5pt): 
 Make it at least 14.49998pt.
 We now make it that large for the rest of the document.
 This may cause the page layout to be inconsistent, however.

[78])

Package Fancyhdr Warning: \headheight is too small (13.5pt): 
 Make it at least 14.49998pt.
 We now make it that large for the rest of the document.
 This may cause the page layout to be inconsistent, however.

[79]

Package Fancyhdr Warning: \headheight is too small (13.5pt): 
 Make it at least 14.49998pt.
 We now make it that large for the rest of the document.
 This may cause the page layout to be inconsistent, however.

[80]
\openout2 = `chapter9.aux'.

 (./chapter9.tex
Chapter 9.

Underfull \hbox (badness 10000) in paragraph at lines 3--21

 []


Overfull \hbox (32.5258pt too wide) in paragraph at lines 36--36
[] 
 []


Underfull \hbox (badness 10000) in paragraph at lines 40--55

 []


Underfull \hbox (badness 10000) in paragraph at lines 40--55

 []


Underfull \hbox (badness 10000) in paragraph at lines 40--55

 []

[81




]
Underfull \hbox (badness 10000) in paragraph at lines 57--95

 []


Underfull \hbox (badness 10000) in paragraph at lines 57--95

 []


Package Fancyhdr Warning: \headheight is too small (13.5pt): 
 Make it at least 14.49998pt.
 We now make it that large for the rest of the document.
 This may cause the page layout to be inconsistent, however.

[82]

Package Fancyhdr Warning: \headheight is too small (13.5pt): 
 Make it at least 14.49998pt.
 We now make it that large for the rest of the document.
 This may cause the page layout to be inconsistent, however.

[83]
Overfull \hbox (0.8586pt too wide) in paragraph at lines 153--191
 [][] 
 []

(./symmetric_hfl4_2_1.tex
<symmetric_hfl4_2_1.pdf, id=1175, 361.35pt x 252.945pt>
File: symmetric_hfl4_2_1.pdf Graphic file (type pdf)

<use symmetric_hfl4_2_1.pdf>) (./symmetric_hfl6_2_2.tex
<symmetric_hfl6_2_2.pdf, id=1176, 361.35pt x 252.945pt>
File: symmetric_hfl6_2_2.pdf Graphic file (type pdf)

<use symmetric_hfl6_2_2.pdf>) (./nuclearmatterl_4_2_1.tex
<nuclearmatterl_4_2_1.pdf, id=1177, 361.35pt x 252.945pt>
File: nuclearmatterl_4_2_1.pdf Graphic file (type pdf)

<use nuclearmatterl_4_2_1.pdf>) (./firstpureneutron_l4.tex
<firstpureneutron_l4.pdf, id=1178, 361.35pt x 252.945pt>
File: firstpureneutron_l4.pdf Graphic file (type pdf)

<use firstpureneutron_l4.pdf>) (./firstpureneutron_l6.tex
<firstpureneutron_l6.pdf, id=1179, 361.35pt x 252.945pt>
File: firstpureneutron_l6.pdf Graphic file (type pdf)

<use firstpureneutron_l6.pdf>) (./neutronmatterl_4.tex
<neutronmatterl_4.pdf, id=1180, 361.35pt x 252.945pt>
File: neutronmatterl_4.pdf Graphic file (type pdf)

<use neutronmatterl_4.pdf>)
Underfull \hbox (badness 10000) in paragraph at lines 110--231

 []


Underfull \hbox (badness 10000) in paragraph at lines 110--231

 []


Underfull \hbox (badness 10000) in paragraph at lines 110--231

 []


Underfull \hbox (badness 10000) in paragraph at lines 110--231

 []


Underfull \hbox (badness 10000) in paragraph at lines 110--231

 []

)
Underfull \hbox (badness 10000) in paragraph at lines 236--148

 []


Underfull \hbox (badness 10000) in paragraph at lines 236--148

 []


Package Fancyhdr Warning: \headheight is too small (13.5pt): 
 Make it at least 14.49998pt.
 We now make it that large for the rest of the document.
 This may cause the page layout to be inconsistent, however.

[84

]

Package Fancyhdr Warning: \headheight is too small (13.5pt): 
 Make it at least 14.49998pt.
 We now make it that large for the rest of the document.
 This may cause the page layout to be inconsistent, however.

[85 <./symmetric_hfl4_2_1.pdf>]
Underfull \vbox (badness 7433) has occurred while \output is active []



Package Fancyhdr Warning: \headheight is too small (13.5pt): 
 Make it at least 14.49998pt.
 We now make it that large for the rest of the document.
 This may cause the page layout to be inconsistent, however.

[86 <./symmetric_hfl6_2_2.pdf>]

Package Fancyhdr Warning: \headheight is too small (13.5pt): 
 Make it at least 14.49998pt.
 We now make it that large for the rest of the document.
 This may cause the page layout to be inconsistent, however.

[87 <./nuclearmatterl_4_2_1.pdf>]

Package Fancyhdr Warning: \headheight is too small (13.5pt): 
 Make it at least 14.49998pt.
 We now make it that large for the rest of the document.
 This may cause the page layout to be inconsistent, however.

[88 <./firstpureneutron_l4.pdf>]

Package Fancyhdr Warning: \headheight is too small (13.5pt): 
 Make it at least 14.49998pt.
 We now make it that large for the rest of the document.
 This may cause the page layout to be inconsistent, however.

[89 <./firstpureneutron_l6.pdf>]

Package Fancyhdr Warning: \headheight is too small (13.5pt): 
 Make it at least 14.49998pt.
 We now make it that large for the rest of the document.
 This may cause the page layout to be inconsistent, however.

[90 <./neutronmatterl_4.pdf>]
\openout2 = `appendixA.aux'.

 (./appendixA.tex
Appendix A.
) [91






] [92


]
\openout2 = `appendixB.aux'.

 (./appendixB.tex
Appendix B.

Underfull \hbox (badness 10000) in paragraph at lines 3--19

 []

[93


]
Underfull \hbox (badness 10000) in paragraph at lines 41--44

 []


Package Fancyhdr Warning: \headheight is too small (13.5pt): 
 Make it at least 14.49998pt.
 We now make it that large for the rest of the document.
 This may cause the page layout to be inconsistent, however.

[94]
Underfull \hbox (badness 10000) in paragraph at lines 88--92

 []

)

Package Fancyhdr Warning: \headheight is too small (13.5pt): 
 Make it at least 14.49998pt.
 We now make it that large for the rest of the document.
 This may cause the page layout to be inconsistent, however.

[95] [96


]
\openout2 = `appendixC.aux'.

 (./appendixC.tex
Appendix C.

Package hyperref Warning: Token not allowed in a PDFDocEncoded string,
(hyperref)                removing `math shift' on input line 1.


Package hyperref Warning: Token not allowed in a PDFDocEncoded string,
(hyperref)                removing `math shift' on input line 1.


Underfull \hbox (badness 10000) in paragraph at lines 4--11

 []


Overfull \hbox (10.39342pt too wide) in paragraph at lines 4--11
\OT1/ptm/m/n/12 We want to cal-cu-late the nu-clear mat-ter ground state en-erg
y by us-ing the non-relativistic
 []


Underfull \hbox (badness 10000) in paragraph at lines 23--39

 []

[97


]
Underfull \hbox (badness 10000) in paragraph at lines 48--54

 []

)

Package Fancyhdr Warning: \headheight is too small (13.5pt): 
 Make it at least 14.49998pt.
 We now make it that large for the rest of the document.
 This may cause the page layout to be inconsistent, however.

[98]
\openout2 = `appendixD.aux'.

 (./appendixD.tex
Appendix D.

Package amsmath Warning: Foreign command \over;
(amsmath)                \frac or \genfrac should be used instead
(amsmath)                 on input line 8.


Underfull \hbox (badness 10000) in paragraph at lines 17--37

 []

[99




])

Package Fancyhdr Warning: \headheight is too small (13.5pt): 
 Make it at least 14.49998pt.
 We now make it that large for the rest of the document.
 This may cause the page layout to be inconsistent, however.

[100] (./infinitematter.bbl [101



]
Underfull \hbox (badness 7740) in paragraph at lines 95--99
[]\OT1/ptm/m/n/12 S. Scherer and M. R. Schindler,  A chi-ral per-tur-ba-tion th
e-ory
 []


Package Fancyhdr Warning: \headheight is too small (13.5pt): 
 Make it at least 14.49998pt.
 We now make it that large for the rest of the document.
 This may cause the page layout to be inconsistent, however.

[102]
Underfull \hbox (badness 10000) in paragraph at lines 186--191
\OT1/cmtt/m/n/12 studier / emner / matnat / fys / FYS3150 / h07 / undervisnings
materiale /
 []

)

Package Fancyhdr Warning: \headheight is too small (13.5pt): 
 Make it at least 14.49998pt.
 We now make it that large for the rest of the document.
 This may cause the page layout to be inconsistent, however.

[103] (./infinitematter.aux (./frontpage.aux) (./acknowledgement.aux)
(./notations.aux) (./introduction.aux) (./chapter2.aux) (./chapter3.aux)
(./chapter4.aux) (./chapter5.aux) (./chapter6.aux) (./chapter7.aux)
(./chapter8.aux) (./chapter9.aux) (./appendixA.aux) (./appendixB.aux)
(./appendixC.aux) (./appendixD.aux)) ) 
Here is how much of TeX's memory you used:
 5969 strings out of 95086
 75367 string characters out of 1183255
 157045 words of memory out of 1500000
 8431 multiletter control sequences out of 10000+50000
 45295 words of font info for 109 fonts, out of 1200000 for 2000
 28 hyphenation exceptions out of 8191
 31i,23n,49p,638b,511s stack positions out of 5000i,500n,6000p,200000b,5000s
{/usr/share/texmf-texlive/fonts/enc/dvips
/base/8r.enc}</usr/share/texmf-texlive/fonts/type1/bluesky/cm/cmbx12.pfb></usr/
share/texmf-texlive/fonts/type1/bluesky/cm/cmbx6.pfb></usr/share/texmf-texlive/
fonts/type1/bluesky/cm/cmbx8.pfb></usr/share/texmf-texlive/fonts/type1/bluesky/
cm/cmex10.pfb></usr/share/texmf-texlive/fonts/type1/bluesky/cm/cmmi10.pfb></usr
/share/texmf-texlive/fonts/type1/bluesky/cm/cmmi12.pfb></usr/share/texmf-texliv
e/fonts/type1/bluesky/cm/cmmi6.pfb></usr/share/texmf-texlive/fonts/type1/bluesk
y/cm/cmmi8.pfb></usr/share/texmf-texlive/fonts/type1/bluesky/cm/cmmib10.pfb></u
sr/share/texmf-texlive/fonts/type1/bluesky/cm/cmr10.pfb></usr/share/texmf-texli
ve/fonts/type1/bluesky/cm/cmr12.pfb></usr/share/texmf-texlive/fonts/type1/blues
ky/cm/cmr6.pfb></usr/share/texmf-texlive/fonts/type1/bluesky/cm/cmr8.pfb></usr/
share/texmf-texlive/fonts/type1/bluesky/cm/cmsy10.pfb></usr/share/texmf-texlive
/fonts/type1/bluesky/cm/cmsy6.pfb></usr/share/texmf-texlive/fonts/type1/bluesky
/cm/cmsy7.pfb></usr/share/texmf-texlive/fonts/type1/bluesky/cm/cmsy8.pfb></usr/
share/texmf-texlive/fonts/type1/bluesky/cm/cmtt12.pfb></usr/share/texmf-texlive
/fonts/type1/public/cmex/fmex8.pfb></usr/share/texmf-texlive/fonts/type1/bluesk
y/ams/msbm10.pfb></usr/share/texmf-texlive/fonts/type1/urw/times/utmb8a.pfb></u
sr/share/texmf-texlive/fonts/type1/urw/times/utmb8a.pfb></usr/share/texmf-texli
ve/fonts/type1/urw/times/utmbi8a.pfb></usr/share/texmf-texlive/fonts/type1/urw/
times/utmr8a.pfb></usr/share/texmf-texlive/fonts/type1/urw/times/utmr8a.pfb></u
sr/share/texmf-texlive/fonts/type1/urw/times/utmri8a.pfb>
Output written on infinitematter.pdf (103 pages, 691588 bytes).
PDF statistics:
 1489 PDF objects out of 1728 (max. 8388607)
 423 named destinations out of 1000 (max. 131072)
 459 words of extra memory for PDF output out of 10000 (max. 10000000)

