This is pdfTeX, Version 3.1415926-1.40.10 (TeX Live 2009/Debian) (format=pdflatex 2012.7.24)  2 MAR 2013 02:38
entering extended mode
 %&-line parsing enabled.
**thesis_srg.tex
(./thesis_srg.tex
LaTeX2e <2009/09/24>
Babel <v3.8l> and hyphenation patterns for english, usenglishmax, dumylang, noh
yphenation, loaded.
(/usr/share/texmf-texlive/tex/latex/base/report.cls
Document Class: report 2007/10/19 v1.4h Standard LaTeX document class
(/usr/share/texmf-texlive/tex/latex/base/size11.clo
File: size11.clo 2007/10/19 v1.4h Standard LaTeX file (size option)
)
\c@part=\count79
\c@chapter=\count80
\c@section=\count81
\c@subsection=\count82
\c@subsubsection=\count83
\c@paragraph=\count84
\c@subparagraph=\count85
\c@figure=\count86
\c@table=\count87
\abovecaptionskip=\skip41
\belowcaptionskip=\skip42
\bibindent=\dimen102
)
(/usr/share/texmf-texlive/tex/latex/listings/listings.sty
(/usr/share/texmf-texlive/tex/latex/graphics/keyval.sty
Package: keyval 1999/03/16 v1.13 key=value parser (DPC)
\KV@toks@=\toks14
)
\lst@mode=\count88
\lst@gtempboxa=\box26
\lst@token=\toks15
\lst@length=\count89
\lst@currlwidth=\dimen103
\lst@column=\count90
\lst@pos=\count91
\lst@lostspace=\dimen104
\lst@width=\dimen105
\lst@newlines=\count92
\lst@lineno=\count93
\lst@maxwidth=\dimen106

(/usr/share/texmf-texlive/tex/latex/listings/lstmisc.sty
File: lstmisc.sty 2007/02/22 1.4 (Carsten Heinz)
\c@lstnumber=\count94
\lst@skipnumbers=\count95
\lst@framebox=\box27
)
(/usr/share/texmf-texlive/tex/latex/listings/listings.cfg
File: listings.cfg 2007/02/22 1.4 listings configuration
))
Package: listings 2007/02/22 1.4 (Carsten Heinz)

(/usr/share/texmf-texlive/tex/latex/graphics/graphicx.sty
Package: graphicx 1999/02/16 v1.0f Enhanced LaTeX Graphics (DPC,SPQR)

(/usr/share/texmf-texlive/tex/latex/graphics/graphics.sty
Package: graphics 2009/02/05 v1.0o Standard LaTeX Graphics (DPC,SPQR)

(/usr/share/texmf-texlive/tex/latex/graphics/trig.sty
Package: trig 1999/03/16 v1.09 sin cos tan (DPC)
)
(/etc/texmf/tex/latex/config/graphics.cfg
File: graphics.cfg 2009/08/28 v1.8 graphics configuration of TeX Live
)
Package graphics Info: Driver file: pdftex.def on input line 91.

(/usr/share/texmf-texlive/tex/latex/pdftex-def/pdftex.def
File: pdftex.def 2010/03/12 v0.04p Graphics/color for pdfTeX
\Gread@gobject=\count96
))
\Gin@req@height=\dimen107
\Gin@req@width=\dimen108
)
(/usr/share/texmf-texlive/tex/latex/ltxmisc/a4wide.sty
Package: a4wide 1994/08/30

(/usr/share/texmf-texlive/tex/latex/ntgclass/a4.sty
Package: a4 2004/04/15 v1.2g A4 based page layout
))
(/usr/share/texmf-texlive/tex/latex/graphics/color.sty
Package: color 2005/11/14 v1.0j Standard LaTeX Color (DPC)

(/etc/texmf/tex/latex/config/color.cfg
File: color.cfg 2007/01/18 v1.5 color configuration of teTeX/TeXLive
)
Package color Info: Driver file: pdftex.def on input line 130.
)
(/usr/share/texmf/tex/latex/xcolor/xcolor.sty
Package: xcolor 2007/01/21 v2.11 LaTeX color extensions (UK)

(/etc/texmf/tex/latex/config/color.cfg
File: color.cfg 2007/01/18 v1.5 color configuration of teTeX/TeXLive
)
Package xcolor Info: Driver file: pdftex.def on input line 225.
LaTeX Info: Redefining \color on input line 702.
Package xcolor Info: Model `cmy' substituted by `cmy0' on input line 1337.
Package xcolor Info: Model `hsb' substituted by `rgb' on input line 1341.
Package xcolor Info: Model `RGB' extended on input line 1353.
Package xcolor Info: Model `HTML' substituted by `rgb' on input line 1355.
Package xcolor Info: Model `Hsb' substituted by `hsb' on input line 1356.
Package xcolor Info: Model `tHsb' substituted by `hsb' on input line 1357.
Package xcolor Info: Model `HSB' substituted by `hsb' on input line 1358.
Package xcolor Info: Model `Gray' substituted by `gray' on input line 1359.
Package xcolor Info: Model `wave' substituted by `hsb' on input line 1360.
)
(/usr/share/texmf-texlive/tex/latex/amsmath/amsmath.sty
Package: amsmath 2000/07/18 v2.13 AMS math features
\@mathmargin=\skip43

For additional information on amsmath, use the `?' option.
(/usr/share/texmf-texlive/tex/latex/amsmath/amstext.sty
Package: amstext 2000/06/29 v2.01

(/usr/share/texmf-texlive/tex/latex/amsmath/amsgen.sty
File: amsgen.sty 1999/11/30 v2.0
\@emptytoks=\toks16
\ex@=\dimen109
))
(/usr/share/texmf-texlive/tex/latex/amsmath/amsbsy.sty
Package: amsbsy 1999/11/29 v1.2d
\pmbraise@=\dimen110
)
(/usr/share/texmf-texlive/tex/latex/amsmath/amsopn.sty
Package: amsopn 1999/12/14 v2.01 operator names
)
\inf@bad=\count97
LaTeX Info: Redefining \frac on input line 211.
\uproot@=\count98
\leftroot@=\count99
LaTeX Info: Redefining \overline on input line 307.
\classnum@=\count100
\DOTSCASE@=\count101
LaTeX Info: Redefining \ldots on input line 379.
LaTeX Info: Redefining \dots on input line 382.
LaTeX Info: Redefining \cdots on input line 467.
\Mathstrutbox@=\box28
\strutbox@=\box29
\big@size=\dimen111
LaTeX Font Info:    Redeclaring font encoding OML on input line 567.
LaTeX Font Info:    Redeclaring font encoding OMS on input line 568.
\macc@depth=\count102
\c@MaxMatrixCols=\count103
\dotsspace@=\muskip10
\c@parentequation=\count104
\dspbrk@lvl=\count105
\tag@help=\toks17
\row@=\count106
\column@=\count107
\maxfields@=\count108
\andhelp@=\toks18
\eqnshift@=\dimen112
\alignsep@=\dimen113
\tagshift@=\dimen114
\tagwidth@=\dimen115
\totwidth@=\dimen116
\lineht@=\dimen117
\@envbody=\toks19
\multlinegap=\skip44
\multlinetaggap=\skip45
\mathdisplay@stack=\toks20
LaTeX Info: Redefining \[ on input line 2666.
LaTeX Info: Redefining \] on input line 2667.
)
(/usr/share/texmf-texlive/tex/latex/amsfonts/amssymb.sty
Package: amssymb 2009/06/22 v3.00

(/usr/share/texmf-texlive/tex/latex/amsfonts/amsfonts.sty
Package: amsfonts 2009/06/22 v3.00 Basic AMSFonts support
\symAMSa=\mathgroup4
\symAMSb=\mathgroup5
LaTeX Font Info:    Overwriting math alphabet `\mathfrak' in version `bold'
(Font)                  U/euf/m/n --> U/euf/b/n on input line 96.
))
(/usr/share/texmf-texlive/tex/latex/base/fontenc.sty
Package: fontenc 2005/09/27 v1.99g Standard LaTeX package

(/usr/share/texmf-texlive/tex/latex/base/t1enc.def
File: t1enc.def 2005/09/27 v1.99g Standard LaTeX file
LaTeX Font Info:    Redeclaring font encoding T1 on input line 43.
))
(/usr/share/texmf-texlive/tex/latex/cite/cite.sty
LaTeX Info: Redefining \cite on input line 285.
LaTeX Info: Redefining \nocite on input line 356.
Package: cite 2009/08/29  v 5.2
)
(/usr/share/texmf-texlive/tex/latex/ltxmisc/parskip.sty
Package: parskip 2001/04/09 non-zero parskip adjustments
)
(/usr/share/texmf-texlive/tex/generic/epsf/epsf.sty
This is `epsf.tex' v2.7.3 <23 July 2005>
\epsffilein=\read1
\epsfframemargin=\dimen118
\epsfframethickness=\dimen119
\epsfrsize=\dimen120
\epsftmp=\dimen121
\epsftsize=\dimen122
\epsfxsize=\dimen123
\epsfysize=\dimen124
\pspoints=\dimen125
) (/usr/share/texmf-texlive/tex/latex/subfigure/subfigure.sty
Package: subfigure 2002/03/15 v2.1.5 subfigure package
\subfigtopskip=\skip46
\subfigcapskip=\skip47
\subfigcaptopadj=\dimen126
\subfigbottomskip=\skip48
\subfigcapmargin=\dimen127
\subfiglabelskip=\skip49
\c@subfigure=\count109
\c@lofdepth=\count110
\c@subtable=\count111
\c@lotdepth=\count112

****************************************
* Local config file subfigure.cfg used *
****************************************
(/usr/share/texmf-texlive/tex/latex/subfigure/subfigure.cfg)
\subfig@top=\skip50
\subfig@bottom=\skip51
)
(/usr/share/texmf-texlive/tex/latex/ltxmisc/framed.sty
Package: framed 2007/10/04 v 0.95: framed or shaded text with page breaks
\fb@frw=\dimen128
\fb@frh=\dimen129
\FrameRule=\dimen130
\FrameSep=\dimen131
)
(/usr/share/texmf-texlive/tex/latex/multirow/multirow.sty
\bigstrutjot=\dimen132
)
(/usr/share/texmf-texlive/tex/latex/simplewick/simplewick.sty
Package: simplewick 2007/11/23 v1.2a

Package: simplewick v1.2a (2007/11/23)
\swb@xone=\box30
\swb@xtwo=\box31
\swb@xthree=\box32
\swb@xfour=\box33
\swdimen@ne=\dimen133
\swdimentw@=\dimen134
) (/usr/share/texmf-texlive/tex/latex/appendix/appendix.sty
Package: appendix 2009/09/02 v1.2b extra appendix facilities
\c@@pps=\count113
\c@@ppsavesec=\count114
\c@@ppsaveapp=\count115
)
(/usr/share/texmf-texlive/tex/latex/listings/lstlang1.sty
File: lstlang1.sty 2004/09/05 1.3 listings language file
)
(/usr/share/texmf-texlive/tex/latex/listings/lstlang1.sty
File: lstlang1.sty 2004/09/05 1.3 listings language file
)
(/usr/share/texmf-texlive/tex/latex/listings/lstmisc.sty
File: lstmisc.sty 2007/02/22 1.4 (Carsten Heinz)
)

LaTeX Warning: Unused global option(s):
    [a4wide].

(./thesis_srg.aux

LaTeX Warning: Label `eq:th5' multiply defined.


LaTeX Warning: Label `eq:th15' multiply defined.


LaTeX Warning: Label `sec:HO' multiply defined.


LaTeX Warning: Label `tab:nonint' multiply defined.

)
\openout1 = `thesis_srg.aux'.

LaTeX Font Info:    Checking defaults for OML/cmm/m/it on input line 67.
LaTeX Font Info:    ... okay on input line 67.
LaTeX Font Info:    Checking defaults for T1/cmr/m/n on input line 67.
LaTeX Font Info:    ... okay on input line 67.
LaTeX Font Info:    Checking defaults for OT1/cmr/m/n on input line 67.
LaTeX Font Info:    ... okay on input line 67.
LaTeX Font Info:    Checking defaults for OMS/cmsy/m/n on input line 67.
LaTeX Font Info:    ... okay on input line 67.
LaTeX Font Info:    Checking defaults for OMX/cmex/m/n on input line 67.
LaTeX Font Info:    ... okay on input line 67.
LaTeX Font Info:    Checking defaults for U/cmr/m/n on input line 67.
LaTeX Font Info:    ... okay on input line 67.
\c@lstlisting=\count116
 (/usr/share/texmf-texlive/tex/context/base/supp-pdf.mkii
[Loading MPS to PDF converter (version 2006.09.02).]
\scratchcounter=\count117
\scratchdimen=\dimen135
\scratchbox=\box34
\nofMPsegments=\count118
\nofMParguments=\count119
\everyMPshowfont=\toks21
\MPscratchCnt=\count120
\MPscratchDim=\dimen136
\MPnumerator=\count121
\everyMPtoPDFconversion=\toks22
) (../chapters/other/frontpage.tex
<../Plots/uiologo.pdf, id=1, 464.73625pt x 475.7775pt>
File: ../Plots/uiologo.pdf Graphic file (type pdf)

<use ../Plots/uiologo.pdf> [1

{/var/lib/texmf/fonts/map/pdftex/updmap/pdftex.map} <../Plots/uiologo.pdf>]) (.
./chapters/other/abstract.tex [1]) [2

] [3]
[4

] (./thesis_srg.toc
LaTeX Font Info:    Try loading font information for U+msa on input line 4.
 (/usr/share/texmf-texlive/tex/latex/amsfonts/umsa.fd
File: umsa.fd 2009/06/22 v3.00 AMS symbols A
)
LaTeX Font Info:    Try loading font information for U+msb on input line 4.

(/usr/share/texmf-texlive/tex/latex/amsfonts/umsb.fd
File: umsb.fd 2009/06/22 v3.00 AMS symbols B
) [5] [6])
\tf@toc=\write3
\openout3 = `thesis_srg.toc'.

 [7] [8

]
Chapter 1.
[9] [10

] [11] [12] (../chapters/chapter2/theory.tex
Chapter 2.
[13

] [14]
LaTeX Font Info:    Try loading font information for OMS+cmr on input line 99.
 (/usr/share/texmf-texlive/tex/latex/base/omscmr.fd
File: omscmr.fd 1999/05/25 v2.5h Standard LaTeX font definitions
)
LaTeX Font Info:    Font shape `OMS/cmr/m/n' in size <10.95> not available
(Font)              Font shape `OMS/cmsy/m/n' tried instead on input line 99.
 [15] [16]
[17] [18] [19] [20] [21] [22] [23] [24] [25])
(../chapters/chapter3/manybody.tex [26]
Chapter 3.
[27

] [28] [29] [30] [31] [32] [33] [34] [35] [36] [37] [38] [39])
(../chapters/chapter4/ODEs.tex [40]
Chapter 4.
[41

] [42] [43] [44] [45]) (../chapters/chapter5/qdots.tex [46]
Chapter 5.
[47

] <../Plots/shellstructure1.pdf, id=189, 648.4225pt x 494.84875pt>
File: ../Plots/shellstructure1.pdf Graphic file (type pdf)

<use ../Plots/shellstructure1.pdf> [48] [49 <../Plots/shellstructure1.pdf>]
[50] [51]) [52] [53

] [54]
Chapter 6.
(../chapters/chapter6/SRG.tex [55

] [56] [57] [58])
(../chapters/chapter6/Free-spaceSRG.tex
Overfull \hbox (18.13557pt too wide) in paragraph at lines 23--25
\T1/cmr/m/n/10.95 rewrite this equa-tion in the space of rel-a-tive mo-men-tum 
$\OML/cmm/m/it/10.95 k$ \T1/cmr/m/n/10.95 ( with nor-mal-iza-tion $\OT1/cmr/m/n
/10.95 1 = [] [][] \OMS/cmsy/m/n/10.95 j\OML/cmm/m/it/10.95 q\OMS/cmsy/m/n/10.9
5 i\OML/cmm/m/it/10.95 q[]dq\OMS/cmsy/m/n/10.95 h\OML/cmm/m/it/10.95 q\OMS/cmsy
/m/n/10.95 j$
 []

[59]) (../chapters/chapter6/IM-SRGGeneral.tex [60] [61]
Underfull \vbox (badness 3590) has occurred while \output is active []

 [62]
Overfull \hbox (32.04312pt too wide) in paragraph at lines 92--92
[] 
 []


Overfull \hbox (51.91208pt too wide) in paragraph at lines 108--108
[] 
 []


Underfull \vbox (badness 10000) has occurred while \output is active []

 [63])
(../chapters/chapter6/IM-SRG-2.tex
Underfull \vbox (badness 10000) has occurred while \output is active []

 [64]
[65] [66] [67] [68]) [69] [70

]
Chapter 7.
(../chapters/chapter7/HartreeFock.tex [71] [72]) (../chapters/chapter7/DMC.tex
[73] [74] [75] [76] [77] [78]
Missing character: There is no â in font cmr10!
Missing character: There is no € in font cmr10!
Missing character: There is no ¢ in font cmr10!
Missing character: There is no â in font cmr10!
Missing character: There is no € in font cmr10!
Missing character: There is no ¢ in font cmr10!
Missing character: There is no â in font cmr10!
Missing character: There is no € in font cmr10!
Missing character: There is no ¢ in font cmr10!
Missing character: There is no â in font cmr10!
Missing character: There is no € in font cmr10!
Missing character: There is no ¢ in font cmr10!
 [79]
Missing character: There is no â in font cmr8!
Missing character: There is no € in font cmr8!
Missing character: There is no ¢ in font cmr8!
 [80] [81] [82]) [83] [84

] [85] [86]
Chapter 8.
(../chapters/chapter8/ObjOr.tex
LaTeX Font Info:    Try loading font information for T1+cmtt on input line 2.

(/usr/share/texmf-texlive/tex/latex/base/t1cmtt.fd
File: t1cmtt.fd 1999/05/25 v2.5h Standard LaTeX font definitions
)
Underfull \vbox (badness 4291) has occurred while \output is active []

 [87

]
LaTeX Font Info:    Font shape `OMS/cmr/m/n' in size <9> not available
(Font)              Font shape `OMS/cmsy/m/n' tried instead on input line 40.

[88] [89]) (../chapters/chapter8/StrucCode.tex [90] [91]
<../Plots/classSystem.pdf, id=344, 501.875pt x 365.00366pt>
File: ../Plots/classSystem.pdf Graphic file (type pdf)

<use ../Plots/classSystem.pdf> [92 <../Plots/classSystem.pdf>] [93])
(../chapters/chapter8/FreeSpaceSystem.tex
Underfull \vbox (badness 10000) has occurred while \output is active []

 [94]
Underfull \vbox (badness 1043) has occurred while \output is active []

 [95]
[96] [97] [98] [99]
Overfull \hbox (18.45343pt too wide) in paragraph at lines 168--173
\T1/cmr/m/n/10.95 the C[]\T1/cmtt/m/n/10.95 ++ \T1/cmr/m/n/10.95 class \T1/cmr/
m/it/10.95 bit-set\T1/cmr/m/n/10.95 . If not, no fur-ther cal-cu-la-tions are n
ec-es-sary since $\OML/cmm/m/it/10.95 a[]\OMS/cmsy/m/n/10.95 j\OT1/cmr/m/n/10.9
5 ^^H\OMS/cmsy/m/n/10.95 i \OT1/cmr/m/n/10.95 = \OML/cmm/m/it/10.95 a[]a[]a[] [
] a[]\OMS/cmsy/m/n/10.95 j\OT1/cmr/m/n/10.95 0\OMS/cmsy/m/n/10.95 i \OT1/cmr/m/
n/10.95 =
 []

[100]
Underfull \hbox (badness 10000) in paragraph at lines 188--189

 []

[101]

LaTeX Warning: Citation `DBLP:confifip/Krogh68' on page 102 undefined on input 
line 233.

[102] [103]
Underfull \vbox (badness 3525) has occurred while \output is active []

 [104]
[105] [106]) (../chapters/chapter8/ImMediumSystem.tex [107] [108] [109]
[110] [111]
Underfull \hbox (badness 10000) in paragraph at lines 189--190

 []

[112]

LaTeX Warning: Float too large for page by 23.7412pt on input line 279.

<../Plots/classSRG.pdf, id=420, 501.875pt x 313.67188pt>
File: ../Plots/classSRG.pdf Graphic file (type pdf)

<use ../Plots/classSRG.pdf> [113 <../Plots/classSRG.pdf>] [114] [115] [116]
[117] [118] [119] [120] [121]
Underfull \vbox (badness 5050) has occurred while \output is active []

 [122]
[123]) (../chapters/chapter8/ImplHF.tex [124] [125] [126]
<../Plots/sparsity.pdf, id=471, 652.23674pt x 442.65375pt>
File: ../Plots/sparsity.pdf Graphic file (type pdf)

<use ../Plots/sparsity.pdf> [127 <../Plots/sparsity.pdf>] [128])
(../chapters/chapter8/ImplDMC.tex [129] [130] [131] [132] [133] [134] [135]
[136] [137] [138] [139]) [140]
Chapter 9.
(../chapters/chapter9/Res-FreeSpace.tex [141

]
Overfull \hbox (11.96204pt too wide) detected at line 46
\OML/cmm/m/it/8 H \OT1/cmr/m/n/8 =  []
 []

[142]
Underfull \hbox (badness 10000) in paragraph at lines 68--69

 []

[143] [144] <../Plots/convComp.pdf, id=566, 1178.90437pt x 641.39626pt>
File: ../Plots/convComp.pdf Graphic file (type pdf)

<use ../Plots/convComp.pdf>
Overfull \hbox (52.48271pt too wide) in paragraph at lines 176--177
 [] 
 []

<../Plots/etaComp.pdf, id=568, 653.14014pt x 442.65375pt>
File: ../Plots/etaComp.pdf Graphic file (type pdf)

<use ../Plots/etaComp.pdf>
<../Plots/etaComp2.pdf, id=570, 654.04347pt x 442.65375pt>
File: ../Plots/etaComp2.pdf Graphic file (type pdf)

<use ../Plots/etaComp2.pdf>
<../Plots/Hstart.pdf, id=572, 587.19376pt x 442.65375pt>
File: ../Plots/Hstart.pdf Graphic file (type pdf)

<use ../Plots/Hstart.pdf> <../Plots/H4.pdf, id=574, 587.19376pt x 442.65375pt>
File: ../Plots/H4.pdf Graphic file (type pdf)

<use ../Plots/H4.pdf> <../Plots/H3.pdf, id=576, 587.19376pt x 442.65375pt>
File: ../Plots/H3.pdf Graphic file (type pdf)

<use ../Plots/H3.pdf> <../Plots/H2.pdf, id=578, 587.19376pt x 442.65375pt>
File: ../Plots/H2.pdf Graphic file (type pdf)

<use ../Plots/H2.pdf> <../Plots/H1.pdf, id=580, 587.19376pt x 442.65375pt>
File: ../Plots/H1.pdf Graphic file (type pdf)

<use ../Plots/H1.pdf> <../Plots/H01.pdf, id=582, 587.19376pt x 442.65375pt>
File: ../Plots/H01.pdf Graphic file (type pdf)

<use ../Plots/H01.pdf>
<../Plots/energy1.pdf, id=584, 651.3334pt x 442.65375pt>
File: ../Plots/energy1.pdf Graphic file (type pdf)

<use ../Plots/energy1.pdf> [145] [146 <../Plots/convComp.pdf> <../Plots/etaComp
.pdf> <../Plots/etaComp2.pdf>] [147 <../Plots/Hstart.pdf> <../Plots/H4.pdf> <..
/Plots/H3.pdf> <../Plots/H2.pdf> <../Plots/H1.pdf> <../Plots/H01.pdf>] [148 <..
/Plots/energy1.pdf>]
<../Plots/HamiltonPlotOrdered.pdf, id=950, 587.19376pt x 442.65375pt>
File: ../Plots/HamiltonPlotOrdered.pdf Graphic file (type pdf)

<use ../Plots/HamiltonPlotOrdered.pdf> [149 <../Plots/HamiltonPlotOrdered.pdf>]
<../Plots/EffInt1.pdf, id=983, 443.6575pt x 398.48875pt>
File: ../Plots/EffInt1.pdf Graphic file (type pdf)

<use ../Plots/EffInt1.pdf> [150] [151 <../Plots/EffInt1.pdf>] [152]
<../Plots/stdeff.pdf, id=1001, 650.43pt x 442.65375pt>
File: ../Plots/stdeff.pdf Graphic file (type pdf)

<use ../Plots/stdeff.pdf> [153 <../Plots/stdeff.pdf>]
<../Plots/HOHF.pdf, id=1056, 648.62326pt x 442.65375pt>
File: ../Plots/HOHF.pdf Graphic file (type pdf)

<use ../Plots/HOHF.pdf> [154]
Underfull \hbox (badness 10000) in paragraph at lines 519--520

 []

<../Plots/time1.pdf, id=1061, 651.3334pt x 442.65375pt>
File: ../Plots/time1.pdf Graphic file (type pdf)

<use ../Plots/time1.pdf>) (../chapters/chapter9/REs-InMedium.tex [155 <../Plots
/HOHF.pdf>] [156 <../Plots/time1.pdf>] [157]
<../Plots/imsrg23.pdf, id=1156, 653.14014pt x 442.65375pt>
File: ../Plots/imsrg23.pdf Graphic file (type pdf)

<use ../Plots/imsrg23.pdf> [158] [159 <../Plots/imsrg23.pdf>]
<../Plots/convergence00.pdf, id=1211, 1178.90437pt x 641.39626pt>
File: ../Plots/convergence00.pdf Graphic file (type pdf)

<use ../Plots/convergence00.pdf>
Overfull \hbox (28.89966pt too wide) in paragraph at lines 122--123
 [] 
 []

[160] [161 <../Plots/convergence00.pdf>]
<../Plots/convergence01.pdf, id=1268, 1178.90437pt x 641.39626pt>
File: ../Plots/convergence01.pdf Graphic file (type pdf)

<use ../Plots/convergence01.pdf>
Overfull \hbox (28.89966pt too wide) in paragraph at lines 143--144
 [] 
 []

[162 <../Plots/convergence01.pdf>] [163]
Overfull \hbox (16.17986pt too wide) in paragraph at lines 213--233
 [] 
 []

<../Plots/convergence1.pdf, id=1331, 1178.90437pt x 641.39626pt>
File: ../Plots/convergence1.pdf Graphic file (type pdf)

<use ../Plots/convergence1.pdf>
Overfull \hbox (52.48271pt too wide) in paragraph at lines 240--241
 [] 
 []

[164] [165 <../Plots/convergence1.pdf>]
<../Plots/timeIMlambda.pdf, id=1395, 649.5266pt x 442.65375pt>
File: ../Plots/timeIMlambda.pdf Graphic file (type pdf)

<use ../Plots/timeIMlambda.pdf>

LaTeX Warning: Reference `list:1' on page 166 undefined on input line 335.

[166] [167 <../Plots/timeIMlambda.pdf>] [168]
<../Plots/timeWhiteWegner.pdf, id=1450, 1178.90437pt x 641.39626pt>
File: ../Plots/timeWhiteWegner.pdf Graphic file (type pdf)

<use ../Plots/timeWhiteWegner.pdf>
Overfull \hbox (52.48271pt too wide) in paragraph at lines 412--413
 [] 
 []

<../Plots/compWhiteWegner2.pdf, id=1452, 1178.90437pt x 641.39626pt>
File: ../Plots/compWhiteWegner2.pdf Graphic file (type pdf)

<use ../Plots/compWhiteWegner2.pdf>
Overfull \hbox (52.48271pt too wide) in paragraph at lines 420--421
 [] 
 []

<../Plots/compWhiteWegner6.pdf, id=1454, 1178.90437pt x 641.39626pt>
File: ../Plots/compWhiteWegner6.pdf Graphic file (type pdf)

<use ../Plots/compWhiteWegner6.pdf>
Overfull \hbox (52.48271pt too wide) in paragraph at lines 428--429
 [] 
 []

[169] [170 <../Plots/timeWhiteWegner.pdf>] [171 <../Plots/compWhiteWegner2.pdf>
] [172 <../Plots/compWhiteWegner6.pdf>]
Underfull \vbox (badness 10000) has occurred while \output is active []

 [173]
[174] <../Plots/compCCSDSRG.pdf, id=1643, 651.3334pt x 442.65375pt>
File: ../Plots/compCCSDSRG.pdf Graphic file (type pdf)

<use ../Plots/compCCSDSRG.pdf>
<../Plots/comp2partstd.pdf, id=1645, 650.43pt x 442.65375pt>
File: ../Plots/comp2partstd.pdf Graphic file (type pdf)

<use ../Plots/comp2partstd.pdf>
<../Plots/comp2parteff.pdf, id=1647, 648.62326pt x 442.65375pt>
File: ../Plots/comp2parteff.pdf Graphic file (type pdf)

<use ../Plots/comp2parteff.pdf>
<../Plots/comp6partstd.pdf, id=1649, 653.14014pt x 442.65375pt>
File: ../Plots/comp6partstd.pdf Graphic file (type pdf)

<use ../Plots/comp6partstd.pdf>
<../Plots/comp6parteff.pdf, id=1651, 654.04347pt x 442.65375pt>
File: ../Plots/comp6parteff.pdf Graphic file (type pdf)

<use ../Plots/comp6parteff.pdf>
<../Plots/comp12partstd.pdf, id=1653, 650.43pt x 442.65375pt>
File: ../Plots/comp12partstd.pdf Graphic file (type pdf)

<use ../Plots/comp12partstd.pdf>
<../Plots/comp12parteff.pdf, id=1655, 647.71986pt x 442.65375pt>
File: ../Plots/comp12parteff.pdf Graphic file (type pdf)

<use ../Plots/comp12parteff.pdf>
Overfull \hbox (2.64905pt too wide) in paragraph at lines 552--557
 [] 
 []


Overfull \hbox (5.41331pt too wide) in paragraph at lines 552--557
 [] 
 []


Overfull \hbox (2.34189pt too wide) in paragraph at lines 552--557
 [] 
 []

<../Plots/comp20partstd.pdf, id=1657, 651.3334pt x 442.65375pt>
File: ../Plots/comp20partstd.pdf Graphic file (type pdf)

<use ../Plots/comp20partstd.pdf>
<../Plots/comp20parteff.pdf, id=1659, 652.23674pt x 442.65375pt>
File: ../Plots/comp20parteff.pdf Graphic file (type pdf)

<use ../Plots/comp20parteff.pdf>
<../Plots/comp6partstd05.pdf, id=1661, 653.14014pt x 442.65375pt>
File: ../Plots/comp6partstd05.pdf Graphic file (type pdf)

<use ../Plots/comp6partstd05.pdf>
<../Plots/comp6parteff05.pdf, id=1663, 648.62326pt x 442.65375pt>
File: ../Plots/comp6parteff05.pdf Graphic file (type pdf)

<use ../Plots/comp6parteff05.pdf>
<../Plots/comp6partstd028.pdf, id=1665, 653.14014pt x 442.65375pt>
File: ../Plots/comp6partstd028.pdf Graphic file (type pdf)

<use ../Plots/comp6partstd028.pdf>
<../Plots/comp6parteff028.pdf, id=1667, 649.5266pt x 442.65375pt>
File: ../Plots/comp6parteff028.pdf Graphic file (type pdf)

<use ../Plots/comp6parteff028.pdf>
Overfull \hbox (4.18477pt too wide) in paragraph at lines 565--570
 [] 
 []


Overfull \hbox (3.57048pt too wide) in paragraph at lines 565--570
 [] 
 []


Overfull \hbox (3.8776pt too wide) in paragraph at lines 565--570
 [] 
 []

<../Plots/comp12partstd028.pdf, id=1669, 648.62326pt x 442.65375pt>
File: ../Plots/comp12partstd028.pdf Graphic file (type pdf)

<use ../Plots/comp12partstd028.pdf>
<../Plots/comp12parteff028.pdf, id=1671, 654.04347pt x 442.65375pt>
File: ../Plots/comp12parteff028.pdf Graphic file (type pdf)

<use ../Plots/comp12parteff028.pdf>
<../Plots/comp6partstd01.pdf, id=1673, 650.43pt x 442.65375pt>
File: ../Plots/comp6partstd01.pdf Graphic file (type pdf)

<use ../Plots/comp6partstd01.pdf>
<../Plots/comp6parteff01.pdf, id=1675, 649.5266pt x 442.65375pt>
File: ../Plots/comp6parteff01.pdf Graphic file (type pdf)

<use ../Plots/comp6parteff01.pdf>
Overfull \hbox (3.87761pt too wide) in paragraph at lines 578--581
 [] 
 []


Overfull \hbox (2.95616pt too wide) in paragraph at lines 578--581
 [] 
 []

) [175] [176 <../Plots/compCCSDSRG.pdf>] [177 <../Plots/comp2partstd.pdf> <../P
lots/comp2parteff.pdf> <../Plots/comp6partstd.pdf> <../Plots/comp6parteff.pdf> 
<../Plots/comp12partstd.pdf> <../Plots/comp12parteff.pdf>] [178 <../Plots/comp2
0partstd.pdf> <../Plots/comp20parteff.pdf> <../Plots/comp6partstd05.pdf> <../Pl
ots/comp6parteff05.pdf> <../Plots/comp6partstd028.pdf> <../Plots/comp6parteff02
8.pdf>] [179 <../Plots/comp12partstd028.pdf> <../Plots/comp12parteff028.pdf> <.
./Plots/comp6partstd01.pdf> <../Plots/comp6parteff01.pdf>] [180

]
Chapter 10.
(../chapters/appendix/appendix.tex [181] [182


]
Appendix A.
(../chapters/appendix/CommutationRelations.tex
Overfull \hbox (22.75848pt too wide) in paragraph at lines 30--30
[] 
 []

[183]
Underfull \vbox (badness 10000) has occurred while \output is active []

 [184]
Underfull \vbox (badness 10000) has occurred while \output is active []

 [185])
[186]
Appendix B.
(../chapters/appendix/Results.tex

LaTeX Warning: `!h' float specifier changed to `!ht'.

[187

] [188]

LaTeX Warning: `!h' float specifier changed to `!ht'.


LaTeX Warning: `!h' float specifier changed to `!ht'.

[189

] [190] [191] [192] [193] [194] [195] [196] [197] [198] [199]))
(./thesis_srg.bbl [200

]
** WARNING: IEEEtran.bst: No hyphenation pattern has been
** loaded for the language `German'. Using the pattern for
** the default language instead.
** WARNING: IEEEtran.bst: No hyphenation pattern has been
** loaded for the language `German'. Using the pattern for
** the default language instead.

Underfull \hbox (badness 1460) in paragraph at lines 66--70
[]\T1/cmr/m/n/10.95 W. Nolt-ing, \T1/cmr/m/it/10.95 Grund-kurs The-o-retis-che 
Physik 7: Viel-Teilchen-
 []

[201

]
** WARNING: IEEEtran.bst: No hyphenation pattern has been
** loaded for the language `English'. Using the pattern for
** the default language instead.
** WARNING: IEEEtran.bst: No hyphenation pattern has been
** loaded for the language `English'. Using the pattern for
** the default language instead.
[202] [203]
Underfull \hbox (badness 10000) in paragraph at lines 306--308
[]\T1/cmr/m/n/10.95 ``Armadillo, C++ lin-ear al-ge-bra li-brary,'' [On-line]. A
vail-able:
 []


Underfull \hbox (badness 1365) in paragraph at lines 315--318
[]\T1/cmr/m/n/10.95 F. Olsen, ``''Full Con-fig-u-ra-tion In-ter-ac-tion Sim-u-l
a-tion of Quan-tum Dots'','' Mas-
 []

) [204] (./thesis_srg.aux)

LaTeX Warning: There were undefined references.


LaTeX Warning: There were multiply-defined labels.

 ) 
Here is how much of TeX's memory you used:
 5511 strings out of 495061
 73350 string characters out of 1182621
 483118 words of memory out of 3000000
 8459 multiletter control sequences out of 15000+50000
 36668 words of font info for 93 fonts, out of 3000000 for 9000
 28 hyphenation exceptions out of 8191
 32i,22n,58p,1509b,1089s stack positions out of 5000i,500n,10000p,200000b,50000s
 </home/sa_rei/.texmf-var/fonts/pk/ljfour/jknappen/ec/ecti1000.600pk> </home/
sa_rei/.texmf-var/fonts/pk/ljfour/jknappen/ec/ecrm1000.600pk> </home/sa_rei/.te
xmf-var/fonts/pk/ljfour/jknappen/ec/ecbi1095.600pk> </home/sa_rei/.texmf-var/fo
nts/pk/ljfour/jknappen/ec/ecbi1200.600pk> </home/sa_rei/.texmf-var/fonts/pk/ljf
our/jknappen/ec/ecbx0900.600pk> </home/sa_rei/.texmf-var/fonts/pk/ljfour/jknapp
en/ec/ectt1095.600pk> </home/sa_rei/.texmf-var/fonts/pk/ljfour/jknappen/ec/ecti
0900.600pk> </home/sa_rei/.texmf-var/fonts/pk/ljfour/jknappen/ec/ecrm0900.600pk
> </home/sa_rei/.texmf-var/fonts/pk/ljfour/jknappen/ec/ecrm0600.600pk> </home/s
a_rei/.texmf-var/fonts/pk/ljfour/jknappen/ec/ecrm0800.600pk> </home/sa_rei/.tex
mf-var/fonts/pk/ljfour/jknappen/ec/ecbx2074.600pk> </home/sa_rei/.texmf-var/fon
ts/pk/ljfour/jknappen/ec/ecti1095.600pk> </home/sa_rei/.texmf-var/fonts/pk/ljfo
ur/jknappen/ec/ecsl1095.600pk> </home/sa_rei/.texmf-var/fonts/pk/ljfour/jknappe
n/ec/ecbx2488.600pk> </home/sa_rei/.texmf-var/fonts/pk/ljfour/jknappen/ec/ecbx1
095.600pk> </home/sa_rei/.texmf-var/fonts/pk/ljfour/jknappen/ec/ecrm1095.600pk>
 </home/sa_rei/.texmf-var/fonts/pk/ljfour/jknappen/ec/ecrm1200.600pk> </home/sa
_rei/.texmf-var/fonts/pk/ljfour/jknappen/ec/ecbx1200.600pk> </home/sa_rei/.texm
f-var/fonts/pk/ljfour/jknappen/ec/ecbx1440.600pk> </home/sa_rei/.texmf-var/font
s/pk/ljfour/jknappen/ec/ecrm1440.600pk> </home/sa_rei/.texmf-var/fonts/pk/ljfou
r/jknappen/ec/ecbx1728.600pk></usr/share/texmf-texlive/fonts/type1/public/amsfo
nts/cm/cmbx10.pfb></usr/share/texmf-texlive/fonts/type1/public/amsfonts/cm/cmbx
6.pfb></usr/share/texmf-texlive/fonts/type1/public/amsfonts/cm/cmbx8.pfb></usr/
share/texmf-texlive/fonts/type1/public/amsfonts/cm/cmex10.pfb></usr/share/texmf
-texlive/fonts/type1/public/amsfonts/cmextra/cmex8.pfb></usr/share/texmf-texliv
e/fonts/type1/public/amsfonts/cmextra/cmex9.pfb></usr/share/texmf-texlive/fonts
/type1/public/amsfonts/cm/cmmi10.pfb></usr/share/texmf-texlive/fonts/type1/publ
ic/amsfonts/cm/cmmi12.pfb></usr/share/texmf-texlive/fonts/type1/public/amsfonts
/cm/cmmi6.pfb></usr/share/texmf-texlive/fonts/type1/public/amsfonts/cm/cmmi8.pf
b></usr/share/texmf-texlive/fonts/type1/public/amsfonts/cm/cmmi9.pfb></usr/shar
e/texmf-texlive/fonts/type1/public/amsfonts/cm/cmr10.pfb></usr/share/texmf-texl
ive/fonts/type1/public/amsfonts/cm/cmr12.pfb></usr/share/texmf-texlive/fonts/ty
pe1/public/amsfonts/cm/cmr6.pfb></usr/share/texmf-texlive/fonts/type1/public/am
sfonts/cm/cmr8.pfb></usr/share/texmf-texlive/fonts/type1/public/amsfonts/cm/cmr
9.pfb></usr/share/texmf-texlive/fonts/type1/public/amsfonts/cm/cmsy10.pfb></usr
/share/texmf-texlive/fonts/type1/public/amsfonts/cm/cmsy6.pfb></usr/share/texmf
-texlive/fonts/type1/public/amsfonts/cm/cmsy8.pfb></usr/share/texmf-texlive/fon
ts/type1/public/amsfonts/cm/cmsy9.pfb></usr/share/texmf-texlive/fonts/type1/pub
lic/amsfonts/symbols/msbm10.pfb></usr/share/texmf-texlive/fonts/type1/public/am
sfonts/symbols/msbm7.pfb>
Output written on thesis_srg.pdf (205 pages, 2126497 bytes).
PDF statistics:
 3599 PDF objects out of 4296 (max. 8388607)
 0 named destinations out of 1000 (max. 500000)
 226 words of extra memory for PDF output out of 10000 (max. 10000000)

