\BOOKMARK [0][-]{chapter.1}{Introduction}{}
\BOOKMARK [0][-]{chapter.2}{Physical background}{}
\BOOKMARK [1][-]{section.2.1}{The quantum mechanical state}{chapter.2}
\BOOKMARK [1][-]{section.2.2}{Evolution of the quantum mechanical state}{chapter.2}
\BOOKMARK [1][-]{section.2.3}{System of non-interacting particles}{chapter.2}
\BOOKMARK [1][-]{section.2.4}{Identical particles and the Pauli exclusion principle}{chapter.2}
\BOOKMARK [1][-]{section.2.5}{The Born-Openheimer approximation}{chapter.2}
\BOOKMARK [2][-]{subsection.2.5.1}{Hydrogen like-atom}{section.2.5}
\BOOKMARK [1][-]{section.2.6}{When two charged particle approach each other: cusp conditions}{chapter.2}
\BOOKMARK [2][-]{subsection.2.6.1}{Electron-nucleus cusp of a hydrogenic atom}{section.2.6}
\BOOKMARK [2][-]{subsection.2.6.2}{Electron-electron cusp conditions}{section.2.6}
\BOOKMARK [1][-]{section.2.7}{Further considerations}{chapter.2}
\BOOKMARK [1][-]{section.2.8}{A final note on units and dimensionless models}{chapter.2}
\BOOKMARK [0][-]{chapter.3}{Numerical methods: Quantum Monte Carlo}{}
\BOOKMARK [1][-]{section.3.1}{Monte Carlo integration}{chapter.3}
\BOOKMARK [2][-]{subsection.3.1.1}{Probability distribution functions}{section.3.1}
\BOOKMARK [2][-]{subsection.3.1.2}{Measures of dispersion of data}{section.3.1}
\BOOKMARK [1][-]{section.3.2}{The variational principle}{chapter.3}
\BOOKMARK [2][-]{subsection.3.2.1}{Computing the energy}{section.3.2}
\BOOKMARK [1][-]{section.3.3}{The quantum variational Monte Carlo \(QVMC\) method}{chapter.3}
\BOOKMARK [2][-]{subsection.3.3.1}{Sampling the trial wave function: the Metropolis algorithm}{section.3.3}
\BOOKMARK [2][-]{subsection.3.3.2}{Improving the sampling: The Fokker-Planck formalism}{section.3.3}
\BOOKMARK [2][-]{subsection.3.3.3}{A generalized Metropolis algorithm}{section.3.3}
\BOOKMARK [2][-]{subsection.3.3.4}{An algorithm for the VMC method}{section.3.3}
\BOOKMARK [1][-]{section.3.4}{Trial wave functions}{chapter.3}
\BOOKMARK [1][-]{section.3.5}{Optimization of the trial wave function}{chapter.3}
\BOOKMARK [2][-]{subsection.3.5.1}{The derivative of the energy with respect to its variational parameters}{section.3.5}
\BOOKMARK [0][-]{chapter.4}{Computational and parametric optimization of the trial wave function}{}
\BOOKMARK [1][-]{section.4.1}{Splitting the Slater determinant}{chapter.4}
\BOOKMARK [1][-]{section.4.2}{Computational optimization of the Metropolis/hasting ratio}{chapter.4}
\BOOKMARK [2][-]{subsection.4.2.1}{Evaluating the determinant-determinant ratio}{section.4.2}
\BOOKMARK [1][-]{section.4.3}{Optimizing the T / T ratio}{chapter.4}
\BOOKMARK [2][-]{subsection.4.3.1}{Evaluating the gradient-determinant-to-determinant ratio}{section.4.3}
\BOOKMARK [1][-]{section.4.4}{Optimizing the 2 T/T ratio}{chapter.4}
\BOOKMARK [1][-]{section.4.5}{Updating the inverse of the Slater matrix}{chapter.4}
\BOOKMARK [1][-]{section.4.6}{Reducing the computational cost fo the correlation form}{chapter.4}
\BOOKMARK [1][-]{section.4.7}{Computing the correlation-to-correlation ratio}{chapter.4}
\BOOKMARK [1][-]{section.4.8}{Evaluating the bold0mu mumu dotted C/C ratio}{chapter.4}
\BOOKMARK [2][-]{subsection.4.8.1}{Special case: correlation functions depending on the scalar relative distances}{section.4.8}
\BOOKMARK [1][-]{section.4.9}{Computing the 2 C/C ratio}{chapter.4}
\BOOKMARK [1][-]{section.4.10}{Efficient parametric optimization of the trial wave function}{chapter.4}
\BOOKMARK [0][-]{chapter.5}{Cases of study: atoms, non-interacting electrons trapped in an harmonic oscillator potential and quantum dots}{}
\BOOKMARK [1][-]{section.5.1}{Case 1: He and Be atoms}{chapter.5}
\BOOKMARK [2][-]{subsection.5.1.1}{Setting a trial wave function for atoms}{section.5.1}
\BOOKMARK [1][-]{section.5.2}{Case 2: Non-interacting particles trapped in an harmonic oscillator potential}{chapter.5}
\BOOKMARK [1][-]{section.5.3}{Case 3: Quantum dots}{chapter.5}
\BOOKMARK [1][-]{section.5.4}{Verifying and validating the implementation}{chapter.5}
\BOOKMARK [2][-]{subsection.5.4.1}{Analytical results for the He and Be atoms}{section.5.4}
\BOOKMARK [2][-]{subsection.5.4.2}{Analytical expressions for the two- and three-dimensional harmonic oscillator}{section.5.4}
\BOOKMARK [1][-]{section.5.5}{The zero variance property of the VMC method}{chapter.5}
\BOOKMARK [0][-]{chapter.6}{Software design and implementation}{}
\BOOKMARK [1][-]{section.6.1}{Structuring a software for QVMC in close shell systems}{chapter.6}
\BOOKMARK [2][-]{subsection.6.1.1}{Implementing a prototype in Python}{section.6.1}
\BOOKMARK [2][-]{subsection.6.1.2}{Moving the prototype to a low level programming language}{section.6.1}
\BOOKMARK [2][-]{subsection.6.1.3}{Mixing Python and C++}{section.6.1}
\BOOKMARK [1][-]{section.6.2}{Developing a robust QVMC simulator in pure C++}{chapter.6}
\BOOKMARK [0][-]{chapter.7}{Computational experiments and discussion}{}
\BOOKMARK [1][-]{section.7.1}{Comparing high to low level programming languages in a QVMC application}{chapter.7}
\BOOKMARK [2][-]{subsection.7.1.1}{Comparative performance of Python vs C++}{section.7.1}
\BOOKMARK [2][-]{subsection.7.1.2}{Profiling Python to detect bottlenecks}{section.7.1}
\BOOKMARK [2][-]{subsection.7.1.3}{Comparing execution time of pure C++ vs mixed languages implementation}{section.7.1}
\BOOKMARK [1][-]{section.7.2}{Validation of the optimized QVMC simulator implemented in pure C++}{chapter.7}
\BOOKMARK [2][-]{subsection.7.2.1}{Dependence of the uncorrelated energy on the variational parameter }{section.7.2}
\BOOKMARK [2][-]{subsection.7.2.2}{Graphical estimation of the ground state energies}{section.7.2}
\BOOKMARK [1][-]{section.7.3}{Optimization of the variational parameters by the quasi-Newton method.}{chapter.7}
\BOOKMARK [1][-]{section.7.4}{Evaluating the ground state energy}{chapter.7}
\BOOKMARK [1][-]{section.7.5}{Error as a function of the number of Monte Carlo cycles in Be atom}{chapter.7}
\BOOKMARK [0][-]{chapter.8}{Conclusions and perspectives}{}
\BOOKMARK [1][-]{section.8.1}{Comparing Python with C++: a first impression}{chapter.8}
\BOOKMARK [1][-]{section.8.2}{Parametric optimization of trial wave functions}{chapter.8}
\BOOKMARK [1][-]{section.8.3}{Energy computations}{chapter.8}
\BOOKMARK [1][-]{section.8.4}{Further work}{chapter.8}
\BOOKMARK [0][-]{appendix.A}{Derivation of the algorithm for updating the inverse Slater matrix}{}
