This is pdfTeXk, Version 3.141592-1.40.3 (Web2C 7.5.6) (format=pdflatex 2009.11.1)  3 JAN 2010 12:36
entering extended mode
 %&-line parsing enabled.
**main.tex
(./main.tex
LaTeX2e <2005/12/01>
Babel <v3.8h> and hyphenation patterns for english, usenglishmax, dumylang, noh
yphenation, loaded.
(/usr/share/texmf-texlive/tex/latex/base/book.cls
Document Class: book 2005/09/16 v1.4f Standard LaTeX document class
(/usr/share/texmf-texlive/tex/latex/base/bk11.clo
File: bk11.clo 2005/09/16 v1.4f Standard LaTeX file (size option)
)
\c@part=\count79
\c@chapter=\count80
\c@section=\count81
\c@subsection=\count82
\c@subsubsection=\count83
\c@paragraph=\count84
\c@subparagraph=\count85
\c@figure=\count86
\c@table=\count87
\abovecaptionskip=\skip41
\belowcaptionskip=\skip42
\bibindent=\dimen102
)
(/usr/share/texmf-texlive/tex/latex/base/inputenc.sty
Package: inputenc 2006/05/05 v1.1b Input encoding file
\inpenc@prehook=\toks14
\inpenc@posthook=\toks15

(/usr/share/texmf-texlive/tex/latex/base/latin1.def
File: latin1.def 2006/05/05 v1.1b Input encoding file
))
(/usr/share/texmf-texlive/tex/latex/graphics/graphicx.sty
Package: graphicx 1999/02/16 v1.0f Enhanced LaTeX Graphics (DPC,SPQR)

(/usr/share/texmf-texlive/tex/latex/graphics/keyval.sty
Package: keyval 1999/03/16 v1.13 key=value parser (DPC)
\KV@toks@=\toks16
)
(/usr/share/texmf-texlive/tex/latex/graphics/graphics.sty
Package: graphics 2006/02/20 v1.0o Standard LaTeX Graphics (DPC,SPQR)

(/usr/share/texmf-texlive/tex/latex/graphics/trig.sty
Package: trig 1999/03/16 v1.09 sin cos tan (DPC)
)
(/etc/texmf/tex/latex/config/graphics.cfg
File: graphics.cfg 2007/01/18 v1.5 graphics configuration of teTeX/TeXLive
)
Package graphics Info: Driver file: dvips.def on input line 90.

(/usr/share/texmf-texlive/tex/latex/graphics/dvips.def
File: dvips.def 1999/02/16 v3.0i Driver-dependant file (DPC,SPQR)
))
\Gin@req@height=\dimen103
\Gin@req@width=\dimen104
)
(/usr/share/texmf-texlive/tex/latex/graphics/epsfig.sty
Package: epsfig 1999/02/16 v1.7a (e)psfig emulation (SPQR)
\epsfxsize=\dimen105
\epsfysize=\dimen106
)
(/usr/share/texmf-texlive/tex/latex/amsfonts/amssymb.sty
Package: amssymb 2002/01/22 v2.2d

(/usr/share/texmf-texlive/tex/latex/amsfonts/amsfonts.sty
Package: amsfonts 2001/10/25 v2.2f
\@emptytoks=\toks17
\symAMSa=\mathgroup4
\symAMSb=\mathgroup5
LaTeX Font Info:    Overwriting math alphabet `\mathfrak' in version `bold'
(Font)                  U/euf/m/n --> U/euf/b/n on input line 132.
))
(/usr/share/texmf-texlive/tex/latex/amsmath/amsmath.sty
Package: amsmath 2000/07/18 v2.13 AMS math features
\@mathmargin=\skip43

For additional information on amsmath, use the `?' option.
(/usr/share/texmf-texlive/tex/latex/amsmath/amstext.sty
Package: amstext 2000/06/29 v2.01

(/usr/share/texmf-texlive/tex/latex/amsmath/amsgen.sty
File: amsgen.sty 1999/11/30 v2.0
\@emptytoks=\toks18
\ex@=\dimen107
))
(/usr/share/texmf-texlive/tex/latex/amsmath/amsbsy.sty
Package: amsbsy 1999/11/29 v1.2d
\pmbraise@=\dimen108
)
(/usr/share/texmf-texlive/tex/latex/amsmath/amsopn.sty
Package: amsopn 1999/12/14 v2.01 operator names
)
\inf@bad=\count88
LaTeX Info: Redefining \frac on input line 211.
\uproot@=\count89
\leftroot@=\count90
LaTeX Info: Redefining \overline on input line 307.
\classnum@=\count91
\DOTSCASE@=\count92
LaTeX Info: Redefining \ldots on input line 379.
LaTeX Info: Redefining \dots on input line 382.
LaTeX Info: Redefining \cdots on input line 467.
\Mathstrutbox@=\box26
\strutbox@=\box27
\big@size=\dimen109
LaTeX Font Info:    Redeclaring font encoding OML on input line 567.
LaTeX Font Info:    Redeclaring font encoding OMS on input line 568.
\macc@depth=\count93
\c@MaxMatrixCols=\count94
\dotsspace@=\muskip10
\c@parentequation=\count95
\dspbrk@lvl=\count96
\tag@help=\toks19
\row@=\count97
\column@=\count98
\maxfields@=\count99
\andhelp@=\toks20
\eqnshift@=\dimen110
\alignsep@=\dimen111
\tagshift@=\dimen112
\tagwidth@=\dimen113
\totwidth@=\dimen114
\lineht@=\dimen115
\@envbody=\toks21
\multlinegap=\skip44
\multlinetaggap=\skip45
\mathdisplay@stack=\toks22
LaTeX Info: Redefining \[ on input line 2666.
LaTeX Info: Redefining \] on input line 2667.
)
(/usr/share/texmf-texlive/tex/latex/ntgclass/a4.sty
Package: a4 2004/04/15 v1.2g A4 based page layout
)
(/usr/share/texmf-texlive/tex/generic/babel/babel.sty
Package: babel 2005/11/23 v3.8h The Babel package

(/usr/share/texmf-texlive/tex/generic/babel/english.ldf
Language: english 2005/03/30 v3.3o English support from the babel system

(/usr/share/texmf-texlive/tex/generic/babel/babel.def
File: babel.def 2005/11/23 v3.8h Babel common definitions
\babel@savecnt=\count100
\U@D=\dimen116
)
\l@british = a dialect from \language\l@english 
\l@UKenglish = a dialect from \language\l@english 
\l@canadian = a dialect from \language\l@american 
\l@australian = a dialect from \language\l@british 
\l@newzealand = a dialect from \language\l@british 
))
(/usr/share/texmf-texlive/tex/latex/base/textcomp.sty
Package: textcomp 2005/09/27 v1.99g Standard LaTeX package
Package textcomp Info: Sub-encoding information:
(textcomp)               5 = only ISO-Adobe without \textcurrency
(textcomp)               4 = 5 + \texteuro
(textcomp)               3 = 4 + \textohm
(textcomp)               2 = 3 + \textestimated + \textcurrency
(textcomp)               1 = TS1 - \textcircled - \t
(textcomp)               0 = TS1 (full)
(textcomp)             Font families with sub-encoding setting implement
(textcomp)             only a restricted character set as indicated.
(textcomp)             Family '?' is the default used for unknown fonts.
(textcomp)             See the documentation for details.
Package textcomp Info: Setting ? sub-encoding to TS1/1 on input line 71.

(/usr/share/texmf-texlive/tex/latex/base/ts1enc.def
File: ts1enc.def 2001/06/05 v3.0e (jk/car/fm) Standard LaTeX file
)
LaTeX Info: Redefining \oldstylenums on input line 266.
Package textcomp Info: Setting cmr sub-encoding to TS1/0 on input line 281.
Package textcomp Info: Setting cmss sub-encoding to TS1/0 on input line 282.
Package textcomp Info: Setting cmtt sub-encoding to TS1/0 on input line 283.
Package textcomp Info: Setting cmvtt sub-encoding to TS1/0 on input line 284.
Package textcomp Info: Setting cmbr sub-encoding to TS1/0 on input line 285.
Package textcomp Info: Setting cmtl sub-encoding to TS1/0 on input line 286.
Package textcomp Info: Setting ccr sub-encoding to TS1/0 on input line 287.
Package textcomp Info: Setting ptm sub-encoding to TS1/4 on input line 288.
Package textcomp Info: Setting pcr sub-encoding to TS1/4 on input line 289.
Package textcomp Info: Setting phv sub-encoding to TS1/4 on input line 290.
Package textcomp Info: Setting ppl sub-encoding to TS1/3 on input line 291.
Package textcomp Info: Setting pag sub-encoding to TS1/4 on input line 292.
Package textcomp Info: Setting pbk sub-encoding to TS1/4 on input line 293.
Package textcomp Info: Setting pnc sub-encoding to TS1/4 on input line 294.
Package textcomp Info: Setting pzc sub-encoding to TS1/4 on input line 295.
Package textcomp Info: Setting bch sub-encoding to TS1/4 on input line 296.
Package textcomp Info: Setting put sub-encoding to TS1/5 on input line 297.
Package textcomp Info: Setting uag sub-encoding to TS1/5 on input line 298.
Package textcomp Info: Setting ugq sub-encoding to TS1/5 on input line 299.
Package textcomp Info: Setting ul8 sub-encoding to TS1/4 on input line 300.
Package textcomp Info: Setting ul9 sub-encoding to TS1/4 on input line 301.
Package textcomp Info: Setting augie sub-encoding to TS1/5 on input line 302.
Package textcomp Info: Setting dayrom sub-encoding to TS1/3 on input line 303.
Package textcomp Info: Setting dayroms sub-encoding to TS1/3 on input line 304.

Package textcomp Info: Setting pxr sub-encoding to TS1/0 on input line 305.
Package textcomp Info: Setting pxss sub-encoding to TS1/0 on input line 306.
Package textcomp Info: Setting pxtt sub-encoding to TS1/0 on input line 307.
Package textcomp Info: Setting txr sub-encoding to TS1/0 on input line 308.
Package textcomp Info: Setting txss sub-encoding to TS1/0 on input line 309.
Package textcomp Info: Setting txtt sub-encoding to TS1/0 on input line 310.
Package textcomp Info: Setting futs sub-encoding to TS1/4 on input line 311.
Package textcomp Info: Setting futx sub-encoding to TS1/4 on input line 312.
Package textcomp Info: Setting futj sub-encoding to TS1/4 on input line 313.
Package textcomp Info: Setting hlh sub-encoding to TS1/3 on input line 314.
Package textcomp Info: Setting hls sub-encoding to TS1/3 on input line 315.
Package textcomp Info: Setting hlst sub-encoding to TS1/3 on input line 316.
Package textcomp Info: Setting hlct sub-encoding to TS1/5 on input line 317.
Package textcomp Info: Setting hlx sub-encoding to TS1/5 on input line 318.
Package textcomp Info: Setting hlce sub-encoding to TS1/5 on input line 319.
Package textcomp Info: Setting hlcn sub-encoding to TS1/5 on input line 320.
Package textcomp Info: Setting hlcw sub-encoding to TS1/5 on input line 321.
Package textcomp Info: Setting hlcf sub-encoding to TS1/5 on input line 322.
Package textcomp Info: Setting pplx sub-encoding to TS1/3 on input line 323.
Package textcomp Info: Setting pplj sub-encoding to TS1/3 on input line 324.
Package textcomp Info: Setting ptmx sub-encoding to TS1/4 on input line 325.
Package textcomp Info: Setting ptmj sub-encoding to TS1/4 on input line 326.
)
(/usr/share/texmf-texlive/tex/latex/graphics/color.sty
Package: color 2005/11/14 v1.0j Standard LaTeX Color (DPC)

(/etc/texmf/tex/latex/config/color.cfg
File: color.cfg 2007/01/18 v1.5 color configuration of teTeX/TeXLive
)
Package color Info: Driver file: pdftex.def on input line 130.

(/usr/share/texmf-texlive/tex/latex/pdftex-def/pdftex.def
File: pdftex.def 2007/01/08 v0.04d Graphics/color for pdfTeX
\Gread@gobject=\count101
)) (./mystyle.sty
\c@SRCcounter=\count102
)
(/usr/share/texmf-texlive/tex/latex/setspace/setspace.sty
Package: setspace 2000/12/01 6.7 Contributed and Supported LaTeX2e package

Package: `setspace' 6.7 <2000/12/01>
) (/usr/share/texmf-texlive/tex/latex/base/fontenc.sty
Package: fontenc 2005/09/27 v1.99g Standard LaTeX package

(/usr/share/texmf-texlive/tex/latex/base/t1enc.def
File: t1enc.def 2005/09/27 v1.99g Standard LaTeX file
LaTeX Font Info:    Redeclaring font encoding T1 on input line 43.
))
(/usr/share/texmf-texlive/tex/latex/tools/verbatim.sty
Package: verbatim 2003/08/22 v1.5q LaTeX2e package for verbatim enhancements
\every@verbatim=\toks23
\verbatim@line=\toks24
\verbatim@in@stream=\read1
)
(/usr/share/texmf-texlive/tex/latex/booktabs/booktabs.sty
Package: booktabs 2005/04/14 v1.61803 publication quality tables
\heavyrulewidth=\dimen117
\lightrulewidth=\dimen118
\cmidrulewidth=\dimen119
\belowrulesep=\dimen120
\belowbottomsep=\dimen121
\aboverulesep=\dimen122
\abovetopsep=\dimen123
\cmidrulesep=\dimen124
\cmidrulekern=\dimen125
\defaultaddspace=\dimen126
\@cmidla=\count103
\@cmidlb=\count104
\@aboverulesep=\dimen127
\@belowrulesep=\dimen128
\@thisruleclass=\count105
\@lastruleclass=\count106
\@thisrulewidth=\dimen129
)
(./gnuplot-lua-tikz.sty
Package: gnuplot-lua-tikz 2008/11/23 (rev. 88) GNUPLOT Lua terminal style
 (/usr/share/texmf/tex/latex/pgf/frontendlayer/tikz.sty
(/usr/share/texmf/tex/latex/pgf/basiclayer/pgf.sty
(/usr/share/texmf/tex/latex/pgf/utilities/pgfrcs.sty
(/home/mhjensen/texmf/tex/generic/pgf-2.00/generic/pgf/utilities/pgfutil-common
.tex
\pgfutil@everybye=\toks25
)
(/home/mhjensen/texmf/tex/generic/pgf-2.00/generic/pgf/utilities/pgfutil-latex.
def)
(/home/mhjensen/texmf/tex/generic/pgf-2.00/generic/pgf/utilities/pgfrcs.code.te
x
Package: pgfrcs 2008/02/20 v2.00 (rcs-revision 1.21)
))
Package: pgf 2008/01/15 v2.00 (rcs-revision 1.12)
 (/usr/share/texmf/tex/latex/pgf/basiclayer/pgfcore.sty
(/usr/share/texmf/tex/latex/pgf/systemlayer/pgfsys.sty
(/home/mhjensen/texmf/tex/generic/pgf-2.00/generic/pgf/systemlayer/pgfsys.code.
tex
Package: pgfsys 2008/02/07 v2.00 (rcs-revision 1.31)

(/home/mhjensen/texmf/tex/generic/pgf-2.00/generic/pgf/utilities/pgfkeys.code.t
ex
\pgfkeys@pathtoks=\toks26
\pgfkeys@temptoks=\toks27
)
\pgf@x=\dimen130
\pgf@y=\dimen131
\pgf@xa=\dimen132
\pgf@ya=\dimen133
\pgf@xb=\dimen134
\pgf@yb=\dimen135
\pgf@xc=\dimen136
\pgf@yc=\dimen137
\c@pgf@counta=\count107
\c@pgf@countb=\count108
\c@pgf@countc=\count109
\c@pgf@countd=\count110
 (/home/mhjensen/texmf/tex/generic/pgf-2.00/generic/pgf/systemlayer/pgf.cfg
File: pgf.cfg 2008/01/13  (rcs-revision 1.6)
)
Package pgfsys Info: Driver file for pgf: pgfsys-pdftex.def on input line 885.

(/home/mhjensen/texmf/tex/generic/pgf-2.00/generic/pgf/systemlayer/pgfsys-pdfte
x.def
File: pgfsys-pdftex.def 2007/12/20  (rcs-revision 1.20)

(/home/mhjensen/texmf/tex/generic/pgf-2.00/generic/pgf/systemlayer/pgfsys-commo
n-pdf.def
File: pgfsys-common-pdf.def 2007/12/17  (rcs-revision 1.8)
)))
(/home/mhjensen/texmf/tex/generic/pgf-2.00/generic/pgf/systemlayer/pgfsyssoftpa
th.code.tex
File: pgfsyssoftpath.code.tex 2008/01/23  (rcs-revision 1.6)
\pgfsyssoftpath@smallbuffer@items=\count111
\pgfsyssoftpath@bigbuffer@items=\count112
)
(/home/mhjensen/texmf/tex/generic/pgf-2.00/generic/pgf/systemlayer/pgfsysprotoc
ol.code.tex
File: pgfsysprotocol.code.tex 2006/10/16  (rcs-revision 1.4)
)) (/home/mhjensen/texmf/tex/latex/xcolor/xcolor.sty
Package: xcolor 2004/07/04 v2.00 LaTeX color extensions (UK)

(/etc/texmf/tex/latex/config/color.cfg
File: color.cfg 2007/01/18 v1.5 color configuration of teTeX/TeXLive
)
Package xcolor Info: Driver file: pdftex.def on input line 136.
LaTeX Info: Redefining \color on input line 494.
Package xcolor Info: Color model `cmy' added on input line 972.
Package xcolor Info: Color model `HTML' added on input line 1000.
Package xcolor Info: Color model `HSB' added on input line 1006.
Package xcolor Info: Color model `Gray' added on input line 1012.
)
(/home/mhjensen/texmf/tex/generic/pgf-2.00/generic/pgf/basiclayer/pgfcore.code.
tex
Package: pgfcore 2008/01/15 v2.00 (rcs-revision 1.6)

(/home/mhjensen/texmf/tex/generic/pgf-2.00/generic/pgf/math/pgfmath.code.tex
(/home/mhjensen/texmf/tex/generic/pgf-2.00/generic/pgf/math/pgfmathcalc.code.te
x
(/home/mhjensen/texmf/tex/generic/pgf-2.00/generic/pgf/math/pgfmathutil.code.te
x
\pgfmath@box=\box28
)
(/home/mhjensen/texmf/tex/generic/pgf-2.00/generic/pgf/math/pgfmathparser.code.
tex
\pgfmath@stack=\toks28
\c@pgfmath@parsecounta=\count113
\c@pgfmath@parsecountb=\count114
\c@pgfmath@parsecountc=\count115
\pgfmath@parsex=\dimen138
)
(/home/mhjensen/texmf/tex/generic/pgf-2.00/generic/pgf/math/pgfmathoperations.c
ode.tex
(/home/mhjensen/texmf/tex/generic/pgf-2.00/generic/pgf/math/pgfmathtrig.code.te
x)
(/home/mhjensen/texmf/tex/generic/pgf-2.00/generic/pgf/math/pgfmathrnd.code.tex
))
(/home/mhjensen/texmf/tex/generic/pgf-2.00/generic/pgf/math/pgfmathbase.code.te
x)))
(/home/mhjensen/texmf/tex/generic/pgf-2.00/generic/pgf/basiclayer/pgfcorepoints
.code.tex
File: pgfcorepoints.code.tex 2008/02/03  (rcs-revision 1.13)
\pgf@picminx=\dimen139
\pgf@picmaxx=\dimen140
\pgf@picminy=\dimen141
\pgf@picmaxy=\dimen142
\pgf@pathminx=\dimen143
\pgf@pathmaxx=\dimen144
\pgf@pathminy=\dimen145
\pgf@pathmaxy=\dimen146
\pgf@xx=\dimen147
\pgf@xy=\dimen148
\pgf@yx=\dimen149
\pgf@yy=\dimen150
\pgf@zx=\dimen151
\pgf@zy=\dimen152
)
(/home/mhjensen/texmf/tex/generic/pgf-2.00/generic/pgf/basiclayer/pgfcorepathco
nstruct.code.tex
File: pgfcorepathconstruct.code.tex 2008/02/13  (rcs-revision 1.14)
\pgf@path@lastx=\dimen153
\pgf@path@lasty=\dimen154
)
(/home/mhjensen/texmf/tex/generic/pgf-2.00/generic/pgf/basiclayer/pgfcorepathus
age.code.tex
File: pgfcorepathusage.code.tex 2008/01/23  (rcs-revision 1.11)
\pgf@shorten@end@additional=\dimen155
\pgf@shorten@start@additional=\dimen156
)
(/home/mhjensen/texmf/tex/generic/pgf-2.00/generic/pgf/basiclayer/pgfcorescopes
.code.tex
File: pgfcorescopes.code.tex 2008/01/15  (rcs-revision 1.26)
\pgfpic=\box29
\pgf@hbox=\box30
\pgf@layerbox@main=\box31
\pgf@picture@serial@count=\count116
)
(/home/mhjensen/texmf/tex/generic/pgf-2.00/generic/pgf/basiclayer/pgfcoregraphi
cstate.code.tex
File: pgfcoregraphicstate.code.tex 2007/12/12  (rcs-revision 1.8)
\pgflinewidth=\dimen157
)
(/home/mhjensen/texmf/tex/generic/pgf-2.00/generic/pgf/basiclayer/pgfcoretransf
ormations.code.tex
File: pgfcoretransformations.code.tex 2008/02/04  (rcs-revision 1.10)
\pgf@pt@x=\dimen158
\pgf@pt@y=\dimen159
\pgf@pt@temp=\dimen160
)
(/home/mhjensen/texmf/tex/generic/pgf-2.00/generic/pgf/basiclayer/pgfcorequick.
code.tex
File: pgfcorequick.code.tex 2006/10/11  (rcs-revision 1.2)
)
(/home/mhjensen/texmf/tex/generic/pgf-2.00/generic/pgf/basiclayer/pgfcoreobject
s.code.tex
File: pgfcoreobjects.code.tex 2006/10/11  (rcs-revision 1.2)
)
(/home/mhjensen/texmf/tex/generic/pgf-2.00/generic/pgf/basiclayer/pgfcorepathpr
ocessing.code.tex
File: pgfcorepathprocessing.code.tex 2008/01/23  (rcs-revision 1.7)
)
(/home/mhjensen/texmf/tex/generic/pgf-2.00/generic/pgf/basiclayer/pgfcorearrows
.code.tex
File: pgfcorearrows.code.tex 2007/06/07  (rcs-revision 1.8)
)
(/home/mhjensen/texmf/tex/generic/pgf-2.00/generic/pgf/basiclayer/pgfcoreshade.
code.tex
File: pgfcoreshade.code.tex 2007/12/10  (rcs-revision 1.9)
\pgf@max=\dimen161
\pgf@sys@shading@range@num=\count117
)
(/home/mhjensen/texmf/tex/generic/pgf-2.00/generic/pgf/basiclayer/pgfcoreimage.
code.tex
File: pgfcoreimage.code.tex 2008/01/15  (rcs-revision 1.1)
\pgfexternal@startupbox=\box32
)
(/home/mhjensen/texmf/tex/generic/pgf-2.00/generic/pgf/basiclayer/pgfcorelayers
.code.tex
File: pgfcorelayers.code.tex 2008/01/15  (rcs-revision 1.1)
)
(/home/mhjensen/texmf/tex/generic/pgf-2.00/generic/pgf/basiclayer/pgfcoretransp
arency.code.tex
File: pgfcoretransparency.code.tex 2008/01/17  (rcs-revision 1.2)
)
(/home/mhjensen/texmf/tex/generic/pgf-2.00/generic/pgf/basiclayer/pgfcorepatter
ns.code.tex
File: pgfcorepatterns.code.tex 2008/01/15  (rcs-revision 1.1)
)))
(/home/mhjensen/texmf/tex/generic/pgf-2.00/generic/pgf/modules/pgfmoduleshapes.
code.tex
File: pgfmoduleshapes.code.tex 2008/02/13  (rcs-revision 1.4)
\pgfnodeparttextbox=\box33
\toks@savedmacro=\toks29
)
(/home/mhjensen/texmf/tex/generic/pgf-2.00/generic/pgf/modules/pgfmoduleplot.co
de.tex
File: pgfmoduleplot.code.tex 2008/01/15  (rcs-revision 1.1)
\pgf@plotwrite=\write3
) (/usr/share/texmf/tex/latex/pgf/compatibility/pgfcomp-version-0-65.sty
Package: pgfcomp-version-0-65 2007/07/03 v2.00 (rcs-revision 1.7)
\pgf@nodesepstart=\dimen162
\pgf@nodesepend=\dimen163
) (/usr/share/texmf/tex/latex/pgf/compatibility/pgfcomp-version-1-18.sty
Package: pgfcomp-version-1-18 2007/07/23 v2.00 (rcs-revision 1.1)
))
(/usr/share/texmf/tex/latex/pgf/utilities/pgffor.sty
(/home/mhjensen/texmf/tex/generic/pgf-2.00/generic/pgf/utilities/pgffor.code.te
x
Package: pgffor 2007/11/07 v2.00 (rcs-revision 1.8)
\pgffor@iter=\dimen164
\pgffor@skip=\dimen165
))
(/home/mhjensen/texmf/tex/generic/pgf-2.00/generic/pgf/frontendlayer/tikz/tikz.
code.tex
Package: tikz 2008/02/13 v2.00 (rcs-revision 1.27)

(/home/mhjensen/texmf/tex/generic/pgf-2.00/generic/pgf/libraries/pgflibraryplot
handlers.code.tex
File: pgflibraryplothandlers.code.tex 2007/03/09 v2.00 (rcs-revision 1.9)
\pgf@plot@mark@count=\count118
\pgfplotmarksize=\dimen166
)
\tikz@lastx=\dimen167
\tikz@lasty=\dimen168
\tikz@lastxsaved=\dimen169
\tikz@lastysaved=\dimen170
\tikzleveldistance=\dimen171
\tikzsiblingdistance=\dimen172
\tikz@figbox=\box34
\tikz@tempbox=\box35
\tikztreelevel=\count119
\tikznumberofchildren=\count120
\tikznumberofcurrentchild=\count121
\tikz@fig@count=\count122

(/home/mhjensen/texmf/tex/generic/pgf-2.00/generic/pgf/modules/pgfmodulematrix.
code.tex
File: pgfmodulematrix.code.tex 2008/01/15  (rcs-revision 1.1)
\pgfmatrixcurrentrow=\count123
\pgfmatrixcurrentcolumn=\count124
\pgf@matrix@numberofcolumns=\count125
)
\tikz@expandcount=\count126

(/home/mhjensen/texmf/tex/generic/pgf-2.00/generic/pgf/frontendlayer/tikz/libra
ries/tikzlibrarytopaths.code.tex
File: tikzlibrarytopaths.code.tex 2008/01/09 v2.00 (rcs-revision 1.1)
)))
(/usr/share/texmf/tex/latex/pgf/utilities/xxcolor.sty
Package: xxcolor 2003/10/24 ver 0.1
\XC@nummixins=\count127
\XC@countmixins=\count128
)
(/usr/share/texmf-texlive/tex/generic/oberdiek/ifpdf.sty
Package: ifpdf 2006/02/20 v1.4 Provides the ifpdf switch (HO)
Package ifpdf Info: pdfTeX in pdf mode detected.
)
(/home/mhjensen/texmf/tex/latex/epic/ifxetex.sty
Package: ifxetex 2006/08/21 v0.3 Provides ifxetex conditional
)
(/home/mhjensen/texmf/tex/generic/pgf-2.00/generic/pgf/frontendlayer/tikz/libra
ries/tikzlibraryarrows.code.tex
File: tikzlibraryarrows.code.tex 2008/01/09 v2.00 (rcs-revision 1.1)

(/home/mhjensen/texmf/tex/generic/pgf-2.00/generic/pgf/libraries/pgflibraryarro
ws.code.tex
File: pgflibraryarrows.code.tex 2007/06/07 v2.00 (rcs-revision 1.7)
))
(/home/mhjensen/texmf/tex/generic/pgf-2.00/generic/pgf/frontendlayer/tikz/libra
ries/tikzlibrarypatterns.code.tex
File: tikzlibrarypatterns.code.tex 2008/01/15 v2.00 (rcs-revision 1.2)

(/home/mhjensen/texmf/tex/generic/pgf-2.00/generic/pgf/libraries/pgflibrarypatt
erns.code.tex
File: pgflibrarypatterns.code.tex 2008/01/15 v2.00 (rcs-revision 1.12)
))
(/home/mhjensen/texmf/tex/generic/pgf-2.00/generic/pgf/frontendlayer/tikz/libra
ries/tikzlibraryplotmarks.code.tex
File: tikzlibraryplotmarks.code.tex 2008/01/09 v2.00 (rcs-revision 1.1)

(/home/mhjensen/texmf/tex/generic/pgf-2.00/generic/pgf/libraries/pgflibraryplot
marks.code.tex
File: pgflibraryplotmarks.code.tex 2007/03/09 v2.00 (rcs-revision 1.5)
))
\gpvcharsize=\skip46
\gphcharsize=\skip47
\gpbasems=\skip48
\gpbaselw=\skip49
) (/usr/share/texmf-texlive/tex/latex/geometry/geometry.sty
Package: geometry 2002/07/08 v3.2 Page Geometry
\Gm@cnth=\count129
\Gm@cntv=\count130
\c@Gm@tempcnt=\count131
\Gm@bindingoffset=\dimen173
\Gm@wd@mp=\dimen174
\Gm@odd@mp=\dimen175
\Gm@even@mp=\dimen176
\Gm@dimlist=\toks30
)
(./type1ec.sty
Package: type1ec 2002/09/07 v1.1 Type1 EC font definitions (for CM-Super fonts)

 (/usr/share/texmf-texlive/tex/latex/base/t1cmr.fd
File: t1cmr.fd 1999/05/25 v2.5h Standard LaTeX font definitions
))
(/usr/share/texmf-texlive/tex/latex/pdfpages/pdfpages.sty
Package: pdfpages 2006/08/12 v0.4a Insert pages of external PDF documents (AM)

(/usr/share/texmf-texlive/tex/latex/base/ifthen.sty
Package: ifthen 2001/05/26 v1.1c Standard LaTeX ifthen package (DPC)
)
(/usr/share/texmf-texlive/tex/latex/tools/calc.sty
Package: calc 2005/08/06 v4.2 Infix arithmetic (KKT,FJ)
\calc@Acount=\count132
\calc@Bcount=\count133
\calc@Adimen=\dimen177
\calc@Bdimen=\dimen178
\calc@Askip=\skip50
\calc@Bskip=\skip51
LaTeX Info: Redefining \setlength on input line 75.
LaTeX Info: Redefining \addtolength on input line 76.
\calc@Ccount=\count134
\calc@Cskip=\skip52
)
(/usr/share/texmf-texlive/tex/latex/eso-pic/eso-pic.sty
Package: eso-pic 2006/07/14 v1.1d eso-pic (RN)

(/usr/share/texmf-texlive/tex/latex/everyshi/everyshi.sty
Package: everyshi 2001/05/15 v3.00 EveryShipout Package (MS)
))
(/usr/share/texmf-texlive/tex/latex/pdfpages/pppdftex.def
File: pppdftex.def 2006/08/12 v0.4a Pdfpages driver for pdfTeX (AM)
)
\AM@pagebox=\box36
\AM@toc@title=\toks31
\c@AM@survey=\count135
)
(/usr/share/texmf-texlive/tex/latex/listings/listings.sty
\lst@mode=\count136
\lst@gtempboxa=\box37
\lst@token=\toks32
\lst@length=\count137
\lst@currlwidth=\dimen179
\lst@column=\count138
\lst@pos=\count139
\lst@lostspace=\dimen180
\lst@width=\dimen181
\lst@newlines=\count140
\lst@lineno=\count141
\c@lstlisting=\count142
\lst@maxwidth=\dimen182

(/usr/share/texmf-texlive/tex/latex/listings/lstpatch.sty
File: lstpatch.sty 2004/10/17 1.3b (Carsten Heinz)
)
(/usr/share/texmf-texlive/tex/latex/listings/lstmisc.sty
File: lstmisc.sty 2004/09/07 1.3 (Carsten Heinz)
\c@lstnumber=\count143
\lst@skipnumbers=\count144
\lst@framebox=\box38
)
(/usr/share/texmf-texlive/tex/latex/listings/listings.cfg
File: listings.cfg 2004/09/05 1.3 listings configuration
))
Package: listings 2004/10/17 1.3b (Carsten Heinz)

(/home/mhjensen/texmf/tex/latex/bera/bera.sty
Package: bera 2004/01/31 (WaS)

(/usr/share/texmf-texlive/tex/latex/base/fontenc.sty
Package: fontenc 2005/09/27 v1.99g Standard LaTeX package

(/usr/share/texmf-texlive/tex/latex/base/t1enc.def
File: t1enc.def 2005/09/27 v1.99g Standard LaTeX file
LaTeX Font Info:    Redeclaring font encoding T1 on input line 43.
))
(/home/mhjensen/texmf/tex/latex/bera/beraserif.sty
Package: beraserif 2004/01/30 (WaS)
LaTeX Font Info:    Try loading font information for T1+fve on input line 30.
LaTeX Font Info:    No file T1fve.fd. on input line 30.


LaTeX Font Warning: Font shape `T1/fve/m/n' undefined
(Font)              using `T1/cmr/m/n' instead on input line 30.

) (/home/mhjensen/texmf/tex/latex/bera/berasans.sty
Package: berasans 2004/01/30 (WaS)
)
(/home/mhjensen/texmf/tex/latex/bera/beramono.sty
Package: beramono 2004/01/31 (WaS)
))
(/usr/share/texmf-texlive/tex/latex/listings/lstlang1.sty
File: lstlang1.sty 2004/09/05 1.3 listings language file
)
(/usr/share/texmf-texlive/tex/latex/listings/lstlang1.sty
File: lstlang1.sty 2004/09/05 1.3 listings language file
)
(/usr/share/texmf-texlive/tex/latex/listings/lstmisc.sty
File: lstmisc.sty 2004/09/07 1.3 (Carsten Heinz)
)
(/usr/share/texmf-texlive/tex/latex/listings/lstlang1.sty
File: lstlang1.sty 2004/09/05 1.3 listings language file
)
(/home/mhjensen/texmf/tex/generic/pgf-2.00/generic/pgf/frontendlayer/tikz/libra
ries/tikzlibraryshapes.code.tex
File: tikzlibraryshapes.code.tex 2008/01/09 v2.00 (rcs-revision 1.1)

(/home/mhjensen/texmf/tex/generic/pgf-2.00/generic/pgf/frontendlayer/tikz/libra
ries/tikzlibraryshapes.geometric.code.tex
File: tikzlibraryshapes.geometric.code.tex 2008/01/09 v2.00 (rcs-revision 1.1)

(/home/mhjensen/texmf/tex/generic/pgf-2.00/generic/pgf/libraries/pgflibraryshap
es.geometric.code.tex
File: pgflibraryshapes.geometric.code.tex 2008/02/01 v2.00 (rcs-revision 1.22)
))
(/home/mhjensen/texmf/tex/generic/pgf-2.00/generic/pgf/frontendlayer/tikz/libra
ries/tikzlibraryshapes.misc.code.tex
File: tikzlibraryshapes.misc.code.tex 2008/01/09 v2.00 (rcs-revision 1.1)

(/home/mhjensen/texmf/tex/generic/pgf-2.00/generic/pgf/libraries/pgflibraryshap
es.misc.code.tex
File: pgflibraryshapes.misc.code.tex 2008/02/12 v2.00 (rcs-revision 1.10)
))
(/home/mhjensen/texmf/tex/generic/pgf-2.00/generic/pgf/frontendlayer/tikz/libra
ries/tikzlibraryshapes.symbols.code.tex
File: tikzlibraryshapes.symbols.code.tex 2008/01/09 v2.00 (rcs-revision 1.1)

(/home/mhjensen/texmf/tex/generic/pgf-2.00/generic/pgf/libraries/pgflibraryshap
es.symbols.code.tex
File: pgflibraryshapes.symbols.code.tex 2008/01/30 v2.00 (rcs-revision 1.13)
))
(/home/mhjensen/texmf/tex/generic/pgf-2.00/generic/pgf/frontendlayer/tikz/libra
ries/tikzlibraryshapes.arrows.code.tex
File: tikzlibraryshapes.arrows.code.tex 2008/01/09 v2.00 (rcs-revision 1.1)

(/home/mhjensen/texmf/tex/generic/pgf-2.00/generic/pgf/libraries/pgflibraryshap
es.arrows.code.tex
File: pgflibraryshapes.arrows.code.tex 2007/11/10 v2.00 (rcs-revision 1.3)
))
(/home/mhjensen/texmf/tex/generic/pgf-2.00/generic/pgf/frontendlayer/tikz/libra
ries/tikzlibraryshapes.callouts.code.tex
(/home/mhjensen/texmf/tex/generic/pgf-2.00/generic/pgf/libraries/pgflibraryshap
es.callouts.code.tex))
(/home/mhjensen/texmf/tex/generic/pgf-2.00/generic/pgf/frontendlayer/tikz/libra
ries/tikzlibraryshapes.multipart.code.tex
File: tikzlibraryshapes.multipart.code.tex 2008/01/09 v2.00 (rcs-revision 1.1)

(/home/mhjensen/texmf/tex/generic/pgf-2.00/generic/pgf/libraries/pgflibraryshap
es.multipart.code.tex
File: pgflibraryshapes.multipart.code.tex 2008/01/15 v2.00 (rcs-revision 1.7)
\pgfnodepartlowerbox=\box39
\pgfnodepartsecondbox=\box40
\pgfnodepartthirdbox=\box41
\pgfnodepartfourthbox=\box42
))) (/usr/share/texmf-texlive/tex/latex/ltxmisc/shadow.sty
Package: shadow 2003/02/19 v1.3 shadow boxes (M.O.)
\txtwdth=\dimen183
\sht=\dimen184
\shw=\dimen185
\shbox=\box43
\sboxsep=\dimen186
\sboxrule=\dimen187
\sdim=\dimen188
) (/usr/share/texmf-texlive/tex/latex/base/bezier.sty)
(/usr/share/texmf-texlive/tex/latex/pstricks/pstricks.sty
Package: pstricks 2006/08/10 v0.32 LaTeX wrapper for `PSTricks' (RN,HV)

(/usr/share/texmf-texlive/tex/generic/pstricks/pstricks.tex
`PSTricks' v1.15  <2006/12/22> (tvz)
\pst@dima=\dimen189
\pst@dimb=\dimen190
\pst@dimc=\dimen191
\pst@dimd=\dimen192
\pst@dimg=\dimen193
\pst@dimh=\dimen194
\pst@hbox=\box44
\pst@boxg=\box45
\pst@cnta=\count145
\pst@cntb=\count146
\pst@cntc=\count147
\pst@cntd=\count148
\pst@cntg=\count149
\pst@cnth=\count150
\pst@toks=\toks33
(/usr/share/texmf-texlive/tex/generic/pstricks/pstricks.con)
\psunit=\dimen195
\psxunit=\dimen196
\psyunit=\dimen197
\pslinewidth=\dimen198
\pst@customdefs=\toks34
\pslinearc=\dimen199
\everypsbox=\toks35
\psframesep=\dimen200
\pslabelsep=\dimen201
\psk@shift=\dimen202
\pst@shift=\dimen203
\theoverlaybox=\box46
)
File: pstricks.tex 2006/12/22 v1.15 `PSTricks' (tvz)
)
(/usr/share/texmf-texlive/tex/latex/float/float.sty
Package: float 2001/11/08 v1.3d Float enhancements (AL)
\c@float@type=\count151
\float@exts=\toks36
\float@box=\box47
\@float@everytoks=\toks37
\@floatcapt=\box48
)
\@float@every@program=\toks38
\c@program=\count152

(/usr/share/texmf-texlive/tex/latex/algorithms/algorithmic.sty
Package: algorithmic 2006/06/02

Document Style `algorithmic' - environment
\c@ALC@line=\count153
\c@ALC@rem=\count154
\c@ALC@depth=\count155
\ALC@tlm=\skip53
\algorithmicindent=\skip54
) (/usr/share/texmf-texlive/tex/latex/algorithm2e/algorithm2e.sty
Package: algorithm2e 2005/10/04 v3.9 algorithms environments
\c@AlgoLine=\count156

(/usr/share/texmf-texlive/tex/latex/tools/xspace.sty
Package: xspace 2006/05/08 v1.12 Space after command names (DPC,MH)
)
********************************************************
Package `algorithm2e' Release 3.9 -- october 04 2005 --
- algorithm2e-announce@lirmm.fr mailing list for announcement about releases
- algorithm2e-discussion@lirmm.fr mailing list for discussion about package
subscribe by emailing sympa@lirmm.fr with 'subscribe <list> <firstname name>'
- Author: Christophe Fiorio (fiorio@lirmm.fr)
********************************************************
\skiptotal=\skip55
\skiprule=\skip56
\skiphlne=\skip57
\skiptext=\skip58
\skiplength=\skip59
\algomargin=\skip60
\skipalgocfslide=\skip61
\algowidth=\dimen204
\inoutsize=\dimen205
\inoutline=\dimen206
\algocf@inoutbox=\box49
\algocf@inputbox=\box50
\AlCapSkip=\skip62
\AlCapHSkip=\skip63
\algocf@capbox=\box51
\c@algocfline=\count157
\c@algocf=\count158
\algocf@algoframe=\box52
\algocf@algobox=\box53
) (/usr/share/texmf-texlive/tex/latex/cite/cite.sty
LaTeX Info: Redefining \cite on input line 149.
LaTeX Info: Redefining \nocite on input line 214.
Package: cite 2003/11/04  v 4.01
)
(/home/mhjensen/texmf/tex/latex/epic/epic.sty
Enhancements to Picture Environment. Version 1.2 - Released June 1, 1986
\@@multicnt=\count159
\d@lta=\count160
\@delta=\dimen207
\@@delta=\dimen208
\@gridcnt=\count161
\@joinkind=\count162
\@dotgap=\dimen209
\@ddotgap=\dimen210
\@x@diff=\count163
\@y@diff=\count164
\x@diff=\dimen211
\y@diff=\dimen212
\@dotbox=\box54
\num@segments=\count165
\num@segmentsi=\count166
\@datafile=\read2
) (/home/mhjensen/texmf/tex/latex/epic/eepic.sty
Extension to Epic and LaTeX. Version 1.1e - Released Dec 21, 1999
\@gphlinewidth=\count167
\@eepictcnt=\count168
\@tempdimc=\dimen213
\maxovaldiam=\dimen214
\@filltype=\box55
) (/usr/share/texmf-texlive/tex/latex/ltxmisc/url.sty
\Urlmuskip=\muskip11
Package: url 2005/06/27  ver 3.2  Verb mode for urls, etc.
)
(/usr/share/texmf-texlive/tex/latex/hyperref/hyperref.sty
Package: hyperref 2007/02/07 v6.75r Hypertext links for LaTeX
\@linkdim=\dimen215
\Hy@linkcounter=\count169
\Hy@pagecounter=\count170

(/usr/share/texmf-texlive/tex/latex/hyperref/pd1enc.def
File: pd1enc.def 2007/02/07 v6.75r Hyperref: PDFDocEncoding definition (HO)
)
(/etc/texmf/tex/latex/config/hyperref.cfg
File: hyperref.cfg 2002/06/06 v1.2 hyperref configuration of TeXLive
)
(/usr/share/texmf-texlive/tex/latex/oberdiek/kvoptions.sty
Package: kvoptions 2006/08/22 v2.4 Connects package keyval with LaTeX options (
HO)
)
Package hyperref Info: Hyper figures OFF on input line 2288.
Package hyperref Info: Link nesting OFF on input line 2293.
Package hyperref Info: Hyper index ON on input line 2296.
Package hyperref Info: Plain pages OFF on input line 2303.
Package hyperref Info: Backreferencing OFF on input line 2308.

Implicit mode ON; LaTeX internals redefined
Package hyperref Info: Bookmarks ON on input line 2444.
LaTeX Info: Redefining \url on input line 2599.
\Fld@menulength=\count171
\Field@Width=\dimen216
\Fld@charsize=\dimen217
\Choice@toks=\toks39
\Field@toks=\toks40
Package hyperref Info: Hyper figures OFF on input line 3102.
Package hyperref Info: Link nesting OFF on input line 3107.
Package hyperref Info: Hyper index ON on input line 3110.
Package hyperref Info: backreferencing OFF on input line 3117.
Package hyperref Info: Link coloring OFF on input line 3122.
\Hy@abspage=\count172
\c@Item=\count173
\c@Hfootnote=\count174
)
*hyperref using driver hpdftex*
(/usr/share/texmf-texlive/tex/latex/hyperref/hpdftex.def
File: hpdftex.def 2007/02/07 v6.75r Hyperref driver for pdfTeX
\Fld@listcount=\count175
)
Package hyperref Info: Option `colorlinks' set `true' on input line 240.

(/usr/share/texmf-texlive/tex/latex/fancyhdr/fancyhdr.sty
\fancy@headwidth=\skip64
\f@ncyO@elh=\skip65
\f@ncyO@erh=\skip66
\f@ncyO@olh=\skip67
\f@ncyO@orh=\skip68
\f@ncyO@elf=\skip69
\f@ncyO@erf=\skip70
\f@ncyO@olf=\skip71
\f@ncyO@orf=\skip72
) (./main.aux)
\openout1 = `main.aux'.

LaTeX Font Info:    Checking defaults for OML/cmm/m/it on input line 336.
LaTeX Font Info:    ... okay on input line 336.
LaTeX Font Info:    Checking defaults for T1/cmr/m/n on input line 336.
LaTeX Font Info:    ... okay on input line 336.
LaTeX Font Info:    Checking defaults for OT1/cmr/m/n on input line 336.
LaTeX Font Info:    ... okay on input line 336.
LaTeX Font Info:    Checking defaults for OMS/cmsy/m/n on input line 336.
LaTeX Font Info:    ... okay on input line 336.
LaTeX Font Info:    Checking defaults for OMX/cmex/m/n on input line 336.
LaTeX Font Info:    ... okay on input line 336.
LaTeX Font Info:    Checking defaults for U/cmr/m/n on input line 336.
LaTeX Font Info:    ... okay on input line 336.
LaTeX Font Info:    Checking defaults for TS1/cmr/m/n on input line 336.
LaTeX Font Info:    Try loading font information for TS1+cmr on input line 336.


(/usr/share/texmf-texlive/tex/latex/base/ts1cmr.fd
File: ts1cmr.fd 1999/05/25 v2.5h Standard LaTeX font definitions
)
LaTeX Font Info:    ... okay on input line 336.
LaTeX Font Info:    Checking defaults for PD1/pdf/m/n on input line 336.
LaTeX Font Info:    ... okay on input line 336.
-------------------- Geometry parameters
paper: a4paper
landscape: --
twocolumn: --
twoside: true
asymmetric: --
h-parts: 93.95122pt, 431.28667pt, 72.26999pt
v-parts: 72.26999pt, 700.50687pt, 72.26999pt
hmarginratio: --
vmarginratio: --
lines: --
heightrounded: --
bindingoffset: 0.0pt
truedimen: --
includehead: --
includefoot: true
includemp: --
driver: pdftex
-------------------- Page layout dimensions and switches
\paperwidth  597.50787pt
\paperheight 845.04684pt
\textwidth  431.28667pt
\textheight 673.04391pt
\oddsidemargin  21.68123pt
\evensidemargin 0.0pt
\topmargin  -33.4738pt
\headheight 13.6pt
\headsep    19.8738pt
\footskip   27.46295pt
\marginparwidth 72.26999pt
\marginparsep   7.0pt
\columnsep  10.0pt
\skip\footins  10.0pt plus 4.0pt minus 2.0pt
\hoffset 0.0pt
\voffset 0.0pt
\mag 1000
\@twosidetrue \@mparswitchtrue 
(1in=72.27pt, 1cm=28.45pt)
-----------------------

ABD: EveryShipout initializing macros
Package hyperref Info: Link coloring ON on input line 336.

(/usr/share/texmf-texlive/tex/latex/hyperref/nameref.sty
Package: nameref 2006/12/27 v2.28 Cross-referencing by name of section

(/usr/share/texmf-texlive/tex/latex/oberdiek/refcount.sty
Package: refcount 2006/02/20 v3.0 Data extraction from references (HO)
)
\c@section@level=\count176
)
LaTeX Info: Redefining \ref on input line 336.
LaTeX Info: Redefining \pageref on input line 336.
 (./main.out)
(./main.out)
\@outlinefile=\write4
\openout4 = `main.out'.

 (./frontmatter/frontpage/frontpage.tex

LaTeX Font Warning: Font shape `T1/fve/b/n' undefined
(Font)              using `T1/fve/m/n' instead on input line 8.


LaTeX Font Warning: Font shape `T1/fve/b/sl' undefined
(Font)              using `T1/fve/b/n' instead on input line 19.


LaTeX Font Warning: Font shape `T1/fve/m/sl' undefined
(Font)              using `T1/fve/m/n' instead on input line 20.

<frontmatter/frontpage/logos/uiologo.pdf, id=302, 433.62pt x 432.61626pt>
File: frontmatter/frontpage/logos/uiologo.pdf Graphic file (type pdf)

<use frontmatter/frontpage/logos/uiologo.pdf>) [1
Non-PDF special ignored!
Non-PDF special ignored!

{/var/lib/texmf/fonts/map/pdftex/updmap/pdftex.map} <./frontmatter/frontpage/lo
gos/uiologo.pdf>] [2

] (./main.toc
LaTeX Font Info:    Try loading font information for U+msa on input line 4.

(/usr/share/texmf-texlive/tex/latex/amsfonts/umsa.fd
File: umsa.fd 2002/01/19 v2.2g AMS font definitions
)
LaTeX Font Info:    Try loading font information for U+msb on input line 4.

(/usr/share/texmf-texlive/tex/latex/amsfonts/umsb.fd
File: umsb.fd 2002/01/19 v2.2g AMS font definitions
)

LaTeX Font Warning: Font shape `T1/fve/b/it' undefined
(Font)              using `T1/fve/b/n' instead on input line 15.

[1


])
\tf@toc=\write5
\openout5 = `main.toc'.

 [2] (./frontmatter/introduction/intro.tex
Chapter 1.

LaTeX Font Warning: Font shape `T1/fve/m/it' undefined
(Font)              using `T1/fve/m/n' instead on input line 5.


LaTeX Warning: Citation `fenics' on page 1 undefined on input line 9.


LaTeX Warning: Citation `DupHof2003' on page 1 undefined on input line 9.


LaTeX Warning: Citation `getfem' on page 1 undefined on input line 9.


LaTeX Warning: Citation `Muller2009' on page 1 undefined on input line 9.


Underfull \hbox (badness 10000) in paragraph at lines 3--24

 []


Underfull \hbox (badness 10000) in paragraph at lines 3--24

 []


Underfull \hbox (badness 10000) in paragraph at lines 3--24

 []


Underfull \hbox (badness 10000) in paragraph at lines 3--24

 []


Underfull \hbox (badness 10000) in paragraph at lines 3--24

 []


Underfull \hbox (badness 10000) in paragraph at lines 3--24

 []


Underfull \hbox (badness 10000) in paragraph at lines 3--24

 []


Underfull \hbox (badness 10000) in paragraph at lines 3--24

 []


Underfull \hbox (badness 10000) in paragraph at lines 3--24

 []


Underfull \hbox (badness 10000) in paragraph at lines 3--24

 []


Underfull \vbox (badness 2495) has occurred while \output is active []

pdfTeX warning (ext4): destination with the same identifier (name{page.1}) has 
been already used, duplicate ignored
<to be read again> 
                   \relax 
l.24 
      [1



]pdfTeX warning (ext4): destination with the same identifier (name{page.2}) has
 been already used, duplicate ignored
<to be read again> 
                   \relax 
l.24 
      [2] [3] [4

]) (./chapter1_Quantum_mechanics/QM.tex
Chapter 2.

LaTeX Warning: Citation `Fitzpatrick' on page 5 undefined on input line 11.


Underfull \hbox (badness 10000) in paragraph at lines 15--19

 []


Underfull \vbox (badness 10000) has occurred while \output is active []

 [5

]

LaTeX Warning: Citation `Bowman' on page 6 undefined on input line 31.


Underfull \hbox (badness 10000) in paragraph at lines 30--34

 []


Underfull \hbox (badness 10000) in paragraph at lines 56--60

 []


Overfull \hbox (3.37126pt too wide) in paragraph at lines 56--60
\T1/fve/m/it/10.95 In this the-sis we are con-cerned with solv-ing the non-rela
tivistic time-independent Schrödinger
 []


Underfull \vbox (badness 1552) has occurred while \output is active []

 [6]
Underfull \hbox (badness 10000) in paragraph at lines 67--71

 []


LaTeX Warning: Citation `Sherrill' on page 7 undefined on input line 75.


LaTeX Warning: Citation `Cramer' on page 7 undefined on input line 75.


Underfull \hbox (badness 10000) in paragraph at lines 78--82

 []


Underfull \hbox (badness 10000) in paragraph at lines 92--96

 []


Underfull \vbox (badness 3579) has occurred while \output is active []

 [7]
Underfull \hbox (badness 10000) in paragraph at lines 100--103

 []


Underfull \hbox (badness 10000) in paragraph at lines 105--109

 []


Underfull \hbox (badness 10000) in paragraph at lines 109--113

 []

[8]
Underfull \hbox (badness 10000) in paragraph at lines 115--119

 []


LaTeX Warning: Citation `jensen' on page 9 undefined on input line 142.


LaTeX Warning: Citation `Reine' on page 9 undefined on input line 142.


Underfull \hbox (badness 10000) in paragraph at lines 138--146

 []


Underfull \hbox (badness 10000) in paragraph at lines 138--146

 []


Underfull \vbox (badness 1005) has occurred while \output is active []

 [9]
Underfull \hbox (badness 10000) in paragraph at lines 151--156

 []


Underfull \vbox (badness 4108) has occurred while \output is active []

 [10]

LaTeX Warning: Citation `Zettili2001' on page 11 undefined on input line 184.


Underfull \hbox (badness 10000) in paragraph at lines 180--185

 []


Underfull \hbox (badness 10000) in paragraph at lines 188--196

 []


Underfull \hbox (badness 10000) in paragraph at lines 188--196

 []


Package amsmath Warning: Foreign command \over;
(amsmath)                \frac or \genfrac should be used instead
(amsmath)                 on input line 197.


Underfull \hbox (badness 10000) in paragraph at lines 209--216

 []


Underfull \vbox (badness 10000) has occurred while \output is active []

 [11]
[12]

LaTeX Warning: Citation `Hammond' on page 13 undefined on input line 247.


LaTeX Warning: Citation `Nesbet2003' on page 13 undefined on input line 249.


Underfull \hbox (badness 10000) in paragraph at lines 246--253

 []


LaTeX Warning: Citation `Albrigtsen' on page 13 undefined on input line 257.

[13] [14]) (./chapter2_Quantum_monte_Carlo/QMC2.tex
Chapter 3.

LaTeX Warning: Citation `Bressanini' on page 15 undefined on input line 13.


Underfull \hbox (badness 10000) in paragraph at lines 9--14

 []


Underfull \hbox (badness 10000) in paragraph at lines 17--21

 []

[15


]
Underfull \hbox (badness 10000) in paragraph at lines 27--31

 []

[16]
Underfull \vbox (badness 10000) has occurred while \output is active []

 [17]

LaTeX Warning: Citation `PaulKent' on page 18 undefined on input line 108.


LaTeX Warning: Citation `Roestad' on page 18 undefined on input line 108.

[18]
Underfull \hbox (badness 10000) in paragraph at lines 120--126

 []


Underfull \vbox (badness 10000) has occurred while \output is active []

 [19]

LaTeX Warning: Citation `Thijssen' on page 20 undefined on input line 172.


Underfull \hbox (badness 10000) in paragraph at lines 175--180

 []


Underfull \hbox (badness 10000) in paragraph at lines 215--219

 []

[20]
Underfull \hbox (badness 10000) in paragraph at lines 233--238

 []


Underfull \vbox (badness 1082) has occurred while \output is active []

 [21]
Underfull \hbox (badness 10000) in paragraph at lines 254--258

 []

Package hyperref Info: bookmark level for unknown program defaults to 0 on inpu
t line 273.

Underfull \hbox (badness 10000) in paragraph at lines 356--361

 []


Underfull \hbox (badness 10000) in paragraph at lines 365--371

 []


Underfull \vbox (badness 3386) has occurred while \output is active []

 [22]
[23]

LaTeX Warning: Citation `Ceperley1996' on page 24 undefined on input line 390.


LaTeX Warning: Citation `Dewing2001' on page 24 undefined on input line 392.


LaTeX Warning: Citation `Lin2008' on page 24 undefined on input line 392.


LaTeX Warning: Citation `NR' on page 24 undefined on input line 395.

LaTeX Font Info:    Try loading font information for T1+fvm on input line 395.
LaTeX Font Info:    No file T1fvm.fd. on input line 395.

LaTeX Font Warning: Font shape `T1/fvm/m/n' undefined
(Font)              using `T1/cmr/m/n' instead on input line 395.


Underfull \hbox (badness 10000) in paragraph at lines 390--396

 []


Underfull \hbox (badness 10000) in paragraph at lines 390--396

 []

[24]

LaTeX Warning: Citation `Levi2006' on page 25 undefined on input line 398.


Overfull \hbox (8.29358pt too wide) in paragraph at lines 398--399
\T1/fve/m/it/10.95 Because the non-relativistic Hamil-to-nian we are deal-ing w
ith has in-ver-sion sym-me-try $\OT1/cmr/m/n/10.95 ([]([])  =
 []


Underfull \hbox (badness 10000) in paragraph at lines 413--418

 []

[25] [26

]) (./chapter3_WaveFunction/TWF.tex
Chapter 4.

LaTeX Warning: Citation `Foulkes' on page 27 undefined on input line 6.


Underfull \vbox (badness 10000) has occurred while \output is active []

 [27

]
Underfull \hbox (badness 10000) in paragraph at lines 56--61

 []


Underfull \vbox (badness 1342) has occurred while \output is active []

 [28]

LaTeX Warning: Citation `Ceperley_Chester' on page 29 undefined on input line 7
1.


Underfull \hbox (badness 10000) in paragraph at lines 67--75

 []


Underfull \hbox (badness 10000) in paragraph at lines 67--75

 []


Underfull \hbox (badness 10000) in paragraph at lines 92--99

 []

[29]

Package hyperref Warning: Token not allowed in a PDFDocEncoded string,
(hyperref)                removing `math shift' on input line 101.


Package hyperref Warning: Token not allowed in a PDFDocEncoded string,
(hyperref)                removing `\nabla' on input line 101.


Package hyperref Warning: Token not allowed in a PDFDocEncoded string,
(hyperref)                removing `\Psi' on input line 101.


Package hyperref Warning: Token not allowed in a PDFDocEncoded string,
(hyperref)                removing `subscript' on input line 101.


Package hyperref Warning: Token not allowed in a PDFDocEncoded string,
(hyperref)                removing `\Psi' on input line 101.


Package hyperref Warning: Token not allowed in a PDFDocEncoded string,
(hyperref)                removing `subscript' on input line 101.


Package hyperref Warning: Token not allowed in a PDFDocEncoded string,
(hyperref)                removing `math shift' on input line 101.

[30pdfTeX warning (ext4): destination with the same identifier (name{equation.4
.10}) has been already used, duplicate ignored

\@EveryShipout@Output ...@Org@Shipout \box \@cclv 
                                                  
l.121 $$
        ]

Package hyperref Warning: Token not allowed in a PDFDocEncoded string,
(hyperref)                removing `math shift' on input line 131.


Package hyperref Warning: Token not allowed in a PDFDocEncoded string,
(hyperref)                removing `\nabla' on input line 131.


Package hyperref Warning: Token not allowed in a PDFDocEncoded string,
(hyperref)                removing `superscript' on input line 131.


Package hyperref Warning: Token not allowed in a PDFDocEncoded string,
(hyperref)                removing `\Psi' on input line 131.


Package hyperref Warning: Token not allowed in a PDFDocEncoded string,
(hyperref)                removing `subscript' on input line 131.


Package hyperref Warning: Token not allowed in a PDFDocEncoded string,
(hyperref)                removing `\Psi' on input line 131.


Package hyperref Warning: Token not allowed in a PDFDocEncoded string,
(hyperref)                removing `subscript' on input line 131.


Package hyperref Warning: Token not allowed in a PDFDocEncoded string,
(hyperref)                removing `math shift' on input line 131.


Underfull \vbox (badness 10000) has occurred while \output is active []

 [31pdfTeX warning (ext4): destination with the same identifier (name{equation.
4.16}) has been already used, duplicate ignored

\@EveryShipout@Output ...@Org@Shipout \box \@cclv 
                                                  
l.157 \end{equation}
                    ]

LaTeX Warning: Citation `Sherman1950' on page 32 undefined on input line 163.


LaTeX Warning: Citation `Williansom' on page 32 undefined on input line 163.


Underfull \hbox (badness 10000) in paragraph at lines 205--210

 []


Underfull \vbox (badness 2103) has occurred while \output is active []

 [32]

Package hyperref Warning: Token not allowed in a PDFDocEncoded string,
(hyperref)                removing `math shift' on input line 274.


Package hyperref Warning: Token not allowed in a PDFDocEncoded string,
(hyperref)                removing `\begingroup' on input line 274.


Package hyperref Warning: Token not allowed in a PDFDocEncoded string,
(hyperref)                removing `\<let>-command' on input line 274.


Package hyperref Warning: Token not allowed in a PDFDocEncoded string,
(hyperref)                removing `\@nomath' on input line 274.


Package hyperref Warning: Token not allowed in a PDFDocEncoded string,
(hyperref)                removing `\begingroup' on input line 274.


Package hyperref Warning: Token not allowed in a PDFDocEncoded string,
(hyperref)                removing `\setbox' on input line 274.


Package hyperref Warning: Token not allowed in a PDFDocEncoded string,
(hyperref)                removing `\z@' on input line 274.


Package hyperref Warning: Token not allowed in a PDFDocEncoded string,
(hyperref)                removing `\hbox' on input line 274.


Package hyperref Warning: Token not allowed in a PDFDocEncoded string,
(hyperref)                removing `\thinmuskip' on input line 274.


Package hyperref Warning: Token not allowed in a PDFDocEncoded string,
(hyperref)                removing `\medmuskip' on input line 274.


Package hyperref Warning: Token not allowed in a PDFDocEncoded string,
(hyperref)                removing `\m@ne' on input line 274.


Package hyperref Warning: Token not allowed in a PDFDocEncoded string,
(hyperref)                removing `\thickmuskip' on input line 274.


Package hyperref Warning: Token not allowed in a PDFDocEncoded string,
(hyperref)                removing `\@ne' on input line 274.


Package hyperref Warning: Token not allowed in a PDFDocEncoded string,
(hyperref)                removing `\setbox' on input line 274.


Package hyperref Warning: Token not allowed in a PDFDocEncoded string,
(hyperref)                removing `\tw@' on input line 274.


Package hyperref Warning: Token not allowed in a PDFDocEncoded string,
(hyperref)                removing `\hbox' on input line 274.


Package hyperref Warning: Token not allowed in a PDFDocEncoded string,
(hyperref)                removing `math shift' on input line 274.


Package hyperref Warning: Token not allowed in a PDFDocEncoded string,
(hyperref)                removing `\nabla' on input line 274.


Package hyperref Warning: Token not allowed in a PDFDocEncoded string,
(hyperref)                removing `\mathsurround' on input line 274.


Package hyperref Warning: Token not allowed in a PDFDocEncoded string,
(hyperref)                removing `\z@' on input line 274.


Package hyperref Warning: Token not allowed in a PDFDocEncoded string,
(hyperref)                removing `math shift' on input line 274.


Package hyperref Warning: Token not allowed in a PDFDocEncoded string,
(hyperref)                removing `math shift' on input line 274.


Package hyperref Warning: Token not allowed in a PDFDocEncoded string,
(hyperref)                removing `\nabla' on input line 274.


Package hyperref Warning: Token not allowed in a PDFDocEncoded string,
(hyperref)                removing `\mathsurround' on input line 274.


Package hyperref Warning: Token not allowed in a PDFDocEncoded string,
(hyperref)                removing `\z@' on input line 274.


Package hyperref Warning: Token not allowed in a PDFDocEncoded string,
(hyperref)                removing `math shift' on input line 274.


Package hyperref Warning: Token not allowed in a PDFDocEncoded string,
(hyperref)                removing `\<def>-command' on input line 274.


Package hyperref Warning: Token not allowed in a PDFDocEncoded string,
(hyperref)                removing `\@tempa' on input line 274.


Package hyperref Warning: Token not allowed in a PDFDocEncoded string,
(hyperref)                removing `\mathchoice' on input line 274.


Package hyperref Warning: Token not allowed in a PDFDocEncoded string,
(hyperref)                removing `\hbox' on input line 274.


Package hyperref Warning: Token not allowed in a PDFDocEncoded string,
(hyperref)                removing `math shift' on input line 274.


Package hyperref Warning: Token not allowed in a PDFDocEncoded string,
(hyperref)                removing `\mathsurround' on input line 274.


Package hyperref Warning: Token not allowed in a PDFDocEncoded string,
(hyperref)                removing `\z@' on input line 274.


Package hyperref Warning: Token not allowed in a PDFDocEncoded string,
(hyperref)                removing `\displaystyle' on input line 274.


Package hyperref Warning: Token not allowed in a PDFDocEncoded string,
(hyperref)                removing `\nabla' on input line 274.


Package hyperref Warning: Token not allowed in a PDFDocEncoded string,
(hyperref)                removing `math shift' on input line 274.


Package hyperref Warning: Token not allowed in a PDFDocEncoded string,
(hyperref)                removing `\hbox' on input line 274.


Package hyperref Warning: Token not allowed in a PDFDocEncoded string,
(hyperref)                removing `math shift' on input line 274.


Package hyperref Warning: Token not allowed in a PDFDocEncoded string,
(hyperref)                removing `\mathsurround' on input line 274.


Package hyperref Warning: Token not allowed in a PDFDocEncoded string,
(hyperref)                removing `\z@' on input line 274.


Package hyperref Warning: Token not allowed in a PDFDocEncoded string,
(hyperref)                removing `\textstyle' on input line 274.


Package hyperref Warning: Token not allowed in a PDFDocEncoded string,
(hyperref)                removing `\nabla' on input line 274.


Package hyperref Warning: Token not allowed in a PDFDocEncoded string,
(hyperref)                removing `math shift' on input line 274.


Package hyperref Warning: Token not allowed in a PDFDocEncoded string,
(hyperref)                removing `\hbox' on input line 274.


Package hyperref Warning: Token not allowed in a PDFDocEncoded string,
(hyperref)                removing `math shift' on input line 274.


Package hyperref Warning: Token not allowed in a PDFDocEncoded string,
(hyperref)                removing `\mathsurround' on input line 274.


Package hyperref Warning: Token not allowed in a PDFDocEncoded string,
(hyperref)                removing `\z@' on input line 274.


Package hyperref Warning: Token not allowed in a PDFDocEncoded string,
(hyperref)                removing `\scriptstyle' on input line 274.


Package hyperref Warning: Token not allowed in a PDFDocEncoded string,
(hyperref)                removing `\nabla' on input line 274.


Package hyperref Warning: Token not allowed in a PDFDocEncoded string,
(hyperref)                removing `math shift' on input line 274.


Package hyperref Warning: Token not allowed in a PDFDocEncoded string,
(hyperref)                removing `\hbox' on input line 274.


Package hyperref Warning: Token not allowed in a PDFDocEncoded string,
(hyperref)                removing `math shift' on input line 274.


Package hyperref Warning: Token not allowed in a PDFDocEncoded string,
(hyperref)                removing `\mathsurround' on input line 274.


Package hyperref Warning: Token not allowed in a PDFDocEncoded string,
(hyperref)                removing `\z@' on input line 274.


Package hyperref Warning: Token not allowed in a PDFDocEncoded string,
(hyperref)                removing `\scriptscriptstyle' on input line 274.


Package hyperref Warning: Token not allowed in a PDFDocEncoded string,
(hyperref)                removing `\nabla' on input line 274.


Package hyperref Warning: Token not allowed in a PDFDocEncoded string,
(hyperref)                removing `math shift' on input line 274.


Package hyperref Warning: Token not allowed in a PDFDocEncoded string,
(hyperref)                removing `\endgroup' on input line 274.


Package hyperref Warning: Token not allowed in a PDFDocEncoded string,
(hyperref)                removing `\Psi' on input line 274.


Package hyperref Warning: Token not allowed in a PDFDocEncoded string,
(hyperref)                removing `subscript' on input line 274.


Package hyperref Warning: Token not allowed in a PDFDocEncoded string,
(hyperref)                removing `\Psi' on input line 274.


Package hyperref Warning: Token not allowed in a PDFDocEncoded string,
(hyperref)                removing `subscript' on input line 274.


Package hyperref Warning: Token not allowed in a PDFDocEncoded string,
(hyperref)                removing `math shift' on input line 274.

[33]
Underfull \hbox (badness 10000) in paragraph at lines 293--298

 []


Underfull \vbox (badness 10000) has occurred while \output is active []

 [34]

Package hyperref Warning: Token not allowed in a PDFDocEncoded string,
(hyperref)                removing `math shift' on input line 363.


Package hyperref Warning: Token not allowed in a PDFDocEncoded string,
(hyperref)                removing `\nabla' on input line 363.


Package hyperref Warning: Token not allowed in a PDFDocEncoded string,
(hyperref)                removing `superscript' on input line 363.


Package hyperref Warning: Token not allowed in a PDFDocEncoded string,
(hyperref)                removing `\Psi' on input line 363.


Package hyperref Warning: Token not allowed in a PDFDocEncoded string,
(hyperref)                removing `subscript' on input line 363.


Package hyperref Warning: Token not allowed in a PDFDocEncoded string,
(hyperref)                removing `\Psi' on input line 363.


Package hyperref Warning: Token not allowed in a PDFDocEncoded string,
(hyperref)                removing `subscript' on input line 363.


Package hyperref Warning: Token not allowed in a PDFDocEncoded string,
(hyperref)                removing `math shift' on input line 363.


Underfull \vbox (badness 10000) has occurred while \output is active []

 [35]
Underfull \vbox (badness 10000) has occurred while \output is active []

 [36]
Underfull \hbox (badness 10000) in paragraph at lines 443--448

 []


Underfull \vbox (badness 10000) has occurred while \output is active []

 [37]
Underfull \hbox (badness 10000) in paragraph at lines 466--471

 []


LaTeX Warning: Citation `Slattery' on page 38 undefined on input line 495.


LaTeX Warning: Citation `matrix2008' on page 38 undefined on input line 495.


Underfull \vbox (badness 1231) has occurred while \output is active []

 [38]
Overfull \hbox (0.86777pt too wide) in paragraph at lines 537--537
 []$\OMS/cmsy/m/n/9 h\OML/cmm/m/it/9 E\OMS/cmsy/m/n/9 i[]$\T1/fve/m/it/9 ? 
 []

[39] [40]) (./chapter4_Cases_of_study/Cases.tex
Chapter 5.

Underfull \hbox (badness 10000) in paragraph at lines 17--22

 []


LaTeX Warning: `h' float specifier changed to `ht'.


Underfull \vbox (badness 3219) has occurred while \output is active []

 [41


]
Underfull \hbox (badness 10000) in paragraph at lines 51--56

 []


Underfull \vbox (badness 10000) has occurred while \output is active []



Package Fancyhdr Warning: \headheight is too small (13.6pt): 
 Make it at least 25.22153pt.
 We now make it that large for the rest of the document.
 This may cause the page layout to be inconsistent, however.

[42]
Underfull \hbox (badness 10000) in paragraph at lines 183--190

 []


Underfull \hbox (badness 10000) in paragraph at lines 192--207

 []

[43]
Underfull \hbox (badness 10000) in paragraph at lines 241--246

 []


Package Fancyhdr Warning: \headheight is too small (13.6pt): 
 Make it at least 25.22153pt.
 We now make it that large for the rest of the document.
 This may cause the page layout to be inconsistent, however.

[44]

LaTeX Warning: Citation `Boas2006' on page 45 undefined on input line 277.


LaTeX Warning: Citation `McMahon2006' on page 45 undefined on input line 277.


Underfull \hbox (badness 10000) in paragraph at lines 273--278

 []


Underfull \hbox (badness 10000) in paragraph at lines 286--288

 []


LaTeX Warning: Citation `Bohm' on page 45 undefined on input line 319.


Underfull \hbox (badness 10000) in paragraph at lines 315--320

 []


! Package amsmath Error: Multiple \label's: label '3DHamiltonianHO' will be los
t.

See the amsmath package documentation for explanation.
Type  H <return>  for immediate help.
 ...                                              
                                                  
l.329 \end{align}
                 
? s
OK, entering \scrollmode...

Underfull \vbox (badness 5119) has occurred while \output is active []

 [45]
Underfull \hbox (badness 10000) in paragraph at lines 341--345

 []


LaTeX Warning: Citation `Baker1956' on page 46 undefined on input line 360.


Underfull \hbox (badness 10000) in paragraph at lines 347--361

 []


Underfull \vbox (badness 10000) has occurred while \output is active []



Package Fancyhdr Warning: \headheight is too small (13.6pt): 
 Make it at least 25.22153pt.
 We now make it that large for the rest of the document.
 This may cause the page layout to be inconsistent, however.

[46]

LaTeX Warning: Citation `Ferry2001' on page 47 undefined on input line 395.


Underfull \hbox (badness 10000) in paragraph at lines 377--396

 []


Underfull \vbox (badness 10000) has occurred while \output is active []

 [47]
Underfull \hbox (badness 10000) in paragraph at lines 419--423

 []


Underfull \vbox (badness 10000) has occurred while \output is active []



Package Fancyhdr Warning: \headheight is too small (13.6pt): 
 Make it at least 25.22153pt.
 We now make it that large for the rest of the document.
 This may cause the page layout to be inconsistent, however.

[48]
Overfull \hbox (27.71819pt too wide) detected at line 430
[][] \OT1/cmr/m/n/10.95 = [] [] + [] [] [] [] + [] [] \OML/cmm/m/it/10.95 :
 []

[49]

Package Fancyhdr Warning: \headheight is too small (13.6pt): 
 Make it at least 25.22153pt.
 We now make it that large for the rest of the document.
 This may cause the page layout to be inconsistent, however.

[50]
Underfull \hbox (badness 10000) in paragraph at lines 511--516

 []


Underfull \vbox (badness 10000) has occurred while \output is active []

 [51]
Underfull \vbox (badness 3449) has occurred while \output is active []



Package Fancyhdr Warning: \headheight is too small (13.6pt): 
 Make it at least 25.22153pt.
 We now make it that large for the rest of the document.
 This may cause the page layout to be inconsistent, however.

[52]
Underfull \hbox (badness 10000) in paragraph at lines 566--570

 []

[53]

Package Fancyhdr Warning: \headheight is too small (13.6pt): 
 Make it at least 25.22153pt.
 We now make it that large for the rest of the document.
 This may cause the page layout to be inconsistent, however.

[54]) (./chapter5_Implementation/implementation.tex
Chapter 6.

LaTeX Warning: Citation `Shapira2006' on page 55 undefined on input line 10.


LaTeX Warning: Citation `Langtangen2003' on page 55 undefined on input line 10.



Underfull \hbox (badness 10000) in paragraph at lines 9--15

 []

[55


]

Package Listings Warning: Text dropped after begin of listing on input line 20.


LaTeX Font Info:    Try loading font information for TS1+fve on input line 35.
LaTeX Font Info:    No file TS1fve.fd. on input line 35.

LaTeX Font Warning: Font shape `TS1/fve/m/n' undefined
(Font)              using `TS1/cmr/m/n' instead
(Font)              for symbol `textquotesingle' on input line 35.


Underfull \hbox (badness 10000) in paragraph at lines 47--50

 []


Package Listings Warning: Text dropped after begin of listing on input line 51.


[56]

LaTeX Font Warning: Font shape `TS1/fve/m/sl' undefined
(Font)              using `TS1/fve/m/n' instead
(Font)              for symbol `textquotesingle' on input line 131.

[57]

Package Listings Warning: Text dropped after begin of listing on input line 172
.

[58]

Package Listings Warning: Text dropped after begin of listing on input line 273
.

[59]

Package Listings Warning: Text dropped after begin of listing on input line 333
.


Underfull \hbox (badness 10000) in paragraph at lines 348--351

 []

[60]

LaTeX Warning: Citation `Langtangen2000' on page 61 undefined on input line 361
.


LaTeX Warning: Citation `HPL' on page 61 undefined on input line 361.


Underfull \hbox (badness 10000) in paragraph at lines 359--362

 []


Underfull \hbox (badness 10000) in paragraph at lines 359--362

 []


Underfull \hbox (badness 10000) in paragraph at lines 365--367

 []


Underfull \hbox (badness 10000) in paragraph at lines 365--367

 []

[61]

LaTeX Font Warning: Font shape `T1/fvm/b/n' undefined
(Font)              using `T1/fvm/m/n' instead on input line 369.


LaTeX Font Warning: Font shape `T1/fvm/m/sl' undefined
(Font)              using `T1/fvm/m/n' instead on input line 372.


LaTeX Warning: Citation `Beazley' on page 62 undefined on input line 423.


Underfull \hbox (badness 10000) in paragraph at lines 417--426

 []


Underfull \hbox (badness 10000) in paragraph at lines 417--426

 []


Underfull \hbox (badness 10000) in paragraph at lines 417--426

 []


Underfull \hbox (badness 10000) in paragraph at lines 417--426

 []

[62] [63] [64] [65]
LaTeX Font Info:    Try loading font information for TS1+fvm on input line 595.

LaTeX Font Info:    No file TS1fvm.fd. on input line 595.


LaTeX Font Warning: Font shape `TS1/fvm/m/n' undefined
(Font)              using `TS1/cmr/m/n' instead
(Font)              for symbol `textquotesingle' on input line 595.


Underfull \hbox (badness 10000) in paragraph at lines 605--608

 []

[66]
Underfull \hbox (badness 10000) in paragraph at lines 639--642

 []


Underfull \hbox (badness 10000) in paragraph at lines 639--642

 []

[67] [68] [69]
Underfull \hbox (badness 10000) in paragraph at lines 770--771

 []


Underfull \hbox (badness 10000) in paragraph at lines 794--798

 []

[70] [71]
Underfull \hbox (badness 10000) in paragraph at lines 899--903

 []


Underfull \hbox (badness 10000) in paragraph at lines 899--903

 []

[72]
Underfull \hbox (badness 10000) in paragraph at lines 908--910

 []


Underfull \hbox (badness 10000) in paragraph at lines 920--922

 []

[73] [74]) (./chapter6_Numerical_Experiments/NumExp.tex [75] [76]
Chapter 7.

LaTeX Warning: Citation `Clementi1963' on page 77 undefined on input line 10.


Underfull \hbox (badness 10000) in paragraph at lines 7--11

 []


Underfull \hbox (badness 10000) in paragraph at lines 7--11

 []

(./experimentalData/energiesHeCppPlain/plotEnergiesHePlainCppdBeta003.tex

! Package pgfkeys Error: I do not know the key '/tikz/20' and I am going to ign
ore it. Perhaps you misspelled it.

See the pgfkeys package documentation for explanation.
Type  H <return>  for immediate help.
 ...                                              
                                                  
l.491 \node[gp node center,font=,20]
                                     at (7.172,3.808) {0.4};
This error message was generated by an \errmessage
command, so I can't give any explicit help.
Pretend that you're Hercule Poirot: Examine all clues,
and deduce the truth by order and method.


! Package pgfkeys Error: I do not know the key '/tikz/20' and I am going to ign
ore it. Perhaps you misspelled it.

See the pgfkeys package documentation for explanation.
Type  H <return>  for immediate help.
 ...                                              
                                                  
l.514 \node[gp node center,font=,20]
                                     at (10.566,3.808) {0.8};
(That was another \errmessage.)

)
Underfull \hbox (badness 10000) in paragraph at lines 19--21

 []

(./experimentalData/energiesHePy/plotEnergiesHePython.tex

! Package pgfkeys Error: I do not know the key '/tikz/20' and I am going to ign
ore it. Perhaps you misspelled it.

See the pgfkeys package documentation for explanation.
Type  H <return>  for immediate help.
 ...                                              
                                                  
l.345 \node[gp node center,font=,20]
                                     at (6.748,3.808) {0.4};
(That was another \errmessage.)

) [77

]
Underfull \hbox (badness 10000) in paragraph at lines 45--46

 []

(./experimentalData/executionTime/plotExecTimeHePyCpp.tex)
(./experimentalData/executionTime/plotExecTimeCppAlone.tex)
(./experimentalData/executionTime/plotDiffTimePyCpp.tex) [78] [79] [80]

LaTeX Warning: Citation `HPL2008' on page 81 undefined on input line 127.


Underfull \hbox (badness 10000) in paragraph at lines 125--132

 []


Underfull \hbox (badness 10000) in paragraph at lines 125--132

 []


Underfull \hbox (badness 10000) in paragraph at lines 136--137

 []

[81] (./experimentalData/timingMixedVsCpp/plotExecTimeMixedVsPlainSmall.tex)
(./experimentalData/timingMixedVsCpp/plotExecTimeMixedVsPlainBig.tex)
Underfull \hbox (badness 10000) in paragraph at lines 145--154

 []


LaTeX Warning: Citation `LangtangenMardal2003' on page 82 undefined on input li
ne 156.


Package hyperref Warning: Token not allowed in a PDFDocEncoded string,
(hyperref)                removing `math shift' on input line 168.


Package hyperref Warning: Token not allowed in a PDFDocEncoded string,
(hyperref)                removing `\alpha' on input line 168.


Package hyperref Warning: Token not allowed in a PDFDocEncoded string,
(hyperref)                removing `math shift' on input line 168.


Underfull \hbox (badness 10000) in paragraph at lines 170--171

 []


Underfull \vbox (badness 10000) has occurred while \output is active []

 [82]
[83]
<experimentalData/secondPart/tunningSimulator/alphaStudies/alphaHe.pdf, id=2008
, 449.68pt x 338.26375pt>
File: experimentalData/secondPart/tunningSimulator/alphaStudies/alphaHe.pdf Gra
phic file (type pdf)

<use experimentalData/secondPart/tunningSimulator/alphaStudies/alphaHe.pdf>
<experimentalData/secondPart/tunningSimulator/alphaStudies/alphaBe.pdf, id=2009
, 449.68pt x 338.26375pt>
File: experimentalData/secondPart/tunningSimulator/alphaStudies/alphaBe.pdf Gra
phic file (type pdf)

<use experimentalData/secondPart/tunningSimulator/alphaStudies/alphaBe.pdf>
<experimentalData/secondPart/tunningSimulator/alphaStudies/alpha2DHO2e.pdf, id=
2016, 449.68pt x 338.26375pt>
File: experimentalData/secondPart/tunningSimulator/alphaStudies/alpha2DHO2e.pdf
 Graphic file (type pdf)

<use experimentalData/secondPart/tunningSimulator/alphaStudies/alpha2DHO2e.pdf>

<experimentalData/secondPart/tunningSimulator/alphaStudies/alpha2DHO6e.pdf, id=
2017, 449.68pt x 338.26375pt>
File: experimentalData/secondPart/tunningSimulator/alphaStudies/alpha2DHO6e.pdf
 Graphic file (type pdf)

<use experimentalData/secondPart/tunningSimulator/alphaStudies/alpha2DHO6e.pdf>

Overfull \hbox (19.50206pt too wide) in paragraph at lines 204--208
 [] 
 []


Underfull \hbox (badness 10000) in paragraph at lines 232--235

 []


Underfull \hbox (badness 10000) in paragraph at lines 232--235

 []

[84 <./experimentalData/secondPart/tunningSimulator/alphaStudies/alphaHe.pdf> <
./experimentalData/secondPart/tunningSimulator/alphaStudies/alphaBe.pdf>]
[85 <./experimentalData/secondPart/tunningSimulator/alphaStudies/alpha2DHO2e.pd
f> <./experimentalData/secondPart/tunningSimulator/alphaStudies/alpha2DHO6e.pdf
>]
<experimentalData/secondPart/tunningSimulator/He/alphaBetaStudy/plot3DAlphaBeta
He.pdf, id=2071, 602.25pt x 474.77374pt>
File: experimentalData/secondPart/tunningSimulator/He/alphaBetaStudy/plot3DAlph
aBetaHe.pdf Graphic file (type pdf)

<use experimentalData/secondPart/tunningSimulator/He/alphaBetaStudy/plot3DAlpha
BetaHe.pdf>
<experimentalData/secondPart/tunningSimulator/He/alphaBetaStudy/zoomAlphaHe.pdf
, id=2074, 602.25pt x 474.77374pt>
File: experimentalData/secondPart/tunningSimulator/He/alphaBetaStudy/zoomAlphaH
e.pdf Graphic file (type pdf)

<use experimentalData/secondPart/tunningSimulator/He/alphaBetaStudy/zoomAlphaHe
.pdf>
<experimentalData/secondPart/tunningSimulator/He/alphaBetaStudy/minBetaFixedAlp
haHe.pdf, id=2075, 602.25pt x 474.77374pt>
File: experimentalData/secondPart/tunningSimulator/He/alphaBetaStudy/minBetaFix
edAlphaHe.pdf Graphic file (type pdf)

<use experimentalData/secondPart/tunningSimulator/He/alphaBetaStudy/minBetaFixe
dAlphaHe.pdf>
Overfull \hbox (19.51433pt too wide) in paragraph at lines 265--269
 [] 
 []


<experimentalData/secondPart/tunningSimulator/Be/alphaBetaStudy/plot3DAlphaBeta
BeSim1.pdf, id=2080, 602.25pt x 474.77374pt>
File: experimentalData/secondPart/tunningSimulator/Be/alphaBetaStudy/plot3DAlph
aBetaBeSim1.pdf Graphic file (type pdf)

<use experimentalData/secondPart/tunningSimulator/Be/alphaBetaStudy/plot3DAlpha
BetaBeSim1.pdf>
<experimentalData/secondPart/tunningSimulator/Be/alphaBetaStudy/zoomAlphaBeSim1
.pdf, id=2083, 602.25pt x 474.77374pt>
File: experimentalData/secondPart/tunningSimulator/Be/alphaBetaStudy/zoomAlphaB
eSim1.pdf Graphic file (type pdf)

<use experimentalData/secondPart/tunningSimulator/Be/alphaBetaStudy/zoomAlphaBe
Sim1.pdf>
<experimentalData/secondPart/tunningSimulator/Be/alphaBetaStudy/minBetaFixedAlp
haBeSim2.pdf, id=2084, 602.25pt x 474.77374pt>
File: experimentalData/secondPart/tunningSimulator/Be/alphaBetaStudy/minBetaFix
edAlphaBeSim2.pdf Graphic file (type pdf)

<use experimentalData/secondPart/tunningSimulator/Be/alphaBetaStudy/minBetaFixe
dAlphaBeSim2.pdf>
Overfull \hbox (19.51433pt too wide) in paragraph at lines 286--290
 [] 
 []


<experimentalData/plots2DQDot2e/plotAlphaBeta2DQDot2e.pdf, id=2089, 714.67pt x 
530.98375pt>
File: experimentalData/plots2DQDot2e/plotAlphaBeta2DQDot2e.pdf Graphic file (ty
pe pdf)
 <use experimentalData/plots2DQDot2e/plotAlphaBeta2DQDot2e.pdf>
<experimentalData/plots2DQDot2e/zoomAlpha2DQDot2e.pdf, id=2090, 602.25pt x 474.
77374pt>
File: experimentalData/plots2DQDot2e/zoomAlpha2DQDot2e.pdf Graphic file (type p
df)
 <use experimentalData/plots2DQDot2e/zoomAlpha2DQDot2e.pdf>
<experimentalData/plots2DQDot2e/zoomBeta2DQDot2e.pdf, id=2091, 602.25pt x 474.7
7374pt>
File: experimentalData/plots2DQDot2e/zoomBeta2DQDot2e.pdf Graphic file (type pd
f)
 <use experimentalData/plots2DQDot2e/zoomBeta2DQDot2e.pdf>
Overfull \hbox (19.51433pt too wide) in paragraph at lines 307--311
 [] 
 []


<experimentalData/secondPart/tunningSimulator/2DQDot6e/alphaBeta.pdf, id=2096, 
602.25pt x 474.77374pt>
File: experimentalData/secondPart/tunningSimulator/2DQDot6e/alphaBeta.pdf Graph
ic file (type pdf)

<use experimentalData/secondPart/tunningSimulator/2DQDot6e/alphaBeta.pdf>
<experimentalData/secondPart/tunningSimulator/2DQDot6e/zoomAlpha.pdf, id=2097, 
602.25pt x 474.77374pt>
File: experimentalData/secondPart/tunningSimulator/2DQDot6e/zoomAlpha.pdf Graph
ic file (type pdf)

<use experimentalData/secondPart/tunningSimulator/2DQDot6e/zoomAlpha.pdf>
<experimentalData/secondPart/tunningSimulator/2DQDot6e/zoomBeta.pdf, id=2098, 7
14.67pt x 530.98375pt>
File: experimentalData/secondPart/tunningSimulator/2DQDot6e/zoomBeta.pdf Graphi
c file (type pdf)

<use experimentalData/secondPart/tunningSimulator/2DQDot6e/zoomBeta.pdf>
Overfull \hbox (19.50232pt too wide) in paragraph at lines 328--332
 [] 
 []


Underfull \hbox (badness 10000) in paragraph at lines 345--349

 []


Underfull \hbox (badness 10000) in paragraph at lines 345--349

 []


Underfull \vbox (badness 10000) has occurred while \output is active []

 [86 <./experimentalData/secondPart/tunningSimulator/He/alphaBetaStudy/plot3DAl
phaBetaHe.pdf>] [87 <./experimentalData/secondPart/tunningSimulator/He/alphaBet
aStudy/zoomAlphaHe.pdf> <./experimentalData/secondPart/tunningSimulator/He/alph
aBetaStudy/minBetaFixedAlphaHe.pdf> <./experimentalData/secondPart/tunningSimul
ator/Be/alphaBetaStudy/plot3DAlphaBetaBeSim1.pdf>]
<experimentalData/optimizationWithQuasiNewton/He/plotAlphaEvolHe.pdf, id=2148, 
602.25pt x 474.77374pt>
File: experimentalData/optimizationWithQuasiNewton/He/plotAlphaEvolHe.pdf Graph
ic file (type pdf)

<use experimentalData/optimizationWithQuasiNewton/He/plotAlphaEvolHe.pdf>
<experimentalData/optimizationWithQuasiNewton/He/plotBetaEvolHe.pdf, id=2149, 6
02.25pt x 474.77374pt>
File: experimentalData/optimizationWithQuasiNewton/He/plotBetaEvolHe.pdf Graphi
c file (type pdf)

<use experimentalData/optimizationWithQuasiNewton/He/plotBetaEvolHe.pdf>
<experimentalData/optimizationWithQuasiNewton/He/plotOptAlphaBetaEnergyHe.pdf, 
id=2150, 602.25pt x 474.77374pt>
File: experimentalData/optimizationWithQuasiNewton/He/plotOptAlphaBetaEnergyHe.
pdf Graphic file (type pdf)

<use experimentalData/optimizationWithQuasiNewton/He/plotOptAlphaBetaEnergyHe.p
df>
<experimentalData/optimizationWithQuasiNewton/Be/evolAlphaBeOpt.pdf, id=2151, 7
14.67pt x 530.98375pt>
File: experimentalData/optimizationWithQuasiNewton/Be/evolAlphaBeOpt.pdf Graphi
c file (type pdf)

<use experimentalData/optimizationWithQuasiNewton/Be/evolAlphaBeOpt.pdf>
<experimentalData/optimizationWithQuasiNewton/Be/evolBetaBeOpt.pdf, id=2152, 71
4.67pt x 530.98375pt>
File: experimentalData/optimizationWithQuasiNewton/Be/evolBetaBeOpt.pdf Graphic
 file (type pdf)

<use experimentalData/optimizationWithQuasiNewton/Be/evolBetaBeOpt.pdf>
<experimentalData/optimizationWithQuasiNewton/Be/plotEnergyOptimizationBe.pdf, 
id=2153, 602.25pt x 474.77374pt>
File: experimentalData/optimizationWithQuasiNewton/Be/plotEnergyOptimizationBe.
pdf Graphic file (type pdf)

<use experimentalData/optimizationWithQuasiNewton/Be/plotEnergyOptimizationBe.p
df>

LaTeX Warning: Citation `Harju1997' on page 88 undefined on input line 373.


LaTeX Warning: Citation `siljamaki2003' on page 88 undefined on input line 373.



Underfull \hbox (badness 10000) in paragraph at lines 370--374

 []

[88 <./experimentalData/secondPart/tunningSimulator/Be/alphaBetaStudy/zoomAlpha
BeSim1.pdf> <./experimentalData/secondPart/tunningSimulator/Be/alphaBetaStudy/m
inBetaFixedAlphaBeSim2.pdf> <./experimentalData/plots2DQDot2e/plotAlphaBeta2DQD
ot2e.pdf>]
Underfull \vbox (badness 1466) has occurred while \output is active []

 [89 <./experimentalData/plots2DQDot2e/zoomAlpha2DQDot2e.pdf> <./experimentalDa
ta/plots2DQDot2e/zoomBeta2DQDot2e.pdf> <./experimentalData/secondPart/tunningSi
mulator/2DQDot6e/alphaBeta.pdf>]

LaTeX Warning: Citation `Bressanini2003' on page 90 undefined on input line 402
.


Underfull \hbox (badness 10000) in paragraph at lines 397--404

 []


Underfull \hbox (badness 10000) in paragraph at lines 397--404

 []

[90 <./experimentalData/secondPart/tunningSimulator/2DQDot6e/zoomAlpha.pdf> <./
experimentalData/secondPart/tunningSimulator/2DQDot6e/zoomBeta.pdf>]

LaTeX Warning: Text page 91 contains only floats.


Underfull \vbox (badness 10000) has occurred while \output is active []

 [91 <./experimentalData/optimizationWithQuasiNewton/He/plotAlphaEvolHe.pdf> <.
/experimentalData/optimizationWithQuasiNewton/He/plotBetaEvolHe.pdf> <./experim
entalData/optimizationWithQuasiNewton/He/plotOptAlphaBetaEnergyHe.pdf>] [92 <./
experimentalData/optimizationWithQuasiNewton/Be/evolAlphaBeOpt.pdf> <./experime
ntalData/optimizationWithQuasiNewton/Be/evolBetaBeOpt.pdf> <./experimentalData/
optimizationWithQuasiNewton/Be/plotEnergyOptimizationBe.pdf>]
<experimentalData/blocking/He/blockingDtHe.pdf, id=2276, 602.25pt x 474.77374pt
>
File: experimentalData/blocking/He/blockingDtHe.pdf Graphic file (type pdf)
 <use experimentalData/blocking/He/blockingDtHe.pdf>
<experimentalData/blocking/blockingHe.pdf, id=2277, 602.25pt x 474.77374pt>
File: experimentalData/blocking/blockingHe.pdf Graphic file (type pdf)

<use experimentalData/blocking/blockingHe.pdf>
Overfull \hbox (19.51433pt too wide) in paragraph at lines 407--411
 [] 
 []


<experimentalData/blocking/Be/blockingDtBe.pdf, id=2278, 602.25pt x 474.77374pt
>
File: experimentalData/blocking/Be/blockingDtBe.pdf Graphic file (type pdf)
 <use experimentalData/blocking/Be/blockingDtBe.pdf>
<experimentalData/blocking/plotBlockingBe.pdf, id=2279, 602.25pt x 474.77374pt>
File: experimentalData/blocking/plotBlockingBe.pdf Graphic file (type pdf)
<use experimentalData/blocking/plotBlockingBe.pdf>
Overfull \hbox (19.51433pt too wide) in paragraph at lines 418--422
 [] 
 []


Underfull \hbox (badness 10000) in paragraph at lines 427--430

 []


Underfull \hbox (badness 10000) in paragraph at lines 427--430

 []

[93 <./experimentalData/blocking/He/blockingDtHe.pdf> <./experimentalData/block
ing/blockingHe.pdf> <./experimentalData/blocking/Be/blockingDtBe.pdf> <./experi
mentalData/blocking/plotBlockingBe.pdf>]
Underfull \hbox (badness 10000) in paragraph at lines 431--433

 []


<experimentalData/secondPart/dtStudy2DQDot2e/dtPlot2DQDot2e.pdf, id=2308, 602.2
5pt x 474.77374pt>
File: experimentalData/secondPart/dtStudy2DQDot2e/dtPlot2DQDot2e.pdf Graphic fi
le (type pdf)

<use experimentalData/secondPart/dtStudy2DQDot2e/dtPlot2DQDot2e.pdf>
<experimentalData/blocking/2DQDot2e/block2DQDot2edt0p06.pdf, id=2309, 602.25pt 
x 474.77374pt>
File: experimentalData/blocking/2DQDot2e/block2DQDot2edt0p06.pdf Graphic file (
type pdf)

<use experimentalData/blocking/2DQDot2e/block2DQDot2edt0p06.pdf>
Overfull \hbox (19.51433pt too wide) in paragraph at lines 437--441
 [] 
 []


<experimentalData/blocking/plotDtStudy2DQDot6e.pdf, id=2310, 602.25pt x 474.773
74pt>
File: experimentalData/blocking/plotDtStudy2DQDot6e.pdf Graphic file (type pdf)

 <use experimentalData/blocking/plotDtStudy2DQDot6e.pdf>
<experimentalData/blocking/2DQDot6e/blockAnalyse2DQDot6e.pdf, id=2311, 602.25pt
 x 474.77374pt>
File: experimentalData/blocking/2DQDot6e/blockAnalyse2DQDot6e.pdf Graphic file 
(type pdf)

<use experimentalData/blocking/2DQDot6e/blockAnalyse2DQDot6e.pdf>
Overfull \hbox (19.51433pt too wide) in paragraph at lines 450--454
 [] 
 []


LaTeX Warning: Citation `alexander1997' on page 94 undefined on input line 540.



LaTeX Warning: Citation `taut1994' on page 94 undefined on input line 540.


Underfull \hbox (badness 10000) in paragraph at lines 539--542

 []


Underfull \hbox (badness 10000) in paragraph at lines 539--542

 []

[94 <./experimentalData/secondPart/dtStudy2DQDot2e/dtPlot2DQDot2e.pdf> <./exper
imentalData/blocking/2DQDot2e/block2DQDot2edt0p06.pdf>]
Underfull \hbox (badness 10000) in paragraph at lines 557--565

 []


Underfull \hbox (badness 10000) in paragraph at lines 557--565

 []

[95 <./experimentalData/blocking/plotDtStudy2DQDot6e.pdf> <./experimentalData/b
locking/2DQDot6e/blockAnalyse2DQDot6e.pdf>] [96]
<experimentalData/secondPart/errorVsMCBe/errorVsMonteCarloBe.pdf, id=2356, 602.
25pt x 474.77374pt>
File: experimentalData/secondPart/errorVsMCBe/errorVsMonteCarloBe.pdf Graphic f
ile (type pdf)

<use experimentalData/secondPart/errorVsMCBe/errorVsMonteCarloBe.pdf>
<experimentalData/secondPart/errorVsMCBe/errorVsMonteCarloBeZoom.pdf, id=2357, 
602.25pt x 474.77374pt>
File: experimentalData/secondPart/errorVsMCBe/errorVsMonteCarloBeZoom.pdf Graph
ic file (type pdf)

<use experimentalData/secondPart/errorVsMCBe/errorVsMonteCarloBeZoom.pdf>
Overfull \hbox (11.14487pt too wide) in paragraph at lines 573--577
 [] 
 []

[97 <./experimentalData/secondPart/errorVsMCBe/errorVsMonteCarloBe.pdf> <./expe
rimentalData/secondPart/errorVsMCBe/errorVsMonteCarloBeZoom.pdf>] [98

])
(./chapter7_Conclusions/Conclusions.tex
Chapter 8.

Underfull \hbox (badness 10000) in paragraph at lines 5--10

 []


Underfull \hbox (badness 10000) in paragraph at lines 5--10

 []


Underfull \hbox (badness 10000) in paragraph at lines 14--21

 []


Underfull \hbox (badness 10000) in paragraph at lines 14--21

 []


Underfull \hbox (badness 10000) in paragraph at lines 14--21

 []

[99

]
Underfull \hbox (badness 10000) in paragraph at lines 25--32

 []


Underfull \hbox (badness 10000) in paragraph at lines 25--32

 []


Underfull \hbox (badness 10000) in paragraph at lines 25--32

 []


Underfull \hbox (badness 10000) in paragraph at lines 35--38

 []


Underfull \hbox (badness 10000) in paragraph at lines 35--38

 []


Underfull \vbox (badness 10000) has occurred while \output is active []

 [100]
Underfull \hbox (badness 10000) in paragraph at lines 41--50

 []


Underfull \hbox (badness 10000) in paragraph at lines 41--50

 []


Underfull \hbox (badness 10000) in paragraph at lines 41--50

 []


Underfull \hbox (badness 10000) in paragraph at lines 41--50

 []

[101] [102

]) (./appendix/appendix.tex (./appendix/acceptUpdat.tex
Appendix A.

Underfull \vbox (badness 10000) has occurred while \output is active []

 [103

]
Underfull \vbox (badness 10000) has occurred while \output is active []

 [104]
[105] [106

]))
No file main.bbl.
(./main.aux)

LaTeX Font Warning: Some font shapes were not available, defaults substituted.


LaTeX Warning: There were undefined references.

 ) 
Here is how much of TeX's memory you used:
 21044 strings out of 95086
 354209 string characters out of 1183255
 599141 words of memory out of 1500000
 22397 multiletter control sequences out of 10000+50000
 25576 words of font info for 76 fonts, out of 1200000 for 2000
 28 hyphenation exceptions out of 8191
 54i,25n,60p,1128b,1942s stack positions out of 5000i,500n,6000p,200000b,5000s
 </home/mhjensen/.texmf-var/fonts/pk/ljfour/jknappen/ec/tcrm0900.600pk> </hom
e/mhjensen/.texmf-var/fonts/pk/ljfour/jknappen/ec/ecrm1000.600pk> </home/mhjens
en/.texmf-var/fonts/pk/ljfour/jknappen/ec/ecrm0900.600pk> </home/mhjensen/.texm
f-var/fonts/pk/ljfour/jknappen/ec/ecrm0600.600pk> </home/mhjensen/.texmf-var/fo
nts/pk/ljfour/jknappen/ec/ecrm0800.600pk> </home/mhjensen/.texmf-var/fonts/pk/l
jfour/jknappen/ec/ecrm2074.600pk> </home/mhjensen/.texmf-var/fonts/pk/ljfour/jk
nappen/ec/ecrm2488.600pk> </home/mhjensen/.texmf-var/fonts/pk/ljfour/jknappen/e
c/ecrm1095.600pk> </home/mhjensen/.texmf-var/fonts/pk/ljfour/jknappen/ec/ecrm12
00.600pk> </home/mhjensen/.texmf-var/fonts/pk/ljfour/jknappen/ec/ecrm1440.600pk
> </home/mhjensen/.texmf-var/fonts/pk/ljfour/jknappen/ec/ecrm1728.600pk></usr/s
hare/texmf-texlive/fonts/type1/bluesky/cm/cmbsy10.pfb></usr/share/texmf-texlive
/fonts/type1/bluesky/ams/cmbsy7.pfb></usr/share/texmf-texlive/fonts/type1/blues
ky/cm/cmbx10.pfb></usr/share/texmf-texlive/fonts/type1/bluesky/cm/cmbx6.pfb></u
sr/share/texmf-texlive/fonts/type1/bluesky/cm/cmbx8.pfb></usr/share/texmf-texli
ve/fonts/type1/bluesky/cm/cmbx9.pfb></usr/share/texmf-texlive/fonts/type1/blues
ky/cm/cmex10.pfb></usr/share/texmf-texlive/fonts/type1/bluesky/cm/cmmi10.pfb></
usr/share/texmf-texlive/fonts/type1/bluesky/cm/cmmi12.pfb></usr/share/texmf-tex
live/fonts/type1/bluesky/cm/cmmi6.pfb></usr/share/texmf-texlive/fonts/type1/blu
esky/cm/cmmi8.pfb></usr/share/texmf-texlive/fonts/type1/bluesky/cm/cmmi9.pfb></
usr/share/texmf-texlive/fonts/type1/bluesky/cm/cmmib10.pfb></usr/share/texmf-te
xlive/fonts/type1/bluesky/ams/cmmib7.pfb></usr/share/texmf-texlive/fonts/type1/
bluesky/cm/cmr10.pfb></usr/share/texmf-texlive/fonts/type1/bluesky/cm/cmr12.pfb
></usr/share/texmf-texlive/fonts/type1/bluesky/cm/cmr6.pfb></usr/share/texmf-te
xlive/fonts/type1/bluesky/cm/cmr8.pfb></usr/share/texmf-texlive/fonts/type1/blu
esky/cm/cmr9.pfb></usr/share/texmf-texlive/fonts/type1/bluesky/cm/cmsy10.pfb></
usr/share/texmf-texlive/fonts/type1/bluesky/cm/cmsy6.pfb></usr/share/texmf-texl
ive/fonts/type1/bluesky/cm/cmsy8.pfb></usr/share/texmf-texlive/fonts/type1/blue
sky/cm/cmsy9.pfb></usr/share/texmf-texlive/fonts/type1/public/cmex/fmex8.pfb></
usr/share/texmf-texlive/fonts/type1/public/cmex/fmex9.pfb></usr/share/texmf-tex
live/fonts/type1/bluesky/ams/msbm10.pfb></usr/share/texmf-texlive/fonts/type1/b
luesky/ams/msbm7.pfb>
Output written on main.pdf (110 pages, 1186488 bytes).
PDF statistics:
 3265 PDF objects out of 3580 (max. 8388607)
 1232 named destinations out of 1440 (max. 131072)
 778 words of extra memory for PDF output out of 10000 (max. 10000000)

