This is TeX, Version 3.14159 (Web2C 7.4.5) (format=latex 2006.1.19)  9 MAR 2008 16:32
**hovedfag.tex
(./hovedfag.tex
LaTeX2e <2001/06/01>
Babel <v3.7h> and hyphenation patterns for american, french, german, ngerman, n
ohyphenation, loaded.
(/usr/share/texmf/tex/latex/base/report.cls
Document Class: report 2001/04/21 v1.4e Standard LaTeX document class
(/usr/share/texmf/tex/latex/base/size12.clo
File: size12.clo 2001/04/21 v1.4e Standard LaTeX file (size option)
)
\c@part=\count79
\c@chapter=\count80
\c@section=\count81
\c@subsection=\count82
\c@subsubsection=\count83
\c@paragraph=\count84
\c@subparagraph=\count85
\c@figure=\count86
\c@table=\count87
\abovecaptionskip=\skip41
\belowcaptionskip=\skip42
\bibindent=\dimen102
)
(/mn/quantum/u1/mhjensen/texmf/tex/latex/listings/listings.sty
(/usr/share/texmf/tex/latex/graphics/keyval.sty
Package: keyval 1999/03/16 v1.13 key=value parser (DPC)
\KV@toks@=\toks14
)
\lst@mode=\count88
\lst@gtempboxa=\box26
\lst@token=\toks15
\lst@length=\count89
\lst@currlwidth=\dimen103
\lst@column=\count90
\lst@pos=\count91
\lst@lostspace=\dimen104
\lst@width=\dimen105
\lst@newlines=\count92
\lst@lineno=\count93
\c@lstlisting=\count94
\lst@maxwidth=\dimen106

(/mn/quantum/u1/mhjensen/texmf/tex/latex/listings/lstpatch.sty
File: lstpatch.sty 2004/10/17 1.3b (Carsten Heinz)
)
(/mn/quantum/u1/mhjensen/texmf/tex/latex/listings/lstmisc.sty
File: lstmisc.sty 2004/09/07 1.3 (Carsten Heinz)
\c@lstnumber=\count95
\lst@skipnumbers=\count96
\lst@framebox=\box27
)
(/mn/quantum/u1/mhjensen/texmf/tex/latex/listings/listings.cfg
File: listings.cfg 2004/09/05 1.3 listings configuration
))
Package: listings 2004/10/17 1.3b (Carsten Heinz)

(/usr/share/texmf/tex/latex/misc/a4wide.sty
Package: a4wide 1994/08/30

(/usr/share/texmf/tex/latex/ntgclass/a4.sty
Package: a4 1999/03/03 v1.2f A4 based page layout
))
(/usr/share/texmf/tex/latex/graphics/epsfig.sty
Package: epsfig 1999/02/16 v1.7a (e)psfig emulation (SPQR)

(/usr/share/texmf/tex/latex/graphics/graphicx.sty
Package: graphicx 1999/02/16 v1.0f Enhanced LaTeX Graphics (DPC,SPQR)

(/usr/share/texmf/tex/latex/graphics/graphics.sty
Package: graphics 2001/07/07 v1.0n Standard LaTeX Graphics (DPC,SPQR)

(/usr/share/texmf/tex/latex/graphics/trig.sty
Package: trig 1999/03/16 v1.09 sin cos tan (DPC)
)
(/usr/share/texmf/tex/latex/config/graphics.cfg
File: graphics.cfg 2001/08/31 v1.1 graphics configuration of teTeX/TeXLive
)
Package graphics Info: Driver file: dvips.def on input line 80.

(/usr/share/texmf/tex/latex/graphics/dvips.def
File: dvips.def 1999/02/16 v3.0i Driver-dependant file (DPC,SPQR)
))
\Gin@req@height=\dimen107
\Gin@req@width=\dimen108
)
\epsfxsize=\dimen109
\epsfysize=\dimen110
)
(/usr/share/texmf/tex/latex/amsmath/amsmath.sty
Package: amsmath 2000/07/18 v2.13 AMS math features
\@mathmargin=\skip43

For additional information on amsmath, use the `?' option.
(/usr/share/texmf/tex/latex/amsmath/amstext.sty
Package: amstext 2000/06/29 v2.01

(/usr/share/texmf/tex/latex/amsmath/amsgen.sty
File: amsgen.sty 1999/11/30 v2.0
\@emptytoks=\toks16
\ex@=\dimen111
))
(/usr/share/texmf/tex/latex/amsmath/amsbsy.sty
Package: amsbsy 1999/11/29 v1.2d
\pmbraise@=\dimen112
)
(/usr/share/texmf/tex/latex/amsmath/amsopn.sty
Package: amsopn 1999/12/14 v2.01 operator names
)
\inf@bad=\count97
LaTeX Info: Redefining \frac on input line 211.
\uproot@=\count98
\leftroot@=\count99
LaTeX Info: Redefining \overline on input line 307.
\classnum@=\count100
\DOTSCASE@=\count101
LaTeX Info: Redefining \ldots on input line 379.
LaTeX Info: Redefining \dots on input line 382.
LaTeX Info: Redefining \cdots on input line 467.
\Mathstrutbox@=\box28
\strutbox@=\box29
\big@size=\dimen113
LaTeX Font Info:    Redeclaring font encoding OML on input line 567.
LaTeX Font Info:    Redeclaring font encoding OMS on input line 568.
\macc@depth=\count102
\c@MaxMatrixCols=\count103
\dotsspace@=\muskip10
\c@parentequation=\count104
\dspbrk@lvl=\count105
\tag@help=\toks17
\row@=\count106
\column@=\count107
\maxfields@=\count108
\andhelp@=\toks18
\eqnshift@=\dimen114
\alignsep@=\dimen115
\tagshift@=\dimen116
\tagwidth@=\dimen117
\totwidth@=\dimen118
\lineht@=\dimen119
\@envbody=\toks19
\multlinegap=\skip44
\multlinetaggap=\skip45
\mathdisplay@stack=\toks20
LaTeX Info: Redefining \[ on input line 2666.
LaTeX Info: Redefining \] on input line 2667.
)
(/usr/share/texmf/tex/latex/amsfonts/amssymb.sty
Package: amssymb 2002/01/22 v2.2d

(/usr/share/texmf/tex/latex/amsfonts/amsfonts.sty
Package: amsfonts 2001/10/25 v2.2f
\symAMSa=\mathgroup4
\symAMSb=\mathgroup5
LaTeX Font Info:    Overwriting math alphabet `\mathfrak' in version `bold'
(Font)                  U/euf/m/n --> U/euf/b/n on input line 132.
))
(/usr/share/texmf/tex/latex/base/latexsym.sty
Package: latexsym 1998/08/17 v2.2e Standard LaTeX package (lasy symbols)
\symlasy=\mathgroup6
LaTeX Font Info:    Overwriting symbol font `lasy' in version `bold'
(Font)                  U/lasy/m/n --> U/lasy/b/n on input line 42.
)
(/usr/share/texmf/tex/latex/eepic/epic.sty
Enhancements to Picture Environment. Version 1.2 - Released June 1, 1986
\@@multicnt=\count109
\d@lta=\count110
\@delta=\dimen120
\@@delta=\dimen121
\@gridcnt=\count111
\@joinkind=\count112
\@dotgap=\dimen122
\@ddotgap=\dimen123
\@x@diff=\count113
\@y@diff=\count114
\x@diff=\dimen124
\y@diff=\dimen125
\@dotbox=\box30
\num@segments=\count115
\num@segmentsi=\count116
\@datafile=\read1
) (/usr/share/texmf/tex/latex/eepic/eepic.sty
Extension to Epic and LaTeX. Version 1.1e - Released Dec 21, 1999
\@gphlinewidth=\count117
\@eepictcnt=\count118
\@tempdimc=\dimen126
\maxovaldiam=\dimen127
\@filltype=\box31
) (/usr/share/texmf/tex/latex/caption/caption.sty
Package: caption 1995/04/05 v1.4b caption package (AS)
\captionmargin=\skip46
\as@captionbox=\box32
\as@captionwidth=\skip47
)
(/usr/share/texmf/tex/latex/misc/footmisc.sty
Package: footmisc 2003/01/27 v5.2 a miscellany of footnote facilities
\FN@temptoken=\toks21
\footnotemargin=\dimen128
)
(/usr/share/texmf/tex/latex/psnfss/pifont.sty
Package: pifont 2002/09/08 PSNFSS-v9.0a Pi font support (SPQR) 
LaTeX Font Info:    Try loading font information for U+pzd on input line 62.

(/usr/share/texmf/tex/latex/psnfss/upzd.fd
File: upzd.fd 2001/06/04 font definitions for U/pzd.
)
LaTeX Font Info:    Try loading font information for U+psy on input line 63.

(/usr/share/texmf/tex/latex/psnfss/upsy.fd
File: upsy.fd 2001/06/04 font definitions for U/psy.
))
(/usr/share/texmf/tex/latex/pstricks/pst-plot.sty
Package: pst-plot 1997/03/25 package wrapper for PSTricks pst-plot.tex

(/usr/share/texmf/tex/generic/pstricks/pst-plot.tex  v97 patch 2, 1999/12/12
(/usr/share/texmf/tex/generic/pstricks/pstricks.tex
`PSTricks' v97 patch 14  <1999/12/23> (tvz)
\pst@dima=\dimen129
\pst@dimb=\dimen130
\pst@dimc=\dimen131
\pst@dimd=\dimen132
\pst@dimg=\dimen133
\pst@dimh=\dimen134
\pst@hbox=\box33
\pst@boxg=\box34
\pst@cnta=\count119
\pst@cntb=\count120
\pst@cntc=\count121
\pst@cntd=\count122
\pst@cntg=\count123
\pst@cnth=\count124
\pst@toks=\toks22
(/usr/share/texmf/tex/generic/pstricks/pstricks.con)
\psunit=\dimen135
\psxunit=\dimen136
\psyunit=\dimen137
\pslinewidth=\dimen138
\pst@customdefs=\toks23
\pslinearc=\dimen139
\everypsbox=\toks24
\psframesep=\dimen140
\pslabelsep=\dimen141
\theoverlaybox=\box35
)
(/usr/share/texmf/tex/generic/multido/multido.tex  v1.4, 93/01/14 <tvz>
\multido@count=\count125
\multidocount=\count126
\multido@stuff=\toks25
)))
(/usr/share/texmf/tex/latex/tools/bm.sty
Package: bm 1999/07/05 v1.0g Bold Symbol Support (DPC/FMi)
\symboldoperators=\mathgroup7
\symboldletters=\mathgroup8
\symboldsymbols=\mathgroup9
\symboldlasy=\mathgroup10
LaTeX Font Info:    Redeclaring math alphabet \mathbf on input line 137.
LaTeX Info: Redefining \bm on input line 195.
)
(/mn/quantum/u1/mhjensen/texmf/tex/latex/listings/lstlang1.sty
File: lstlang1.sty 2004/09/05 1.3 listings language file
)
(/mn/quantum/u1/mhjensen/texmf/tex/latex/listings/lstlang1.sty
File: lstlang1.sty 2004/09/05 1.3 listings language file
)
(/mn/quantum/u1/mhjensen/texmf/tex/latex/listings/lstlang1.sty
File: lstlang1.sty 2004/09/05 1.3 listings language file
) (./hovedfag.aux (./Preface/preface.aux) (./Acknowledgements/acknowledgements.
aux)
(./Introduction/introduction2.aux) (./Atom_Physics/atom_physics.aux)
(./Monte_Carlo/monte_carlo.aux

LaTeX Warning: Label `modifiedHF' multiply defined.

) (./Implementation/implementation2.aux

LaTeX Warning: Label `rijDiff' multiply defined.


LaTeX Warning: Label `trialWaveFunctionRatio' multiply defined.


LaTeX Warning: Label `trialWaveFunctionGradient' multiply defined.


LaTeX Warning: Label `trialWaveFunctionLaplacian' multiply defined.

) (./Results/results.aux) (./Conclusion/conclusion.aux)
(./Appendix/appendix.aux))
\openout1 = `hovedfag.aux'.

LaTeX Font Info:    Checking defaults for OML/cmm/m/it on input line 44.
LaTeX Font Info:    ... okay on input line 44.
LaTeX Font Info:    Checking defaults for T1/cmr/m/n on input line 44.
LaTeX Font Info:    ... okay on input line 44.
LaTeX Font Info:    Checking defaults for OT1/cmr/m/n on input line 44.
LaTeX Font Info:    ... okay on input line 44.
LaTeX Font Info:    Checking defaults for OMS/cmsy/m/n on input line 44.
LaTeX Font Info:    ... okay on input line 44.
LaTeX Font Info:    Checking defaults for OMX/cmex/m/n on input line 44.
LaTeX Font Info:    ... okay on input line 44.
LaTeX Font Info:    Checking defaults for U/cmr/m/n on input line 44.
LaTeX Font Info:    ... okay on input line 44.
File: uiologof.ps Graphic file (type eps)
 <uiologof.ps> [1

] [2


]
LaTeX Font Info:    Try loading font information for U+msa on input line 73.

(/usr/share/texmf/tex/latex/amsfonts/umsa.fd
File: umsa.fd 2002/01/19 v2.2g AMS font definitions
)
LaTeX Font Info:    Try loading font information for U+msb on input line 73.

(/usr/share/texmf/tex/latex/amsfonts/umsb.fd
File: umsb.fd 2002/01/19 v2.2g AMS font definitions
)
LaTeX Font Info:    Try loading font information for U+lasy on input line 73.

(/usr/share/texmf/tex/latex/base/ulasy.fd
File: ulasy.fd 1998/08/17 v2.2e LaTeX symbol font definitions
)
LaTeX Font Info:    Font shape `U/lasy/b/n' in size <8> not available
(Font)              Font shape `U/lasy/m/n' tried instead on input line 73.
LaTeX Font Info:    Font shape `U/lasy/b/n' in size <6> not available
(Font)              Font shape `U/lasy/m/n' tried instead on input line 73.
 [3] [4


]
\openout2 = `Preface/preface.aux'.

 (./Preface/preface.tex
Underfull \hbox (badness 10000) in paragraph at lines 3--14

 []


Underfull \hbox (badness 10000) in paragraph at lines 3--14

 []

) [1



] [2



]
\openout2 = `Acknowledgements/acknowledgements.aux'.

 (./Acknowledgements/acknowledgements.tex)
Underfull \hbox (badness 10000) in paragraph at lines 3--106

 []


Underfull \hbox (badness 10000) in paragraph at lines 3--106

 []


Underfull \hbox (badness 10000) in paragraph at lines 3--106

 []


Underfull \hbox (badness 10000) in paragraph at lines 3--106

 []

[3


] [4



] (./hovedfag.toc [5

] [6])
\tf@toc=\write3
\openout3 = `hovedfag.toc'.

 [7] [8


]
\openout2 = `Introduction/introduction2.aux'.

 (./Introduction/introduction2.tex
Chapter 1.
)
Underfull \hbox (badness 10000) in paragraph at lines 4--122

 []


Underfull \hbox (badness 10000) in paragraph at lines 4--122

 []


Underfull \hbox (badness 10000) in paragraph at lines 4--122

 []


Underfull \hbox (badness 10000) in paragraph at lines 4--122

 []


Underfull \hbox (badness 10000) in paragraph at lines 4--122

 []


Underfull \hbox (badness 10000) in paragraph at lines 4--122

 []


Underfull \hbox (badness 10000) in paragraph at lines 4--122

 []


Underfull \hbox (badness 10000) in paragraph at lines 4--122

 []


Underfull \hbox (badness 10000) in paragraph at lines 4--122

 []


Underfull \hbox (badness 10000) in paragraph at lines 4--122

 []


Underfull \hbox (badness 10000) in paragraph at lines 4--122

 []


Underfull \vbox (badness 10000) has occurred while \output is active []

 [1


]
[2] [3]
\openout2 = `Atom_Physics/atom_physics.aux'.

 (./Atom_Physics/atom_physics.tex
Chapter 2.
[4




]
Underfull \hbox (badness 10000) in paragraph at lines 61--70

 []


Underfull \hbox (badness 10000) in paragraph at lines 75--93

 []


Underfull \hbox (badness 10000) in paragraph at lines 101--124

 []


Underfull \hbox (badness 10000) in paragraph at lines 101--124

 []


Underfull \hbox (badness 10000) in paragraph at lines 129--157

 []

[5] [6]
Underfull \hbox (badness 10000) in paragraph at lines 232--239

 []


Overfull \hbox (27.10957pt too wide) in paragraph at lines 243--285
 [][] 
 []


Underfull \hbox (badness 10000) in paragraph at lines 309--314

 []

[7] [8]
Underfull \hbox (badness 10000) in paragraph at lines 353--386

 []


Underfull \hbox (badness 10000) in paragraph at lines 353--386

 []


Underfull \hbox (badness 10000) in paragraph at lines 391--393

 []


Package amsmath Warning: Cannot use `split' here;
(amsmath)                trying to recover with `aligned' on input line 415.


Package amsmath Warning: Cannot use `split' here;
(amsmath)                trying to recover with `aligned' on input line 418.


Package amsmath Warning: Cannot use `split' here;
(amsmath)                trying to recover with `aligned' on input line 420.

[9]
Underfull \hbox (badness 10000) in paragraph at lines 474--484

 []


Underfull \hbox (badness 10000) in paragraph at lines 494--509

 []


Underfull \vbox (badness 1067) has occurred while \output is active []

 [10]
[11]
Underfull \hbox (badness 10000) in paragraph at lines 638--652

 []

[12]
LaTeX Font Info:    Font shape `U/lasy/b/n' in size <7> not available
(Font)              Font shape `U/lasy/m/n' tried instead on input line 668.
LaTeX Font Info:    Font shape `U/lasy/b/n' in size <5> not available
(Font)              Font shape `U/lasy/m/n' tried instead on input line 668.


LaTeX Warning: Reference `' on page 13 undefined on input line 700.


Underfull \hbox (badness 10000) in paragraph at lines 699--701

 []


Underfull \hbox (badness 10000) in paragraph at lines 699--701

 []


Underfull \hbox (badness 10000) in paragraph at lines 699--701

 []


Underfull \hbox (badness 10000) in paragraph at lines 706--714

 []


Underfull \hbox (badness 10000) in paragraph at lines 721--738

 []

[13]
Underfull \hbox (badness 10000) in paragraph at lines 744--755

 []


Underfull \hbox (badness 10000) in paragraph at lines 744--755

 []


Underfull \hbox (badness 10000) in paragraph at lines 756--764

 []


Underfull \hbox (badness 10000) in paragraph at lines 765--768

 []


Underfull \hbox (badness 10000) in paragraph at lines 769--774

 []

[14]
Underfull \hbox (badness 10000) in paragraph at lines 849--857

 []

[15]) [16]
\openout2 = `Monte_Carlo/monte_carlo.aux'.

 (./Monte_Carlo/monte_carlo.tex
Chapter 3.

Underfull \hbox (badness 10000) in paragraph at lines 4--15

 []


Underfull \vbox (badness 10000) has occurred while \output is active []

 [17




]
[18] [19] [20]
Overfull \hbox (4.28659pt too wide) in paragraph at lines 308--308
[] 
 []


Underfull \hbox (badness 10000) in paragraph at lines 333--352

 []

[21]
Underfull \hbox (badness 10000) in paragraph at lines 401--459

 []


Underfull \hbox (badness 10000) in paragraph at lines 401--459

 []


Underfull \hbox (badness 10000) in paragraph at lines 401--459

 []


Underfull \hbox (badness 10000) in paragraph at lines 401--459

 []

[22]
Underfull \hbox (badness 10000) in paragraph at lines 513--543

 []


Underfull \hbox (badness 10000) in paragraph at lines 513--543

 []


Underfull \hbox (badness 10000) in paragraph at lines 513--543

 []

[23]
Underfull \hbox (badness 10000) in paragraph at lines 565--570

 []


Underfull \hbox (badness 10000) in paragraph at lines 609--624

 []


Underfull \vbox (badness 4429) has occurred while \output is active []

 [24]
[25]
Underfull \hbox (badness 10000) in paragraph at lines 667--678

 []


Underfull \hbox (badness 10000) in paragraph at lines 699--726

 []

[26] [27]
Underfull \hbox (badness 10000) in paragraph at lines 800--826

 []


Underfull \hbox (badness 10000) in paragraph at lines 800--826

 []


Underfull \hbox (badness 10000) in paragraph at lines 834--848

 []

[28]
Underfull \hbox (badness 10000) in paragraph at lines 900--917

 []


Underfull \hbox (badness 10000) in paragraph at lines 900--917

 []

[29]
Underfull \hbox (badness 10000) in paragraph at lines 986--998

 []

[30]
Underfull \hbox (badness 10000) in paragraph at lines 1052--1082

 []


Underfull \hbox (badness 10000) in paragraph at lines 1092--1131

 []


Underfull \hbox (badness 10000) in paragraph at lines 1092--1131

 []

[31] [32]
Underfull \hbox (badness 10000) in paragraph at lines 1170--1206

 []


Underfull \hbox (badness 10000) in paragraph at lines 1170--1206

 []


Underfull \hbox (badness 10000) in paragraph at lines 1216--1265

 []


Underfull \hbox (badness 10000) in paragraph at lines 1216--1265

 []


Underfull \hbox (badness 10000) in paragraph at lines 1216--1265

 []

[33]
Underfull \hbox (badness 10000) in paragraph at lines 1278--1294

 []

[34]
Underfull \hbox (badness 10000) in paragraph at lines 1323--1352

 []

[35]
Underfull \hbox (badness 10000) in paragraph at lines 1399--1412

 []

[36]
Underfull \hbox (badness 10000) in paragraph at lines 1457--1465

 []


Underfull \hbox (badness 10000) in paragraph at lines 1498--1515

 []


Underfull \hbox (badness 10000) in paragraph at lines 1498--1515

 []


Underfull \hbox (badness 10000) in paragraph at lines 1555--1568

 []

[37] [38]
Underfull \hbox (badness 10000) in paragraph at lines 1633--1664

 []


Underfull \hbox (badness 10000) in paragraph at lines 1633--1664

 []

[39] (./Monte_Carlo/autoCorrelationTimeScaleIllustration.tex
\GNUPLOTunit=\dimen142
)
Underfull \hbox (badness 10000) in paragraph at lines 1733--1749

 []

[40] [41]
Underfull \hbox (badness 10000) in paragraph at lines 1800--1812

 []


Package amsmath Warning: Cannot use `split' here;
(amsmath)                trying to recover with `aligned' on input line 1837.


Underfull \hbox (badness 10000) in paragraph at lines 1856--1891

 []


Underfull \hbox (badness 10000) in paragraph at lines 1856--1891

 []

[42]
Underfull \hbox (badness 10000) in paragraph at lines 1897--1923

 []


Underfull \hbox (badness 10000) in paragraph at lines 1897--1923

 []

[43]
Underfull \hbox (badness 10000) in paragraph at lines 1949--1964

 []


Package amsmath Warning: Cannot use `split' here;
(amsmath)                trying to recover with `aligned' on input line 1969.


Package amsmath Warning: Cannot use `split' here;
(amsmath)                trying to recover with `aligned' on input line 1993.

[44]
Underfull \hbox (badness 10000) in paragraph at lines 2048--2100

 []


Underfull \hbox (badness 10000) in paragraph at lines 2048--2100

 []


Underfull \hbox (badness 10000) in paragraph at lines 2048--2100

 []


Underfull \hbox (badness 10000) in paragraph at lines 2048--2100

 []

[45]
Underfull \hbox (badness 10000) in paragraph at lines 2107--2124

 []


Underfull \hbox (badness 10000) in paragraph at lines 2131--2157

 []

[46]
Underfull \hbox (badness 10000) in paragraph at lines 2224--2254

 []

[47]
Underfull \hbox (badness 10000) in paragraph at lines 2347--2379

 []


Underfull \hbox (badness 10000) in paragraph at lines 2347--2379

 []

[48] [49]
Underfull \hbox (badness 10000) in paragraph at lines 2446--2470

 []


Underfull \hbox (badness 10000) in paragraph at lines 2501--2550

 []


Underfull \hbox (badness 10000) in paragraph at lines 2501--2550

 []

[50])
Underfull \hbox (badness 10000) in paragraph at lines 2592--131

 []


Underfull \hbox (badness 10000) in paragraph at lines 2592--131

 []

[51] [52]
\openout2 = `Implementation/implementation2.aux'.

 (./Implementation/implementation2.tex
Chapter 4.

Underfull \hbox (badness 10000) in paragraph at lines 4--21

 []


Underfull \hbox (badness 10000) in paragraph at lines 29--75

 []


Underfull \hbox (badness 10000) in paragraph at lines 29--75

 []


Underfull \hbox (badness 10000) in paragraph at lines 29--75

 []


Underfull \hbox (badness 10000) in paragraph at lines 29--75

 []

[53




] (./Implementation/program.eepic)
Underfull \hbox (badness 10000) in paragraph at lines 103--120

 []

[54] [55]
Underfull \hbox (badness 10000) in paragraph at lines 197--205

 []

[56]
Underfull \hbox (badness 10000) in paragraph at lines 277--288

 []


Package amsmath Warning: Cannot use `split' here;
(amsmath)                trying to recover with `aligned' on input line 307.


Underfull \hbox (badness 10000) in paragraph at lines 312--320

 []


Underfull \hbox (badness 10000) in paragraph at lines 338--363

 []

[57]
Underfull \hbox (badness 10000) in paragraph at lines 377--393

 []


Underfull \hbox (badness 10000) in paragraph at lines 377--393

 []

LaTeX Font Info:    Try loading font information for OML+cmr on input line 395.

(/usr/share/texmf/tex/latex/base/omlcmr.fd
File: omlcmr.fd 1999/05/25 v2.5h Standard LaTeX font definitions
)
LaTeX Font Info:    Font shape `OML/cmr/m/n' in size <10.95> not available
(Font)              Font shape `OML/cmm/m/it' tried instead on input line 395.
LaTeX Font Info:    Try loading font information for OMS+cmr on input line 396.


(/usr/share/texmf/tex/latex/base/omscmr.fd
File: omscmr.fd 1999/05/25 v2.5h Standard LaTeX font definitions
)
LaTeX Font Info:    Font shape `OMS/cmr/m/n' in size <10.95> not available
(Font)              Font shape `OMS/cmsy/m/n' tried instead on input line 396.
 [58]
Underfull \hbox (badness 10000) in paragraph at lines 464--509

 []


Underfull \hbox (badness 10000) in paragraph at lines 464--509

 []


Underfull \hbox (badness 10000) in paragraph at lines 464--509

 []


Underfull \hbox (badness 10000) in paragraph at lines 464--509

 []

[59]
Overfull \hbox (28.09564pt too wide) in paragraph at lines 513--551
 [][] 
 []


Underfull \hbox (badness 10000) in paragraph at lines 563--588

 []

[60] [61]
Underfull \hbox (badness 10000) in paragraph at lines 594--631

 []


Underfull \hbox (badness 10000) in paragraph at lines 594--631

 []


Underfull \hbox (badness 10000) in paragraph at lines 642--655

 []

[62]
Underfull \hbox (badness 10000) in paragraph at lines 671--697

 []

[63]
Underfull \hbox (badness 10000) in paragraph at lines 729--741

 []


Underfull \hbox (badness 10000) in paragraph at lines 771--785

 []


Underfull \hbox (badness 10000) in paragraph at lines 791--821

 []

[64] [65]

Package amsmath Warning: Cannot use `split' here;
(amsmath)                trying to recover with `aligned' on input line 889.


Package amsmath Warning: Cannot use `split' here;
(amsmath)                trying to recover with `aligned' on input line 910.


Overfull \hbox (48.25832pt too wide) detected at line 912
[] \OML/cmm/m/it/12 :
 []


Overfull \hbox (8.93547pt too wide) detected at line 944
\OML/cmm/m/it/12 g[] \OT1/cmr/m/n/12 = [] \OML/cmm/m/it/12 ;
 []

[66]
Underfull \hbox (badness 10000) in paragraph at lines 946--960

 []


Underfull \hbox (badness 10000) in paragraph at lines 966--973

 []


Underfull \hbox (badness 10000) in paragraph at lines 1017--1030

 []

[67]
Underfull \hbox (badness 10000) in paragraph at lines 1069--1132

 []


Underfull \hbox (badness 10000) in paragraph at lines 1069--1132

 []


Underfull \hbox (badness 10000) in paragraph at lines 1069--1132

 []

[68] [69]) [70]
\openout2 = `Results/results.aux'.

 (./Results/results.tex
Chapter 5.

Underfull \hbox (badness 10000) in paragraph at lines 17--33

 []


Underfull \hbox (badness 10000) in paragraph at lines 17--33

 []


Underfull \hbox (badness 10000) in paragraph at lines 55--69

 []


Underfull \hbox (badness 10000) in paragraph at lines 75--92

 []

[71




] (./Results/parameterWalkAlpha.tex)
Underfull \hbox (badness 10000) in paragraph at lines 129--136

 []


Underfull \hbox (badness 10000) in paragraph at lines 159--202

 []


Underfull \hbox (badness 10000) in paragraph at lines 159--202

 []


Underfull \hbox (badness 10000) in paragraph at lines 159--202

 []

[72] [73] (./Results/parameterWalkHeHydrfBeta.alpha.tex)
(./Results/parameterWalkHeHydrfBeta.beta.tex)
Underfull \hbox (badness 10000) in paragraph at lines 418--223
[][]
 []


Underfull \hbox (badness 10000) in paragraph at lines 227--239

 []

(./Results/parameterPairEnergies.tex)
Underfull \hbox (badness 10000) in paragraph at lines 251--258

 []


Underfull \hbox (badness 10000) in paragraph at lines 279--295

 []


Underfull \hbox (badness 10000) in paragraph at lines 279--295

 []

[74] [75] [76] (./Results/varianceParameterWalk.alpha.tex)
(./Results/varianceParameterWalk.beta.tex)
Underfull \hbox (badness 10000) in paragraph at lines 320--335

 []


Underfull \hbox (badness 10000) in paragraph at lines 390--397

 []

[77] [78]
Underfull \hbox (badness 10000) in paragraph at lines 421--450

 []


Underfull \hbox (badness 10000) in paragraph at lines 421--450

 []


Underfull \hbox (badness 10000) in paragraph at lines 455--487

 []


Underfull \hbox (badness 10000) in paragraph at lines 455--487

 []

[79]
Underfull \hbox (badness 10000) in paragraph at lines 500--510

 []

[80]
Underfull \hbox (badness 10000) in paragraph at lines 557--563

 []

(./Results/twoElectronPlot.tex)
Underfull \hbox (badness 10000) in paragraph at lines 579--595

 []

(./Results/electronDistanceLocalEnergy.tex)
(./Results/electronDistanceLocalEnergy20.tex) [81]
Underfull \hbox (badness 10000) in paragraph at lines 612--621

 []

(./Results/acceptanceDistanceHistogram.tex)
Underfull \hbox (badness 10000) in paragraph at lines 631--656

 []

[82] [83]
Underfull \hbox (badness 10000) in paragraph at lines 662--694

 []


Underfull \hbox (badness 10000) in paragraph at lines 662--694

 []

[84] (./Results/fokkerPlanck.tex)) [85]
\openout2 = `Conclusion/conclusion.aux'.

 (./Conclusion/conclusion.tex
Chapter 6.

Underfull \hbox (badness 10000) in paragraph at lines 3--86

 []


Underfull \hbox (badness 10000) in paragraph at lines 3--86

 []


Underfull \hbox (badness 10000) in paragraph at lines 3--86

 []


Underfull \hbox (badness 10000) in paragraph at lines 3--86

 []


Underfull \hbox (badness 10000) in paragraph at lines 3--86

 []


Underfull \hbox (badness 10000) in paragraph at lines 3--86

 []


Underfull \hbox (badness 10000) in paragraph at lines 3--86

 []


Underfull \vbox (badness 10000) has occurred while \output is active []

 [86




])
[87]
\openout2 = `Appendix/appendix.aux'.

 (./Appendix/appendix.tex
Appendix A.
[88




] [89]
Underfull \vbox (badness 4084) has occurred while \output is active []

 [90]
LaTeX Font Info:    Font shape `OML/cmr/m/it' in size <10.95> not available
(Font)              Font shape `OML/cmm/m/it' tried instead on input line 123.

Underfull \vbox (badness 10000) has occurred while \output is active []

 [91]
Underfull \vbox (badness 10000) has occurred while \output is active []

 [92]
Underfull \vbox (badness 10000) has occurred while \output is active []

 [93]
Underfull \vbox (badness 10000) has occurred while \output is active []

 [94]
Underfull \vbox (badness 10000) has occurred while \output is active []

 [95]
Underfull \vbox (badness 10000) has occurred while \output is active []

 [96]
Underfull \vbox (badness 10000) has occurred while \output is active []

 [97]
Underfull \vbox (badness 10000) has occurred while \output is active []

 [98]
Underfull \vbox (badness 10000) has occurred while \output is active []

 [99]
[100]
Underfull \vbox (badness 10000) has occurred while \output is active []

 [101]
Underfull \vbox (badness 10000) has occurred while \output is active []

 [102]
Underfull \vbox (badness 10000) has occurred while \output is active []

 [103]
Underfull \vbox (badness 10000) has occurred while \output is active []

 [104]
Underfull \vbox (badness 10000) has occurred while \output is active []

 [105]
Underfull \vbox (badness 10000) has occurred while \output is active []

 [106]
Underfull \vbox (badness 10000) has occurred while \output is active []

 [107]
LaTeX Font Info:    Font shape `OMS/cmr/m/it' in size <10.95> not available
(Font)              Font shape `OMS/cmsy/m/n' tried instead on input line 854.

Underfull \vbox (badness 10000) has occurred while \output is active []

 [108]
Underfull \vbox (badness 10000) has occurred while \output is active []

 [109]
Underfull \vbox (badness 10000) has occurred while \output is active []

 [110]
Underfull \vbox (badness 10000) has occurred while \output is active []

 [111]
Underfull \vbox (badness 10000) has occurred while \output is active []

 [112]
Underfull \vbox (badness 10000) has occurred while \output is active []

 [113]
Underfull \vbox (badness 10000) has occurred while \output is active []

 [114]
Underfull \vbox (badness 10000) has occurred while \output is active []

 [115]
Underfull \vbox (badness 10000) has occurred while \output is active []

 [116]
Underfull \vbox (badness 10000) has occurred while \output is active []

 [117]
Underfull \vbox (badness 10000) has occurred while \output is active []

 [118]
Overfull \hbox (19.18355pt too wide) in paragraph at lines 1333--1334
[][] 
 []

[119]
Underfull \vbox (badness 4084) has occurred while \output is active []

 [120]
Underfull \vbox (badness 10000) has occurred while \output is active []

 [121]
[122]
Underfull \vbox (badness 10000) has occurred while \output is active []

 [123]
[124]
Underfull \vbox (badness 4084) has occurred while \output is active []

 [125]
[126]
Underfull \vbox (badness 10000) has occurred while \output is active []

 [127]
Underfull \vbox (badness 10000) has occurred while \output is active []

 [128]
Underfull \vbox (badness 10000) has occurred while \output is active []

 [129]
Underfull \vbox (badness 10000) has occurred while \output is active []

 [130]
[131]
Underfull \vbox (badness 4084) has occurred while \output is active []

 [132]
[133] [134]
Underfull \vbox (badness 10000) has occurred while \output is active []

 [135]
[136]
Underfull \vbox (badness 4084) has occurred while \output is active []

 [137]
Underfull \vbox (badness 10000) has occurred while \output is active []

 [138]
[139]
Underfull \vbox (badness 10000) has occurred while \output is active []

 [140]
Underfull \vbox (badness 10000) has occurred while \output is active []

 [141]
Underfull \vbox (badness 10000) has occurred while \output is active []

 [142]
Underfull \vbox (badness 10000) has occurred while \output is active []

 [143]
Underfull \vbox (badness 10000) has occurred while \output is active []

 [144]
Underfull \vbox (badness 10000) has occurred while \output is active []

 [145]
Underfull \vbox (badness 10000) has occurred while \output is active []

 [146]
Underfull \vbox (badness 10000) has occurred while \output is active []

 [147]
Underfull \vbox (badness 10000) has occurred while \output is active []

 [148]
Underfull \vbox (badness 10000) has occurred while \output is active []

 [149]
Underfull \vbox (badness 10000) has occurred while \output is active []

 [150]
Underfull \vbox (badness 10000) has occurred while \output is active []

 [151]
Underfull \vbox (badness 10000) has occurred while \output is active []

 [152]
[153]
Underfull \vbox (badness 4084) has occurred while \output is active []

 [154]
Underfull \vbox (badness 10000) has occurred while \output is active []

 [155]
[156]
Underfull \vbox (badness 10000) has occurred while \output is active []

 [157]
Underfull \vbox (badness 10000) has occurred while \output is active []

 [158]
Underfull \vbox (badness 10000) has occurred while \output is active []

 [159]
Underfull \vbox (badness 10000) has occurred while \output is active []

 [160]
Underfull \vbox (badness 10000) has occurred while \output is active []

 [161]
Underfull \vbox (badness 10000) has occurred while \output is active []

 [162]
[163]
Underfull \vbox (badness 4084) has occurred while \output is active []

 [164]
Underfull \vbox (badness 10000) has occurred while \output is active []

 [165]
[166]
Underfull \vbox (badness 10000) has occurred while \output is active []

 [167]
Underfull \vbox (badness 10000) has occurred while \output is active []

 [168]
Underfull \vbox (badness 10000) has occurred while \output is active []

 [169]
Underfull \vbox (badness 10000) has occurred while \output is active []

 [170]
Underfull \vbox (badness 10000) has occurred while \output is active []

 [171]
Underfull \vbox (badness 10000) has occurred while \output is active []

 [172]
Underfull \vbox (badness 10000) has occurred while \output is active []

 [173]
Underfull \vbox (badness 10000) has occurred while \output is active []

 [174]
Underfull \vbox (badness 10000) has occurred while \output is active []

 [175]
Underfull \vbox (badness 10000) has occurred while \output is active []

 [176]
[177]
Underfull \vbox (badness 4084) has occurred while \output is active []

 [178]
Underfull \vbox (badness 10000) has occurred while \output is active []

 [179]
Underfull \vbox (badness 10000) has occurred while \output is active []

 [180]
[181]
Overfull \hbox (25.46382pt too wide) in paragraph at lines 4106--4107
[][][] 
 []


Underfull \vbox (badness 4084) has occurred while \output is active []

 [182]
Overfull \hbox (25.46382pt too wide) in paragraph at lines 4108--4109
[][][] 
 []


Underfull \vbox (badness 10000) has occurred while \output is active []

 [183]
Overfull \hbox (25.46382pt too wide) in paragraph at lines 4166--4167
[][][] 
 []


Overfull \hbox (25.46382pt too wide) in paragraph at lines 4168--4169
[][][] 
 []


Underfull \vbox (badness 10000) has occurred while \output is active []

 [184]
Underfull \vbox (badness 10000) has occurred while \output is active []

 [185]
[186] [187] [188]
Underfull \vbox (badness 4084) has occurred while \output is active []

 [189]
[190]
Underfull \vbox (badness 10000) has occurred while \output is active []

 [191]
[192]
Underfull \vbox (badness 4084) has occurred while \output is active []

 [193]
Underfull \vbox (badness 10000) has occurred while \output is active []

 [194]
[195]
Underfull \vbox (badness 10000) has occurred while \output is active []

 [196]
Underfull \vbox (badness 10000) has occurred while \output is active []

 [197]
Underfull \vbox (badness 10000) has occurred while \output is active []

 [198]
Underfull \vbox (badness 10000) has occurred while \output is active []

 [199]
Underfull \vbox (badness 10000) has occurred while \output is active []

 [200]
Underfull \vbox (badness 10000) has occurred while \output is active []

 [201]
[202]
Underfull \vbox (badness 4084) has occurred while \output is active []

 [203]
[204]
Underfull \vbox (badness 10000) has occurred while \output is active []

 [205]
Underfull \vbox (badness 10000) has occurred while \output is active []

 [206]
Underfull \vbox (badness 10000) has occurred while \output is active []

 [207]
Underfull \vbox (badness 10000) has occurred while \output is active []

 [208]
[209]
Underfull \vbox (badness 10000) has occurred while \output is active []

 [210]
Underfull \vbox (badness 10000) has occurred while \output is active []

 [211]
[212]
Underfull \vbox (badness 4084) has occurred while \output is active []

 [213]
Underfull \vbox (badness 10000) has occurred while \output is active []

 [214]
[215]
Underfull \vbox (badness 10000) has occurred while \output is active []

 [216]
Underfull \vbox (badness 10000) has occurred while \output is active []

 [217]
Underfull \vbox (badness 10000) has occurred while \output is active []

 [218]
Underfull \vbox (badness 10000) has occurred while \output is active []

 [219]
Underfull \vbox (badness 10000) has occurred while \output is active []

 [220]
Missing character: There is no ± in font cmtt10!

[221]
Underfull \vbox (badness 4084) has occurred while \output is active []

 [222]
Underfull \vbox (badness 10000) has occurred while \output is active []

 [223]
[224]
Underfull \vbox (badness 10000) has occurred while \output is active []

 [225]
Underfull \vbox (badness 10000) has occurred while \output is active []

 [226]
Underfull \vbox (badness 10000) has occurred while \output is active []

 [227]
Underfull \vbox (badness 10000) has occurred while \output is active []

 [228]
Underfull \vbox (badness 10000) has occurred while \output is active []

 [229]
Underfull \vbox (badness 10000) has occurred while \output is active []

 [230]
Underfull \vbox (badness 10000) has occurred while \output is active []

 [231]
[232]
Underfull \vbox (badness 4084) has occurred while \output is active []

 [233]
[234]
Underfull \vbox (badness 10000) has occurred while \output is active []

 [235]
Underfull \vbox (badness 10000) has occurred while \output is active []

 [236]
Underfull \vbox (badness 10000) has occurred while \output is active []

 [237]
Underfull \vbox (badness 10000) has occurred while \output is active []

 [238]
[239] [240]
Underfull \vbox (badness 10000) has occurred while \output is active []

 [241]
[242]
Underfull \vbox (badness 4084) has occurred while \output is active []

 [243]
[244]
Underfull \vbox (badness 10000) has occurred while \output is active []

 [245]
Underfull \vbox (badness 10000) has occurred while \output is active []

 [246]
Underfull \vbox (badness 10000) has occurred while \output is active []

 [247])
[248] (./hovedfag.bbl [249



]) [250] (./hovedfag.aux (./Preface/preface.aux)
(./Acknowledgements/acknowledgements.aux) (./Introduction/introduction2.aux)
(./Atom_Physics/atom_physics.aux) (./Monte_Carlo/monte_carlo.aux)
(./Implementation/implementation2.aux) (./Results/results.aux)
(./Conclusion/conclusion.aux) (./Appendix/appendix.aux))

LaTeX Warning: There were undefined references.


LaTeX Warning: There were multiply-defined labels.

 ) 
Here is how much of TeX's memory you used:
 5806 strings out of 95847
 77974 string characters out of 1195948
 331882 words of memory out of 1000001
 8513 multiletter control sequences out of 10000+50000
 23486 words of font info for 91 fonts, out of 500000 for 1000
 14 hyphenation exceptions out of 1000
 37i,17n,63p,1152b,1639s stack positions out of 1500i,500n,5000p,200000b,5000s

Output written on hovedfag.dvi (262 pages, 1224452 bytes).
