This is pdfTeXk, Version 3.141592-1.40.3 (Web2C 7.5.6) (format=pdflatex 2008.6.17)  2 FEB 2009 08:19
entering extended mode
 %&-line parsing enabled.
**infinitematter
(./infinitematter.tex
LaTeX2e <2005/12/01>
Babel <v3.8h> and hyphenation patterns for english, usenglishmax, dumylang, noh
yphenation, loaded.
(/usr/share/texmf-texlive/tex/latex/base/report.cls
Document Class: report 2005/09/16 v1.4f Standard LaTeX document class
(/usr/share/texmf-texlive/tex/latex/base/size10.clo
File: size10.clo 2005/09/16 v1.4f Standard LaTeX file (size option)
)
\c@part=\count79
\c@chapter=\count80
\c@section=\count81
\c@subsection=\count82
\c@subsubsection=\count83
\c@paragraph=\count84
\c@subparagraph=\count85
\c@figure=\count86
\c@table=\count87
\abovecaptionskip=\skip41
\belowcaptionskip=\skip42
\bibindent=\dimen102
)
(/usr/share/texmf-texlive/tex/latex/base/inputenc.sty
Package: inputenc 2006/05/05 v1.1b Input encoding file
\inpenc@prehook=\toks14
\inpenc@posthook=\toks15

(/usr/share/texmf-texlive/tex/latex/base/utf8.def
File: utf8.def 2006/03/30 v1.1i UTF-8 support for inputenc
Now handling font encoding OML ...
... no UTF-8 mapping file for font encoding OML
Now handling font encoding T1 ...
... processing UTF-8 mapping file for font encodingT1

(/usr/share/texmf-texlive/tex/latex/base/t1enc.dfu
File: t1enc.dfu 2006/03/30 v1.1i UTF-8 support for inputenc
   defining Unicode char U+00A1 (decimal 161)
   defining Unicode char U+00A3 (decimal 163)
   defining Unicode char U+00AB (decimal 171)
   defining Unicode char U+00BB (decimal 187)
   defining Unicode char U+00BF (decimal 191)
   defining Unicode char U+00C0 (decimal 192)
   defining Unicode char U+00C1 (decimal 193)
   defining Unicode char U+00C2 (decimal 194)
   defining Unicode char U+00C3 (decimal 195)
   defining Unicode char U+00C4 (decimal 196)
   defining Unicode char U+00C5 (decimal 197)
   defining Unicode char U+00C6 (decimal 198)
   defining Unicode char U+00C7 (decimal 199)
   defining Unicode char U+00C8 (decimal 200)
   defining Unicode char U+00C9 (decimal 201)
   defining Unicode char U+00CA (decimal 202)
   defining Unicode char U+00CB (decimal 203)
   defining Unicode char U+00CC (decimal 204)
   defining Unicode char U+00CD (decimal 205)
   defining Unicode char U+00CE (decimal 206)
   defining Unicode char U+00CF (decimal 207)
   defining Unicode char U+00D0 (decimal 208)
   defining Unicode char U+00D1 (decimal 209)
   defining Unicode char U+00D2 (decimal 210)
   defining Unicode char U+00D3 (decimal 211)
   defining Unicode char U+00D4 (decimal 212)
   defining Unicode char U+00D5 (decimal 213)
   defining Unicode char U+00D6 (decimal 214)
   defining Unicode char U+00D8 (decimal 216)
   defining Unicode char U+00D9 (decimal 217)
   defining Unicode char U+00DA (decimal 218)
   defining Unicode char U+00DB (decimal 219)
   defining Unicode char U+00DC (decimal 220)
   defining Unicode char U+00DD (decimal 221)
   defining Unicode char U+00DE (decimal 222)
   defining Unicode char U+00DF (decimal 223)
   defining Unicode char U+00E0 (decimal 224)
   defining Unicode char U+00E1 (decimal 225)
   defining Unicode char U+00E2 (decimal 226)
   defining Unicode char U+00E3 (decimal 227)
   defining Unicode char U+00E4 (decimal 228)
   defining Unicode char U+00E5 (decimal 229)
   defining Unicode char U+00E6 (decimal 230)
   defining Unicode char U+00E7 (decimal 231)
   defining Unicode char U+00E8 (decimal 232)
   defining Unicode char U+00E9 (decimal 233)
   defining Unicode char U+00EA (decimal 234)
   defining Unicode char U+00EB (decimal 235)
   defining Unicode char U+00EC (decimal 236)
   defining Unicode char U+00ED (decimal 237)
   defining Unicode char U+00EE (decimal 238)
   defining Unicode char U+00EF (decimal 239)
   defining Unicode char U+00F0 (decimal 240)
   defining Unicode char U+00F1 (decimal 241)
   defining Unicode char U+00F2 (decimal 242)
   defining Unicode char U+00F3 (decimal 243)
   defining Unicode char U+00F4 (decimal 244)
   defining Unicode char U+00F5 (decimal 245)
   defining Unicode char U+00F6 (decimal 246)
   defining Unicode char U+00F8 (decimal 248)
   defining Unicode char U+00F9 (decimal 249)
   defining Unicode char U+00FA (decimal 250)
   defining Unicode char U+00FB (decimal 251)
   defining Unicode char U+00FC (decimal 252)
   defining Unicode char U+00FD (decimal 253)
   defining Unicode char U+00FE (decimal 254)
   defining Unicode char U+00FF (decimal 255)
   defining Unicode char U+0102 (decimal 258)
   defining Unicode char U+0103 (decimal 259)
   defining Unicode char U+0104 (decimal 260)
   defining Unicode char U+0105 (decimal 261)
   defining Unicode char U+0106 (decimal 262)
   defining Unicode char U+0107 (decimal 263)
   defining Unicode char U+010C (decimal 268)
   defining Unicode char U+010D (decimal 269)
   defining Unicode char U+010E (decimal 270)
   defining Unicode char U+010F (decimal 271)
   defining Unicode char U+0110 (decimal 272)
   defining Unicode char U+0111 (decimal 273)
   defining Unicode char U+0118 (decimal 280)
   defining Unicode char U+0119 (decimal 281)
   defining Unicode char U+011A (decimal 282)
   defining Unicode char U+011B (decimal 283)
   defining Unicode char U+011E (decimal 286)
   defining Unicode char U+011F (decimal 287)
   defining Unicode char U+0130 (decimal 304)
   defining Unicode char U+0131 (decimal 305)
   defining Unicode char U+0132 (decimal 306)
   defining Unicode char U+0133 (decimal 307)
   defining Unicode char U+0139 (decimal 313)
   defining Unicode char U+013A (decimal 314)
   defining Unicode char U+013D (decimal 317)
   defining Unicode char U+013E (decimal 318)
   defining Unicode char U+0141 (decimal 321)
   defining Unicode char U+0142 (decimal 322)
   defining Unicode char U+0143 (decimal 323)
   defining Unicode char U+0144 (decimal 324)
   defining Unicode char U+0147 (decimal 327)
   defining Unicode char U+0148 (decimal 328)
   defining Unicode char U+014A (decimal 330)
   defining Unicode char U+014B (decimal 331)
   defining Unicode char U+0150 (decimal 336)
   defining Unicode char U+0151 (decimal 337)
   defining Unicode char U+0152 (decimal 338)
   defining Unicode char U+0153 (decimal 339)
   defining Unicode char U+0154 (decimal 340)
   defining Unicode char U+0155 (decimal 341)
   defining Unicode char U+0158 (decimal 344)
   defining Unicode char U+0159 (decimal 345)
   defining Unicode char U+015A (decimal 346)
   defining Unicode char U+015B (decimal 347)
   defining Unicode char U+015E (decimal 350)
   defining Unicode char U+015F (decimal 351)
   defining Unicode char U+0160 (decimal 352)
   defining Unicode char U+0161 (decimal 353)
   defining Unicode char U+0162 (decimal 354)
   defining Unicode char U+0163 (decimal 355)
   defining Unicode char U+0164 (decimal 356)
   defining Unicode char U+0165 (decimal 357)
   defining Unicode char U+016E (decimal 366)
   defining Unicode char U+016F (decimal 367)
   defining Unicode char U+0170 (decimal 368)
   defining Unicode char U+0171 (decimal 369)
   defining Unicode char U+0178 (decimal 376)
   defining Unicode char U+0179 (decimal 377)
   defining Unicode char U+017A (decimal 378)
   defining Unicode char U+017B (decimal 379)
   defining Unicode char U+017C (decimal 380)
   defining Unicode char U+017D (decimal 381)
   defining Unicode char U+017E (decimal 382)
   defining Unicode char U+200C (decimal 8204)
   defining Unicode char U+2013 (decimal 8211)
   defining Unicode char U+2014 (decimal 8212)
   defining Unicode char U+2018 (decimal 8216)
   defining Unicode char U+2019 (decimal 8217)
   defining Unicode char U+201A (decimal 8218)
   defining Unicode char U+201C (decimal 8220)
   defining Unicode char U+201D (decimal 8221)
   defining Unicode char U+201E (decimal 8222)
   defining Unicode char U+2030 (decimal 8240)
   defining Unicode char U+2031 (decimal 8241)
   defining Unicode char U+2039 (decimal 8249)
   defining Unicode char U+203A (decimal 8250)
   defining Unicode char U+2423 (decimal 9251)
)
Now handling font encoding OT1 ...
... processing UTF-8 mapping file for font encodingOT1

(/usr/share/texmf-texlive/tex/latex/base/ot1enc.dfu
File: ot1enc.dfu 2006/03/30 v1.1i UTF-8 support for inputenc
   defining Unicode char U+00A1 (decimal 161)
   defining Unicode char U+00A3 (decimal 163)
   defining Unicode char U+00B8 (decimal 184)
   defining Unicode char U+00BF (decimal 191)
   defining Unicode char U+00C5 (decimal 197)
   defining Unicode char U+00C6 (decimal 198)
   defining Unicode char U+00D8 (decimal 216)
   defining Unicode char U+00DF (decimal 223)
   defining Unicode char U+00E6 (decimal 230)
   defining Unicode char U+00EC (decimal 236)
   defining Unicode char U+00ED (decimal 237)
   defining Unicode char U+00EE (decimal 238)
   defining Unicode char U+00EF (decimal 239)
   defining Unicode char U+00F8 (decimal 248)
   defining Unicode char U+0131 (decimal 305)
   defining Unicode char U+0141 (decimal 321)
   defining Unicode char U+0142 (decimal 322)
   defining Unicode char U+0152 (decimal 338)
   defining Unicode char U+0153 (decimal 339)
   defining Unicode char U+2013 (decimal 8211)
   defining Unicode char U+2014 (decimal 8212)
   defining Unicode char U+2018 (decimal 8216)
   defining Unicode char U+2019 (decimal 8217)
   defining Unicode char U+201C (decimal 8220)
   defining Unicode char U+201D (decimal 8221)
)
Now handling font encoding OMS ...
... processing UTF-8 mapping file for font encodingOMS

(/usr/share/texmf-texlive/tex/latex/base/omsenc.dfu
File: omsenc.dfu 2006/03/30 v1.1i UTF-8 support for inputenc
   defining Unicode char U+00A7 (decimal 167)
   defining Unicode char U+00B6 (decimal 182)
   defining Unicode char U+00B7 (decimal 183)
   defining Unicode char U+2020 (decimal 8224)
   defining Unicode char U+2021 (decimal 8225)
   defining Unicode char U+2022 (decimal 8226)
)
Now handling font encoding OMX ...
... no UTF-8 mapping file for font encoding OMX
Now handling font encoding U ...
... no UTF-8 mapping file for font encoding U
   defining Unicode char U+00A9 (decimal 169)
   defining Unicode char U+00AA (decimal 170)
   defining Unicode char U+00AE (decimal 174)
   defining Unicode char U+00BA (decimal 186)
   defining Unicode char U+02C6 (decimal 710)
   defining Unicode char U+02DC (decimal 732)
   defining Unicode char U+200C (decimal 8204)
   defining Unicode char U+2026 (decimal 8230)
   defining Unicode char U+2122 (decimal 8482)
   defining Unicode char U+2423 (decimal 9251)
))
(/usr/share/texmf-texlive/tex/latex/base/fontenc.sty
Package: fontenc 2005/09/27 v1.99g Standard LaTeX package

(/usr/share/texmf-texlive/tex/latex/base/t1enc.def
File: t1enc.def 2005/09/27 v1.99g Standard LaTeX file
LaTeX Font Info:    Redeclaring font encoding T1 on input line 43.
))
(/usr/share/texmf-texlive/tex/generic/babel/babel.sty
Package: babel 2005/11/23 v3.8h The Babel package

(/usr/share/texmf-texlive/tex/generic/babel/english.ldf
Language: english 2005/03/30 v3.3o English support from the babel system

(/usr/share/texmf-texlive/tex/generic/babel/babel.def
File: babel.def 2005/11/23 v3.8h Babel common definitions
\babel@savecnt=\count88
\U@D=\dimen103
)
\l@british = a dialect from \language\l@english 
\l@UKenglish = a dialect from \language\l@english 
\l@canadian = a dialect from \language\l@american 
\l@australian = a dialect from \language\l@british 
\l@newzealand = a dialect from \language\l@british 
))
(/usr/share/texmf-texlive/tex/latex/graphics/graphicx.sty
Package: graphicx 1999/02/16 v1.0f Enhanced LaTeX Graphics (DPC,SPQR)

(/usr/share/texmf-texlive/tex/latex/graphics/keyval.sty
Package: keyval 1999/03/16 v1.13 key=value parser (DPC)
\KV@toks@=\toks16
)
(/usr/share/texmf-texlive/tex/latex/graphics/graphics.sty
Package: graphics 2006/02/20 v1.0o Standard LaTeX Graphics (DPC,SPQR)

(/usr/share/texmf-texlive/tex/latex/graphics/trig.sty
Package: trig 1999/03/16 v1.09 sin cos tan (DPC)
)
(/etc/texmf/tex/latex/config/graphics.cfg
File: graphics.cfg 2007/01/18 v1.5 graphics configuration of teTeX/TeXLive
)
Package graphics Info: Driver file: pdftex.def on input line 90.

(/usr/share/texmf-texlive/tex/latex/pdftex-def/pdftex.def
File: pdftex.def 2007/01/08 v0.04d Graphics/color for pdfTeX
\Gread@gobject=\count89
))
\Gin@req@height=\dimen104
\Gin@req@width=\dimen105
)

! LaTeX Error: File `subfigure.sty' not found.

Type X to quit or <RETURN> to proceed,
or enter new name. (Default extension: sty)

Enter file name: 
(/usr/share/texmf-texlive/tex/latex/graphics/epsfig.sty
Package: epsfig 1999/02/16 v1.7a (e)psfig emulation (SPQR)
\epsfxsize=\dimen106
\epsfysize=\dimen107
)
(/usr/share/texmf-texlive/tex/latex/amsfonts/amssymb.sty
Package: amssymb 2002/01/22 v2.2d

(/usr/share/texmf-texlive/tex/latex/amsfonts/amsfonts.sty
Package: amsfonts 2001/10/25 v2.2f
\@emptytoks=\toks17
\symAMSa=\mathgroup4
\symAMSb=\mathgroup5
LaTeX Font Info:    Overwriting math alphabet `\mathfrak' in version `bold'
(Font)                  U/euf/m/n --> U/euf/b/n on input line 132.
))
(/usr/share/texmf-texlive/tex/latex/psfrag/psfrag.sty
Package: psfrag 1998/04/11 v3.04 PSfrag (MCG)
\pfg@pcount=\count90
\pfg@scount=\count91
\pfg@temp=\write3
)
(/usr/share/texmf-texlive/tex/latex/amsmath/amsmath.sty
Package: amsmath 2000/07/18 v2.13 AMS math features
\@mathmargin=\skip43

For additional information on amsmath, use the `?' option.
(/usr/share/texmf-texlive/tex/latex/amsmath/amstext.sty
Package: amstext 2000/06/29 v2.01

(/usr/share/texmf-texlive/tex/latex/amsmath/amsgen.sty
File: amsgen.sty 1999/11/30 v2.0
\@emptytoks=\toks18
\ex@=\dimen108
))
(/usr/share/texmf-texlive/tex/latex/amsmath/amsbsy.sty
Package: amsbsy 1999/11/29 v1.2d
\pmbraise@=\dimen109
)
(/usr/share/texmf-texlive/tex/latex/amsmath/amsopn.sty
Package: amsopn 1999/12/14 v2.01 operator names
)
\inf@bad=\count92
LaTeX Info: Redefining \frac on input line 211.
\uproot@=\count93
\leftroot@=\count94
LaTeX Info: Redefining \overline on input line 307.
\classnum@=\count95
\DOTSCASE@=\count96
LaTeX Info: Redefining \ldots on input line 379.
LaTeX Info: Redefining \dots on input line 382.
LaTeX Info: Redefining \cdots on input line 467.
\Mathstrutbox@=\box26
\strutbox@=\box27
\big@size=\dimen110
LaTeX Font Info:    Redeclaring font encoding OML on input line 567.
LaTeX Font Info:    Redeclaring font encoding OMS on input line 568.
\macc@depth=\count97
\c@MaxMatrixCols=\count98
\dotsspace@=\muskip10
\c@parentequation=\count99
\dspbrk@lvl=\count100
\tag@help=\toks19
\row@=\count101
\column@=\count102
\maxfields@=\count103
\andhelp@=\toks20
\eqnshift@=\dimen111
\alignsep@=\dimen112
\tagshift@=\dimen113
\tagwidth@=\dimen114
\totwidth@=\dimen115
\lineht@=\dimen116
\@envbody=\toks21
\multlinegap=\skip44
\multlinetaggap=\skip45
\mathdisplay@stack=\toks22
LaTeX Info: Redefining \[ on input line 2666.
LaTeX Info: Redefining \] on input line 2667.
)

! LaTeX Error: File `wick.sty' not found.

Type X to quit or <RETURN> to proceed,
or enter new name. (Default extension: sty)

Enter file name: 

! LaTeX Error: File `wrapfig.sty' not found.

Type X to quit or <RETURN> to proceed,
or enter new name. (Default extension: sty)

Enter file name: 
(/usr/share/texmf-texlive/tex/latex/graphics/color.sty
Package: color 2005/11/14 v1.0j Standard LaTeX Color (DPC)

(/etc/texmf/tex/latex/config/color.cfg
File: color.cfg 2007/01/18 v1.5 color configuration of teTeX/TeXLive
)
Package color Info: Driver file: pdftex.def on input line 130.
)
(/usr/share/texmf-texlive/tex/latex/hyperref/hyperref.sty
Package: hyperref 2007/02/07 v6.75r Hypertext links for LaTeX
\@linkdim=\dimen117
\Hy@linkcounter=\count104
\Hy@pagecounter=\count105

(/usr/share/texmf-texlive/tex/latex/hyperref/pd1enc.def
File: pd1enc.def 2007/02/07 v6.75r Hyperref: PDFDocEncoding definition (HO)
Now handling font encoding PD1 ...
... no UTF-8 mapping file for font encoding PD1
)
(/etc/texmf/tex/latex/config/hyperref.cfg
File: hyperref.cfg 2002/06/06 v1.2 hyperref configuration of TeXLive
)
(/usr/share/texmf-texlive/tex/latex/oberdiek/kvoptions.sty
Package: kvoptions 2006/08/22 v2.4 Connects package keyval with LaTeX options (
HO)
)
Package hyperref Info: Hyper figures OFF on input line 2288.
Package hyperref Info: Link nesting OFF on input line 2293.
Package hyperref Info: Hyper index ON on input line 2296.
Package hyperref Info: Plain pages OFF on input line 2303.
Package hyperref Info: Backreferencing OFF on input line 2308.

Implicit mode ON; LaTeX internals redefined
Package hyperref Info: Bookmarks ON on input line 2444.
(/usr/share/texmf-texlive/tex/latex/ltxmisc/url.sty
\Urlmuskip=\muskip11
Package: url 2005/06/27  ver 3.2  Verb mode for urls, etc.
)
LaTeX Info: Redefining \url on input line 2599.
\Fld@menulength=\count106
\Field@Width=\dimen118
\Fld@charsize=\dimen119
\Choice@toks=\toks23
\Field@toks=\toks24
Package hyperref Info: Hyper figures OFF on input line 3102.
Package hyperref Info: Link nesting OFF on input line 3107.
Package hyperref Info: Hyper index ON on input line 3110.
Package hyperref Info: backreferencing OFF on input line 3117.
Package hyperref Info: Link coloring OFF on input line 3122.
\Hy@abspage=\count107
\c@Item=\count108
\c@Hfootnote=\count109
)
*hyperref using driver hpdftex*
(/usr/share/texmf-texlive/tex/latex/hyperref/hpdftex.def
File: hpdftex.def 2007/02/07 v6.75r Hyperref driver for pdfTeX
\Fld@listcount=\count110
) (./infinitematter.aux (./introduction.aux) (./secondq.aux) (./perturbation.au
x) (./nucl-nucl_pot.aux) (./coupled.aux

LaTeX Warning: Label `t2_eqn_diag' multiply defined.

) (./diagramrules.aux))
\openout1 = `infinitematter.aux'.

LaTeX Font Info:    Checking defaults for OML/cmm/m/it on input line 27.
LaTeX Font Info:    ... okay on input line 27.
LaTeX Font Info:    Checking defaults for T1/cmr/m/n on input line 27.
LaTeX Font Info:    ... okay on input line 27.
LaTeX Font Info:    Checking defaults for OT1/cmr/m/n on input line 27.
LaTeX Font Info:    ... okay on input line 27.
LaTeX Font Info:    Checking defaults for OMS/cmsy/m/n on input line 27.
LaTeX Font Info:    ... okay on input line 27.
LaTeX Font Info:    Checking defaults for OMX/cmex/m/n on input line 27.
LaTeX Font Info:    ... okay on input line 27.
LaTeX Font Info:    Checking defaults for U/cmr/m/n on input line 27.
LaTeX Font Info:    ... okay on input line 27.
LaTeX Font Info:    Checking defaults for PD1/pdf/m/n on input line 27.
LaTeX Font Info:    ... okay on input line 27.
Package hyperref Info: Link coloring OFF on input line 27.

(/usr/share/texmf-texlive/tex/latex/hyperref/nameref.sty
Package: nameref 2006/12/27 v2.28 Cross-referencing by name of section

(/usr/share/texmf-texlive/tex/latex/oberdiek/refcount.sty
Package: refcount 2006/02/20 v3.0 Data extraction from references (HO)
)
\c@section@level=\count111
)
LaTeX Info: Redefining \ref on input line 27.
LaTeX Info: Redefining \pageref on input line 27.

(./infinitematter.out) (./infinitematter.out)
\@outlinefile=\write4
\openout4 = `infinitematter.out'.

 (./frontpage.tex
<uiologo.pdf, id=75, 433.62pt x 432.61626pt>
File: uiologo.pdf Graphic file (type pdf)
 <use uiologo.pdf>) [1
Non-PDF special ignored!

{/var/lib/texmf/fonts/map/pdftex/updmap/pdftex.map} <./uiologo.pdf>] (./infinit
ematter.toc
LaTeX Font Info:    Try loading font information for U+msa on input line 4.

(/usr/share/texmf-texlive/tex/latex/amsfonts/umsa.fd
File: umsa.fd 2002/01/19 v2.2g AMS font definitions
)
LaTeX Font Info:    Try loading font information for U+msb on input line 4.

(/usr/share/texmf-texlive/tex/latex/amsfonts/umsb.fd
File: umsb.fd 2002/01/19 v2.2g AMS font definitions
))
\tf@toc=\write5
\openout5 = `infinitematter.toc'.

 [2

]
\openout2 = `introduction.aux'.

 (./introduction.tex
Chapter 1.
) [1



]
\openout2 = `secondq.aux'.

 (./secondq.tex
Chapter 2.

Underfull \hbox (badness 10000) in paragraph at lines 4--11

 []


Underfull \hbox (badness 10000) in paragraph at lines 12--17

 []

[2



] [3]
! Undefined control sequence.
l.146 \wick
           {1}{<1a_\alpha >1a^\dagger_\beta}=\bra{0}a_\alpha a^\dagger_\beta...

? s
OK, entering \scrollmode...
[4]
! Undefined control sequence.
<argument> \split@tag \begin {split} & \wick 
                                             {1}{<1a_i^\dagger >1a_j}=a^\dag...
l.199 \end{split}
                 
The control sequence at the end of the top line
of your error message was never \def'ed. If you have
misspelled it (e.g., `\hobx'), type `I' and the correct
spelling (e.g., `I\hbox'). Otherwise just continue,
and I'll forget about whatever was undefined.

! Undefined control sequence.
<argument> ...a^\dagger _i=\delta _{ij}\\ & \wick 
                                                  {1}{<1a_i>1a^\dagger _j}=a...
l.199 \end{split}
                 
The control sequence at the end of the top line
of your error message was never \def'ed. If you have
misspelled it (e.g., `\hobx'), type `I' and the correct
spelling (e.g., `I\hbox'). Otherwise just continue,
and I'll forget about whatever was undefined.

! Undefined control sequence.
<argument> \split@tag \begin {split} & \wick 
                                             {1}{<1a_i^\dagger >1a_j}=a^\dag...
l.199 \end{split}
                 
The control sequence at the end of the top line
of your error message was never \def'ed. If you have
misspelled it (e.g., `\hobx'), type `I' and the correct
spelling (e.g., `I\hbox'). Otherwise just continue,
and I'll forget about whatever was undefined.

! Undefined control sequence.
<argument> ...a^\dagger _i=\delta _{ij}\\ & \wick 
                                                  {1}{<1a_i>1a^\dagger _j}=a...
l.199 \end{split}
                 
The control sequence at the end of the top line
of your error message was never \def'ed. If you have
misspelled it (e.g., `\hobx'), type `I' and the correct
spelling (e.g., `I\hbox'). Otherwise just continue,
and I'll forget about whatever was undefined.

) [5]
\openout2 = `perturbation.aux'.

 (./perturbation.tex
Chapter 3.
[6



]
Overfull \hbox (17.7708pt too wide) detected at line 67
[]\OMS/cmsy/m/n/10 j\OT1/cmr/m/n/10 	\OMS/cmsy/m/n/10 i \OT1/cmr/m/n/10 = [] \O
ML/cmm/m/it/10 a[]\OMS/cmsy/m/n/10 j\OML/cmm/m/it/10 ^^^[]\OMS/cmsy/m/n/10 i \O
T1/cmr/m/n/10 + [] [] = [] \OML/cmm/m/it/10 a[]\OMS/cmsy/m/n/10 j\OML/cmm/m/it/
10 ^^^[]\OMS/cmsy/m/n/10 i \OT1/cmr/m/n/10 + []\OMS/cmsy/m/n/10 j\OT1/cmr/m/n/1
0 	\OMS/cmsy/m/n/10 i \OT1/cmr/m/n/10 = \OML/cmm/m/it/10 P\OMS/cmsy/m/n/10 j\OT
1/cmr/m/n/10 	\OMS/cmsy/m/n/10 i \OT1/cmr/m/n/10 + []\OMS/cmsy/m/n/10 j\OT1/cmr
/m/n/10 	\OMS/cmsy/m/n/10 i
 []

[7] [8] [9]
! Undefined control sequence.
l.313 \wick
           {1}{<1A>1B}=T[AB]-N[AB],
The control sequence at the end of the top line
of your error message was never \def'ed. If you have
misspelled it (e.g., `\hobx'), type `I' and the correct
spelling (e.g., `I\hbox'). Otherwise just continue,
and I'll forget about whatever was undefined.

! Undefined control sequence.
<argument> \split@tag \begin {split} &\wick 
                                            {1}{<1a_h(t)>1a_{h'}^\dagger (t'...
l.330 \end{split}
                 
The control sequence at the end of the top line
of your error message was never \def'ed. If you have
misspelled it (e.g., `\hobx'), type `I' and the correct
spelling (e.g., `I\hbox'). Otherwise just continue,
and I'll forget about whatever was undefined.

! Undefined control sequence.
<argument> \split@tag \begin {split} &\wick 
                                            {1}{<1a_h(t)>1a_{h'}^\dagger (t'...
l.330 \end{split}
                 
The control sequence at the end of the top line
of your error message was never \def'ed. If you have
misspelled it (e.g., `\hobx'), type `I' and the correct
spelling (e.g., `I\hbox'). Otherwise just continue,
and I'll forget about whatever was undefined.

[10]
! Undefined control sequence.
l.337 \wick
           {1}{<*a_p(t)>*a_{p'}(t')}=\delta_{p,p'}e^{-\frac{i}{\hbar}\epsilo...
The control sequence at the end of the top line
of your error message was never \def'ed. If you have
misspelled it (e.g., `\hobx'), type `I' and the correct
spelling (e.g., `I\hbox'). Otherwise just continue,
and I'll forget about whatever was undefined.

! Undefined control sequence.
l.344 \wick
           {1}{<*a_\alpha(t)>*a_\beta^\dagger(t')}=-\wick{1}{<*a_\beta^\dagg...
The control sequence at the end of the top line
of your error message was never \def'ed. If you have
misspelled it (e.g., `\hobx'), type `I' and the correct
spelling (e.g., `I\hbox'). Otherwise just continue,
and I'll forget about whatever was undefined.

! Undefined control sequence.
l.344 ...*a_\alpha(t)>*a_\beta^\dagger(t')}=-\wick
                                                  {1}{<*a_\beta^\dagger(t')>...
The control sequence at the end of the top line
of your error message was never \def'ed. If you have
misspelled it (e.g., `\hobx'), type `I' and the correct
spelling (e.g., `I\hbox'). Otherwise just continue,
and I'll forget about whatever was undefined.

<hullpartlinje.pdf, id=250, 337.26pt x 171.64125pt>
File: hullpartlinje.pdf Graphic file (type pdf)
 <use hullpartlinje.pdf>
[11 <./hullpartlinje.pdf>]
Overfull \hbox (39.44257pt too wide) in paragraph at lines 409--409
[] 
 []

! Undefined control sequence.
<argument> \split@tag \begin {split} \wick 
                                           {21}{<*a^\dagger _\alpha (t) <2a^...
l.422 \end{split}
                 
The control sequence at the end of the top line
of your error message was never \def'ed. If you have
misspelled it (e.g., `\hobx'), type `I' and the correct
spelling (e.g., `I\hbox'). Otherwise just continue,
and I'll forget about whatever was undefined.

! Undefined control sequence.
<argument> ..._\delta (t) >*a_\gamma (t)} + \wick 
                                                  {21}{<*a^\dagger _\alpha (...
l.422 \end{split}
                 
The control sequence at the end of the top line
of your error message was never \def'ed. If you have
misspelled it (e.g., `\hobx'), type `I' and the correct
spelling (e.g., `I\hbox'). Otherwise just continue,
and I'll forget about whatever was undefined.

! Undefined control sequence.
<argument> \split@tag \begin {split} \wick 
                                           {21}{<*a^\dagger _\alpha (t) <2a^...
l.422 \end{split}
                 
The control sequence at the end of the top line
of your error message was never \def'ed. If you have
misspelled it (e.g., `\hobx'), type `I' and the correct
spelling (e.g., `I\hbox'). Otherwise just continue,
and I'll forget about whatever was undefined.

! Undefined control sequence.
<argument> ..._\delta (t) >*a_\gamma (t)} + \wick 
                                                  {21}{<*a^\dagger _\alpha (...
l.422 \end{split}
                 
The control sequence at the end of the top line
of your error message was never \def'ed. If you have
misspelled it (e.g., `\hobx'), type `I' and the correct
spelling (e.g., `I\hbox'). Otherwise just continue,
and I'll forget about whatever was undefined.


Overfull \hbox (2.95615pt too wide) in paragraph at lines 424--424
[] 
 []

<forsteordendiagram.pdf, id=298, 582.175pt x 116.435pt>
File: forsteordendiagram.pdf Graphic file (type pdf)

<use forsteordendiagram.pdf> [12 <./forsteordendiagram.pdf>]) [13]
\openout2 = `nucl-nucl_pot.aux'.


(./nucl-nucl_pot.tex
Chapter 4.
<nucleon-nucleon_pot.pdf, id=329, 314.17375pt x 343.2825pt>
File: nucleon-nucleon_pot.pdf Graphic file (type pdf)

<use nucleon-nucleon_pot.pdf>
Underfull \hbox (badness 10000) in paragraph at lines 37--50

 []

[14



 <./nucleon-nucleon_pot.pdf>] [15]
Underfull \hbox (badness 10000) in paragraph at lines 103--105

 []


Package hyperref Warning: Token not allowed in a PDFDocEncoded string,
(hyperref)                removing `math shift' on input line 121.


Package hyperref Warning: Token not allowed in a PDFDocEncoded string,
(hyperref)                removing `subscript' on input line 121.


Package hyperref Warning: Token not allowed in a PDFDocEncoded string,
(hyperref)                removing `math shift' on input line 121.

[16] [17] [18]) [19]
\openout2 = `coupled.aux'.

 (./coupled.tex
Chapter 5.
[20



]
Overfull \hbox (2.70265pt too wide) detected at line 78
[]\OML/cmm/m/it/10 E \OT1/cmr/m/n/10 = \OMS/cmsy/m/n/10 h\OML/cmm/m/it/10 ^^^[]
\OMS/cmsy/m/n/10 j\OML/cmm/m/it/10 H \OT1/cmr/m/n/10 + [\OML/cmm/m/it/10 H; T[]
\OT1/cmr/m/n/10 ] + [\OML/cmm/m/it/10 H; T[]\OT1/cmr/m/n/10 ] + [][[\OML/cmm/m/
it/10 H; T[]\OT1/cmr/m/n/10 ]\OML/cmm/m/it/10 ; T[]\OT1/cmr/m/n/10 ] + [][[\OML
/cmm/m/it/10 H; T[]\OT1/cmr/m/n/10 ]\OML/cmm/m/it/10 ; T[]\OT1/cmr/m/n/10 ] + [
[\OML/cmm/m/it/10 H; T[]\OT1/cmr/m/n/10 ]\OML/cmm/m/it/10 ; T[]\OT1/cmr/m/n/10 
] + [] \OMS/cmsy/m/n/10 j\OML/cmm/m/it/10 ^^^[]\OMS/cmsy/m/n/10 i\OML/cmm/m/it/
10 :
 []


Underfull \hbox (badness 10000) in paragraph at lines 95--99

 []

[21]
! Undefined control sequence.
<argument> ...pha \beta }t^a_i\bra {\Phi _0}\wick 
                                                  {21}{<1a^\dagger _\alpha <...
l.147 \end{split}
                 
The control sequence at the end of the top line
of your error message was never \def'ed. If you have
misspelled it (e.g., `\hobx'), type `I' and the correct
spelling (e.g., `I\hbox'). Otherwise just continue,
and I'll forget about whatever was undefined.

! Undefined control sequence.
<argument> ...pha \beta }t^a_i\bra {\Phi _0}\wick 
                                                  {21}{<1a^\dagger _\alpha <...
l.147 \end{split}
                 
The control sequence at the end of the top line
of your error message was never \def'ed. If you have
misspelled it (e.g., `\hobx'), type `I' and the correct
spelling (e.g., `I\hbox'). Otherwise just continue,
and I'll forget about whatever was undefined.


Overfull \hbox (82.8664pt too wide) in paragraph at lines 148--148
[] 
 []


Underfull \hbox (badness 10000) in paragraph at lines 175--176

 []

! Undefined control sequence.
<argument> ...lta }t^{ab}_{ij}\bra {\Phi _0}\wick 
                                                  {4321}{<1a^\dagger _\alpha...
l.198 \end{split}
                 
The control sequence at the end of the top line
of your error message was never \def'ed. If you have
misspelled it (e.g., `\hobx'), type `I' and the correct
spelling (e.g., `I\hbox'). Otherwise just continue,
and I'll forget about whatever was undefined.

! Undefined control sequence.
<argument> ...lta }t^{ab}_{ij}\bra {\Phi _0}\wick 
                                                  {4321}{<1a^\dagger _\alpha...
l.198 \end{split}
                 
The control sequence at the end of the top line
of your error message was never \def'ed. If you have
misspelled it (e.g., `\hobx'), type `I' and the correct
spelling (e.g., `I\hbox'). Otherwise just continue,
and I'll forget about whatever was undefined.

! Undefined control sequence.
<argument> ...lta }t^{ab}_{ij}\bra {\Phi _0}\wick 
                                                  {4321}{<1a^\dagger _\alpha...
l.198 \end{split}
                 
The control sequence at the end of the top line
of your error message was never \def'ed. If you have
misspelled it (e.g., `\hobx'), type `I' and the correct
spelling (e.g., `I\hbox'). Otherwise just continue,
and I'll forget about whatever was undefined.

! Undefined control sequence.
<argument> ...lta }t^{ab}_{ij}\bra {\Phi _0}\wick 
                                                  {4321}{<1a^\dagger _\alpha...
l.198 \end{split}
                 
The control sequence at the end of the top line
of your error message was never \def'ed. If you have
misspelled it (e.g., `\hobx'), type `I' and the correct
spelling (e.g., `I\hbox'). Otherwise just continue,
and I'll forget about whatever was undefined.

! Undefined control sequence.
<argument> ...lta }t^{ab}_{ij}\bra {\Phi _0}\wick 
                                                  {4321}{<1a^\dagger _\alpha...
l.198 \end{split}
                 
The control sequence at the end of the top line
of your error message was never \def'ed. If you have
misspelled it (e.g., `\hobx'), type `I' and the correct
spelling (e.g., `I\hbox'). Otherwise just continue,
and I'll forget about whatever was undefined.

! Undefined control sequence.
<argument> ...lta }t^{ab}_{ij}\bra {\Phi _0}\wick 
                                                  {4321}{<1a^\dagger _\alpha...
l.198 \end{split}
                 
The control sequence at the end of the top line
of your error message was never \def'ed. If you have
misspelled it (e.g., `\hobx'), type `I' and the correct
spelling (e.g., `I\hbox'). Otherwise just continue,
and I'll forget about whatever was undefined.

! Undefined control sequence.
<argument> ...lta }t^{ab}_{ij}\bra {\Phi _0}\wick 
                                                  {4321}{<1a^\dagger _\alpha...
l.198 \end{split}
                 
The control sequence at the end of the top line
of your error message was never \def'ed. If you have
misspelled it (e.g., `\hobx'), type `I' and the correct
spelling (e.g., `I\hbox'). Otherwise just continue,
and I'll forget about whatever was undefined.

! Undefined control sequence.
<argument> ...lta }t^{ab}_{ij}\bra {\Phi _0}\wick 
                                                  {4321}{<1a^\dagger _\alpha...
l.198 \end{split}
                 
The control sequence at the end of the top line
of your error message was never \def'ed. If you have
misspelled it (e.g., `\hobx'), type `I' and the correct
spelling (e.g., `I\hbox'). Otherwise just continue,
and I'll forget about whatever was undefined.


Overfull \hbox (313.43707pt too wide) in paragraph at lines 199--199
[] 
 []

[22]
Underfull \hbox (badness 10000) in paragraph at lines 266--267

 []


Overfull \hbox (15.8523pt too wide) in paragraph at lines 286--286
[] 
 []

[23]
Overfull \hbox (14.30193pt too wide) in paragraph at lines 311--311
[] 
 []

[24] <holepart.pdf, id=478, 78.2925pt x 98.3675pt>
File: holepart.pdf Graphic file (type pdf)
 <use holepart.pdf>
<clusterop.pdf, id=480, 338.26375pt x 302.12875pt>
File: clusterop.pdf Graphic file (type pdf)
 <use clusterop.pdf> [25 <./holepart.pdf>] <firstenedi.pdf, id=503, 163.61125pt
 x 109.40875pt>
File: firstenedi.pdf Graphic file (type pdf)

<use firstenedi.pdf> [26 <./clusterop.pdf> <./firstenedi.pdf>]
<secenedi.pdf, id=540, 255.95625pt x 98.3675pt>
File: secenedi.pdf Graphic file (type pdf)
 <use secenedi.pdf>
<thirdenedi.pdf, id=544, 300.12125pt x 99.37125pt>
File: thirdenedi.pdf Graphic file (type pdf)
 <use thirdenedi.pdf>
<firstampl.pdf, id=546, 131.49126pt x 89.33376pt>
File: firstampl.pdf Graphic file (type pdf)
 <use firstampl.pdf>
Underfull \hbox (badness 10000) in paragraph at lines 497--499

 []

<t1_eqn_diag.pdf, id=548, 602.25pt x 669.50125pt>
File: t1_eqn_diag.pdf Graphic file (type pdf)
 <use t1_eqn_diag.pdf>
[27 <./secenedi.pdf> <./thirdenedi.pdf>] [28 <./firstampl.pdf> <./t1_eqn_diag.p
df>] <CCD_diag.pdf, id=584, 614.295pt x 794.97pt>
File: CCD_diag.pdf Graphic file (type pdf)
 <use CCD_diag.pdf>
<CCSD_diag.pdf, id=585, 542.025pt x 463.7325pt>
File: CCSD_diag.pdf Graphic file (type pdf)
 <use CCSD_diag.pdf>
<energy.pdf, id=587, 571.13374pt x 109.40875pt>
File: energy.pdf Graphic file (type pdf)
 <use energy.pdf> [29

 <./CCD_diag.pdf>] [30 <./CCSD_diag.pdf> <./energy.pdf>]
Underfull \hbox (badness 10000) in paragraph at lines 582--584

 []


Underfull \hbox (badness 10000) in paragraph at lines 670--671

 []

[31]) [32]
\openout2 = `diagramrules.aux'.

 (./diagramrules.tex
Appendix A.
) [33



] (./infinitematter.bbl [34


]) [35] (./infinitematter.aux
(./introduction.aux) (./secondq.aux) (./perturbation.aux) (./nucl-nucl_pot.aux)
(./coupled.aux) (./diagramrules.aux))

LaTeX Warning: There were multiply-defined labels.

 ) 
Here is how much of TeX's memory you used:
 4667 strings out of 95086
 58693 string characters out of 1183255
 124155 words of memory out of 1500000
 7473 multiletter control sequences out of 10000+50000
 20129 words of font info for 45 fonts, out of 1200000 for 2000
 28 hyphenation exceptions out of 8191
 27i,20n,41p,550b,423s stack positions out of 5000i,500n,6000p,200000b,5000s
 </home/mhjensen/.texmf-var/fonts/pk/ljfour/jknappen/ec/ecti1000.600pk> </hom
e/mhjensen/.texmf-var/fonts/pk/ljfour/jknappen/ec/ecbx2074.600pk> </home/mhjens
en/.texmf-var/fonts/pk/ljfour/jknappen/ec/ecrm1000.600pk> </home/mhjensen/.texm
f-var/fonts/pk/ljfour/jknappen/ec/ecbx1000.600pk> </home/mhjensen/.texmf-var/fo
nts/pk/ljfour/jknappen/ec/ecbx2488.600pk> </home/mhjensen/.texmf-var/fonts/pk/l
jfour/jknappen/ec/ecsl1000.600pk> </home/mhjensen/.texmf-var/fonts/pk/ljfour/jk
nappen/ec/ecsl1200.600pk> </home/mhjensen/.texmf-var/fonts/pk/ljfour/jknappen/e
c/ecsl1440.600pk> </home/mhjensen/.texmf-var/fonts/pk/ljfour/jknappen/ec/ecbl14
40.600pk> </home/mhjensen/.texmf-var/fonts/pk/ljfour/jknappen/ec/ecbx1200.600pk
> </home/mhjensen/.texmf-var/fonts/pk/ljfour/jknappen/ec/ecbx1440.600pk> </home
/mhjensen/.texmf-var/fonts/pk/ljfour/jknappen/ec/ecbx1728.600pk></usr/share/tex
mf-texlive/fonts/type1/bluesky/cm/cmex10.pfb></usr/share/texmf-texlive/fonts/ty
pe1/bluesky/cm/cmmi10.pfb></usr/share/texmf-texlive/fonts/type1/bluesky/cm/cmmi
12.pfb></usr/share/texmf-texlive/fonts/type1/bluesky/cm/cmmi5.pfb></usr/share/t
exmf-texlive/fonts/type1/bluesky/cm/cmmi7.pfb></usr/share/texmf-texlive/fonts/t
ype1/bluesky/cm/cmr10.pfb></usr/share/texmf-texlive/fonts/type1/bluesky/cm/cmr1
2.pfb></usr/share/texmf-texlive/fonts/type1/bluesky/cm/cmr5.pfb></usr/share/tex
mf-texlive/fonts/type1/bluesky/cm/cmr7.pfb></usr/share/texmf-texlive/fonts/type
1/bluesky/cm/cmsy10.pfb></usr/share/texmf-texlive/fonts/type1/bluesky/cm/cmsy5.
pfb></usr/share/texmf-texlive/fonts/type1/bluesky/cm/cmsy7.pfb></usr/share/texm
f-texlive/fonts/type1/bluesky/ams/msbm10.pfb></usr/share/texmf-texlive/fonts/ty
pe1/bluesky/ams/msbm5.pfb></usr/share/texmf-texlive/fonts/type1/bluesky/ams/msb
m7.pfb>
Output written on infinitematter.pdf (37 pages, 479172 bytes).
PDF statistics:
 1131 PDF objects out of 1200 (max. 8388607)
 233 named destinations out of 1000 (max. 131072)
 223 words of extra memory for PDF output out of 10000 (max. 10000000)

