This is TeX, Version 3.14159 (Web2C 7.4.5) (format=latex 2003.8.1)  15 MAR 2005 22:04
**phd-main
(./phd-main.tex
LaTeX2e <2001/06/01>
Babel <v3.7h> and hyphenation patterns for american, french, german, ngerman, n
ohyphenation, loaded.
(/local/TEX/share/texmf/tex/latex/base/book.cls
Document Class: book 2001/04/21 v1.4e Standard LaTeX document class
(/local/TEX/share/texmf/tex/latex/base/bk12.clo
File: bk12.clo 2001/04/21 v1.4e Standard LaTeX file (size option)
)
\c@part=\count79
\c@chapter=\count80
\c@section=\count81
\c@subsection=\count82
\c@subsubsection=\count83
\c@paragraph=\count84
\c@subparagraph=\count85
\c@figure=\count86
\c@table=\count87
\abovecaptionskip=\skip41
\belowcaptionskip=\skip42
\bibindent=\dimen102
)
(/local/TEX/share/texmf/tex/latex/fancyhdr/fancyhdr.sty
\headwidth=\dimen103
)
(/local/TEX/share/texmf/tex/generic/misc/psfig.sty
\@unused=\write3
\ps@stream=\read1
\p@intvaluex=\dimen104
\p@intvaluey=\dimen105

psfig/tex 1.10-dvips
) (/local/TEX/share/texmf/tex/latex/graphics/epsfig.sty
Package: epsfig 1999/02/16 v1.7a (e)psfig emulation (SPQR)

(/local/TEX/share/texmf/tex/latex/graphics/graphicx.sty
Package: graphicx 1999/02/16 v1.0f Enhanced LaTeX Graphics (DPC,SPQR)

(/local/TEX/share/texmf/tex/latex/graphics/keyval.sty
Package: keyval 1999/03/16 v1.13 key=value parser (DPC)
\KV@toks@=\toks14
)
(/local/TEX/share/texmf/tex/latex/graphics/graphics.sty
Package: graphics 2001/07/07 v1.0n Standard LaTeX Graphics (DPC,SPQR)

(/local/TEX/share/texmf/tex/latex/graphics/trig.sty
Package: trig 1999/03/16 v1.09 sin cos tan (DPC)
)
(/local/TEX/share/texmf/tex/latex/config/graphics.cfg
File: graphics.cfg 2001/08/31 v1.1 graphics configuration of teTeX/TeXLive
)
Package graphics Info: Driver file: dvips.def on input line 80.

(/local/TEX/share/texmf/tex/latex/graphics/dvips.def
File: dvips.def 1999/02/16 v3.0i Driver-dependant file (DPC,SPQR)
))
\Gin@req@height=\dimen106
\Gin@req@width=\dimen107
)
\epsfxsize=\dimen108
\epsfysize=\dimen109
)
(/local/TEX/share/texmf/tex/latex/misc/a4wide.sty
Package: a4wide 1994/08/30

(/local/TEX/share/texmf/tex/latex/ntgclass/a4.sty
Package: a4 1999/03/03 v1.2f A4 based page layout
))
(/local/TEX/share/texmf/tex/latex/misc/psfrag.sty
Package: psfrag 1998/04/11 v3.04 PSfrag (MCG)
\pfg@pcount=\count88
\pfg@scount=\count89
\pfg@temp=\write4
)
(/local/TEX/share/texmf/tex/latex/base/latexsym.sty
Package: latexsym 1998/08/17 v2.2e Standard LaTeX package (lasy symbols)
\symlasy=\mathgroup4
LaTeX Font Info:    Overwriting symbol font `lasy' in version `bold'
(Font)                  U/lasy/m/n --> U/lasy/b/n on input line 42.
)
(/local/TEX/share/texmf/tex/latex/amsfonts/amsfonts.sty
Package: amsfonts 2001/10/25 v2.2f
\@emptytoks=\toks15
\symAMSa=\mathgroup5
\symAMSb=\mathgroup6
LaTeX Font Info:    Overwriting math alphabet `\mathfrak' in version `bold'
(Font)                  U/euf/m/n --> U/euf/b/n on input line 132.
)
(/local/TEX/share/texmf/tex/latex/amsfonts/eucal.sty
Package: eucal 2001/10/01 v2.2d Euler Script fonts
LaTeX Font Info:    Overwriting math alphabet `\EuScript' in version `bold'
(Font)                  U/eus/m/n --> U/eus/b/n on input line 55.
)
(/local/TEX/share/texmf/tex/latex/hyperref/backref.sty
Package: backref 2002/06/09 v1.20 Bibliographical back referencing
)
(/local/TEX/share/texmf/tex/latex/misc/wrapfig.sty
\wrapoverhang=\dimen110
\WF@size=\dimen111
\c@WF@wrappedlines=\count90
\WF@box=\box26
\WF@everypar=\toks16
Package: wrapfig 2003/01/31  v 3.6
) (./phd-main.aux)
\openout1 = `phd-main.aux'.

LaTeX Font Info:    Checking defaults for OML/cmm/m/it on input line 40.
LaTeX Font Info:    ... okay on input line 40.
LaTeX Font Info:    Checking defaults for T1/cmr/m/n on input line 40.
LaTeX Font Info:    ... okay on input line 40.
LaTeX Font Info:    Checking defaults for OT1/cmr/m/n on input line 40.
LaTeX Font Info:    ... okay on input line 40.
LaTeX Font Info:    Checking defaults for OMS/cmsy/m/n on input line 40.
LaTeX Font Info:    ... okay on input line 40.
LaTeX Font Info:    Checking defaults for OMX/cmex/m/n on input line 40.
LaTeX Font Info:    ... okay on input line 40.
LaTeX Font Info:    Checking defaults for U/cmr/m/n on input line 40.
LaTeX Font Info:    ... okay on input line 40.
File: figures/UiBmerke_grayscaleV8.eps Graphic file (type eps)

<figures/UiBmerke_grayscaleV8.eps> [1


]
LaTeX Font Info:    Try loading font information for OT1+phv on input line 117.


(/local/TEX/share/texmf/tex/latex/psnfss/ot1phv.fd
File: ot1phv.fd 2001/06/04 scalable font definitions for OT1/phv.
) [1] [2


]
Missing character: There is no ø in font cmr12!
 [3] [4

]
(./phd-main.toc
LaTeX Font Info:    Try loading font information for U+lasy on input line 3.
 (/local/TEX/share/texmf/tex/latex/base/ulasy.fd
File: ulasy.fd 1998/08/17 v2.2e LaTeX symbol font definitions
)
LaTeX Font Info:    Try loading font information for U+msa on input line 3.

(/local/TEX/share/texmf/tex/latex/amsfonts/umsa.fd
File: umsa.fd 2002/01/19 v2.2g AMS font definitions
)
LaTeX Font Info:    Try loading font information for U+msb on input line 3.

(/local/TEX/share/texmf/tex/latex/amsfonts/umsb.fd
File: umsb.fd 2002/01/19 v2.2g AMS font definitions
) [5])
\tf@toc=\write5
\openout5 = `phd-main.toc'.

 (./intro1.tex [1]
[2

]
Chapter 1.
File: figures/lisize.eps Graphic file (type eps)
<figures/lisize.eps> [3]
Underfull \vbox (badness 2189) has occurred while \output is active []

 [4]
File: figures/segre.eps Graphic file (type eps)

<figures/segre.eps>
File: figures/pot_barrier.eps Graphic file (type eps)
 <figures/pot_barrier.eps> [5] [6] [7]
Underfull \vbox (badness 10000) has occurred while \output is active []

 [8]
LaTeX Font Info:    Font shape `OT1/phv/b/it' in size <9> not available
(Font)              Font shape `OT1/phv/b/sl' tried instead on input line 327.

[9]
Missing character: There is no   in font cmr12!
Missing character: There is no   in font cmr12!
Missing character: There is no   in font cmr12!
Missing character: There is no   in font cmr12!
 [10]
Missing character: There is no   in font cmr12!
 [11]
Missing character: There is no   in font cmr12!
 [12] [13]
Missing character: There is no   in font cmr12!
) (./gen_theory.tex [14]
Chapter 2.
Missing character: There is no   in font cmr12!
Missing character: There is no   in font cmr12!
[15

]
Missing character: There is no   in font cmr12!
Missing character: There is no   in font cmr12!
 [16]
Missing character: There is no   in font cmr12!
Missing character: There is no   in font cmr12!
 [17] [18]
File: figures/smat_poles.eps Graphic file (type eps)
 <figures/smat_poles.eps> [19] [20]
Missing character: There is no   in font cmr12!
 [21]
Missing character: There is no   in font cmr12!
Missing character: There is no   in font cmr12!
File: figures/rcontour.eps Graphic file (type eps)

<figures/rcontour.eps>
Missing character: There is no   in font cmr12!
Missing character: There is no   in font cmr12!
 [22]
Missing character: There is no   in font cmr12!
 [23]
Overfull \hbox (3.68448pt too wide) in paragraph at lines 486--486
[]\OT1/cmr/bx/n/17.28 The gen-er-al-ized Berggren com-plete-ness; proof and
 []

Missing character: There is no   in font cmr12!
Missing character: There is no   in font cmr12!
Missing character: There is no   in font cmr12!
[24]
File: figures/int_contour1.eps Graphic file (type eps)
 <figures/int_contour1.eps>
Missing character: There is no   in font cmr12!
 [25]
Missing character: There is no   in font cmr12!
 [26]
Missing character: There is no   in font cmr12!
Missing character: There is no   in font cmr12!
Missing character: There is no   in font cmr12!
File: figures/int_contour2.eps Graphic file (type eps)
 <figures/int_contour2.eps>
Missing character: There is no   in font cmr12!
Missing character: There is no   in font cmr12!
 [27]
[28]
Missing character: There is no   in font cmr12!
Missing character: There is no   in font cmr12!
Missing character: There is no   in font cmr12!
Missing character: There is no   in font cmr12!
File: figures/int_contour3.eps Graphic file (type eps)
 <figures/int_contour3.eps> [29]
Missing character: There is no   in font cmr12!
 [30]
Missing character: There is no   in font cmr12!
Missing character: There is no   in font cmr12!
) (./CDM.tex [31] [32

]
Chapter 3.
Missing character: There is no   in font cmr12!
Missing character: There is no   in font cmr12!
[33]
Missing character: There is no   in font cmr12!
Missing character: There is no   in font cmr12!
Missing character: There is no   in font cmr12!
Missing character: There is no   in font cmr8!
Missing character: There is no   in font cmr12!
Missing character: There is no   in font cmr12!
 [34]
Missing character: There is no   in font cmr12!
Missing character: There is no   in font cmr12!
Missing character: There is no   in font cmr12!
Missing character: There is no   in font cmr12!
Missing character: There is no   in font cmr12!
 [35]
Missing character: There is no   in font cmr12!
Missing character: There is no   in font cmr12!
Missing character: There is no   in font cmr12!
Missing character: There is no   in font cmr12!

Overfull \hbox (40.70642pt too wide) in paragraph at lines 229--229
[]\OT1/cmr/bx/n/17.28 Analytic con-tin-u-a-tion of mo-men-tum space Schr^^?odin
ger
 []

[36] [37]
Missing character: There is no   in font cmr12!
 [38]
Missing character: There is no   in font cmr12!
Missing character: There is no   in font cmr12!
 [39]
LaTeX Font Info:    Try loading font information for OMS+cmr on input line 425.

 (/local/TEX/share/texmf/tex/latex/base/omscmr.fd
File: omscmr.fd 1999/05/25 v2.5h Standard LaTeX font definitions
)
LaTeX Font Info:    Font shape `OMS/cmr/m/n' in size <12> not available
(Font)              Font shape `OMS/cmsy/m/n' tried instead on input line 425.
Missing character: There is no   in font cmr12!
File: figures/fig8.eps Graphic file (type eps)

<figures/fig8.eps>
File: figures/fig9.eps Graphic file (type eps)
 <figures/fig9.eps> [40] [41]
Missing character: There is no   in font cmr12!
Missing character: There is no   in font cmr12!
Missing character: There is no   in font cmr12!
Missing character: There is no   in font cmr12!
Missing character: There is no   in font cmr12!
Missing character: There is no   in font cmr12!
Missing character: There is no   in font cmr12!
Missing character: There is no   in font cmr12!
Missing character: There is no   in font cmr12!
File: figures/deform1.eps Graphic file (type eps)
 <figures/deform1.eps>
Missing character: There is no   in font cmr12!
Missing character: There is no   in font cmr12!
Missing character: There is no   in font cmr12!
 [42]
Missing character: There is no   in font cmr12!
File: figures/multi_poles.eps Graphic file (type eps)

<figures/multi_poles.eps> [43]
Missing character: There is no   in font cmr12!
 [44]
Missing character: There is no   in font cmr12!
Missing character: There is no   in font cmr12!
Missing character: There is no   in font cmr12!
Missing character: There is no   in font cmr12!
 [45]
Missing character: There is no   in font cmr12!
Missing character: There is no   in font cmr12!
Missing character: There is no   in font cmr12!
Missing character: There is no   in font cmr12!
Missing character: There is no   in font cmr12!
File: figures/monopole.eps Graphic file (type eps)
 <figures/monopole.eps> [46]
Missing character: There is no   in font cmr12!
Missing character: There is no   in font cmr12!
Missing character: There is no   in font cmr12!
 [47]
[48]
Missing character: There is no   in font cmr12!
File: figures/0plus.eps Graphic file (type eps)
 <figures/0plus.eps>
Missing character: There is no   in font cmr12!
Missing character: There is no   in font cmr12!
File: figures/0minus.eps Graphic file (type eps)
 <figures/0minus.eps>
Missing character: There is no   in font cmr12!
Missing character: There is no   in font cmr12!
Missing character: There is no   in font cmr12!
File: figures/1minus.eps Graphic file (type eps)
 <figures/1minus.eps>
Missing character: There is no   in font cmr12!
Missing character: There is no   in font cmr12!
Missing character: There is no   in font cmr12!
Missing character: There is no   in font cmr12!
File: figures/deform_minus.eps Graphic file (type eps)

<figures/deform_minus.eps>
Missing character: There is no   in font cmr12!
Missing character: There is no   in font cmr12!

Underfull \vbox (badness 10000) has occurred while \output is active []

 [49]
[50] [51]
Missing character: There is no   in font cmr12!
Missing character: There is no   in font cmr12!
Missing character: There is no   in font cmr12!
Missing character: There is no   in font cmr10!
File: figures/optical.eps Graphic file (type eps)
 <figures/optical.eps>
File: figures/optical2.eps Graphic file (type eps)
 <figures/optical2.eps>
Missing character: There is no   in font cmr12!
Missing character: There is no   in font cmr12!
Missing character: There is no   in font cmr12!
 [52]

Package Fancyhdr Warning: \headheight is too small (12.0pt): 
 Make it at least 20.96901pt.
 We now make it that large for the rest of the document.
 This may cause the page layout to be inconsistent, however.

[53]
File: figures/optical3.eps Graphic file (type eps)
 <figures/optical3.eps> [54]
File: figures/mt_phase_opt.eps Graphic file (type eps)
 <figures/mt_phase_opt.eps>
File: figures/mt_phase_opt2.eps Graphic file (type eps)

<figures/mt_phase_opt2.eps> [55] [56] [57]
Missing character: There is no   in font cmr12!
Missing character: There is no   in font cmr12!
 [58]
Missing character: There is no   in font cmr12!
 [59]
Missing character: There is no   in font cmr12!
Missing character: There is no   in font cmr12!
Missing character: There is no   in font cmr12!
 [60]
Missing character: There is no   in font cmr12!
File: figures/newfig9.eps Graphic file (type eps)

<figures/newfig9.eps>
Missing character: There is no   in font cmr8!
Missing character: There is no   in font cmr8!
Missing character: There is no   in font cmr12!
File: figures/newfig10.eps Graphic file (type eps)
 <figures/newfig10.eps> [61]
Underfull \vbox (badness 10000) has occurred while \output is active []

 [62]
[63]
Missing character: There is no   in font cmr12!
Missing character: There is no   in font cmr12!
 [64] [65]
Missing character: There is no   in font cmr12!
 [66]
Missing character: There is no   in font cmr12!
 [67]
Missing character: There is no   in font cmr12!
Missing character: There is no   in font cmr12!
Missing character: There is no   in font cmr12!
Missing character: There is no   in font cmr12!
Missing character: There is no   in font cmr12!
Missing character: There is no   in font cmr12!
Missing character: There is no   in font cmr12!
Missing character: There is no   in font cmr12!
Missing character: There is no   in font cmr12!
File: figures/medium1.eps Graphic file (type eps)
 <figures/medium1.eps>
Missing character: There is no   in font cmr12!
Missing character: There is no   in font cmr12!
File: figures/1s0pole.eps Graphic file (type eps)
 <figures/1s0pole.eps>
Missing character: There is no   in font cmr12!
Missing character: There is no   in font cmr12!
File: figures/1S0virtual.eps Graphic file (type eps)

<figures/1S0virtual.eps>
File: figures/poles1.eps Graphic file (type eps)
 <figures/poles1.eps>
Missing character: There is no   in font cmr12!
Missing character: There is no   in font cmr12!
Missing character: There is no   in font cmr12!
Missing character: There is no   in font cmr12!
 [68] [69] [70] [71] [72]
Missing character: There is no   in font cmr12!
File: figures/eff.eps Graphic file (type eps)

<figures/eff.eps>
File: figures/eff5.eps Graphic file (type eps)
 <figures/eff5.eps>
File: figures/eff6.eps Graphic file (type eps)
 <figures/eff6.eps>) (./GSM.tex [73]
[74]
Chapter 4.
Missing character: There is no   in font cmr12!
File: figures/sp_orbitals.eps Graphic file (type eps)
<figures/sp_orbitals.eps>
Missing character: There is no   in font cmr12!
 [75

]
Missing character: There is no   in font cmr12!
Missing character: There is no   in font cmr12!
 [76]
Missing character: There is no   in font cmr12!
Missing character: There is no   in font cmr12!
 [77]
Overfull \hbox (21.03853pt too wide) in paragraph at lines 193--193
[]\OT1/cmr/bx/n/17.28 Lanczos it-er-a-tion pro-cess for many-body res-o-nances.
 
 []

Missing character: There is no   in font cmr12!
[78] [79]
Missing character: There is no   in font cmr12!
File: figures/lanczo1_re0plus.eps Graphic file (type eps)
 <figures/lanczo1_re0plus.eps>
File: figures/lanczo1_im0plus.eps Graphic file (type eps)
 <figures/lanczo1_im0plus.eps>
File: figures/lanczo1_re2plus.eps Graphic file (type eps)

<figures/lanczo1_re2plus.eps>
File: figures/lanczo1_im2plus.eps Graphic file (type eps)
 <figures/lanczo1_im2plus.eps> [80] [81] [82]
[83]
Missing character: There is no   in font cmr12!
Missing character: There is no   in font cmr12!
Missing character: There is no   in font cmr12!
 [84]
Missing character: There is no   in font cmr12!
Missing character: There is no   in font cmr12!
Missing character: There is no   in font cmr12!
Missing character: There is no   in font cmr12!
Missing character: There is no   in font cmr12!
 [85]
Missing character: There is no   in font cmr12!
Missing character: There is no   in font cmr12!
Missing character: There is no   in font cmr12!
Missing character: There is no   in font cmr10!
 [86]
Missing character: There is no   in font cmr12!
Missing character: There is no   in font cmr12!
Missing character: There is no   in font cmr12!
 [87] [88]
Missing character: There is no   in font cmr12!
Missing character: There is no   in font cmr12!
Missing character: There is no   in font cmr12!
 [89] [90]
Missing character: There is no   in font cmr12!
Missing character: There is no   in font cmr12!
Missing character: There is no   in font cmr12!
Missing character: There is no   in font cmr12!
Missing character: There is no   in font cmr12!
 [91]
Missing character: There is no   in font cmr12!
Missing character: There is no   in font cmr12!
Missing character: There is no   in font cmr12!
Missing character: There is no   in font cmr12!
 [92]
Missing character: There is no   in font cmr12!
Missing character: There is no   in font cmr12!
Missing character: There is no   in font cmr12!
Missing character: There is no   in font cmr12!
Missing character: There is no   in font cmr12!
Missing character: There is no   in font cmr12!
 [93]
Missing character: There is no   in font cmr12!
Missing character: There is no   in font cmr12!
Missing character: There is no   in font cmr12!
Missing character: There is no   in font cmr12!
 [94]
File: figures/pade_re.eps Graphic file (type eps)

<figures/pade_re.eps>
File: figures/pade_im.eps Graphic file (type eps)
 <figures/pade_im.eps> [95]
Missing character: There is no   in font cmr12!
Missing character: There is no   in font cmr12!
Missing character: There is no   in font cmr12!
Missing character: There is no   in font cmr12!
Missing character: There is no   in font cmr12!
Missing character: There is no   in font cmr12!
 [96]
Missing character: There is no   in font cmr12!
Missing character: There is no   in font cmr12!
Missing character: There is no   in font cmr12!
Missing character: There is no   in font cmr12!
 [97]
Missing character: There is no   in font cmr12!
Missing character: There is no   in font cmr12!
Missing character: There is no   in font cmr12!
 [98]
File: figures/fig10.eps Graphic file (type eps)

<figures/fig10.eps>
Missing character: There is no   in font cmr12!
Missing character: There is no   in font cmr12!
Missing character: There is no   in font cmr12!

Overfull \hbox (12.16449pt too wide) in paragraph at lines 1423--1423
[]\OT1/cmr/bx/n/17.28 Effective in-ter-ac-tion scheme for Gamow shell model
 []

[99] [100]

LaTeX Warning: Citation `bogner' on page 101 undefined on input line 1557.


LaTeX Warning: Citation `fujii' on page 101 undefined on input line 1557.


LaTeX Warning: Citation `fujii2' on page 101 undefined on input line 1557.


LaTeX Warning: Citation `nogga' on page 101 undefined on input line 1557.

Missing character: There is no   in font cmr12!
[101] [102]
Missing character: There is no   in font cmr12!
Missing character: There is no   in font cmr12!
 [103]
Overfull \hbox (0.7873pt too wide) in alignment at lines 1639--1646
 [][][] []
 []

Missing character: There is no   in font cmr12!
File: figures/fig2.eps Graphic file (type eps)
<figures/fig2.eps>
File: figures/vlowk1.eps Graphic file (type eps)
 <figures/vlowk1.eps>

LaTeX Warning: Citation `fujii' on page 104 undefined on input line 1724.


LaTeX Warning: Citation `bogner' on page 104 undefined on input line 1724.

Missing character: There is no   in font cmr12!

LaTeX Warning: Citation `fujii' on page 104 undefined on input line 1730.

Missing character: There is no   in font cmr12!

LaTeX Warning: Citation `fujii' on page 104 undefined on input line 1736.

[104]

LaTeX Warning: Citation `fujii' on page 105 undefined on input line 1755.


LaTeX Warning: Citation `fujii2' on page 105 undefined on input line 1755.


LaTeX Warning: Citation `nogga' on page 105 undefined on input line 1755.

[105] [106]
File: figures/vlowk_re.eps Graphic file (type eps)
 <figures/vlowk_re.eps>
File: figures/vlowk_im.eps Graphic file (type eps)
 <figures/vlowk_im.eps>
Overfull \hbox (51.42886pt too wide) in paragraph at lines 1811--1812
 [] 
 []

File: figures/vlowk_re2.eps Graphic file (type eps)
<figures/vlowk_re2.eps>
File: figures/vlowk_im2.eps Graphic file (type eps)
 <figures/vlowk_im2.eps>
Overfull \hbox (51.44893pt too wide) in paragraph at lines 1832--1833
 [] 
 []

Missing character: There is no   in font cmr12!
Missing character: There is no   in font cmr12!
[107] [108] [109]) (./paper1.tex [110]
Chapter 5.
[111

]) (./paper2.tex [112]
Chapter 6.
Missing character: There is no   in font cmr12!
[113

]) (./summary.tex [114]
Chapter 7.
[115

]) (./phd-main.bbl (./phd-main.brf)
\tf@brf=\write6
\openout6 = `phd-main.brf'.

 [116] [117] [118

] [119] [120] [121]
[122] [123] [124] [125]
Missing character: There is no ö in font cmr12!
) (./appendix.tex [126]
Appendix A.

Overfull \hbox (5.38249pt too wide) in paragraph at lines 2--2
[]\OT1/cmr/bx/n/17.28 Left and right eigen-vec-tors and bi-orthogonal sets. 
 []

Missing character: There is no   in font cmr12!
Missing character: There is no   in font cmr12!
Missing character: There is no   in font cmr12!
[127

]
Missing character: There is no   in font cmr12!
Missing character: There is no   in font cmr12!
 [128] [129] [130]
Missing character: There is no   in font cmr12!
Missing character: There is no   in font cmr12!
) [131] (./phd-main.aux)

LaTeX Warning: There were undefined references.

 ) 
Here is how much of TeX's memory you used:
 1915 strings out of 95847
 22777 string characters out of 1195583
 74107 words of memory out of 1000001
 4734 multiletter control sequences out of 10000+50000
 21816 words of font info for 85 fonts, out of 500000 for 1000
 14 hyphenation exceptions out of 1000
 38i,14n,43p,551b,476s stack positions out of 1500i,500n,5000p,200000b,5000s

Output written on phd-main.dvi (137 pages, 455688 bytes).
