This is pdfTeXk, Version 3.14159-1.10b (Web2C 7.4.5) (format=pdflatex 2004.12.8)  20 JUN 2009 22:38
 %&-line parsing enabled.
**infinitematter
(./infinitematter.tex{/local/share/teTeX/texmf/pdftex/config/pdftex.cfg}
LaTeX2e <2001/06/01>
Babel <v3.7h> and hyphenation patterns for american, polish, loaded.
(/local/share/teTeX/texmf/tex/latex/base/book.cls
Document Class: book 2001/04/21 v1.4e Standard LaTeX document class
(/local/share/teTeX/texmf/tex/latex/base/bk12.clo
File: bk12.clo 2001/04/21 v1.4e Standard LaTeX file (size option)
)
\c@part=\count79
\c@chapter=\count80
\c@section=\count81
\c@subsection=\count82
\c@subsubsection=\count83
\c@paragraph=\count84
\c@subparagraph=\count85
\c@figure=\count86
\c@table=\count87
\abovecaptionskip=\skip41
\belowcaptionskip=\skip42
\bibindent=\dimen102
)
(/local/share/teTeX/texmf/tex/latex/base/inputenc.sty
Package: inputenc 2001/07/10 v0.99a Input encoding file 

(/mn/felt/u1/johannre/latex/utf8.def
File: utf8.def 2002/10/23 UCS: Input encoding UTF-8
)) (/mn/felt/u1/johannre/latex/ucs.sty
Package: ucs 2004/10/17 UCS: Unicode input support

(/mn/felt/u1/johannre/latex/uni-global.def
File: uni-global.def 2004/10/17 UCS: Unicode global data
)
\uc@secondtry=\count88
\uc@combtoks=\toks14
\uc@combtoksb=\toks15
\uc@temptokena=\toks16
)
(/local/share/teTeX/texmf/tex/latex/base/fontenc.sty
Package: fontenc 2001/06/05 v1.94 Standard LaTeX package
)
(/local/share/teTeX/texmf/tex/generic/babel/babel.sty
Package: babel 2001/03/01 v3.7h The Babel package

(/local/share/teTeX/texmf/tex/generic/babel/english.ldf
Language: english 2001/04/15 v3.3l English support from the babel system

(/local/share/teTeX/texmf/tex/generic/babel/babel.def
File: babel.def 2001/03/01 v3.7h Babel common definitions
\babel@savecnt=\count89
\U@D=\dimen103
)
\l@canadian = a dialect from \language\l@english 
))
(/local/share/teTeX/texmf/tex/latex/graphics/graphicx.sty
Package: graphicx 1999/02/16 v1.0f Enhanced LaTeX Graphics (DPC,SPQR)

(/local/share/teTeX/texmf/tex/latex/graphics/keyval.sty
Package: keyval 1999/03/16 v1.13 key=value parser (DPC)
\KV@toks@=\toks17
)
(/local/share/teTeX/texmf/tex/latex/graphics/graphics.sty
Package: graphics 2001/07/07 v1.0n Standard LaTeX Graphics (DPC,SPQR)

(/local/share/teTeX/texmf/tex/latex/graphics/trig.sty
Package: trig 1999/03/16 v1.09 sin cos tan (DPC)
)
(/local/share/teTeX/texmf/tex/latex/config/graphics.cfg
File: graphics.cfg 2001/08/31 v1.1 graphics configuration of teTeX/TeXLive
)
Package graphics Info: Driver file: pdftex.def on input line 80.

(/local/share/teTeX/texmf/tex/latex/graphics/pdftex.def
File: pdftex.def 2002/06/19 v0.03k graphics/color for pdftex
\Gread@gobject=\count90
))
\Gin@req@height=\dimen104
\Gin@req@width=\dimen105
)
(/local/share/teTeX/texmf/tex/latex/misc/subfigure.sty
Package: subfigure 2002/07/30 v2.1.4 subfigure package
\subfigtopskip=\skip43
\subfigcapskip=\skip44
\subfigcaptopadj=\dimen106
\subfigbottomskip=\skip45
\subfigcapmargin=\dimen107
\subfiglabelskip=\skip46
\c@subfigure=\count91
\c@lofdepth=\count92
\c@subtable=\count93
\c@lotdepth=\count94
\subfig@top=\skip47
\subfig@bottom=\skip48
)
(/local/share/teTeX/texmf/tex/latex/graphics/epsfig.sty
Package: epsfig 1999/02/16 v1.7a (e)psfig emulation (SPQR)
\epsfxsize=\dimen108
\epsfysize=\dimen109
)
(/local/share/teTeX/texmf/tex/latex/amsfonts/amssymb.sty
Package: amssymb 2002/01/22 v2.2d

(/local/share/teTeX/texmf/tex/latex/amsfonts/amsfonts.sty
Package: amsfonts 2001/10/25 v2.2f
\@emptytoks=\toks18
\symAMSa=\mathgroup4
\symAMSb=\mathgroup5
LaTeX Font Info:    Overwriting math alphabet `\mathfrak' in version `bold'
(Font)                  U/euf/m/n --> U/euf/b/n on input line 132.
))
(/local/share/teTeX/texmf/tex/latex/misc/psfrag.sty
Package: psfrag 1998/04/11 v3.04 PSfrag (MCG)
\pfg@pcount=\count95
\pfg@scount=\count96
\pfg@temp=\write3
)
(/local/share/teTeX/texmf/tex/latex/amsmath/amsmath.sty
Package: amsmath 2000/07/18 v2.13 AMS math features
\@mathmargin=\skip49

For additional information on amsmath, use the `?' option.
(/local/share/teTeX/texmf/tex/latex/amsmath/amstext.sty
Package: amstext 2000/06/29 v2.01

(/local/share/teTeX/texmf/tex/latex/amsmath/amsgen.sty
File: amsgen.sty 1999/11/30 v2.0
\@emptytoks=\toks19
\ex@=\dimen110
))
(/local/share/teTeX/texmf/tex/latex/amsmath/amsbsy.sty
Package: amsbsy 1999/11/29 v1.2d
\pmbraise@=\dimen111
)
(/local/share/teTeX/texmf/tex/latex/amsmath/amsopn.sty
Package: amsopn 1999/12/14 v2.01 operator names
)
\inf@bad=\count97
LaTeX Info: Redefining \frac on input line 211.
\uproot@=\count98
\leftroot@=\count99
LaTeX Info: Redefining \overline on input line 307.
\classnum@=\count100
\DOTSCASE@=\count101
LaTeX Info: Redefining \ldots on input line 379.
LaTeX Info: Redefining \dots on input line 382.
LaTeX Info: Redefining \cdots on input line 467.
\Mathstrutbox@=\box26
\strutbox@=\box27
\big@size=\dimen112
LaTeX Font Info:    Redeclaring font encoding OML on input line 567.
LaTeX Font Info:    Redeclaring font encoding OMS on input line 568.
\macc@depth=\count102
\c@MaxMatrixCols=\count103
\dotsspace@=\muskip10
\c@parentequation=\count104
\dspbrk@lvl=\count105
\tag@help=\toks20
\row@=\count106
\column@=\count107
\maxfields@=\count108
\andhelp@=\toks21
\eqnshift@=\dimen113
\alignsep@=\dimen114
\tagshift@=\dimen115
\tagwidth@=\dimen116
\totwidth@=\dimen117
\lineht@=\dimen118
\@envbody=\toks22
\multlinegap=\skip50
\multlinetaggap=\skip51
\mathdisplay@stack=\toks23
LaTeX Info: Redefining \[ on input line 2666.
LaTeX Info: Redefining \] on input line 2667.
)
(/mn/felt/u1/johannre/latex/wick.sty
\@bgncnt=\count109
\@endcnt=\count110
\@h@ight=\count111
\TempCount=\count112
\@tempdimc=\dimen119
\@tempdimd=\dimen120
\fixh@ight=\dimen121
\h@ight=\dimen122
\w@dth=\dimen123
)
(/local/share/teTeX/texmf/tex/latex/misc/wrapfig.sty
\wrapoverhang=\dimen124
\WF@size=\dimen125
\c@WF@wrappedlines=\count113
\WF@box=\box28
\WF@everypar=\toks24
Package: wrapfig 2003/01/31  v 3.6
)
(/local/share/teTeX/texmf-local/tex/latex/algorithms/algorithm.sty
Package: algorithm 

Document Style `algorithm' - floating environment
(/local/share/teTeX/texmf/tex/latex/misc/float.sty
Package: float 2001/11/08 v1.3d Float enhancements (AL)
\c@float@type=\count114
\float@exts=\toks25
\float@box=\box29
\@float@everytoks=\toks26
\@floatcapt=\box30
)
(/local/share/teTeX/texmf/tex/latex/base/ifthen.sty
Package: ifthen 2001/05/26 v1.1c Standard LaTeX ifthen package (DPC)
)
\@float@every@algorithm=\toks27
\c@algorithm=\count115
)
(/local/share/teTeX/texmf-local/tex/latex/algorithms/algorithmic.sty
Package: algorithmic 

Document Style `algorithmic' - environment
(/local/share/teTeX/texmf/tex/latex/tools/calc.sty
Package: calc 1998/07/07 v4.1b Infix arithmetic (KKT,FJ)
\calc@Acount=\count116
\calc@Bcount=\count117
\calc@Adimen=\dimen126
\calc@Bdimen=\dimen127
\calc@Askip=\skip52
\calc@Bskip=\skip53
LaTeX Info: Redefining \setlength on input line 59.
LaTeX Info: Redefining \addtolength on input line 60.
\calc@denominator=\count118
)
\c@ALC@line=\count119
\c@ALC@rem=\count120
\c@ALC@depth=\count121
\ALC@tlm=\skip54
)
(/local/share/teTeX/texmf/tex/latex/tools/verbatim.sty
Package: verbatim 2001/03/12 v1.5p LaTeX2e package for verbatim enhancements
\every@verbatim=\toks28
\verbatim@line=\toks29
\verbatim@in@stream=\read1
)
(/local/share/teTeX/texmf/tex/latex/base/bezier.sty)
(/local/share/teTeX/texmf/tex/latex/graphics/color.sty
Package: color 1999/02/16 v1.0i Standard LaTeX Color (DPC)

(/local/share/teTeX/texmf/tex/latex/config/color.cfg
File: color.cfg 2001/08/31 v1.1 color configuration of teTeX/TeXLive
)
Package color Info: Driver file: pdftex.def on input line 125.
)
(/local/share/teTeX/texmf/tex/latex/hyperref/hyperref.sty
Package: hyperref 2003/01/22 v6.73n Hypertext links for LaTeX
\@linkdim=\dimen128
\Hy@linkcounter=\count122
\Hy@pagecounter=\count123

(/local/share/teTeX/texmf/tex/latex/hyperref/pd1enc.def
File: pd1enc.def 2003/01/22 v6.73n Hyperref: PDFDocEncoding definition (HO)
)
(/local/share/teTeX/texmf-local/tex/latex/misc/hyperref.cfg)
Package hyperref Info: Option `colorlinks' set `true' on input line 1744.
Package hyperref Info: Option `bookmarks' set `true' on input line 1744.
Package hyperref Info: Hyper figures OFF on input line 1792.
Package hyperref Info: Link nesting OFF on input line 1797.
Package hyperref Info: Hyper index ON on input line 1800.
Package hyperref Info: Plain pages ON on input line 1805.
Package hyperref Info: Backreferencing OFF on input line 1812.

Implicit mode ON; LaTeX internals redefined
Package hyperref Info: Bookmarks ON on input line 1916.
(/local/share/teTeX/texmf/tex/latex/misc/url.sty
\Urlmuskip=\muskip11
Package: url 1999/03/28  ver 1.5x  Verb mode for urls, etc.
)
LaTeX Info: Redefining \url on input line 2055.
\Fld@menulength=\count124
\Field@Width=\dimen129
\Fld@charsize=\dimen130
\Choice@toks=\toks30
\Field@toks=\toks31
Package hyperref Info: Hyper figures OFF on input line 2513.
Package hyperref Info: Link nesting OFF on input line 2518.
Package hyperref Info: Hyper index ON on input line 2521.
Package hyperref Info: backreferencing OFF on input line 2528.
Package hyperref Info: Link coloring ON on input line 2531.
\c@Item=\count125
\c@Hfootnote=\count126
)
*hyperref using driver hpdftex*
(/local/share/teTeX/texmf/tex/latex/hyperref/hpdftex.def
File: hpdftex.def 2003/01/22 v6.73n Hyperref driver for pdfTeX

(/local/share/teTeX/texmf/tex/latex/psnfss/pifont.sty
Package: pifont 2002/09/08 PSNFSS-v9.0a Pi font support (SPQR) 
LaTeX Font Info:    Try loading font information for U+pzd on input line 62.

(/local/share/teTeX/texmf/tex/latex/psnfss/upzd.fd
File: upzd.fd 2001/06/04 font definitions for U/pzd.
)
LaTeX Font Info:    Try loading font information for U+psy on input line 63.

(/local/share/teTeX/texmf/tex/latex/psnfss/upsy.fd
File: upsy.fd 2001/06/04 font definitions for U/psy.
))
\Fld@listcount=\count127
\@outlinefile=\write4
)
(/local/share/teTeX/texmf/tex/latex/fancyhdr/fancyhdr.sty
\headwidth=\dimen131
)
(./infinitematter.aux (./frontpage.aux) (./notations.aux) (./introduction.aux)
(./chapter2.aux) (./chapter3.aux) (./chapter4.aux) (./chapter5.aux)
(./chapter6.aux) (./chapter7.aux) (./chapter8.aux) (./chapter9.aux)
(./appendixA.aux) (./appendixB.aux) (./appendixC.aux) (./appendixD.aux))
\openout1 = `infinitematter.aux'.

LaTeX Font Info:    Checking defaults for OML/cmm/m/it on input line 110.
LaTeX Font Info:    ... okay on input line 110.
LaTeX Font Info:    Checking defaults for T1/cmr/m/n on input line 110.
LaTeX Font Info:    ... okay on input line 110.
LaTeX Font Info:    Checking defaults for OT1/cmr/m/n on input line 110.
LaTeX Font Info:    ... okay on input line 110.
LaTeX Font Info:    Checking defaults for OMS/cmsy/m/n on input line 110.
LaTeX Font Info:    ... okay on input line 110.
LaTeX Font Info:    Checking defaults for OMX/cmex/m/n on input line 110.
LaTeX Font Info:    ... okay on input line 110.
LaTeX Font Info:    Checking defaults for U/cmr/m/n on input line 110.
LaTeX Font Info:    ... okay on input line 110.
LaTeX Font Info:    Checking defaults for PD1/pdf/m/n on input line 110.
LaTeX Font Info:    ... okay on input line 110.
LaTeX Font Info:    Try loading font information for OT1+ptm on input line 110.


(/local/share/teTeX/texmf/tex/latex/psnfss/ot1ptm.fd
File: ot1ptm.fd 2001/06/04 font definitions for OT1/ptm.
)
(/mn/felt/u1/johannre/latex/ucsencs.def
File: ucsencs.def 2003/11/29 Fixes to fontencodings LGR, T3
)
(/local/share/teTeX/texmf/tex/context/base/supp-pdf.tex
(/local/share/teTeX/texmf/tex/context/base/supp-mis.tex
loading : Context Support Macros / Missing
\protectiondepth=\count128
\scratchcounter=\count129
\scratchtoks=\toks32
\scratchdimen=\dimen132
\scratchskip=\skip55
\scratchmuskip=\muskip12
\scratchbox=\box31
\scratchread=\read2
\scratchwrite=\write5
\zeropoint=\dimen133
\minusone=\count130
\thousandpoint=\dimen134
\emptytoks=\toks33
\nextbox=\box32
\nextdepth=\dimen135
\everyline=\toks34
\!!counta=\count131
\!!countb=\count132
\recursecounter=\count133
)
loading : Context Support Macros / PDF
\nofMPsegments=\count134
\nofMParguments=\count135
\everyMPtoPDFconversion=\toks35
)
Package hyperref Info: Link coloring ON on input line 110.
 (/local/share/teTeX/texmf/tex/latex/hyperref/nameref.sty
Package: nameref 2001/01/27 v2.19 Cross-referencing by name of section
\c@section@level=\count136
)
LaTeX Info: Redefining \ref on input line 110.
LaTeX Info: Redefining \pageref on input line 110.

(./infinitematter.out) (./infinitematter.out)
\openout4 = `infinitematter.out'.

\openout2 = `frontpage.aux'.

 (./frontpage.tex
LaTeX Font Info:    Font shape `OT1/ptm/bx/n' in size <20.74> not available
(Font)              Font shape `OT1/ptm/b/n' tried instead on input line 8.
LaTeX Font Info:    Font shape `OT1/ptm/bx/n' in size <17.28> not available
(Font)              Font shape `OT1/ptm/b/n' tried instead on input line 11.
LaTeX Font Info:    Font shape `OT1/ptm/bx/n' in size <14.4> not available
(Font)              Font shape `OT1/ptm/b/n' tried instead on input line 15.
LaTeX Font Info:    Font shape `OT1/ptm/bx/sl' in size <17.28> not available
(Font)              Font shape `OT1/ptm/b/sl' tried instead on input line 19.

<uiologo.pdf, id=163, 433.62pt x 432.61626pt>
File: uiologo.pdf Graphic file (type pdf)
 <use uiologo.pdf>) [1
Non-PDF special ignored!


{/local/share/teTeX/texmf-local/dvips/config/pdftex.map
Warning: pdflatex (file /local/share/teTeX/texmf-local/dvips/config/pdftex.map)
: invalid entry for `pcrb8rn': SlantFont/ExtendFont can be used only with embed
ded T1 fonts

Warning: pdflatex (file /local/share/teTeX/texmf-local/dvips/config/pdftex.map)
: invalid entry for `ptmb8rc': SlantFont/ExtendFont can be used only with embed
ded T1 fonts

Warning: pdflatex (file /local/share/teTeX/texmf-local/dvips/config/pdftex.map)
: invalid entry for `ptmb8rn': SlantFont/ExtendFont can be used only with embed
ded T1 fonts

Warning: pdflatex (file /local/share/teTeX/texmf-local/dvips/config/pdftex.map)
: invalid entry for `ptmbi8rc': SlantFont/ExtendFont can be used only with embe
dded T1 fonts

Warning: pdflatex (file /local/share/teTeX/texmf-local/dvips/config/pdftex.map)
: invalid entry for `ptmbi8rn': SlantFont/ExtendFont can be used only with embe
dded T1 fonts

Warning: pdflatex (file /local/share/teTeX/texmf-local/dvips/config/pdftex.map)
: invalid entry for `ptmbo8rc': SlantFont/ExtendFont can be used only with embe
dded T1 fonts

Warning: pdflatex (file /local/share/teTeX/texmf-local/dvips/config/pdftex.map)
: invalid entry for `ptmbo8rn': SlantFont/ExtendFont can be used only with embe
dded T1 fonts

Warning: pdflatex (file /local/share/teTeX/texmf-local/dvips/config/pdftex.map)
: invalid entry for `ptmr8rc': SlantFont/ExtendFont can be used only with embed
ded T1 fonts

Warning: pdflatex (file /local/share/teTeX/texmf-local/dvips/config/pdftex.map)
: invalid entry for `ptmri8rc': SlantFont/ExtendFont can be used only with embe
dded T1 fonts

Warning: pdflatex (file /local/share/teTeX/texmf-local/dvips/config/pdftex.map)
: invalid entry for `ptmri8rn': SlantFont/ExtendFont can be used only with embe
dded T1 fonts

Warning: pdflatex (file /local/share/teTeX/texmf-local/dvips/config/pdftex.map)
: invalid entry for `ptmro8rc': SlantFont/ExtendFont can be used only with embe
dded T1 fonts

Warning: pdflatex (file /local/share/teTeX/texmf-local/dvips/config/pdftex.map)
: invalid entry for `ptmro8rn': SlantFont/ExtendFont can be used only with embe
dded T1 fonts
} <./uiologo.pdf>] [2


]
\openout2 = `notations.aux'.

 (./notations.tex
LaTeX Font Info:    Font shape `OT1/ptm/bx/n' in size <24.88> not available
(Font)              Font shape `OT1/ptm/b/n' tried instead on input line 1.
LaTeX Font Info:    Font shape `OT1/ptm/bx/it' in size <12> not available
(Font)              Font shape `OT1/ptm/b/it' tried instead on input line 3.
LaTeX Font Info:    Font shape `OT1/ptm/bx/it' in size <14.4> not available
(Font)              Font shape `OT1/ptm/b/it' tried instead on input line 3.
LaTeX Font Info:    Try loading font information for U+msa on input line 5.

(/local/share/teTeX/texmf/tex/latex/amsfonts/umsa.fd
File: umsa.fd 2002/01/19 v2.2g AMS font definitions
)
LaTeX Font Info:    Try loading font information for U+msb on input line 5.

(/local/share/teTeX/texmf/tex/latex/amsfonts/umsb.fd
File: umsb.fd 2002/01/19 v2.2g AMS font definitions
)

Package amsfonts Warning: Obsolete command \bold; \mathbf should be used instea
d on input line 15.

LaTeX Font Info:    Font shape `OT1/ptm/bx/n' in size <12> not available
(Font)              Font shape `OT1/ptm/b/n' tried instead on input line 33.
[3


])

Package Fancyhdr Warning: \headheight is too small (13.5pt): 
 Make it at least 14.49998pt.
 We now make it that large for the rest of the document.
 This may cause the page layout to be inconsistent, however.

[4] (./infinitematter.toc [5



])
\tf@toc=\write6
\openout6 = `infinitematter.toc'.



Package Fancyhdr Warning: \headheight is too small (13.5pt): 
 Make it at least 14.49998pt.
 We now make it that large for the rest of the document.
 This may cause the page layout to be inconsistent, however.

[6]
\openout2 = `introduction.aux'.

 (./introduction.tex
Chapter 1.

Underfull \hbox (badness 10000) in paragraph at lines 3--21

 []


Underfull \hbox (badness 10000) in paragraph at lines 23--81

 []


Underfull \hbox (badness 10000) in paragraph at lines 23--81

 []


Underfull \hbox (badness 10000) in paragraph at lines 23--81

 []


Underfull \hbox (badness 10000) in paragraph at lines 23--81

 []


Underfull \hbox (badness 10000) in paragraph at lines 23--81

 []

[7



])
Underfull \hbox (badness 10000) in paragraph at lines 83--128

 []


Underfull \hbox (badness 10000) in paragraph at lines 83--128

 []


Underfull \vbox (badness 10000) has occurred while \output is active []



Package Fancyhdr Warning: \headheight is too small (13.5pt): 
 Make it at least 14.49998pt.
 We now make it that large for the rest of the document.
 This may cause the page layout to be inconsistent, however.

[8]

Package Fancyhdr Warning: \headheight is too small (13.5pt): 
 Make it at least 14.49998pt.
 We now make it that large for the rest of the document.
 This may cause the page layout to be inconsistent, however.

[9] [10


]
\openout2 = `chapter2.aux'.

 (./chapter2.tex
Chapter 2.

Underfull \hbox (badness 10000) in paragraph at lines 3--91

 []


Underfull \hbox (badness 10000) in paragraph at lines 3--91

 []


Underfull \hbox (badness 10000) in paragraph at lines 3--91

 []


Underfull \hbox (badness 10000) in paragraph at lines 3--91

 []


Underfull \hbox (badness 10000) in paragraph at lines 3--91

 []

[11


]

Package Fancyhdr Warning: \headheight is too small (13.5pt): 
 Make it at least 14.49998pt.
 We now make it that large for the rest of the document.
 This may cause the page layout to be inconsistent, however.

[12]
Underfull \hbox (badness 10000) in paragraph at lines 93--101

 []


Overfull \hbox (4.8608pt too wide) in paragraph at lines 93--101
/ptmr7t@12.0pt/The last pos-tu-late treats the state's evo-lu-tion with time. A
ll states obey the Schr[]odinger
 []


Package Fancyhdr Warning: \headheight is too small (13.5pt): 
 Make it at least 14.49998pt.
 We now make it that large for the rest of the document.
 This may cause the page layout to be inconsistent, however.

[13])

Package Fancyhdr Warning: \headheight is too small (13.5pt): 
 Make it at least 14.49998pt.
 We now make it that large for the rest of the document.
 This may cause the page layout to be inconsistent, however.

[14]
\openout2 = `chapter3.aux'.

 (./chapter3.tex
Chapter 3.

Underfull \hbox (badness 10000) in paragraph at lines 4--29

 []


Underfull \hbox (badness 10000) in paragraph at lines 4--29

 []


Underfull \hbox (badness 10000) in paragraph at lines 4--29

 []


Underfull \hbox (badness 10000) in paragraph at lines 4--29

 []

[15




]
Underfull \hbox (badness 10000) in paragraph at lines 61--67

 []


Package Fancyhdr Warning: \headheight is too small (13.5pt): 
 Make it at least 14.49998pt.
 We now make it that large for the rest of the document.
 This may cause the page layout to be inconsistent, however.

[16]
Underfull \hbox (badness 10000) in paragraph at lines 116--125

 []


Package Fancyhdr Warning: \headheight is too small (13.5pt): 
 Make it at least 14.49998pt.
 We now make it that large for the rest of the document.
 This may cause the page layout to be inconsistent, however.

[17]
Underfull \hbox (badness 10000) in paragraph at lines 160--170

 []


Underfull \hbox (badness 10000) in paragraph at lines 160--170

 []


Underfull \hbox (badness 10000) in paragraph at lines 190--214

 []


Package Fancyhdr Warning: \headheight is too small (13.5pt): 
 Make it at least 14.49998pt.
 We now make it that large for the rest of the document.
 This may cause the page layout to be inconsistent, however.

[18]

Package Fancyhdr Warning: \headheight is too small (13.5pt): 
 Make it at least 14.49998pt.
 We now make it that large for the rest of the document.
 This may cause the page layout to be inconsistent, however.

[19])

Package Fancyhdr Warning: \headheight is too small (13.5pt): 
 Make it at least 14.49998pt.
 We now make it that large for the rest of the document.
 This may cause the page layout to be inconsistent, however.

[20]
\openout2 = `chapter4.aux'.

 (./chapter4.tex
Chapter 4.

Underfull \hbox (badness 10000) in paragraph at lines 4--12

 []

[21




]
Overfull \hbox (29.19879pt too wide) detected at line 58
/cmsy10@12.0pt/j/cmr12/^^I/cmsy10@12.0pt/i /cmr12/= [] /cmmi12/^^K[]/cmsy10@12.
0pt/j/cmr12/^^H[]/cmsy10@12.0pt/i /cmr12/+ [] [] = [] /cmmi12/^^K[]/cmsy10@12.0
pt/j/cmr12/^^H[]/cmsy10@12.0pt/i /cmr12/+ []/cmsy10@12.0pt/j/cmr12/^^I/cmsy10@1
2.0pt/i /cmr12/= /cmmi12/P/cmsy10@12.0pt/j/cmr12/^^I/cmsy10@12.0pt/i /cmr12/+ [
]/cmsy10@12.0pt/j/cmr12/^^I/cmsy10@12.0pt/i/cmmi12/:
 []


Package Fancyhdr Warning: \headheight is too small (13.5pt): 
 Make it at least 14.49998pt.
 We now make it that large for the rest of the document.
 This may cause the page layout to be inconsistent, however.

[22]
Underfull \hbox (badness 10000) in paragraph at lines 137--143

 []


Package Fancyhdr Warning: \headheight is too small (13.5pt): 
 Make it at least 14.49998pt.
 We now make it that large for the rest of the document.
 This may cause the page layout to be inconsistent, however.

[23]
Underfull \hbox (badness 10000) in paragraph at lines 147--155

 []


Underfull \hbox (badness 10000) in paragraph at lines 162--175

 []


Package Fancyhdr Warning: \headheight is too small (13.5pt): 
 Make it at least 14.49998pt.
 We now make it that large for the rest of the document.
 This may cause the page layout to be inconsistent, however.

[24]
Underfull \hbox (badness 10000) in paragraph at lines 210--214

 []


Package Fancyhdr Warning: \headheight is too small (13.5pt): 
 Make it at least 14.49998pt.
 We now make it that large for the rest of the document.
 This may cause the page layout to be inconsistent, however.

[25] <hullpartlinje.pdf, id=457, 337.26pt x 171.64125pt>
File: hullpartlinje.pdf Graphic file (type pdf)

<use hullpartlinje.pdf>
Underfull \hbox (badness 10000) in paragraph at lines 284--300

 []


Underfull \hbox (badness 10000) in paragraph at lines 284--300

 []


Package Fancyhdr Warning: \headheight is too small (13.5pt): 
 Make it at least 14.49998pt.
 We now make it that large for the rest of the document.
 This may cause the page layout to be inconsistent, however.

[26]
Overfull \hbox (30.57271pt too wide) in paragraph at lines 343--343
[] 
 []


Underfull \hbox (badness 10000) in paragraph at lines 343--354

 []


Package Fancyhdr Warning: \headheight is too small (13.5pt): 
 Make it at least 14.49998pt.
 We now make it that large for the rest of the document.
 This may cause the page layout to be inconsistent, however.

[27 <./hullpartlinje.pdf>]
<forsteordendiagram.pdf, id=511, 582.175pt x 116.435pt>
File: forsteordendiagram.pdf Graphic file (type pdf)

<use forsteordendiagram.pdf> <perturbdiag.pdf, id=512, 466.74374pt x 60.225pt>
File: perturbdiag.pdf Graphic file (type pdf)

<use perturbdiag.pdf>
Underfull \hbox (badness 10000) in paragraph at lines 375--389

 []


Underfull \hbox (badness 10000) in paragraph at lines 391--403

 []


Package Fancyhdr Warning: \headheight is too small (13.5pt): 
 Make it at least 14.49998pt.
 We now make it that large for the rest of the document.
 This may cause the page layout to be inconsistent, however.

[28 <./forsteordendiagram.pdf> <./perturbdiag.pdf>])

Package Fancyhdr Warning: \headheight is too small (13.5pt): 
 Make it at least 14.49998pt.
 We now make it that large for the rest of the document.
 This may cause the page layout to be inconsistent, however.

[29] [30


]
\openout2 = `chapter5.aux'.

 (./chapter5.tex
Chapter 5.
[31


]
Underfull \hbox (badness 10000) in paragraph at lines 81--104

 []


Underfull \hbox (badness 10000) in paragraph at lines 81--104

 []


Package Fancyhdr Warning: \headheight is too small (13.5pt): 
 Make it at least 14.49998pt.
 We now make it that large for the rest of the document.
 This may cause the page layout to be inconsistent, however.

[32]
Underfull \hbox (badness 10000) in paragraph at lines 118--149

 []


Underfull \hbox (badness 10000) in paragraph at lines 118--149

 []


Package Fancyhdr Warning: \headheight is too small (13.5pt): 
 Make it at least 14.49998pt.
 We now make it that large for the rest of the document.
 This may cause the page layout to be inconsistent, however.

[33]
Underfull \hbox (badness 10000) in paragraph at lines 178--186

 []


Package Fancyhdr Warning: \headheight is too small (13.5pt): 
 Make it at least 14.49998pt.
 We now make it that large for the rest of the document.
 This may cause the page layout to be inconsistent, however.

[34]
Underfull \hbox (badness 10000) in paragraph at lines 203--216

 []


Overfull \hbox (9.04982pt too wide) in paragraph at lines 203--216
/ptmr7t@12.0pt/sym-me-try break-ing then the dif-fer-ent nucleon-nucleon in-ter
-ac-tion chan-nels, the proton-
 []


Underfull \hbox (badness 10000) in paragraph at lines 203--216

 []


Underfull \hbox (badness 10000) in paragraph at lines 224--240

 []


Package Fancyhdr Warning: \headheight is too small (13.5pt): 
 Make it at least 14.49998pt.
 We now make it that large for the rest of the document.
 This may cause the page layout to be inconsistent, however.

[35]
Underfull \hbox (badness 10000) in paragraph at lines 245--251

 []


Package Fancyhdr Warning: \headheight is too small (13.5pt): 
 Make it at least 14.49998pt.
 We now make it that large for the rest of the document.
 This may cause the page layout to be inconsistent, however.

[36]
Underfull \hbox (badness 10000) in paragraph at lines 282--296

 []


Underfull \hbox (badness 10000) in paragraph at lines 282--296

 []


Package Fancyhdr Warning: \headheight is too small (13.5pt): 
 Make it at least 14.49998pt.
 We now make it that large for the rest of the document.
 This may cause the page layout to be inconsistent, however.

[37])

Package Fancyhdr Warning: \headheight is too small (13.5pt): 
 Make it at least 14.49998pt.
 We now make it that large for the rest of the document.
 This may cause the page layout to be inconsistent, however.

[38]
\openout2 = `chapter6.aux'.

 (./chapter6.tex
Chapter 6.
<nucleon-nucleon_pot.pdf, id=622, 314.17375pt x 343.2825pt>
File: nucleon-nucleon_pot.pdf Graphic file (type pdf)

<use nucleon-nucleon_pot.pdf>
Underfull \hbox (badness 10000) in paragraph at lines 38--72

 []


Underfull \hbox (badness 10000) in paragraph at lines 38--72

 []

[39




 <./nucleon-nucleon_pot.pdf>]

Package Fancyhdr Warning: \headheight is too small (13.5pt): 
 Make it at least 14.49998pt.
 We now make it that large for the rest of the document.
 This may cause the page layout to be inconsistent, however.

[40]

Package Fancyhdr Warning: \headheight is too small (13.5pt): 
 Make it at least 14.49998pt.
 We now make it that large for the rest of the document.
 This may cause the page layout to be inconsistent, however.

[41]

Package Fancyhdr Warning: \headheight is too small (13.5pt): 
 Make it at least 14.49998pt.
 We now make it that large for the rest of the document.
 This may cause the page layout to be inconsistent, however.

[42]

Package Fancyhdr Warning: \headheight is too small (13.5pt): 
 Make it at least 14.49998pt.
 We now make it that large for the rest of the document.
 This may cause the page layout to be inconsistent, however.

[43]
Underfull \hbox (badness 10000) in paragraph at lines 299--315

 []


Underfull \hbox (badness 10000) in paragraph at lines 318--332

 []


Underfull \hbox (badness 10000) in paragraph at lines 318--332

 []


Package Fancyhdr Warning: \headheight is too small (13.5pt): 
 Make it at least 14.49998pt.
 We now make it that large for the rest of the document.
 This may cause the page layout to be inconsistent, however.

[44]
Underfull \hbox (badness 10000) in paragraph at lines 361--366

 []

<rup1.pdf, id=676, 614.295pt x 794.97pt>
File: rup1.pdf Graphic file (type pdf)
 <use rup1.pdf>
Underfull \hbox (badness 10000) in paragraph at lines 394--398

 []


Package Fancyhdr Warning: \headheight is too small (13.5pt): 
 Make it at least 14.49998pt.
 We now make it that large for the rest of the document.
 This may cause the page layout to be inconsistent, however.

[45]

Package Fancyhdr Warning: \headheight is too small (13.5pt): 
 Make it at least 14.49998pt.
 We now make it that large for the rest of the document.
 This may cause the page layout to be inconsistent, however.

[46 <./rup1.pdf>]
Underfull \hbox (badness 10000) in paragraph at lines 435--443

 []


Overfull \hbox (4.98274pt too wide) in paragraph at lines 462--466
/ptmr7t@12.0pt/With the above La-grangians and the Feyn-man di-a-gram rules, se
e for ex-am-ple Refs.[[],
 []


Package Fancyhdr Warning: \headheight is too small (13.5pt): 
 Make it at least 14.49998pt.
 We now make it that large for the rest of the document.
 This may cause the page layout to be inconsistent, however.

[47]
Underfull \hbox (badness 10000) in paragraph at lines 548--556

 []


Package Fancyhdr Warning: \headheight is too small (13.5pt): 
 Make it at least 14.49998pt.
 We now make it that large for the rest of the document.
 This may cause the page layout to be inconsistent, however.

[48]
Overfull \hbox (17.54631pt too wide) in paragraph at lines 574--574
[] 
 []


Underfull \hbox (badness 10000) in paragraph at lines 586--594

 []


Package hyperref Warning: Token not allowed in a PDFDocEncoded string,
(hyperref)                removing `math shift' on input line 603.


Package hyperref Warning: Token not allowed in a PDFDocEncoded string,
(hyperref)                removing `subscript' on input line 603.


Package hyperref Warning: Token not allowed in a PDFDocEncoded string,
(hyperref)                removing `math shift' on input line 603.


Underfull \hbox (badness 10000) in paragraph at lines 605--624

 []


Underfull \hbox (badness 10000) in paragraph at lines 605--624

 []


Underfull \hbox (badness 10000) in paragraph at lines 605--624

 []


Package Fancyhdr Warning: \headheight is too small (13.5pt): 
 Make it at least 14.49998pt.
 We now make it that large for the rest of the document.
 This may cause the page layout to be inconsistent, however.

[49]

Package Fancyhdr Warning: \headheight is too small (13.5pt): 
 Make it at least 14.49998pt.
 We now make it that large for the rest of the document.
 This may cause the page layout to be inconsistent, however.

[50]
Underfull \hbox (badness 10000) in paragraph at lines 684--690

 []


Package Fancyhdr Warning: \headheight is too small (13.5pt): 
 Make it at least 14.49998pt.
 We now make it that large for the rest of the document.
 This may cause the page layout to be inconsistent, however.

[51])

Package Fancyhdr Warning: \headheight is too small (13.5pt): 
 Make it at least 14.49998pt.
 We now make it that large for the rest of the document.
 This may cause the page layout to be inconsistent, however.

[52]

Package Fancyhdr Warning: \headheight is too small (13.5pt): 
 Make it at least 14.49998pt.
 We now make it that large for the rest of the document.
 This may cause the page layout to be inconsistent, however.

[53] [54


]
\openout2 = `chapter7.aux'.

 (./chapter7.tex
Chapter 7.

Overfull \hbox (5.46094pt too wide) in paragraph at lines 18--24
/ptmr7t@12.0pt/A con-ve-nient short-hand no-ta-tion for the Slater de-ter-mi-na
nt con-sists of a Dirac-notation
 []

[55


]
Overfull \hbox (2.23637pt too wide) detected at line 73
/cmmi12/E /cmr12/= /cmsy10@12.0pt/h/cmr12/^^H[]/cmsy10@12.0pt/j/cmmi12/H /cmr12
/+ [/cmmi12/H; T[]/cmr12/] + [/cmmi12/H; T[]/cmr12/] + [][[/cmmi12/H; T[]/cmr12
/]/cmmi12/; T[]/cmr12/] + [][[/cmmi12/H; T[]/cmr12/]/cmmi12/; T[]/cmr12/] + [[/
cmmi12/H; T[]/cmr12/]/cmmi12/; T[]/cmr12/] + [] /cmsy10@12.0pt/j/cmr12/^^H[]/cm
sy10@12.0pt/i/cmmi12/:
 []


Underfull \hbox (badness 10000) in paragraph at lines 73--79

 []


Package Fancyhdr Warning: \headheight is too small (13.5pt): 
 Make it at least 14.49998pt.
 We now make it that large for the rest of the document.
 This may cause the page layout to be inconsistent, however.

[56]
Underfull \hbox (badness 10000) in paragraph at lines 121--133

 []


Package Fancyhdr Warning: \headheight is too small (13.5pt): 
 Make it at least 14.49998pt.
 We now make it that large for the rest of the document.
 This may cause the page layout to be inconsistent, however.

[57]
Overfull \hbox (14.19972pt too wide) in paragraph at lines 187--187
[] 
 []


Underfull \vbox (badness 5417) has occurred while \output is active []



Package Fancyhdr Warning: \headheight is too small (13.5pt): 
 Make it at least 14.49998pt.
 We now make it that large for the rest of the document.
 This may cause the page layout to be inconsistent, however.

[58]
Underfull \hbox (badness 10000) in paragraph at lines 200--208

 []


Package Fancyhdr Warning: \headheight is too small (13.5pt): 
 Make it at least 14.49998pt.
 We now make it that large for the rest of the document.
 This may cause the page layout to be inconsistent, however.

[59]

Package Fancyhdr Warning: \headheight is too small (13.5pt): 
 Make it at least 14.49998pt.
 We now make it that large for the rest of the document.
 This may cause the page layout to be inconsistent, however.

[60]
Overfull \hbox (44.99359pt too wide) in paragraph at lines 316--316
[] 
 []


Package Fancyhdr Warning: \headheight is too small (13.5pt): 
 Make it at least 14.49998pt.
 We now make it that large for the rest of the document.
 This may cause the page layout to be inconsistent, however.

[61]

Package Fancyhdr Warning: \headheight is too small (13.5pt): 
 Make it at least 14.49998pt.
 We now make it that large for the rest of the document.
 This may cause the page layout to be inconsistent, however.

[62] <holepart.pdf, id=917, 78.2925pt x 98.3675pt>
File: holepart.pdf Graphic file (type pdf)
 <use holepart.pdf>
<interaction.pdf, id=918, 241.90375pt x 11.04124pt>
File: interaction.pdf Graphic file (type pdf)
 <use interaction.pdf>
<cluster.pdf, id=919, 225.84375pt x 11.04124pt>
File: cluster.pdf Graphic file (type pdf)
 <use cluster.pdf>
<hartreefockop.pdf, id=920, 336.25626pt x 26.0975pt>
File: hartreefockop.pdf Graphic file (type pdf)
 <use hartreefockop.pdf>
<clusterdi.pdf, id=921, 302.12875pt x 186.6975pt>
File: clusterdi.pdf Graphic file (type pdf)
 <use clusterdi.pdf>

Package Fancyhdr Warning: \headheight is too small (13.5pt): 
 Make it at least 14.49998pt.
 We now make it that large for the rest of the document.
 This may cause the page layout to be inconsistent, however.

[63 <./holepart.pdf> <./interaction.pdf> <./cluster.pdf>]
<loops.pdf, id=950, 227.85126pt x 75.28125pt>
File: loops.pdf Graphic file (type pdf)
 <use loops.pdf>

Package Fancyhdr Warning: \headheight is too small (13.5pt): 
 Make it at least 14.49998pt.
 We now make it that large for the rest of the document.
 This may cause the page layout to be inconsistent, however.

[64 <./hartreefockop.pdf> <./clusterdi.pdf> <./loops.pdf>]
Underfull \hbox (badness 10000) in paragraph at lines 449--455

 []

<firstenedi.pdf, id=999, 163.61125pt x 109.40875pt>
File: firstenedi.pdf Graphic file (type pdf)
 <use firstenedi.pdf>
<secenedi.pdf, id=1000, 255.95625pt x 98.3675pt>
File: secenedi.pdf Graphic file (type pdf)
 <use secenedi.pdf>
<thirdenedi.pdf, id=1001, 300.12125pt x 99.37125pt>
File: thirdenedi.pdf Graphic file (type pdf)
 <use thirdenedi.pdf>
<firstampl.pdf, id=1002, 131.49126pt x 89.33376pt>
File: firstampl.pdf Graphic file (type pdf)
 <use firstampl.pdf>
<t1_eqn_diag.pdf, id=1003, 602.25pt x 669.50125pt>
File: t1_eqn_diag.pdf Graphic file (type pdf)
 <use t1_eqn_diag.pdf>
<t2_eqn_diag.pdf, id=1004, 691.58376pt x 444.66125pt>
File: t2_eqn_diag.pdf Graphic file (type pdf)
 <use t2_eqn_diag.pdf>
<t2_eqn_diag2.pdf, id=1005, 787.94376pt x 606.265pt>
File: t2_eqn_diag2.pdf Graphic file (type pdf)
 <use t2_eqn_diag2.pdf>
<energy.pdf, id=1006, 571.13374pt x 109.40875pt>
File: energy.pdf Graphic file (type pdf)
 <use energy.pdf>
Underfull \hbox (badness 10000) in paragraph at lines 502--583

 []


Underfull \hbox (badness 10000) in paragraph at lines 502--583

 []


Package Fancyhdr Warning: \headheight is too small (13.5pt): 
 Make it at least 14.49998pt.
 We now make it that large for the rest of the document.
 This may cause the page layout to be inconsistent, however.

[65 <./firstenedi.pdf>]

Package Fancyhdr Warning: \headheight is too small (13.5pt): 
 Make it at least 14.49998pt.
 We now make it that large for the rest of the document.
 This may cause the page layout to be inconsistent, however.

[66 <./secenedi.pdf> <./thirdenedi.pdf>]

Package Fancyhdr Warning: \headheight is too small (13.5pt): 
 Make it at least 14.49998pt.
 We now make it that large for the rest of the document.
 This may cause the page layout to be inconsistent, however.

[67 <./firstampl.pdf> <./t1_eqn_diag.pdf> <./t2_eqn_diag.pdf>]

Package Fancyhdr Warning: \headheight is too small (13.5pt): 
 Make it at least 14.49998pt.
 We now make it that large for the rest of the document.
 This may cause the page layout to be inconsistent, however.

[68 <./t2_eqn_diag2.pdf> <./energy.pdf>]
Underfull \hbox (badness 10000) in paragraph at lines 602--605

 []


Package Fancyhdr Warning: \headheight is too small (13.5pt): 
 Make it at least 14.49998pt.
 We now make it that large for the rest of the document.
 This may cause the page layout to be inconsistent, however.

[69]
Underfull \hbox (badness 10000) in paragraph at lines 676--688

 []


Underfull \hbox (badness 10000) in paragraph at lines 676--688

 []


Underfull \hbox (badness 10000) in paragraph at lines 696--708

 []


Package Fancyhdr Warning: \headheight is too small (13.5pt): 
 Make it at least 14.49998pt.
 We now make it that large for the rest of the document.
 This may cause the page layout to be inconsistent, however.

[70]
Underfull \hbox (badness 10000) in paragraph at lines 716--727

 []


Package Fancyhdr Warning: \headheight is too small (13.5pt): 
 Make it at least 14.49998pt.
 We now make it that large for the rest of the document.
 This may cause the page layout to be inconsistent, however.

[71])

Package Fancyhdr Warning: \headheight is too small (13.5pt): 
 Make it at least 14.49998pt.
 We now make it that large for the rest of the document.
 This may cause the page layout to be inconsistent, however.

[72]
\openout2 = `chapter8.aux'.

 (./chapter8.tex
Chapter 8.

Underfull \vbox (badness 10000) has occurred while \output is active []

 [73




]
Overfull \hbox (20.29729pt too wide) detected at line 43
/cmsy10@12.0pt/h/cmmi12/^^K[]j[]^^K[]j[]JM/cmsy10@12.0pt/j/cmmi12/T/cmsy10@12.0
pt/j/cmmi12/^^L[]j[]^^L[]j[]JM/cmsy10@12.0pt/i /cmr12/= [][][] [] /cmsy10@12.0p
t/h/cmmi12/^^K[]j[]/cmsy10@12.0pt/j/cmmi12/T[]/cmsy10@12.0pt/j/cmmi12/^^L[]j[]/
cmsy10@12.0pt/ih/cmmi12/^^K[]j[]/cmsy10@12.0pt/j/cmmi12/T/cmr12/(2)/cmsy10@12.0
pt/j/cmmi12/^^L[]j[]/cmsy10@12.0pt/i/cmmi12/;
 []


Overfull \hbox (9.07338pt too wide) in paragraph at lines 70--73
/ptmr7t@12.0pt/We need a method to trans-form the in-ter-ac-tions in rel-a-tive
 and center-of-mass-momenta
 []


Package Fancyhdr Warning: \headheight is too small (13.5pt): 
 Make it at least 14.49998pt.
 We now make it that large for the rest of the document.
 This may cause the page layout to be inconsistent, however.

[74]

Package Fancyhdr Warning: \headheight is too small (13.5pt): 
 Make it at least 14.49998pt.
 We now make it that large for the rest of the document.
 This may cause the page layout to be inconsistent, however.

[75]

Package Fancyhdr Warning: \headheight is too small (13.5pt): 
 Make it at least 14.49998pt.
 We now make it that large for the rest of the document.
 This may cause the page layout to be inconsistent, however.

[76])

Package Fancyhdr Warning: \headheight is too small (13.5pt): 
 Make it at least 14.49998pt.
 We now make it that large for the rest of the document.
 This may cause the page layout to be inconsistent, however.

[77]

Package Fancyhdr Warning: \headheight is too small (13.5pt): 
 Make it at least 14.49998pt.
 We now make it that large for the rest of the document.
 This may cause the page layout to be inconsistent, however.

[78]
\openout2 = `chapter9.aux'.

 (./chapter9.tex
Chapter 9.

Underfull \hbox (badness 10000) in paragraph at lines 3--21

 []


Overfull \hbox (32.5258pt too wide) in paragraph at lines 36--36
[] 
 []


Underfull \hbox (badness 10000) in paragraph at lines 40--55

 []


Underfull \hbox (badness 10000) in paragraph at lines 40--55

 []


Underfull \hbox (badness 10000) in paragraph at lines 40--55

 []

[79




]
Underfull \hbox (badness 10000) in paragraph at lines 57--95

 []


Underfull \hbox (badness 10000) in paragraph at lines 57--95

 []


Package Fancyhdr Warning: \headheight is too small (13.5pt): 
 Make it at least 14.49998pt.
 We now make it that large for the rest of the document.
 This may cause the page layout to be inconsistent, however.

[80]

Package Fancyhdr Warning: \headheight is too small (13.5pt): 
 Make it at least 14.49998pt.
 We now make it that large for the rest of the document.
 This may cause the page layout to be inconsistent, however.

[81]
Overfull \hbox (0.8586pt too wide) in paragraph at lines 154--192
 [][] 
 []

(./symmetric_hfl4_2_1.tex
<symmetric_hfl4_2_1.pdf, id=1213, 361.35pt x 252.945pt>
File: symmetric_hfl4_2_1.pdf Graphic file (type pdf)

<use symmetric_hfl4_2_1.pdf>) (./symmetric_hfl6_2_2.tex
<symmetric_hfl6_2_2.pdf, id=1214, 361.35pt x 252.945pt>
File: symmetric_hfl6_2_2.pdf Graphic file (type pdf)

<use symmetric_hfl6_2_2.pdf>) (./nuclearmatterl_4_2_1.tex
<nuclearmatterl_4_2_1.pdf, id=1215, 361.35pt x 252.945pt>
File: nuclearmatterl_4_2_1.pdf Graphic file (type pdf)

<use nuclearmatterl_4_2_1.pdf>) (./firstpureneutron_l4.tex
<firstpureneutron_l4.pdf, id=1216, 361.35pt x 252.945pt>
File: firstpureneutron_l4.pdf Graphic file (type pdf)

<use firstpureneutron_l4.pdf>) (./firstpureneutron_l6.tex
<firstpureneutron_l6.pdf, id=1217, 361.35pt x 252.945pt>
File: firstpureneutron_l6.pdf Graphic file (type pdf)

<use firstpureneutron_l6.pdf>) (./neutronmatterl_4.tex
<neutronmatterl_4.pdf, id=1218, 361.35pt x 252.945pt>
File: neutronmatterl_4.pdf Graphic file (type pdf)

<use neutronmatterl_4.pdf>)
Underfull \hbox (badness 10000) in paragraph at lines 110--232

 []


Underfull \hbox (badness 10000) in paragraph at lines 110--232

 []


Underfull \hbox (badness 10000) in paragraph at lines 110--232

 []


Underfull \hbox (badness 10000) in paragraph at lines 110--232

 []


Underfull \hbox (badness 10000) in paragraph at lines 110--232

 []


Package Fancyhdr Warning: \headheight is too small (13.5pt): 
 Make it at least 14.49998pt.
 We now make it that large for the rest of the document.
 This may cause the page layout to be inconsistent, however.

[82

])
Underfull \hbox (badness 10000) in paragraph at lines 237--146

 []


Underfull \hbox (badness 10000) in paragraph at lines 237--146

 []


Underfull \vbox (badness 2221) has occurred while \output is active []



Package Fancyhdr Warning: \headheight is too small (13.5pt): 
 Make it at least 14.49998pt.
 We now make it that large for the rest of the document.
 This may cause the page layout to be inconsistent, however.

[83]

Package Fancyhdr Warning: \headheight is too small (13.5pt): 
 Make it at least 14.49998pt.
 We now make it that large for the rest of the document.
 This may cause the page layout to be inconsistent, however.

[84 <./symmetric_hfl4_2_1.pdf>]

Package Fancyhdr Warning: \headheight is too small (13.5pt): 
 Make it at least 14.49998pt.
 We now make it that large for the rest of the document.
 This may cause the page layout to be inconsistent, however.

[85 <./symmetric_hfl6_2_2.pdf>]

Package Fancyhdr Warning: \headheight is too small (13.5pt): 
 Make it at least 14.49998pt.
 We now make it that large for the rest of the document.
 This may cause the page layout to be inconsistent, however.

[86 <./nuclearmatterl_4_2_1.pdf>]

Package Fancyhdr Warning: \headheight is too small (13.5pt): 
 Make it at least 14.49998pt.
 We now make it that large for the rest of the document.
 This may cause the page layout to be inconsistent, however.

[87 <./firstpureneutron_l4.pdf>]

Package Fancyhdr Warning: \headheight is too small (13.5pt): 
 Make it at least 14.49998pt.
 We now make it that large for the rest of the document.
 This may cause the page layout to be inconsistent, however.

[88 <./firstpureneutron_l6.pdf>]

Package Fancyhdr Warning: \headheight is too small (13.5pt): 
 Make it at least 14.49998pt.
 We now make it that large for the rest of the document.
 This may cause the page layout to be inconsistent, however.

[89 <./neutronmatterl_4.pdf>] [90


]
\openout2 = `appendixA.aux'.

 (./appendixA.tex
Appendix A.
) [91




] [92


]
\openout2 = `appendixB.aux'.

 (./appendixB.tex
Appendix B.

Underfull \hbox (badness 10000) in paragraph at lines 3--19

 []

[93


]
Underfull \hbox (badness 10000) in paragraph at lines 41--44

 []


Package Fancyhdr Warning: \headheight is too small (13.5pt): 
 Make it at least 14.49998pt.
 We now make it that large for the rest of the document.
 This may cause the page layout to be inconsistent, however.

[94]
Underfull \hbox (badness 10000) in paragraph at lines 88--92

 []

)

Package Fancyhdr Warning: \headheight is too small (13.5pt): 
 Make it at least 14.49998pt.
 We now make it that large for the rest of the document.
 This may cause the page layout to be inconsistent, however.

[95] [96


]
\openout2 = `appendixC.aux'.

 (./appendixC.tex
Appendix C.

Package hyperref Warning: Token not allowed in a PDFDocEncoded string,
(hyperref)                removing `math shift' on input line 1.


Package hyperref Warning: Token not allowed in a PDFDocEncoded string,
(hyperref)                removing `math shift' on input line 1.


Underfull \hbox (badness 10000) in paragraph at lines 4--11

 []


Overfull \hbox (10.39342pt too wide) in paragraph at lines 4--11
/ptmr7t@12.0pt/We want to cal-cu-late the nu-clear mat-ter ground state en-ergy
 by us-ing the non-relativistic
 []


Underfull \hbox (badness 10000) in paragraph at lines 23--39

 []

[97


]
Underfull \hbox (badness 10000) in paragraph at lines 48--54

 []

)

Package Fancyhdr Warning: \headheight is too small (13.5pt): 
 Make it at least 14.49998pt.
 We now make it that large for the rest of the document.
 This may cause the page layout to be inconsistent, however.

[98]
\openout2 = `appendixD.aux'.

 (./appendixD.tex
Appendix D.

Package amsmath Warning: Foreign command \over;
(amsmath)                \frac or \genfrac should be used instead
(amsmath)                 on input line 8.


Underfull \hbox (badness 10000) in paragraph at lines 17--37

 []

[99




])

Package Fancyhdr Warning: \headheight is too small (13.5pt): 
 Make it at least 14.49998pt.
 We now make it that large for the rest of the document.
 This may cause the page layout to be inconsistent, however.

[100] (./infinitematter.bbl [101



]
Underfull \hbox (badness 7740) in paragraph at lines 95--99
[]/ptmr7t@12.0pt/S. Scherer and M. R. Schindler,  A chi-ral per-tur-ba-tion the
-ory
 []


Package Fancyhdr Warning: \headheight is too small (13.5pt): 
 Make it at least 14.49998pt.
 We now make it that large for the rest of the document.
 This may cause the page layout to be inconsistent, however.

[102]
Underfull \hbox (badness 10000) in paragraph at lines 186--191
/cmtt12/studier / emner / matnat / fys / FYS3150 / h07 / undervisningsmateriale
 /
 []

)

Package Fancyhdr Warning: \headheight is too small (13.5pt): 
 Make it at least 14.49998pt.
 We now make it that large for the rest of the document.
 This may cause the page layout to be inconsistent, however.

[103] (./infinitematter.aux (./frontpage.aux) (./notations.aux)
(./introduction.aux) (./chapter2.aux) (./chapter3.aux) (./chapter4.aux)
(./chapter5.aux) (./chapter6.aux) (./chapter7.aux) (./chapter8.aux)
(./chapter9.aux) (./appendixA.aux) (./appendixB.aux) (./appendixC.aux)
(./appendixD.aux)) ) 
Here is how much of TeX's memory you used:
 5951 strings out of 95440
 76208 string characters out of 1190068
 159596 words of memory out of 1000001
 8237 multiletter control sequences out of 10000+50000
 45985 words of font info for 111 fonts, out of 500000 for 1000
 34 hyphenation exceptions out of 1000
 35i,23n,49p,638b,571s stack positions out of 1500i,500n,5000p,200000b,5000s
 1381 PDF objects out of 300000
 421 named destinations out of 131072
 419 words of extra memory for PDF output out of 65536
{/local/share/teTeX/texmf/dvips/tetex/09fbbfac.enc}</local/
share/teTeX/texmf/fonts/type1/bluesky/cm/cmtt12.pfb>{/local/share/teTeX/texmf/d
vips/tetex/f7b6d320.enc}</local/share/teTeX/texmf/fonts/type1/bluesky/cm/cmr10.
pfb></local/share/teTeX/texmf/fonts/type1/bluesky/cm/cmbx6.pfb>{/local/share/te
TeX/texmf/dvips/tetex/aae443f0.enc}</local/share/teTeX/texmf/fonts/type1/bluesk
y/cm/cmmib10.pfb></local/share/teTeX/texmf/fonts/type1/bluesky/cm/cmbx8.pfb>{/l
ocal/share/teTeX/texmf/dvips/psnfss/8r.enc}</local/share/teTeX/texmf/fonts/type
1/public/tt2001/fmex8.pfb></local/share/teTeX/texmf/fonts/type1/bluesky/cm/cmmi
10.pfb>{/local/share/teTeX/texmf/dvips/tetex/bbad153f.enc}</local/share/teTeX/t
exmf/fonts/type1/bluesky/cm/cmsy7.pfb></local/share/teTeX/texmf/fonts/type1/blu
esky/cm/cmmi6.pfb></local/share/teTeX/texmf/fonts/type1/bluesky/cm/cmr6.pfb></l
ocal/share/teTeX/texmf/fonts/type1/bluesky/cm/cmsy6.pfb></local/share/teTeX/tex
mf/fonts/type1/bluesky/cm/cmsy10.pfb></local/share/teTeX/texmf/fonts/type1/blue
sky/cm/cmex10.pfb></local/share/teTeX/texmf/fonts/type1/bluesky/cm/cmmi8.pfb></
local/share/teTeX/texmf/fonts/type1/bluesky/cm/cmbx12.pfb></local/share/teTeX/t
exmf/fonts/type1/bluesky/cm/cmr8.pfb></local/share/teTeX/texmf/fonts/type1/blue
sky/cm/cmsy8.pfb></local/share/teTeX/texmf/fonts/type1/bluesky/cm/cmmi12.pfb></
local/share/teTeX/texmf/fonts/type1/bluesky/cm/cmr12.pfb></local/share/teTeX/te
xmf/fonts/type1/bluesky/symbols/msbm10.pfb></local/share/teTeX/texmf/fonts/type
1/urw/times/utmr8a.pfb></local/share/teTeX/texmf/fonts/type1/urw/times/utmb8a.p
fb>
Output written on infinitematter.pdf (103 pages, 640042 bytes).
