This is TeX, Version 3.14159 (Web2C 7.3.1) (format=latex 2002.4.12)  7 MAY 2003 20:58
**references.bib
(references.bib
LaTeX2e <2000/06/01>
Babel <v3.7h> and hyphenation patterns for american, french, german, ngerman, i
talian, nohyphenation, loaded.

! LaTeX Error: Missing \begin{document}.

See the LaTeX manual or LaTeX Companion for explanation.
Type  H <return>  for immediate help.
 ...                                              
                                                  
l.1 @
     Book{hammond1994,
? 
! Emergency stop.
 ...                                              
                                                  
l.1 @
     Book{hammond1994,
You're in trouble here.  Try typing  <return>  to proceed.
If that doesn't work, type  X <return>  to quit.

 
Here is how much of TeX's memory you used:
 5 strings out of 20887
 175 string characters out of 196274
 44118 words of memory out of 350001
 3028 multiletter control sequences out of 10000+15000
 3640 words of font info for 14 fonts, out of 400000 for 1000
 14 hyphenation exceptions out of 10000
 5i,0n,4p,35b,14s stack positions out of 3000i,100n,1500p,50000b,4000s
No pages of output.
