This is TeX, Version 3.14159 (Web2C 7.2) (format=latex 1999.10.13)  25 NOV 2002 16:08
**elise_phdproject.tex
(elise_phdproject.tex
LaTeX2e <1998/06/01>
Babel <v3.6h> and hyphenation patterns for english, ukenglish, norsk, german, l
oaded.
(svmult.cls
Document Class: svmult 1999/07/09 v1.0 
Springer Verlag LaTeX document class for multi authored books
(/local/TEX/lib/inputs/latex2e/base/article.cls
Document Class: article 1998/05/05 v1.3y Standard LaTeX document class
(/local/TEX/lib/inputs/latex2e/base/size10.clo
File: size10.clo 1998/05/05 v1.3y Standard LaTeX file (size option)
)
\c@part=\count79
\c@section=\count80
\c@subsection=\count81
\c@subsubsection=\count82
\c@paragraph=\count83
\c@subparagraph=\count84
\c@figure=\count85
\c@table=\count86
\abovecaptionskip=\skip41
\belowcaptionskip=\skip42
\bibindent=\dimen102
)
\c@chapter=\count87
LaTeX Font Info:    Redeclaring math symbol \Gamma on input line 288.
LaTeX Font Info:    Redeclaring math symbol \Delta on input line 289.
LaTeX Font Info:    Redeclaring math symbol \Theta on input line 290.
LaTeX Font Info:    Redeclaring math symbol \Lambda on input line 291.
LaTeX Font Info:    Redeclaring math symbol \Xi on input line 292.
LaTeX Font Info:    Redeclaring math symbol \Pi on input line 293.
LaTeX Font Info:    Redeclaring math symbol \Sigma on input line 294.
LaTeX Font Info:    Redeclaring math symbol \Upsilon on input line 295.
LaTeX Font Info:    Redeclaring math symbol \Phi on input line 296.
LaTeX Font Info:    Redeclaring math symbol \Psi on input line 297.
LaTeX Font Info:    Redeclaring math symbol \Omega on input line 298.
\tocchpnum=\dimen103
\tocsecnum=\dimen104
\tocsectotal=\dimen105
\tocsubsecnum=\dimen106
\tocsubsectotal=\dimen107
\tocsubsubsecnum=\dimen108
\tocsubsubsectotal=\dimen109
\tocparanum=\dimen110
\tocparatotal=\dimen111
\tocsubparanum=\dimen112
\@tempcntc=\count88
\figcapgap=\dimen113
\tabcapgap=\dimen114
\figgap=\dimen115
\c@@inst=\count89
\c@@auth=\count90
\c@auco=\count91
\instindent=\dimen116
\authrun=\box26
\authorrunning=\toks14
\tocauthor=\toks15
\titrun=\box27
\titlerunning=\toks16
\toctitle=\toks17
\c@theorem=\count92
\c@case=\count93
\c@conjecture=\count94
\c@corollary=\count95
\c@definition=\count96
\c@example=\count97
\c@exercise=\count98
\c@lemma=\count99
\c@note=\count100
\c@problem=\count101
\c@property=\count102
\c@proposition=\count103
\c@question=\count104
\c@solution=\count105
\c@remark=\count106
\headlineindent=\dimen117
)
(/local/TEX/lib/inputs/latex2e/base/makeidx.sty
Package: makeidx 1995/04/19 v1.0j Standard LaTeX package
)
(/local/TEX/lib/inputs/latex2e/graphics/graphicx.sty
Package: graphicx 1997/06/09 v1.0d Enhanced LaTeX Graphics (DPC,SPQR)

(/local/TEX/lib/inputs/latex2e/graphics/keyval.sty
Package: keyval 1998/06/05 v1.11 key=value parser (DPC)
\KV@toks@=\toks18
)
(/local/TEX/lib/inputs/latex2e/graphics/graphics.sty
Package: graphics 1998/05/27 v1.0h Standard LaTeX Graphics (DPC,SPQR)

(/local/TEX/lib/inputs/latex2e/graphics/trig.sty
Package: trig 1994/10/16 v1.08 sin cos tan (DPC)
)
(/local/TEX/lib/inputs/uio/graphics.cfg)
Package graphics Info: Driver file: dvips.def on input line 85.

(/local/TEX/lib/inputs/latex2e/graphics/dvips.def
File: dvips.def 1998/05/03 v3.0f Driver-dependant file (DPC,SPQR)
))
\Gin@req@height=\dimen118
\Gin@req@width=\dimen119
) (subeqnar.sty
\c@eqsubcnt=\count107
\@eqcnt=\count108
\@eqpen=\count109
)
(/local/TEX/lib/inputs/latex2e/misc/multicol.sty
Package: multicol 1998/01/19 v1.5q multicolumn formatting (FMi)
\c@tracingmulticols=\count110
\mult@box=\box28
\multicol@leftmargin=\dimen120
\c@unbalance=\count111
\c@collectmore=\count112
\doublecol@number=\count113
\multicoltolerance=\count114
\multicolpretolerance=\count115
\full@width=\dimen121
\page@free=\dimen122
\premulticols=\dimen123
\postmulticols=\dimen124
\multicolsep=\skip43
\multicolbaselineskip=\skip44
\partial@page=\box29
\last@line=\box30
\mult@rightbox=\box31
\mult@grightbox=\box32
\mult@gfirstbox=\box33
\mult@firstbox=\box34
\@tempa=\box35
\@tempa=\box36
\@tempa=\box37
\@tempa=\box38
\@tempa=\box39
\@tempa=\box40
\@tempa=\box41
\@tempa=\box42
\@tempa=\box43
\@tempa=\box44
\@tempa=\box45
\@tempa=\box46
\@tempa=\box47
\@tempa=\box48
\@tempa=\box49
\@tempa=\box50
\@tempa=\box51
\c@columnbadness=\count116
\c@finalcolumnbadness=\count117
\last@try=\dimen125
\multicolovershoot=\dimen126
\multicolundershoot=\dimen127
\mult@nat@firstbox=\box52
) (physprbb.sty)
\@indexfile=\write3
\openout3 = `elise_phdproject.idx'.


Writing index file elise_phdproject.idx
(axodraw.sty (/local/TEX/lib/inputs/latex2e/misc/epsf.sty
\epsffilein=\read1
\epsfxsize=\dimen128
\epsfysize=\dimen129
\epsftsize=\dimen130
\epsfrsize=\dimen131
\epsftmp=\dimen132
\pspoints=\dimen133
)
(/local/TEX/lib/inputs/plain/dvips/rotate.tex
\rotdimen=\dimen134
)) (elise_phdproject.aux)
\openout1 = `elise_phdproject.aux'.

LaTeX Font Info:    Checking defaults for OML/cmm/m/it on input line 53.
LaTeX Font Info:    ... okay on input line 53.
LaTeX Font Info:    Checking defaults for T1/cmr/m/n on input line 53.
LaTeX Font Info:    ... okay on input line 53.
LaTeX Font Info:    Checking defaults for OT1/cmr/m/n on input line 53.
LaTeX Font Info:    ... okay on input line 53.
LaTeX Font Info:    Checking defaults for OMS/cmsy/m/n on input line 53.
LaTeX Font Info:    ... okay on input line 53.
LaTeX Font Info:    Checking defaults for OMX/cmex/m/n on input line 53.
LaTeX Font Info:    ... okay on input line 53.
LaTeX Font Info:    Checking defaults for U/cmr/m/n on input line 53.
LaTeX Font Info:    ... okay on input line 53.
LaTeX Font Info:    External font `cmex10' loaded for size
(Font)              <7> on input line 61.
LaTeX Font Info:    External font `cmex10' loaded for size
(Font)              <5> on input line 61.
LaTeX Font Info:    External font `cmex10' loaded for size
(Font)              <9> on input line 61.
LaTeX Font Info:    External font `cmex10' loaded for size
(Font)              <6> on input line 61.
 [1


]
Underfull \vbox (badness 1102) has occurred while \output is active []

 [2]
File: nsbk_gor.ps Graphic file (type eps)

<nsbk_gor.ps> [3] [4] [5]
File: nsbk_pol.ps Graphic file (type eps)
 <nsbk_pol.ps>
File: nsbk_pic.ps Graphic file (type eps)
 <nsbk_pic.ps>

LaTeX Warning: `h' float specifier changed to `ht'.

[6]
Overfull \hbox (2.82149pt too wide) in paragraph at lines 476--491
[]\OT1/cmr/m/n/10 Using the full angle-dependence of an in-ter-ac-tion which co
n-tains only particle-
 []

[7] [8] [9] (elise_phdproject.aux) ) 
Here is how much of TeX's memory you used:
 1127 strings out of 10928
 11676 string characters out of 448243
 86314 words of memory out of 263001
 4057 multiletter control sequences out of 10000+0
 10741 words of font info for 37 fonts, out of 200000 for 1000
 14 hyphenation exceptions out of 1000
 29i,10n,21p,265b,294s stack positions out of 300i,100n,500p,30000b,4000s

Output written on elise_phdproject.dvi (9 pages, 47064 bytes).
