This is TeX, Version 3.14159 (Web2C 7.2) (format=latex 1999.10.13)  26 JUN 2002 09:56
**elise_cv.tex
(elise_cv.tex
LaTeX2e <1998/06/01>
Babel <v3.6h> and hyphenation patterns for english, ukenglish, norsk, german, l
oaded.
(/local/TEX/lib/inputs/latex2e/base/report.cls
Document Class: report 1998/05/05 v1.3y Standard LaTeX document class
(/local/TEX/lib/inputs/latex2e/base/size12.clo
File: size12.clo 1998/05/05 v1.3y Standard LaTeX file (size option)
)
\c@part=\count79
\c@chapter=\count80
\c@section=\count81
\c@subsection=\count82
\c@subsubsection=\count83
\c@paragraph=\count84
\c@subparagraph=\count85
\c@figure=\count86
\c@table=\count87
\abovecaptionskip=\skip41
\belowcaptionskip=\skip42
\bibindent=\dimen102
)
No file elise_cv.aux.
\openout1 = `elise_cv.aux'.

LaTeX Font Info:    Checking defaults for OML/cmm/m/it on input line 2.
LaTeX Font Info:    ... okay on input line 2.
LaTeX Font Info:    Checking defaults for T1/cmr/m/n on input line 2.
LaTeX Font Info:    ... okay on input line 2.
LaTeX Font Info:    Checking defaults for OT1/cmr/m/n on input line 2.
LaTeX Font Info:    ... okay on input line 2.
LaTeX Font Info:    Checking defaults for OMS/cmsy/m/n on input line 2.
LaTeX Font Info:    ... okay on input line 2.
LaTeX Font Info:    Checking defaults for OMX/cmex/m/n on input line 2.
LaTeX Font Info:    ... okay on input line 2.
LaTeX Font Info:    Checking defaults for U/cmr/m/n on input line 2.
LaTeX Font Info:    ... okay on input line 2.
Missing character: There is no ^^e5 in font cmr12!
[1

] [2] (elise_cv.aux) ) 
Here is how much of TeX's memory you used:
 217 strings out of 10928
 2128 string characters out of 448243
 47456 words of memory out of 263001
 3201 multiletter control sequences out of 10000+0
 4592 words of font info for 17 fonts, out of 200000 for 1000
 14 hyphenation exceptions out of 1000
 22i,4n,21p,199b,238s stack positions out of 300i,100n,500p,30000b,4000s

Output written on elise_cv.dvi (2 pages, 2796 bytes).
