This is TeX, Version 3.14159 (Web2C 7.3.1) (format=latex 2001.3.27)  30 JAN 2002 08:53
**nsbk
(nsbk.tex
LaTeX2e <1999/12/01> patch level 1
Babel <v3.6Z> and hyphenation patterns for american, french, german, ngerman, i
talian, portuges, russian, spanish, nohyphenation, loaded.
(svmult.cls
Document Class: svmult 1999/07/09 v1.0 
Springer Verlag LaTeX document class for multi authored books
(/usr/share/texmf/tex/latex/base/article.cls
Document Class: article 1999/09/10 v1.4a Standard LaTeX document class
(/usr/share/texmf/tex/latex/base/size10.clo
File: size10.clo 1999/09/10 v1.4a Standard LaTeX file (size option)
)
\c@part=\count79
\c@section=\count80
\c@subsection=\count81
\c@subsubsection=\count82
\c@paragraph=\count83
\c@subparagraph=\count84
\c@figure=\count85
\c@table=\count86
\abovecaptionskip=\skip41
\belowcaptionskip=\skip42
\bibindent=\dimen102
)
\c@chapter=\count87
LaTeX Font Info:    Redeclaring math symbol \Gamma on input line 288.
LaTeX Font Info:    Redeclaring math symbol \Delta on input line 289.
LaTeX Font Info:    Redeclaring math symbol \Theta on input line 290.
LaTeX Font Info:    Redeclaring math symbol \Lambda on input line 291.
LaTeX Font Info:    Redeclaring math symbol \Xi on input line 292.
LaTeX Font Info:    Redeclaring math symbol \Pi on input line 293.
LaTeX Font Info:    Redeclaring math symbol \Sigma on input line 294.
LaTeX Font Info:    Redeclaring math symbol \Upsilon on input line 295.
LaTeX Font Info:    Redeclaring math symbol \Phi on input line 296.
LaTeX Font Info:    Redeclaring math symbol \Psi on input line 297.
LaTeX Font Info:    Redeclaring math symbol \Omega on input line 298.
\tocchpnum=\dimen103
\tocsecnum=\dimen104
\tocsectotal=\dimen105
\tocsubsecnum=\dimen106
\tocsubsectotal=\dimen107
\tocsubsubsecnum=\dimen108
\tocsubsubsectotal=\dimen109
\tocparanum=\dimen110
\tocparatotal=\dimen111
\tocsubparanum=\dimen112
\@tempcntc=\count88
\figcapgap=\dimen113
\tabcapgap=\dimen114
\figgap=\dimen115
\c@@inst=\count89
\c@@auth=\count90
\c@auco=\count91
\instindent=\dimen116
\authrun=\box26
\authorrunning=\toks14
\tocauthor=\toks15
\titrun=\box27
\titlerunning=\toks16
\toctitle=\toks17
\c@theorem=\count92
\c@case=\count93
\c@conjecture=\count94
\c@corollary=\count95
\c@definition=\count96
\c@example=\count97
\c@exercise=\count98
\c@lemma=\count99
\c@note=\count100
\c@problem=\count101
\c@property=\count102
\c@proposition=\count103
\c@question=\count104
\c@solution=\count105
\c@remark=\count106
\headlineindent=\dimen117
)
(/usr/share/texmf/tex/latex/base/makeidx.sty
Package: makeidx 1999/09/17 v1.0l Standard LaTeX package
)
(/usr/share/texmf/tex/latex/graphics/graphicx.sty
Package: graphicx 1999/02/16 v1.0f Enhanced LaTeX Graphics (DPC,SPQR)

(/usr/share/texmf/tex/latex/graphics/keyval.sty
Package: keyval 1999/03/16 v1.13 key=value parser (DPC)
\KV@toks@=\toks18
)
(/usr/share/texmf/tex/latex/graphics/graphics.sty
Package: graphics 1999/02/16 v1.0l Standard LaTeX Graphics (DPC,SPQR)

(/usr/share/texmf/tex/latex/graphics/trig.sty
Package: trig 1999/03/16 v1.09 sin cos tan (DPC)
)
(/usr/share/texmf/tex/latex/config/graphics.cfg)
Package graphics Info: Driver file: dvips.def on input line 80.

(/usr/share/texmf/tex/latex/graphics/dvips.def
File: dvips.def 1999/02/16 v3.0i Driver-dependant file (DPC,SPQR)
))
\Gin@req@height=\dimen118
\Gin@req@width=\dimen119
) (subeqnar.sty
\c@eqsubcnt=\count107
\@eqcnt=\count108
\@eqpen=\count109
)
(/usr/share/texmf/tex/latex/tools/multicol.sty
Package: multicol 1999/10/21 v1.5w multicolumn formatting (FMi)
\c@tracingmulticols=\count110
\mult@box=\box28
\multicol@leftmargin=\dimen120
\c@unbalance=\count111
\c@collectmore=\count112
\doublecol@number=\count113
\multicoltolerance=\count114
\multicolpretolerance=\count115
\full@width=\dimen121
\page@free=\dimen122
\premulticols=\dimen123
\postmulticols=\dimen124
\multicolsep=\skip43
\multicolbaselineskip=\skip44
\partial@page=\box29
\last@line=\box30
\mult@rightbox=\box31
\mult@grightbox=\box32
\mult@gfirstbox=\box33
\mult@firstbox=\box34
\@tempa=\box35
\@tempa=\box36
\@tempa=\box37
\@tempa=\box38
\@tempa=\box39
\@tempa=\box40
\@tempa=\box41
\@tempa=\box42
\@tempa=\box43
\@tempa=\box44
\@tempa=\box45
\@tempa=\box46
\@tempa=\box47
\@tempa=\box48
\@tempa=\box49
\@tempa=\box50
\@tempa=\box51
\c@columnbadness=\count116
\c@finalcolumnbadness=\count117
\last@try=\dimen125
\multicolovershoot=\dimen126
\multicolundershoot=\dimen127
\mult@nat@firstbox=\box52
\colbreak@box=\box53
) (physprbb.sty)
\@indexfile=\write3
\openout3 = `nsbk.idx'.


Writing index file nsbk.idx
(axodraw.sty (/usr/share/texmf/tex/plain/dvips/epsf.tex
This is `epsf.tex' v2.7k <10 July 1997>
\epsffilein=\read1
\epsfframemargin=\dimen128
\epsfframethickness=\dimen129
\epsfrsize=\dimen130
\epsftmp=\dimen131
\epsftsize=\dimen132
\epsfxsize=\dimen133
\epsfysize=\dimen134
\pspoints=\dimen135
\epsfnoopenhelp=\toks19
) (/usr/share/texmf/tex/plain/dvips/rotate.tex
\rotdimen=\dimen136
)) (nsbk.aux)
\openout1 = `nsbk.aux'.

LaTeX Font Info:    Checking defaults for OML/cmm/m/it on input line 79.
LaTeX Font Info:    ... okay on input line 79.
LaTeX Font Info:    Checking defaults for T1/cmr/m/n on input line 79.
LaTeX Font Info:    ... okay on input line 79.
LaTeX Font Info:    Checking defaults for OT1/cmr/m/n on input line 79.
LaTeX Font Info:    ... okay on input line 79.
LaTeX Font Info:    Checking defaults for OMS/cmsy/m/n on input line 79.
LaTeX Font Info:    ... okay on input line 79.
LaTeX Font Info:    Checking defaults for OMX/cmex/m/n on input line 79.
LaTeX Font Info:    ... okay on input line 79.
LaTeX Font Info:    Checking defaults for U/cmr/m/n on input line 79.
LaTeX Font Info:    ... okay on input line 79.
LaTeX Font Info:    External font `cmex10' loaded for size
(Font)              <7> on input line 99.
LaTeX Font Info:    External font `cmex10' loaded for size
(Font)              <5> on input line 99.
LaTeX Font Info:    External font `cmex10' loaded for size
(Font)              <9> on input line 99.
LaTeX Font Info:    External font `cmex10' loaded for size
(Font)              <6> on input line 99.
 [1


]
File: nsbk_gor.ps Graphic file (type eps)
 <nsbk_gor.ps>
[2] [3] [4] [5]
File: nsbk_1s0.ps Graphic file (type eps)
 <nsbk_1s0.ps>
File: nsbk_3p2.ps Graphic file (type eps)
 <nsbk_3p2.ps> [6]
File: nsbk_all.ps Graphic file (type eps)
 <nsbk_all.ps> [7] [8] [9]
File: nsbk_dia.ps Graphic file (type eps)

<nsbk_dia.ps>
LaTeX Font Info:    Try loading font information for U+psy on input line 665.
 (/usr/share/texmf/tex/latex/psnfss/upsy.fd
File: upsy.fd 1998/07/06 font definitions for U/psy.
) [10]
File: nsbk_pic.ps Graphic file (type eps)
 <nsbk_pic.ps>
[11] [12]
File: nsbk_pol.ps Graphic file (type eps)
 <nsbk_pol.ps> [13] [14]
File: nsbk_dpo.ps Graphic file (type eps)
 <nsbk_dpo.ps> [15] [16] [17]
File: nsbk_sig.ps Graphic file (type eps)
 <nsbk_sig.ps>
[18]
File: nsbk_mef.ps Graphic file (type eps)
 <nsbk_mef.ps> [19]
File: nsbk_dsi.ps Graphic file (type eps)
 <nsbk_dsi.ps>
Underfull \vbox (badness 4995) has occurred while \output is active []

 [20]
[21] [22] [23] [24] (nsbk.aux) ) 
Here is how much of TeX's memory you used:
 1282 strings out of 20863
 13157 string characters out of 196073
 88169 words of memory out of 350001
 4223 multiletter control sequences out of 10000+15000
 11071 words of font info for 38 fonts, out of 400000 for 1000
 26 hyphenation exceptions out of 10000
 29i,13n,21p,249b,362s stack positions out of 3000i,100n,1500p,50000b,4000s

Output written on nsbk.dvi (24 pages, 99656 bytes).
