This is TeX, Version 3.14159 (Web2C 7.2) (format=latex 1999.10.13)  1 NOV 2002 12:34
**hfprosjekt.tex
(hfprosjekt.tex
LaTeX2e <1998/06/01>
Babel <v3.6h> and hyphenation patterns for english, ukenglish, norsk, german, l
oaded.
(/local/TEX/lib/inputs/latex2e/base/book.cls
Document Class: book 1998/05/05 v1.3y Standard LaTeX document class
(/local/TEX/lib/inputs/latex2e/base/bk12.clo
File: bk12.clo 1998/05/05 v1.3y Standard LaTeX file (size option)
)
\c@part=\count79
\c@chapter=\count80
\c@section=\count81
\c@subsection=\count82
\c@subsubsection=\count83
\c@paragraph=\count84
\c@subparagraph=\count85
\c@figure=\count86
\c@table=\count87
\abovecaptionskip=\skip41
\belowcaptionskip=\skip42
\bibindent=\dimen102
)
(/local/TEX/lib/inputs/latex2e/babel-3.6/babel.sty
Package: babel 1997/01/23 v3.6h The Babel package

(/local/TEX/lib/inputs/latex2e/babel-3.6/english.ldf
File: english.ldf 1996/12/23 v3.3h English support from the babel system

(/local/TEX/lib/inputs/latex2e/babel-3.6/babel.def
File: babel.def 1997/01/23 v3.6h Babel common definitions
\babel@savecnt=\count88
\U@D=\dimen103
)
\l@american = a dialect from \language\l@english 
)) (axodraw.sty
(/local/TEX/lib/inputs/latex2e/misc/epsf.sty
\epsffilein=\read1
\epsfxsize=\dimen104
\epsfysize=\dimen105
\epsftsize=\dimen106
\epsfrsize=\dimen107
\epsftmp=\dimen108
\pspoints=\dimen109
)
(/local/TEX/lib/inputs/latex209/uio/colordvi.sty)
(/local/TEX/lib/inputs/plain/dvips/rotate.tex
\rotdimen=\dimen110
))
(/local/TEX/lib/inputs/latex2e/graphics/epsfig.sty
Package: epsfig 1996/10/04 v1.7 (e)psfig emulation (SPQR)

(/local/TEX/lib/inputs/latex2e/graphics/graphicx.sty
Package: graphicx 1997/06/09 v1.0d Enhanced LaTeX Graphics (DPC,SPQR)

(/local/TEX/lib/inputs/latex2e/graphics/keyval.sty
Package: keyval 1998/06/05 v1.11 key=value parser (DPC)
\KV@toks@=\toks14
)
(/local/TEX/lib/inputs/latex2e/graphics/graphics.sty
Package: graphics 1998/05/27 v1.0h Standard LaTeX Graphics (DPC,SPQR)

(/local/TEX/lib/inputs/latex2e/graphics/trig.sty
Package: trig 1994/10/16 v1.08 sin cos tan (DPC)
)
(/local/TEX/lib/inputs/uio/graphics.cfg)
Package graphics Info: Driver file: dvips.def on input line 85.

(/local/TEX/lib/inputs/latex2e/graphics/dvips.def
File: dvips.def 1998/05/03 v3.0f Driver-dependant file (DPC,SPQR)
))
\Gin@req@height=\dimen111
\Gin@req@width=\dimen112
)
\epsfxsize=\dimen113
\epsfysize=\dimen114
)
(/local/TEX/lib/inputs/latex2e/misc/wrapfig.sty
\wrapoverhang=\dimen115
\WF@size=\dimen116
\c@WF@wrappedlines=\count89
\WF@box=\box26
\WF@everypar=\toks15
Package: wrapfig 1995/11/02  v 3.1
)
(/local/TEX/lib/inputs/latex2e/misc/subfigure.sty
Package: subfigure 1995/03/06 v2.0 subfigure package

Package: subfigure 1995/03/06 v2.0
\c@subfigure=\count90
\c@lofdepth=\count91
\c@subtable=\count92
\c@lotdepth=\count93
) (/local/TEX/lib/inputs/latex2e/amslatex/amsmath.sty
Package: amsmath 2000/07/18 v2.13 AMS math features
\@mathmargin=\skip43

For additional information on amsmath, use the `?' option.
(/local/TEX/lib/inputs/latex2e/amslatex/amstext.sty
Package: amstext 2000/06/29 v2.01

(/local/TEX/lib/inputs/latex2e/amslatex/amsgen.sty
File: amsgen.sty 1999/11/30 v2.0
\@emptytoks=\toks16
\ex@=\dimen117
))
(/local/TEX/lib/inputs/latex2e/amslatex/amsbsy.sty
Package: amsbsy 1999/11/29 v1.2d
\pmbraise@=\dimen118
)
(/local/TEX/lib/inputs/latex2e/amslatex/amsopn.sty
Package: amsopn 1999/12/14 v2.01 operator names
)
\inf@bad=\count94
LaTeX Info: Redefining \frac on input line 211.
\uproot@=\count95
\leftroot@=\count96
LaTeX Info: Redefining \overline on input line 307.
\classnum@=\count97
\DOTSCASE@=\count98
LaTeX Info: Redefining \ldots on input line 379.
LaTeX Info: Redefining \dots on input line 382.
LaTeX Info: Redefining \cdots on input line 467.
\Mathstrutbox@=\box27
\strutbox@=\box28
\big@size=\dimen119
LaTeX Font Info:    Redeclaring font encoding OML on input line 567.
LaTeX Font Info:    Redeclaring font encoding OMS on input line 568.
\macc@depth=\count99
\c@MaxMatrixCols=\count100
\dotsspace@=\muskip10
\c@parentequation=\count101
\dspbrk@lvl=\count102
\tag@help=\toks17
\row@=\count103
\column@=\count104
\maxfields@=\count105
\andhelp@=\toks18
\eqnshift@=\dimen120
\alignsep@=\dimen121
\tagshift@=\dimen122
\tagwidth@=\dimen123
\totwidth@=\dimen124
\lineht@=\dimen125
\@envbody=\toks19
\multlinegap=\skip44
\multlinetaggap=\skip45
\mathdisplay@stack=\toks20
LaTeX Info: Redefining \[ on input line 2666.
LaTeX Info: Redefining \] on input line 2667.
)
(/local/TEX/lib/inputs/latex2e/amslatex/amscd.sty
Package: amscd 1999/11/29 v2.0
\athelp@=\toks21
\minaw@=\dimen126
\bigaw@=\dimen127
\minCDarrowwidth=\dimen128
)
(/local/TEX/lib/inputs/latex2e/amsfonts/amssymb.sty
Package: amssymb 1995/02/01 v2.2a

(/local/TEX/lib/inputs/latex2e/amsfonts/amsfonts.sty
Package: amsfonts 1995/02/01 v2.2b
\symAMSa=\mathgroup4
\symAMSb=\mathgroup5
LaTeX Font Info:    Overwriting math alphabet `\mathfrak' in version `bold'
(Font)                  U/euf/m/n --> U/euf/b/n on input line 128.
))
(/local/TEX/lib/inputs/latex2e/base/latexsym.sty
Package: latexsym 1996/11/20 v2.2d Standard LaTeX package (lasy symbols)
\symlasy=\mathgroup6
LaTeX Font Info:    Overwriting symbol font `lasy' in version `bold'
(Font)                  U/lasy/m/n --> U/lasy/b/n on input line 85.
)
(/local/TEX/lib/inputs/latex2e/misc/array.sty
Package: array 1998/05/13 v2.3l Tabular extension package (FMi)
\col@sep=\dimen129
\extrarowheight=\dimen130
\NC@list=\toks22
\extratabsurround=\skip46
\backup@length=\skip47
) (defs.tex
\head=\skip48
\topp=\skip49
) (hfprosjekt.aux
(innledning.aux) (scattering.aux) (comop.aux) (obe.aux) (experiments.aux)
(hienergy.aux) (inmedium.aux) (bibliography.aux))
\openout1 = `hfprosjekt.aux'.

LaTeX Font Info:    Checking defaults for OML/cmm/m/it on input line 27.
LaTeX Font Info:    ... okay on input line 27.
LaTeX Font Info:    Checking defaults for T1/cmr/m/n on input line 27.
LaTeX Font Info:    ... okay on input line 27.
LaTeX Font Info:    Checking defaults for OT1/cmr/m/n on input line 27.
LaTeX Font Info:    ... okay on input line 27.
LaTeX Font Info:    Checking defaults for OMS/cmsy/m/n on input line 27.
LaTeX Font Info:    ... okay on input line 27.
LaTeX Font Info:    Checking defaults for OMX/cmex/m/n on input line 27.
LaTeX Font Info:    ... okay on input line 27.
LaTeX Font Info:    Checking defaults for U/cmr/m/n on input line 27.
LaTeX Font Info:    ... okay on input line 27.
LaTeX Font Info:    Try loading font information for U+msa on input line 28.

(/local/TEX/lib/inputs/latex2e/amsfonts/Umsa.fd
File: Umsa.fd 1995/01/05 v2.2e AMS font definitions
)
LaTeX Font Info:    Try loading font information for U+msb on input line 28.

(/local/TEX/lib/inputs/latex2e/amsfonts/Umsb.fd
File: Umsb.fd 1995/01/05 v2.2e AMS font definitions
)
LaTeX Font Info:    Try loading font information for U+lasy on input line 28.

(/local/TEX/lib/inputs/latex2e/base/ulasy.fd
File: ulasy.fd 1996/11/20 v2.2dLaTeX symbol font definitions
) [1


] [2

] (hfprosjekt.toc [3])
\tf@toc=\write3
\openout3 = `hfprosjekt.toc'.


[4]
\openout2 = `innledning.aux'.

 (innledning.tex
Chapter 1.
[5


] [6] [7]
File: detteerfaseskift.eps Graphic file (type eps)
 <detteerfaseskift.eps> [8]
File: manypotS.eps Graphic file (type eps)
 <manypotS.eps>) [9] [10]
\openout2 = `scattering.aux'.

 (scattering.tex
Chapter 2.
[11



] [12] [13]
Underfull \hbox (badness 10000) in paragraph at lines 289--296

 []

[14]
Overfull \hbox (2.52124pt too wide) in alignment at lines 367--381
 [][][] []
 []


Underfull \vbox (badness 1515) has occurred while \output is active []

 [15]
[16] [17] [18] [19] [20] [21]
Overfull \hbox (16.19775pt too wide) in paragraph at lines 929--929
[]\OT1/cmr/bx/n/17.28 Relativistic Ap-proach Lead-ing to Blankenbecler-
 []

[22]
Overfull \hbox (28.59883pt too wide) in paragraph at lines 984--988
\OT1/cmr/m/n/12 Inserting this in the $[]$ equa-tion (2.33[]), we get back to t
he Blankenbecler-
 []

[23] [24] [25]
Underfull \hbox (badness 10000) in paragraph at lines 1234--1275

 []

[26] [27] [28] [29] [30]
Underfull \hbox (badness 10000) in paragraph at lines 1712--1717

 []


Overfull \hbox (61.11098pt too wide) in paragraph at lines 1762--1767
\OT1/cmr/m/n/12 We will now show how to an-a-lyt-i-cally cal-cu-late an ex-act 
phase shift us-ing the $[]$
 []

[31]
Overfull \hbox (35.08858pt too wide) in paragraph at lines 1768--1771
[]\OT1/cmr/m/n/12 We are look-ing at a scat-ter-ing pro-cess. So the eigen-valu
e $\OML/cmm/m/it/12 E$ \OT1/cmr/m/n/12 from the $[]$
 []

[32]
Overfull \hbox (58.10823pt too wide) in paragraph at lines 1855--1860
\OT1/cmr/m/n/12 And one equa-tion that has the same form as the one body time i
n-de-pen-dent $[]$.
 []

[33]
LaTeX Font Info:    Try loading font information for OMS+cmr on input line 1921
.
 (/local/TEX/lib/inputs/latex2e/base/omscmr.fd
File: omscmr.fd 1998/03/27 v2.5g Standard LaTeX font definitions
)
LaTeX Font Info:    Font shape `OMS/cmr/m/n' in size <12> not available
(Font)              Font shape `OMS/cmsy/m/n' tried instead on input line 1921.

 [34] [35]) [36]
\openout2 = `comop.aux'.

 (comop.tex
Chapter 3.
[37



] [38]
Underfull \hbox (badness 10000) in paragraph at lines 117--123

 []

[39] [40] [41] [42] [43] [44] [45]
Underfull \hbox (badness 10000) in paragraph at lines 644--652

 []


Overfull \hbox (42.72733pt too wide) in paragraph at lines 654--721
[][] 
 []

[46] [47]
File: tellenesiffet.eps Graphic file (type eps)
 <tellenesiffet.eps> [48] [49]) [50]
\openout2 = `obe.aux'.

 (obe.tex
Chapter 4.
[51



] [52]) [53] [54]
\openout2 = `experiments.aux'.

 (experiments.tex
Chapter 5.
[55



]) [56]
\openout2 = `hienergy.aux'.

 (hienergy.tex
Chapter 6.
[57



]

LaTeX Warning: Reference `cdbonn' on page 58 undefined on input line 134.

[58]
File: figd85_alt1.ps Graphic file (type eps)
 <figd85_alt1.ps>
Overfull \hbox (78.55157pt too wide) in paragraph at lines 281--282
[]  
 []

File: figd85_alt2.ps Graphic file (type eps)
<figd85_alt2.ps>
Overfull \hbox (78.55157pt too wide) in paragraph at lines 293--294
[]  
 []

File: figd85_alt3.ps Graphic file (type eps)
<figd85_alt3.ps>
Overfull \hbox (78.55157pt too wide) in paragraph at lines 304--305
[]  
 []

File: figd85_alt4.ps Graphic file (type eps)
<figd85_alt4.ps>
Overfull \hbox (78.55157pt too wide) in paragraph at lines 314--320
[][] 
 []

) [59] [60] [61] [62] [63] [64]
\openout2 = `inmedium.aux'.

 (inmedium.tex
Chapter 7.
[65



] [66] [67] [68] [69]
File: iii_elastinmedium.eps Graphic file (type eps)
 <iii_elastinmedium.eps>
File: inelastinmedium.eps Graphic file (type eps)
 <inelastinmedium.eps>
File: iii_crossPhaseS.eps Graphic file (type eps)

<iii_crossPhaseS.eps>
File: iii_crossInEl.eps Graphic file (type eps)
 <iii_crossInEl.eps>) [70] [71]
\openout2 = `bibliography.aux'.

 (bibliography.tex [72



])
[73] (hfprosjekt.aux (innledning.aux) (scattering.aux) (comop.aux) (obe.aux)
(experiments.aux) (hienergy.aux) (inmedium.aux) (bibliography.aux))

LaTeX Warning: There were undefined references.

 ) 
Here is how much of TeX's memory you used:
 2508 strings out of 10928
 27505 string characters out of 448243
 112147 words of memory out of 263001
 5352 multiletter control sequences out of 10000+0
 18055 words of font info for 73 fonts, out of 200000 for 1000
 14 hyphenation exceptions out of 1000
 32i,12n,26p,657b,430s stack positions out of 300i,100n,500p,30000b,4000s

Output written on hfprosjekt.dvi (73 pages, 277316 bytes).
