This is TeX, Version 3.14159 (Web2C 7.3.1) (format=tex 2001.3.24)  28 FEB 2002 10:23
**innledning.tex
(innledning.tex
! Undefined control sequence.
l.1 \chapter
            {Introduction}\label{innledning}
? ^^[OD^^[OC^^[OCx
Type <return> to proceed, S to scroll future error messages,
R to run without stopping, Q to run quietly,
I to insert something, E to edit your file,
1 or ... or 9 to ignore the next 1 to 9 tokens of input,
H for help, X to quit.
? ^^[OAxx
Type <return> to proceed, S to scroll future error messages,
R to run without stopping, Q to run quietly,
I to insert something, E to edit your file,
1 or ... or 9 to ignore the next 1 to 9 tokens of input,
H for help, X to quit.
? x
No pages of output.
