\BOOKMARK [-1][-]{part.1}{I FUNDAMENTALS}{}
\BOOKMARK [0][-]{chapter.1}{Quantum Mechanics for single-particle systems}{part.1}
\BOOKMARK [1][-]{section.1.1}{Introduction}{chapter.1}
\BOOKMARK [2][-]{subsection.1.1.1}{Measurement and Observables}{section.1.1}
\BOOKMARK [2][-]{subsection.1.1.2}{The Schr\366dinger equation}{section.1.1}
\BOOKMARK [2][-]{subsection.1.1.3}{Probabilities}{section.1.1}
\BOOKMARK [1][-]{section.1.2}{Postulates of Quantum Mechanics}{chapter.1}
\BOOKMARK [1][-]{section.1.3}{Different Representations of Quantum Mechanics}{chapter.1}
\BOOKMARK [2][-]{subsection.1.3.1}{Dirac's Notation}{section.1.3}
\BOOKMARK [2][-]{subsection.1.3.2}{Heisenberg's matrix formulation}{section.1.3}
\BOOKMARK [1][-]{section.1.4}{Angular Momentum and Spin}{chapter.1}
\BOOKMARK [2][-]{subsection.1.4.1}{The wavefunction}{section.1.4}
\BOOKMARK [1][-]{section.1.5}{Simple systems}{chapter.1}
\BOOKMARK [2][-]{subsection.1.5.1}{Particle in a Infinite Potential Well}{section.1.5}
\BOOKMARK [2][-]{subsection.1.5.2}{Particle in a Harmonic Oscialltor Potential Well}{section.1.5}
\BOOKMARK [0][-]{chapter.2}{The Quantum Mechanics behind Quantum Dots}{part.1}
\BOOKMARK [1][-]{section.2.1}{Description of the Quantum Dot}{chapter.2}
\BOOKMARK [1][-]{section.2.2}{The One-electron Quantum Dot}{chapter.2}
\BOOKMARK [2][-]{subsection.2.2.1}{Parabolic Quantum Dot with Influence of an Electromagnetic Field}{section.2.2}
\BOOKMARK [2][-]{subsection.2.2.2}{Scaling the Hamiltonian}{section.2.2}
\BOOKMARK [1][-]{section.2.3}{The Double Quantum Dot}{chapter.2}
\BOOKMARK [2][-]{subsection.2.3.1}{The QR-Algorithm}{section.2.3}
\BOOKMARK [2][-]{subsection.2.3.2}{Discretizing the Schr\366dinger Equation}{section.2.3}
\BOOKMARK [1][-]{section.2.4}{Implementation of the double dot}{chapter.2}
\BOOKMARK [2][-]{subsection.2.4.1}{Scaling the Hamiltonian}{section.2.4}
\BOOKMARK [2][-]{subsection.2.4.2}{Finding the eigenvectors and eigenvalues}{section.2.4}
\BOOKMARK [2][-]{subsection.2.4.3}{Finding the coefficients}{section.2.4}
\BOOKMARK [2][-]{subsection.2.4.4}{Transformation from polar to cartesian representation}{section.2.4}
\BOOKMARK [2][-]{subsection.2.4.5}{Tabulating new quantum numbers}{section.2.4}
\BOOKMARK [2][-]{subsection.2.4.6}{Validation of the Code}{section.2.4}
\BOOKMARK [0][-]{chapter.3}{Results}{part.1}
\BOOKMARK [1][-]{section.3.1}{General Analysis and Discussion}{chapter.3}
\BOOKMARK [0][-]{chapter.4}{Conclusions}{part.1}
\BOOKMARK [1][-]{section.4.1}{Continuation of this thesis}{chapter.4}
\BOOKMARK [0][-]{appendix.A}{Derivation of the Baker-Campbell-Hausdorff formula }{part.1}
