\BOOKMARK [0][-]{chapter*.1}{Preface}{}% 1
\BOOKMARK [0][-]{chapter.1}{Introduction}{}% 2
\BOOKMARK [-1][-]{part.1}{I Theory}{}% 3
\BOOKMARK [0][-]{chapter.2}{Quantum mechanics}{part.1}% 4
\BOOKMARK [1][-]{section.2.1}{Fundamentals}{chapter.2}% 5
\BOOKMARK [2][-]{subsection.2.1.1}{The wave function}{section.2.1}% 6
\BOOKMARK [2][-]{subsection.2.1.2}{Observables}{section.2.1}% 7
\BOOKMARK [2][-]{subsection.2.1.3}{The canonical commutation relation}{section.2.1}% 8
\BOOKMARK [2][-]{subsection.2.1.4}{Eigenfunctions}{section.2.1}% 9
\BOOKMARK [2][-]{subsection.2.1.5}{Bra-ket notation}{section.2.1}% 10
\BOOKMARK [2][-]{subsection.2.1.6}{A fundamental summary}{section.2.1}% 11
\BOOKMARK [1][-]{section.2.2}{Harmonic oscillator}{chapter.2}% 12
\BOOKMARK [2][-]{subsection.2.2.1}{The ladder operators}{section.2.2}% 13
\BOOKMARK [2][-]{subsection.2.2.2}{Two dimensions}{section.2.2}% 14
\BOOKMARK [0][-]{chapter.3}{Many-body theory}{part.1}% 15
\BOOKMARK [1][-]{section.3.1}{The non-interacting case}{chapter.3}% 16
\BOOKMARK [1][-]{section.3.2}{Indistinguishable and identical particles}{chapter.3}% 17
\BOOKMARK [1][-]{section.3.3}{Second quantization}{chapter.3}% 18
\BOOKMARK [2][-]{subsection.3.3.1}{Operators}{section.3.3}% 19
\BOOKMARK [2][-]{subsection.3.3.2}{Wick's theorem}{section.3.3}% 20
\BOOKMARK [1][-]{section.3.4}{Diagrams}{chapter.3}% 21
\BOOKMARK [1][-]{section.3.5}{Normal-ordered Hamiltonian}{chapter.3}% 22
\BOOKMARK [0][-]{chapter.4}{Systems}{part.1}% 23
\BOOKMARK [1][-]{section.4.1}{Quantum dots}{chapter.4}% 24
\BOOKMARK [2][-]{subsection.4.1.1}{The Schr\366dinger equation in spherical coordinates}{section.4.1}% 25
\BOOKMARK [1][-]{section.4.2}{Implementation}{chapter.4}% 26
\BOOKMARK [2][-]{subsection.4.2.1}{Symmetries in the Hamiltonian}{section.4.2}% 27
\BOOKMARK [2][-]{subsection.4.2.2}{Reading elements from file}{section.4.2}% 28
\BOOKMARK [1][-]{section.4.3}{Other systems}{chapter.4}% 29
\BOOKMARK [0][-]{chapter.5}{Coupled cluster theory}{part.1}% 30
\BOOKMARK [1][-]{section.5.1}{The exponential ansatz}{chapter.5}% 31
\BOOKMARK [1][-]{section.5.2}{Derivation of the CCSD-equations}{chapter.5}% 32
\BOOKMARK [2][-]{subsection.5.2.1}{Diagrammatic rules}{section.5.2}% 33
\BOOKMARK [2][-]{subsection.5.2.2}{The energy equations}{section.5.2}% 34
\BOOKMARK [2][-]{subsection.5.2.3}{The 1 equations}{section.5.2}% 35
\BOOKMARK [2][-]{subsection.5.2.4}{The 2 equations}{section.5.2}% 36
\BOOKMARK [1][-]{section.5.3}{Implementing CCSD}{chapter.5}% 37
\BOOKMARK [1][-]{section.5.4}{Hartree-Fock method}{chapter.5}% 38
\BOOKMARK [2][-]{subsection.5.4.1}{Implementing HF}{section.5.4}% 39
\BOOKMARK [0][-]{chapter.6}{OpenCL}{part.1}% 40
\BOOKMARK [1][-]{section.6.1}{General-purpose computing on GPU}{chapter.6}% 41
\BOOKMARK [1][-]{section.6.2}{The OpenCL model}{chapter.6}% 42
\BOOKMARK [2][-]{subsection.6.2.1}{Platform model}{section.6.2}% 43
\BOOKMARK [2][-]{subsection.6.2.2}{Execution model}{section.6.2}% 44
\BOOKMARK [2][-]{subsection.6.2.3}{Memory model}{section.6.2}% 45
\BOOKMARK [2][-]{subsection.6.2.4}{Programming model}{section.6.2}% 46
\BOOKMARK [1][-]{section.6.3}{Matrix multiplication}{chapter.6}% 47
\BOOKMARK [2][-]{subsection.6.3.1}{Strassen's algorithm}{section.6.3}% 48
\BOOKMARK [1][-]{section.6.4}{Implementation}{chapter.6}% 49
\BOOKMARK [2][-]{subsection.6.4.1}{Strassen}{section.6.4}% 50
\BOOKMARK [2][-]{subsection.6.4.2}{CLgemm}{section.6.4}% 51
\BOOKMARK [2][-]{subsection.6.4.3}{CLstrassen}{section.6.4}% 52
\BOOKMARK [-1][-]{part.2}{II Results}{}% 53
\BOOKMARK [0][-]{chapter.7}{Results}{part.2}% 54
\BOOKMARK [1][-]{section.7.1}{Code validation}{chapter.7}% 55
\BOOKMARK [2][-]{subsection.7.1.1}{Hand calculation}{section.7.1}% 56
\BOOKMARK [2][-]{subsection.7.1.2}{Effective interaction}{section.7.1}% 57
\BOOKMARK [2][-]{subsection.7.1.3}{Earlier results}{section.7.1}% 58
\BOOKMARK [1][-]{section.7.2}{Efficiency}{chapter.7}% 59
\BOOKMARK [2][-]{subsection.7.2.1}{Optimized matrix multiplication}{section.7.2}% 60
\BOOKMARK [2][-]{subsection.7.2.2}{Other implementations}{section.7.2}% 61
\BOOKMARK [1][-]{section.7.3}{Convergence analysis}{chapter.7}% 62
\BOOKMARK [1][-]{section.7.4}{Lowering the frequency}{chapter.7}% 63
\BOOKMARK [1][-]{section.7.5}{Comparison with other methods}{chapter.7}% 64
\BOOKMARK [2][-]{subsection.7.5.1}{Full configuration interaction}{section.7.5}% 65
\BOOKMARK [1][-]{section.7.6}{Tables}{chapter.7}% 66
\BOOKMARK [2][-]{subsection.7.6.1}{Harmonic-oscillator basis}{section.7.6}% 67
\BOOKMARK [2][-]{subsection.7.6.2}{Hartree-Fock basis}{section.7.6}% 68
\BOOKMARK [0][-]{chapter.8}{Conclusions}{part.2}% 69
\BOOKMARK [0][-]{section*.71}{Bibliography}{part.2}% 70
